[35m[1mConsolidate compiler generated dependencies of target agent[0m
[35m[1mConsolidate compiler generated dependencies of target execution_interface[0m
[ 22%] Built target client
[ 44%] Built target goal_manager
[ 66%] Built target execution_interface
[ 77%] [32mBuilding CXX object CMakeFiles/agent.dir/src/agent.cpp.o[0m
[01m[K/home/gkasha/Documents/maae/src/auction/src/agent.cpp:[m[K In member function â€˜[01m[Kvoid Agent::clock_cb(std_msgs::msg::Int64_<std::allocator<void> >::SharedPtr)[m[Kâ€™:
[01m[K/home/gkasha/Documents/maae/src/auction/src/agent.cpp:61:5:[m[K [01;31m[Kerror: [m[Kâ€˜[01m[Kcurr_time[m[Kâ€™ was not declared in this scope; did you mean â€˜[01m[Kcurr_time_[m[Kâ€™?
   61 |     [01;31m[Kcurr_time[m[K = msg->data;
      |     [01;31m[K^~~~~~~~~[m[K
      |     [32m[Kcurr_time_[m[K
gmake[2]: *** [CMakeFiles/agent.dir/build.make:76: CMakeFiles/agent.dir/src/agent.cpp.o] Error 1
gmake[1]: *** [CMakeFiles/Makefile2:195: CMakeFiles/agent.dir/all] Error 2
gmake: *** [Makefile:146: all] Error 2
