[35m[1mConsolidate compiler generated dependencies of target agent[0m
[ 18%] Built target execution_interface
[ 27%] [32mBuilding CXX object CMakeFiles/agent.dir/src/agent.cpp.o[0m
[ 54%] Built target goal_manager
[ 63%] Built target client
[ 81%] Built target clock
[01m[K/home/gkasha/Documents/maae/src/auction/src/agent.cpp:[m[K In member function â€˜[01m[Kstd::tuple<double, TNode*> Agent::find_slot(TNode*, ma_interfaces::msg::Task&)[m[Kâ€™:
[01m[K/home/gkasha/Documents/maae/src/auction/src/agent.cpp:336:77:[m[K [01;31m[Kerror: [m[Kâ€˜[01m[Kreplanning_threshold[m[Kâ€™ was not declared in this scope; did you mean â€˜[01m[Kreplanning_threshold_[m[Kâ€™?
  336 |             if (status && std::get<0>(temp_vals) + std::get<1>(temp_vals) < [01;31m[Kreplanning_threshold[m[K) {
      |                                                                             [01;31m[K^~~~~~~~~~~~~~~~~~~~[m[K
      |                                                                             [32m[Kreplanning_threshold_[m[K
gmake[2]: *** [CMakeFiles/agent.dir/build.make:76: CMakeFiles/agent.dir/src/agent.cpp.o] Error 1
gmake[1]: *** [CMakeFiles/Makefile2:197: CMakeFiles/agent.dir/all] Error 2
gmake: *** [Makefile:146: all] Error 2
