[0.093s] Invoking command in '/home/gkasha/Documents/maae/build/auction': AMENT_PREFIX_PATH=/home/gkasha/Documents/maae/install/ma_interfaces:${AMENT_PREFIX_PATH} CMAKE_PREFIX_PATH=/home/gkasha/Documents/maae/install/ma_interfaces:/home/gkasha/ros2_humble/install/rosbag2_storage_mcap:/home/gkasha/ros2_humble/install/rosbag2:/home/gkasha/ros2_humble/install/rosbag2_compression_zstd:/home/gkasha/ros2_humble/install/mcap_vendor:/home/gkasha/ros2_humble/install/zstd_vendor:/home/gkasha/ros2_humble/install/rviz_visual_testing_framework:/home/gkasha/ros2_humble/install/rviz2:/home/gkasha/ros2_humble/install/rviz_default_plugins:/home/gkasha/ros2_humble/install/rviz_common:/home/gkasha/ros2_humble/install/rosbag2_py:/home/gkasha/ros2_humble/install/rosbag2_transport:/home/gkasha/ros2_humble/install/rosbag2_performance_benchmarking:/home/gkasha/ros2_humble/install/rosbag2_compression:/home/gkasha/ros2_humble/install/rosbag2_cpp:/home/gkasha/ros2_humble/install/rosbag2_storage_default_plugins:/home/gkasha/ros2_humble/install/rosbag2_storage:/home/gkasha/ros2_humble/install/image_common:/home/gkasha/ros2_humble/install/camera_info_manager:/home/gkasha/ros2_humble/install/camera_calibration_parsers:/home/gkasha/ros2_humble/install/yaml_cpp_vendor:/home/gkasha/ros2_humble/install/interactive_markers:/home/gkasha/ros2_humble/install/common_interfaces:/home/gkasha/ros2_humble/install/visualization_msgs:/home/gkasha/ros2_humble/install/dummy_robot_bringup:/home/gkasha/ros2_humble/install/robot_state_publisher:/home/gkasha/ros2_humble/install/kdl_parser:/home/gkasha/ros2_humble/install/urdf:/home/gkasha/ros2_humble/install/urdfdom:/home/gkasha/ros2_humble/install/urdf_parser_plugin:/home/gkasha/ros2_humble/install/urdfdom_headers:/home/gkasha/ros2_humble/install/turtlesim:/home/gkasha/ros2_humble/install/geometry2:/home/gkasha/ros2_humble/install/tf2_sensor_msgs:/home/gkasha/ros2_humble/install/test_tf2:/home/gkasha/ros2_humble/install/tf2_kdl:/home/gkasha/ros2_humble/install/tf2_geometry_msgs:/home/gkasha/ros2_humble/install/tf2_eigen:/home/gkasha/ros2_humble/install/tf2_bullet:/home/gkasha/ros2_humble/install/tf2_ros:/home/gkasha/ros2_humble/install/tf2_py:/home/gkasha/ros2_humble/install/tf2_msgs:/home/gkasha/ros2_humble/install/test_msgs:/home/gkasha/ros2_humble/install/sros2_cmake:/home/gkasha/ros2_humble/install/ros2cli_common_extensions:/home/gkasha/ros2_humble/install/rqt_py_common:/home/gkasha/ros2_humble/install/ros_testing:/home/gkasha/ros2_humble/install/ros2cli_test_interfaces:/home/gkasha/ros2_humble/install/quality_of_service_demo_cpp:/home/gkasha/ros2_humble/install/image_transport:/home/gkasha/ros2_humble/install/message_filters:/home/gkasha/ros2_humble/install/demo_nodes_cpp:/home/gkasha/ros2_humble/install/composition:/home/gkasha/ros2_humble/install/laser_geometry:/home/gkasha/ros2_humble/install/rclpy:/home/gkasha/ros2_humble/install/examples_rclcpp_minimal_action_server:/home/gkasha/ros2_humble/install/examples_rclcpp_minimal_action_client:/home/gkasha/ros2_humble/install/action_tutorials_cpp:/home/gkasha/ros2_humble/install/rclcpp_action:/home/gkasha/ros2_humble/install/rcl_action:/home/gkasha/ros2_humble/install/examples_rclcpp_wait_set:/home/gkasha/ros2_humble/install/examples_rclcpp_minimal_service:/home/gkasha/ros2_humble/install/examples_rclcpp_minimal_client:/home/gkasha/ros2_humble/install/examples_rclcpp_async_client:/home/gkasha/ros2_humble/install/example_interfaces:/home/gkasha/ros2_humble/install/action_tutorials_interfaces:/home/gkasha/ros2_humble/install/action_msgs:/home/gkasha/ros2_humble/install/unique_identifier_msgs:/home/gkasha/ros2_humble/install/ament_lint_common:/home/gkasha/ros2_humble/install/ament_cmake_uncrustify:/home/gkasha/ros2_humble/install/uncrustify_vendor:/home/gkasha/ros2_humble/install/trajectory_msgs:/home/gkasha/ros2_humble/install/topic_statistics_demo:/home/gkasha/ros2_humble/install/pendulum_control:/home/gkasha/ros2_humble/install/tlsf_cpp:/home/gkasha/ros2_humble/install/test_tracetools:/home/gkasha/ros2_humble/install/rqt_gui_cpp:/home/gkasha/ros2_humble/install/rosbag2_test_common:/home/gkasha/ros2_humble/install/ros2lifecycle_test_fixtures:/home/gkasha/ros2_humble/install/lifecycle:/home/gkasha/ros2_humble/install/rclcpp_lifecycle:/home/gkasha/ros2_humble/install/logging_demo:/home/gkasha/ros2_humble/install/image_tools:/home/gkasha/ros2_humble/install/examples_rclcpp_minimal_subscriber:/home/gkasha/ros2_humble/install/examples_rclcpp_minimal_composition:/home/gkasha/ros2_humble/install/demo_nodes_cpp_native:/home/gkasha/ros2_humble/install/rclcpp_components:/home/gkasha/ros2_humble/install/intra_process_demo:/home/gkasha/ros2_humble/install/examples_rclcpp_multithreaded_executor:/home/gkasha/ros2_humble/install/examples_rclcpp_minimal_timer:/home/gkasha/ros2_humble/install/examples_rclcpp_minimal_publisher:/home/gkasha/ros2_humble/install/examples_rclcpp_cbg_executor:/home/gkasha/ros2_humble/install/dummy_sensors:/home/gkasha/ros2_humble/install/dummy_map_server:/home/gkasha/ros2_humble/install/rclcpp:/home/gkasha/ros2_humble/install/rcl_lifecycle:/home/gkasha/ros2_humble/install/libstatistics_collector:/home/gkasha/ros2_humble/install/rcl:/home/gkasha/ros2_humble/install/rmw_implementation:/home/gkasha/ros2_humble/install/rmw_fastrtps_dynamic_cpp:/home/gkasha/ros2_humble/install/rmw_fastrtps_cpp:/home/gkasha/ros2_humble/install/rmw_fastrtps_shared_cpp:/home/gkasha/ros2_humble/install/rmw_cyclonedds_cpp:/home/gkasha/ros2_humble/install/tracetools:/home/gkasha/ros2_humble/install/tlsf:/home/gkasha/ros2_humble/install/tinyxml_vendor:/home/gkasha/ros2_humble/install/qt_gui_core:/home/gkasha/ros2_humble/install/qt_gui_cpp:/home/gkasha/ros2_humble/install/pluginlib:/home/gkasha/ros2_humble/install/tinyxml2_vendor:/home/gkasha/ros2_humble/install/tf2_eigen_kdl:/home/gkasha/ros2_humble/install/tf2:/home/gkasha/ros2_humble/install/test_security:/home/gkasha/ros2_humble/install/test_rmw_implementation:/home/gkasha/ros2_humble/install/test_rclcpp:/home/gkasha/ros2_humble/install/test_quality_of_service:/home/gkasha/ros2_humble/install/test_launch_testing:/home/gkasha/ros2_humble/install/test_interface_files:/home/gkasha/ros2_humble/install/test_communication:/home/gkasha/ros2_humble/install/test_cli_remapping:/home/gkasha/ros2_humble/install/test_cli:/home/gkasha/ros2_humble/install/qt_gui_app:/home/gkasha/ros2_humble/install/qt_gui:/home/gkasha/ros2_humble/install/tango_icons_vendor:/home/gkasha/ros2_humble/install/stereo_msgs:/home/gkasha/ros2_humble/install/std_srvs:/home/gkasha/ros2_humble/install/shape_msgs:/home/gkasha/ros2_humble/install/map_msgs:/home/gkasha/ros2_humble/install/sensor_msgs:/home/gkasha/ros2_humble/install/nav_msgs:/home/gkasha/ros2_humble/install/diagnostic_msgs:/home/gkasha/ros2_humble/install/geometry_msgs:/home/gkasha/ros2_humble/install/actionlib_msgs:/home/gkasha/ros2_humble/install/std_msgs:/home/gkasha/ros2_humble/install/statistics_msgs:/home/gkasha/ros2_humble/install/sqlite3_vendor:/home/gkasha/ros2_humble/install/rcl_logging_spdlog:/home/gkasha/ros2_humble/install/spdlog_vendor:/home/gkasha/ros2_humble/install/shared_queues_vendor:/home/gkasha/ros2_humble/install/rviz_rendering_tests:/home/gkasha/ros2_humble/install/rviz_rendering:/home/gkasha/ros2_humble/install/rviz_ogre_vendor:/home/gkasha/ros2_humble/install/rviz_assimp_vendor:/home/gkasha/ros2_humble/install/rttest:/home/gkasha/ros2_humble/install/rmw_connextddsmicro:/home/gkasha/ros2_humble/install/rmw_connextdds:/home/gkasha/ros2_humble/install/rmw_connextdds_common:/home/gkasha/ros2_humble/install/rti_connext_dds_cmake_module:/home/gkasha/ros2_humble/install/rosgraph_msgs:/home/gkasha/ros2_humble/install/rosbag2_interfaces:/home/gkasha/ros2_humble/install/rmw_dds_common:/home/gkasha/ros2_humble/install/composition_interfaces:/home/gkasha/ros2_humble/install/rcl_interfaces:/home/gkasha/ros2_humble/install/pendulum_msgs:/home/gkasha/ros2_humble/install/lifecycle_msgs:/home/gkasha/ros2_humble/install/builtin_interfaces:/home/gkasha/ros2_humble/install/rosidl_default_runtime:/home/gkasha/ros2_humble/install/rosidl_default_generators:/home/gkasha/ros2_humble/install/rosidl_generator_py:/home/gkasha/ros2_humble/install/rosidl_typesupport_introspection_tests:/home/gkasha/ros2_humble/install/rosidl_typesupport_cpp:/home/gkasha/ros2_humble/install/rosidl_typesupport_introspection_cpp:/home/gkasha/ros2_humble/install/rosidl_typesupport_c:/home/gkasha/ros2_humble/install/rosidl_typesupport_introspection_c:/home/gkasha/ros2_humble/install/rosidl_typesupport_fastrtps_c:/home/gkasha/ros2_humble/install/rosidl_typesupport_fastrtps_cpp:/home/gkasha/ros2_humble/install/rosidl_generator_cpp:/home/gkasha/ros2_humble/install/rosidl_runtime_cpp:/home/gkasha/ros2_humble/install/rcl_yaml_param_parser:/home/gkasha/ros2_humble/install/rmw:/home/gkasha/ros2_humble/install/rosidl_runtime_c:/home/gkasha/ros2_humble/install/rosidl_generator_c:/home/gkasha/ros2_humble/install/rosidl_typesupport_interface:/home/gkasha/ros2_humble/install/rosidl_generator_dds_idl:/home/gkasha/ros2_humble/install/rosidl_cmake:/home/gkasha/ros2_humble/install/rosidl_parser:/home/gkasha/ros2_humble/install/rosidl_adapter:/home/gkasha/ros2_humble/install/rosbag2_tests:/home/gkasha/ros2_humble/install/rosbag2_storage_mcap_testdata:/home/gkasha/ros2_humble/install/ros_environment:/home/gkasha/ros2_humble/install/rmw_implementation_cmake:/home/gkasha/ros2_humble/install/resource_retriever:/home/gkasha/ros2_humble/install/class_loader:/home/gkasha/ros2_humble/install/rcpputils:/home/gkasha/ros2_humble/install/rcl_logging_noop:/home/gkasha/ros2_humble/install/rcl_logging_interface:/home/gkasha/ros2_humble/install/rcutils:/home/gkasha/ros2_humble/install/qt_gui_py_common:/home/gkasha/ros2_humble/install/qt_dotgraph:/home/gkasha/ros2_humble/install/python_qt_binding:/home/gkasha/ros2_humble/install/python_orocos_kdl_vendor:/home/gkasha/ros2_humble/install/launch_testing_ament_cmake:/home/gkasha/ros2_humble/install/python_cmake_module:/home/gkasha/ros2_humble/install/pybind11_vendor:/home/gkasha/ros2_humble/install/performance_test_fixture:/home/gkasha/ros2_humble/install/osrf_testing_tools_cpp:/home/gkasha/ros2_humble/install/orocos_kdl_vendor:/home/gkasha/ros2_humble/install/mimick_vendor:/home/gkasha/ros2_humble/install/libyaml_vendor:/home/gkasha/ros2_humble/install/libcurl_vendor:/home/gkasha/ros2_humble/install/keyboard_handler:/home/gkasha/ros2_humble/install/cyclonedds:/home/gkasha/ros2_humble/install/iceoryx_posh:/home/gkasha/ros2_humble/install/iceoryx_hoofs:/home/gkasha/ros2_humble/install/iceoryx_binding_c:/home/gkasha/ros2_humble/install/ament_cmake_ros:/home/gkasha/ros2_humble/install/ament_cmake_gmock:/home/gkasha/ros2_humble/install/gmock_vendor:/home/gkasha/ros2_humble/install/ament_cmake_auto:/home/gkasha/ros2_humble/install/ament_cmake_gtest:/home/gkasha/ros2_humble/install/gtest_vendor:/home/gkasha/ros2_humble/install/ament_cmake_google_benchmark:/home/gkasha/ros2_humble/install/google_benchmark_vendor:/home/gkasha/ros2_humble/install/fastrtps:/home/gkasha/ros2_humble/install/foonathan_memory_vendor:/home/gkasha/ros2_humble/install/fastrtps_cmake_module:/home/gkasha/ros2_humble/install/fastcdr:/home/gkasha/ros2_humble/install/eigen3_cmake_module:/home/gkasha/ros2_humble/install/console_bridge_vendor:/home/gkasha/ros2_humble/install/ament_cmake_xmllint:/home/gkasha/ros2_humble/install/ament_cmake_pyflakes:/home/gkasha/ros2_humble/install/ament_cmake_pycodestyle:/home/gkasha/ros2_humble/install/ament_cmake_pep257:/home/gkasha/ros2_humble/install/ament_cmake_pclint:/home/gkasha/ros2_humble/install/ament_lint_auto:/home/gkasha/ros2_humble/install/ament_cmake:/home/gkasha/ros2_humble/install/ament_cmake_version:/home/gkasha/ros2_humble/install/ament_cmake_pytest:/home/gkasha/ros2_humble/install/ament_cmake_nose:/home/gkasha/ros2_humble/install/ament_cmake_mypy:/home/gkasha/ros2_humble/install/ament_cmake_lint_cmake:/home/gkasha/ros2_humble/install/ament_cmake_flake8:/home/gkasha/ros2_humble/install/ament_cmake_cpplint:/home/gkasha/ros2_humble/install/ament_cmake_cppcheck:/home/gkasha/ros2_humble/install/ament_cmake_copyright:/home/gkasha/ros2_humble/install/ament_cmake_clang_tidy:/home/gkasha/ros2_humble/install/ament_cmake_clang_format:/home/gkasha/ros2_humble/install/ament_cmake_test:/home/gkasha/ros2_humble/install/ament_cmake_target_dependencies:/home/gkasha/ros2_humble/install/ament_cmake_python:/home/gkasha/ros2_humble/install/ament_cmake_export_dependencies:/home/gkasha/ros2_humble/install/ament_cmake_libraries:/home/gkasha/ros2_humble/install/ament_cmake_include_directories:/home/gkasha/ros2_humble/install/ament_cmake_gen_version_h:/home/gkasha/ros2_humble/install/ament_cmake_export_targets:/home/gkasha/ros2_humble/install/ament_cmake_export_link_flags:/home/gkasha/ros2_humble/install/ament_cmake_export_interfaces:/home/gkasha/ros2_humble/install/ament_cmake_export_libraries:/home/gkasha/ros2_humble/install/ament_cmake_export_include_directories:/home/gkasha/ros2_humble/install/ament_cmake_export_definitions:/home/gkasha/ros2_humble/install/ament_cmake_core:/home/gkasha/ros2_humble/install/ament_index_cpp:/home/gkasha/ros2_humble/install/rqt_bag_plugins:/home/gkasha/ros2_humble/install/rqt_bag:/home/gkasha/ros2_humble/install/ros2bag:/home/gkasha/ros2_humble/install/tracetools_test:/home/gkasha/ros2_humble/install/tracetools_launch:/home/gkasha/ros2_humble/install/topic_monitor:/home/gkasha/ros2_humble/install/tf2_tools:/home/gkasha/ros2_humble/install/examples_tf2_py:/home/gkasha/ros2_humble/install/tf2_ros_py:/home/gkasha/ros2_humble/install/sros2:/home/gkasha/ros2_humble/install/rqt_topic:/home/gkasha/ros2_humble/install/rqt_srv:/home/gkasha/ros2_humble/install/rqt_shell:/home/gkasha/ros2_humble/install/rqt_service_caller:/home/gkasha/ros2_humble/install/rqt_reconfigure:/home/gkasha/ros2_humble/install/rqt_py_console:/home/gkasha/ros2_humble/install/rqt_publisher:/home/gkasha/ros2_humble/install/rqt_plot:/home/gkasha/ros2_humble/install/rqt_action:/home/gkasha/ros2_humble/install/rqt_msg:/home/gkasha/ros2_humble/install/rqt_console:/home/gkasha/ros2_humble/install/rqt:/home/gkasha/ros2_humble/install/rqt_graph:/home/gkasha/ros2_humble/install/rqt_gui_py:/home/gkasha/ros2_humble/install/rqt_gui:/home/gkasha/ros2_humble/install/ros2trace:/home/gkasha/ros2_humble/install/ros2topic:/home/gkasha/ros2_humble/install/ros2test:/home/gkasha/ros2_humble/install/ros2component:/home/gkasha/ros2_humble/install/ros2param:/home/gkasha/ros2_humble/install/ros2lifecycle:/home/gkasha/ros2_humble/install/ros2service:/home/gkasha/ros2_humble/install/ros2run:/home/gkasha/ros2_humble/install/ros2launch:/home/gkasha/ros2_humble/install/ros2pkg:/home/gkasha/ros2_humble/install/ros2node:/home/gkasha/ros2_humble/install/ros2multicast:/home/gkasha/ros2_humble/install/ros2interface:/home/gkasha/ros2_humble/install/ros2doctor:/home/gkasha/ros2_humble/install/ros2action:/home/gkasha/ros2_humble/install/ros2cli:/home/gkasha/ros2_humble/install/quality_of_service_demo_py:/home/gkasha/ros2_humble/install/lifecycle_py:/home/gkasha/ros2_humble/install/launch_testing_ros:/home/gkasha/ros2_humble/install/launch_ros:/home/gkasha/ros2_humble/install/examples_rclpy_pointcloud_publisher:/home/gkasha/ros2_humble/install/examples_rclpy_minimal_subscriber:/home/gkasha/ros2_humble/install/examples_rclpy_minimal_service:/home/gkasha/ros2_humble/install/examples_rclpy_minimal_publisher:/home/gkasha/ros2_humble/install/examples_rclpy_minimal_client:/home/gkasha/ros2_humble/install/examples_rclpy_minimal_action_server:/home/gkasha/ros2_humble/install/examples_rclpy_minimal_action_client:/home/gkasha/ros2_humble/install/examples_rclpy_guard_conditions:/home/gkasha/ros2_humble/install/examples_rclpy_executors:/home/gkasha/ros2_humble/install/demo_nodes_py:/home/gkasha/ros2_humble/install/action_tutorials_py:/home/gkasha/ros2_humble/install/ament_uncrustify:/home/gkasha/ros2_humble/install/tracetools_trace:/home/gkasha/ros2_humble/install/tracetools_read:/home/gkasha/ros2_humble/install/test_tracetools_launch:/home/gkasha/ros2_humble/install/test_launch_ros:/home/gkasha/ros2_humble/install/sensor_msgs_py:/home/gkasha/ros2_humble/install/rpyutils:/home/gkasha/ros2_humble/install/rosidl_runtime_py:/home/gkasha/ros2_humble/install/rosidl_cli:/home/gkasha/ros2_humble/install/launch_pytest:/home/gkasha/ros2_humble/install/launch_testing:/home/gkasha/ros2_humble/install/launch_yaml:/home/gkasha/ros2_humble/install/launch_xml:/home/gkasha/ros2_humble/install/launch:/home/gkasha/ros2_humble/install/osrf_pycommon:/home/gkasha/ros2_humble/install/launch_testing_examples:/home/gkasha/ros2_humble/install/domain_coordinator:/home/gkasha/ros2_humble/install/ament_xmllint:/home/gkasha/ros2_humble/install/ament_pyflakes:/home/gkasha/ros2_humble/install/ament_pycodestyle:/home/gkasha/ros2_humble/install/ament_pep257:/home/gkasha/ros2_humble/install/ament_pclint:/home/gkasha/ros2_humble/install/ament_package:/home/gkasha/ros2_humble/install/ament_mypy:/home/gkasha/ros2_humble/install/ament_lint_cmake:/home/gkasha/ros2_humble/install/ament_flake8:/home/gkasha/ros2_humble/install/ament_copyright:/home/gkasha/ros2_humble/install/ament_lint:/home/gkasha/ros2_humble/install/ament_index_python:/home/gkasha/ros2_humble/install/ament_cpplint:/home/gkasha/ros2_humble/install/ament_cppcheck:/home/gkasha/ros2_humble/install/ament_clang_tidy:/home/gkasha/ros2_humble/install/ament_clang_format LD_LIBRARY_PATH=/home/gkasha/Documents/maae/install/ma_interfaces/lib:${LD_LIBRARY_PATH} PYTHONPATH=/home/gkasha/Documents/maae/install/ma_interfaces/local/lib/python3.10/dist-packages:${PYTHONPATH} /usr/bin/cmake --build /home/gkasha/Documents/maae/build/auction -- -j4 -l4
[0.549s] [35m[1mConsolidate compiler generated dependencies of target agent[0m
[0.668s] [ 50%] Built target client
[0.672s] [ 50%] Built target server
[0.672s] [ 62%] [32mBuilding CXX object CMakeFiles/agent.dir/src/agent.cpp.o[0m
[0.672s] [ 87%] Built target goal_manager
[4.105s] [01m[K/home/gkasha/Documents/maae/src/auction/src/agent.cpp:36:47:[m[K [01;31m[Kerror: [m[Kâ€˜[01m[Kstring[m[Kâ€™ has not been declared
[4.105s]    36 |         TNode(int st, int et, bool scheduled, [01;31m[Kstring[m[K name) {
[4.105s]       |                                               [01;31m[K^~~~~~[m[K
[4.107s] [01m[K/home/gkasha/Documents/maae/src/auction/src/agent.cpp:46:9:[m[K [01;31m[Kerror: [m[Kâ€˜[01m[Kstring[m[Kâ€™ does not name a type; did you mean â€˜[01m[Kstdin[m[Kâ€™?
[4.107s]    46 |         [01;31m[Kstring[m[K name_;
[4.107s]       |         [01;31m[K^~~~~~[m[K
[4.107s]       |         [32m[Kstdin[m[K
[4.112s] [01m[K/home/gkasha/Documents/maae/src/auction/src/agent.cpp:[m[K In constructor â€˜[01m[KTNode::TNode(int, int, bool, int)[m[Kâ€™:
[4.112s] [01m[K/home/gkasha/Documents/maae/src/auction/src/agent.cpp:40:13:[m[K [01;31m[Kerror: [m[Kâ€˜[01m[Kname_[m[Kâ€™ was not declared in this scope; did you mean â€˜[01m[Kname[m[Kâ€™?
[4.113s]    40 |             [01;31m[Kname_[m[K = name;
[4.113s]       |             [01;31m[K^~~~~[m[K
[4.113s]       |             [32m[Kname[m[K
[4.149s] [01m[K/home/gkasha/Documents/maae/src/auction/src/agent.cpp:[m[K At global scope:
[4.150s] [01m[K/home/gkasha/Documents/maae/src/auction/src/agent.cpp:61:45:[m[K [01;31m[Kerror: [m[Kâ€˜[01m[KAuctionResult[m[Kâ€™ is not a member of â€˜[01m[Kma_interfaces::srv[m[Kâ€™
[4.150s]    61 |         rclcpp::Service<ma_interfaces::srv::[01;31m[KAuctionResult[m[K>::SharedPtr auction_result_service_;
[4.150s]       |                                             [01;31m[K^~~~~~~~~~~~~[m[K
[4.150s] [01m[K/home/gkasha/Documents/maae/src/auction/src/agent.cpp:61:58:[m[K [01;31m[Kerror: [m[Ktemplate argument 1 is invalid
[4.150s]    61 |         rclcpp::Service<ma_interfaces::srv::AuctionResult[01;31m[K>[m[K::SharedPtr auction_result_service_;
[4.150s]       |                                                          [01;31m[K^[m[K
[4.150s] [01m[K/home/gkasha/Documents/maae/src/auction/src/agent.cpp:61:61:[m[K [01;31m[Kerror: [m[Kexpected â€˜[01m[K;[m[Kâ€™ at end of member declaration
[4.150s]    61 |         rclcpp::Service<ma_interfaces::srv::AuctionResult>::[01;31m[KSharedPtr[m[K auction_result_service_;
[4.150s]       |                                                             [01;31m[K^~~~~~~~~[m[K
[4.150s]       |                                                                      [32m[K;[m[K
[4.153s] [01m[K/home/gkasha/Documents/maae/src/auction/src/agent.cpp:61:71:[m[K [01;31m[Kerror: [m[Kâ€˜[01m[Kauction_result_service_[m[Kâ€™ does not name a type
[4.153s]    61 |         rclcpp::Service<ma_interfaces::srv::AuctionResult>::SharedPtr [01;31m[Kauction_result_service_[m[K;
[4.153s]       |                                                                       [01;31m[K^~~~~~~~~~~~~~~~~~~~~~~[m[K
[4.159s] [01m[K/home/gkasha/Documents/maae/src/auction/src/agent.cpp:[m[K In function â€˜[01m[Kvoid print_timeline()[m[Kâ€™:
[4.159s] [01m[K/home/gkasha/Documents/maae/src/auction/src/agent.cpp:74:5:[m[K [01;31m[Kerror: [m[Kâ€˜[01m[Kstring[m[Kâ€™ was not declared in this scope
[4.159s]    74 |     [01;31m[Kstring[m[K timeline = "";
[4.159s]       |     [01;31m[K^~~~~~[m[K
[4.160s] [01m[K/home/gkasha/Documents/maae/src/auction/src/agent.cpp:74:5:[m[K [01;36m[Knote: [m[Ksuggested alternatives:
[4.160s] In file included from [01m[K/usr/include/c++/11/iosfwd:39[m[K,
[4.160s]                  from [01m[K/usr/include/c++/11/bits/shared_ptr.h:52[m[K,
[4.160s]                  from [01m[K/usr/include/c++/11/memory:77[m[K,
[4.160s]                  from [01m[K/home/gkasha/ros2_humble/install/rclcpp/include/rclcpp/rclcpp/rclcpp.hpp:153[m[K,
[4.160s]                  from [01m[K/home/gkasha/Documents/maae/src/auction/src/agent.cpp:1[m[K:
[4.160s] [01m[K/usr/include/c++/11/bits/stringfwd.h:79:33:[m[K [01;36m[Knote: [m[K  â€˜[01m[Kstd::string[m[Kâ€™
[4.160s]    79 |   typedef basic_string<char>    [01;36m[Kstring[m[K;
[4.160s]       |                                 [01;36m[K^~~~~~[m[K
[4.160s] In file included from [01m[K/usr/include/c++/11/stdexcept:39[m[K,
[4.161s]                  from [01m[K/usr/include/c++/11/system_error:41[m[K,
[4.161s]                  from [01m[K/usr/include/c++/11/mutex:42[m[K,
[4.161s]                  from [01m[K/usr/include/c++/11/future:38[m[K,
[4.161s]                  from [01m[K/home/gkasha/ros2_humble/install/rclcpp/include/rclcpp/rclcpp/executors.hpp:18[m[K,
[4.161s]                  from [01m[K/home/gkasha/ros2_humble/install/rclcpp/include/rclcpp/rclcpp/rclcpp.hpp:155[m[K,
[4.161s]                  from [01m[K/home/gkasha/Documents/maae/src/auction/src/agent.cpp:1[m[K:
[4.161s] [01m[K/usr/include/c++/11/string:67:11:[m[K [01;36m[Knote: [m[K  â€˜[01m[Kstd::pmr::string[m[Kâ€™
[4.161s]    67 |     using [01;36m[Kstring[m[K    = basic_string<char>;
[4.161s]       |           [01;36m[K^~~~~~[m[K
[4.161s] [01m[K/home/gkasha/Documents/maae/src/auction/src/agent.cpp:77:15:[m[K [01;31m[Kerror: [m[Kexpected â€˜[01m[K;[m[Kâ€™ before â€˜[01m[Ktemp[m[Kâ€™
[4.161s]    77 |         string[01;31m[K [m[K[32m[Ktemp[m[K = "(" + curr->name_
[4.161s]       |               [01;31m[K^[m[K[32m[K~~~~[m[K
[4.161s]       |               [32m[K;[m[K
[4.164s] [01m[K/home/gkasha/Documents/maae/src/auction/src/agent.cpp:82:9:[m[K [01;31m[Kerror: [m[Kâ€˜[01m[Ktimeline[m[Kâ€™ was not declared in this scope; did you mean â€˜[01m[Ktimezone[m[Kâ€™?
[4.164s]    82 |         [01;31m[Ktimeline[m[K += temp;
[4.164s]       |         [01;31m[K^~~~~~~~[m[K
[4.165s]       |         [32m[Ktimezone[m[K
[4.168s] [01m[K/home/gkasha/Documents/maae/src/auction/src/agent.cpp:82:21:[m[K [01;31m[Kerror: [m[Kâ€˜[01m[Ktemp[m[Kâ€™ was not declared in this scope; did you mean â€˜[01m[Ktm[m[Kâ€™?
[4.168s]    82 |         timeline += [01;31m[Ktemp[m[K;
[4.168s]       |                     [01;31m[K^~~~[m[K
[4.168s]       |                     [32m[Ktm[m[K
[4.173s] In file included from [01m[K/home/gkasha/ros2_humble/build/rclcpp/include/rclcpp/logging.hpp:24[m[K,
[4.173s]                  from [01m[K/home/gkasha/ros2_humble/install/rclcpp/include/rclcpp/rclcpp/client.hpp:40[m[K,
[4.173s]                  from [01m[K/home/gkasha/ros2_humble/install/rclcpp/include/rclcpp/rclcpp/callback_group.hpp:24[m[K,
[4.173s]                  from [01m[K/home/gkasha/ros2_humble/install/rclcpp/include/rclcpp/rclcpp/any_executable.hpp:20[m[K,
[4.174s]                  from [01m[K/home/gkasha/ros2_humble/install/rclcpp/include/rclcpp/rclcpp/memory_strategy.hpp:25[m[K,
[4.174s]                  from [01m[K/home/gkasha/ros2_humble/install/rclcpp/include/rclcpp/rclcpp/memory_strategies.hpp:18[m[K,
[4.174s]                  from [01m[K/home/gkasha/ros2_humble/install/rclcpp/include/rclcpp/rclcpp/executor_options.hpp:20[m[K,
[4.174s]                  from [01m[K/home/gkasha/ros2_humble/install/rclcpp/include/rclcpp/rclcpp/executor.hpp:37[m[K,
[4.174s]                  from [01m[K/home/gkasha/ros2_humble/install/rclcpp/include/rclcpp/rclcpp/executors/multi_threaded_executor.hpp:25[m[K,
[4.174s]                  from [01m[K/home/gkasha/ros2_humble/install/rclcpp/include/rclcpp/rclcpp/executors.hpp:21[m[K,
[4.174s]                  from [01m[K/home/gkasha/ros2_humble/install/rclcpp/include/rclcpp/rclcpp/rclcpp.hpp:155[m[K,
[4.174s]                  from [01m[K/home/gkasha/Documents/maae/src/auction/src/agent.cpp:1[m[K:
[4.174s] [01m[K/home/gkasha/Documents/maae/src/auction/src/agent.cpp:84:71:[m[K [01;31m[Kerror: [m[Kâ€˜[01m[Ktimeline[m[Kâ€™ was not declared in this scope; did you mean â€˜[01m[Ktimezone[m[Kâ€™?
[4.174s]    84 |     RCLCPP_INFO(rclcpp::get_logger("rclcpp"),"Agent %d timeline: %s", [01;31m[Ktimeline[m[K.c_str());
[4.174s]       |                                                                       [01;31m[K^~~~~~~~[m[K
[4.175s] [01m[K/home/gkasha/Documents/maae/src/auction/src/agent.cpp:[m[K At global scope:
[4.175s] [01m[K/home/gkasha/Documents/maae/src/auction/src/agent.cpp:89:51:[m[K [01;31m[Kerror: [m[Kâ€˜[01m[KAuctionResult[m[Kâ€™ is not a member of â€˜[01m[Kma_interfaces::srv[m[Kâ€™
[4.176s]    89 |         const std::shared_ptr<ma_interfaces::srv::[01;31m[KAuctionResult[m[K::Request> req,
[4.176s]       |                                                   [01;31m[K^~~~~~~~~~~~~[m[K
[4.176s] [01m[K/home/gkasha/Documents/maae/src/auction/src/agent.cpp:89:73:[m[K [01;31m[Kerror: [m[Ktemplate argument 1 is invalid
[4.176s]    89 |         const std::shared_ptr<ma_interfaces::srv::AuctionResult::Request[01;31m[K>[m[K req,
[4.176s]       |                                                                         [01;31m[K^[m[K
[4.176s] [01m[K/home/gkasha/Documents/maae/src/auction/src/agent.cpp:89:51:[m[K [01;31m[Kerror: [m[Kâ€˜[01m[KAuctionResult[m[Kâ€™ is not a member of â€˜[01m[Kma_interfaces::srv[m[Kâ€™
[4.176s]    89 |         const std::shared_ptr<ma_interfaces::srv::[01;31m[KAuctionResult[m[K::Request> req,
[4.176s]       |                                                   [01;31m[K^~~~~~~~~~~~~[m[K
[4.176s] [01m[K/home/gkasha/Documents/maae/src/auction/src/agent.cpp:89:73:[m[K [01;31m[Kerror: [m[Ktemplate argument 1 is invalid
[4.176s]    89 |         const std::shared_ptr<ma_interfaces::srv::AuctionResult::Request[01;31m[K>[m[K req,
[4.178s]       |                                                                         [01;31m[K^[m[K
[4.179s] [01m[K/home/gkasha/Documents/maae/src/auction/src/agent.cpp:89:51:[m[K [01;31m[Kerror: [m[Kâ€˜[01m[KAuctionResult[m[Kâ€™ is not a member of â€˜[01m[Kma_interfaces::srv[m[Kâ€™
[4.179s]    89 |         const std::shared_ptr<ma_interfaces::srv::[01;31m[KAuctionResult[m[K::Request> req,
[4.179s]       |                                                   [01;31m[K^~~~~~~~~~~~~[m[K
[4.179s] [01m[K/home/gkasha/Documents/maae/src/auction/src/agent.cpp:89:73:[m[K [01;31m[Kerror: [m[Ktemplate argument 1 is invalid
[4.179s]    89 |         const std::shared_ptr<ma_interfaces::srv::AuctionResult::Request[01;31m[K>[m[K req,
[4.179s]       |                                                                         [01;31m[K^[m[K
[4.179s] [01m[K/home/gkasha/Documents/maae/src/auction/src/agent.cpp:89:15:[m[K [01;31m[Kerror: [m[Kinvalid template-id
[4.179s]    89 |         const [01;31m[Kstd[m[K::shared_ptr<ma_interfaces::srv::AuctionResult::Request> req,
[4.180s]       |               [01;31m[K^~~[m[K
[4.180s] [01m[K/home/gkasha/Documents/maae/src/auction/src/agent.cpp:89:51:[m[K [01;31m[Kerror: [m[Kâ€˜[01m[KAuctionResult[m[Kâ€™ is not a member of â€˜[01m[Kma_interfaces::srv[m[Kâ€™
[4.180s]    89 |         const std::shared_ptr<ma_interfaces::srv::[01;31m[KAuctionResult[m[K::Request> req,
[4.180s]       |                                                   [01;31m[K^~~~~~~~~~~~~[m[K
[4.181s] [01m[K/home/gkasha/Documents/maae/src/auction/src/agent.cpp:88:6:[m[K [01;31m[Kerror: [m[Kvariable or field â€˜[01m[Ksend_auction_result[m[Kâ€™ declared void
[4.181s]    88 | void [01;31m[Ksend_auction_result[m[K(
[4.181s]       |      [01;31m[K^~~~~~~~~~~~~~~~~~~[m[K
[4.181s] [01m[K/home/gkasha/Documents/maae/src/auction/src/agent.cpp:89:9:[m[K [01;31m[Kerror: [m[Kexpected primary-expression before â€˜[01m[Kconst[m[Kâ€™
[4.181s]    89 |         [01;31m[Kconst[m[K std::shared_ptr<ma_interfaces::srv::AuctionResult::Request> req,
[4.181s]       |         [01;31m[K^~~~~[m[K
[4.181s] [01m[K/home/gkasha/Documents/maae/src/auction/src/agent.cpp:90:45:[m[K [01;31m[Kerror: [m[Kâ€˜[01m[KAuctionResult[m[Kâ€™ is not a member of â€˜[01m[Kma_interfaces::srv[m[Kâ€™
[4.181s]    90 |         std::shared_ptr<ma_interfaces::srv::[01;31m[KAuctionResult[m[K::Response> rep)
[4.182s]       |                                             [01;31m[K^~~~~~~~~~~~~[m[K
[4.182s] [01m[K/home/gkasha/Documents/maae/src/auction/src/agent.cpp:90:68:[m[K [01;31m[Kerror: [m[Ktemplate argument 1 is invalid
[4.182s]    90 |         std::shared_ptr<ma_interfaces::srv::AuctionResult::Response[01;31m[K>[m[K rep)
[4.182s]       |                                                                    [01;31m[K^[m[K
[4.186s] [01m[K/home/gkasha/Documents/maae/src/auction/src/agent.cpp:[m[K In function â€˜[01m[Kvoid get_bid(std::shared_ptr<ma_interfaces::srv::GetBid_Request_<std::allocator<void> > >, std::shared_ptr<ma_interfaces::srv::GetBid_Response_<std::allocator<void> > >)[m[Kâ€™:
[4.186s] [01m[K/home/gkasha/Documents/maae/src/auction/src/agent.cpp:129:40:[m[K [01;31m[Kerror: [m[Kâ€˜[01m[Kusing _t_type = struct ma_interfaces::msg::Task_<std::allocator<void> >[m[Kâ€™ {aka â€˜[01m[Kstruct ma_interfaces::msg::Task_<std::allocator<void> >[m[Kâ€™} has no member named â€˜[01m[Kduration[m[Kâ€™
[4.187s]   129 |         bid_node = new TNode(0, req->t.[01;31m[Kduration[m[K, false, req->t.name);
[4.187s]       |                                        [01;31m[K^~~~~~~~[m[K
[4.187s] [01m[K/home/gkasha/Documents/maae/src/auction/src/agent.cpp:136:29:[m[K [01;31m[Kerror: [m[Kâ€˜[01m[Kclass TNode[m[Kâ€™ has no member named â€˜[01m[Kst[m[Kâ€™; did you mean â€˜[01m[Kst_[m[Kâ€™?
[4.187s]   136 |             if (curr->next->[01;31m[Kst[m[K - curr->et >= req->t.duration) {
[4.187s]       |                             [01;31m[K^~[m[K
[4.187s]       |                             [32m[Kst_[m[K
[4.188s] [01m[K/home/gkasha/Documents/maae/src/auction/src/agent.cpp:136:40:[m[K [01;31m[Kerror: [m[Kâ€˜[01m[Kclass TNode[m[Kâ€™ has no member named â€˜[01m[Ket[m[Kâ€™; did you mean â€˜[01m[Ket_[m[Kâ€™?
[4.188s]   136 |             if (curr->next->st - curr->[01;31m[Ket[m[K >= req->t.duration) {
[4.188s]       |                                        [01;31m[K^~[m[K
[4.188s]       |                                        [32m[Ket_[m[K
[4.188s] [01m[K/home/gkasha/Documents/maae/src/auction/src/agent.cpp:136:53:[m[K [01;31m[Kerror: [m[Kâ€˜[01m[Kusing _t_type = struct ma_interfaces::msg::Task_<std::allocator<void> >[m[Kâ€™ {aka â€˜[01m[Kstruct ma_interfaces::msg::Task_<std::allocator<void> >[m[Kâ€™} has no member named â€˜[01m[Kduration[m[Kâ€™
[4.188s]   136 |             if (curr->next->st - curr->et >= req->t.[01;31m[Kduration[m[K) {
[4.188s]       |                                                     [01;31m[K^~~~~~~~[m[K
[4.189s] [01m[K/home/gkasha/Documents/maae/src/auction/src/agent.cpp:137:44:[m[K [01;31m[Kerror: [m[Kâ€˜[01m[Kclass TNode[m[Kâ€™ has no member named â€˜[01m[Ket[m[Kâ€™; did you mean â€˜[01m[Ket_[m[Kâ€™?
[4.189s]   137 |                 bid_node = new TNode(curr->[01;31m[Ket[m[K, curr->et+req->t.duration, false, req->t.name);
[4.189s]       |                                            [01;31m[K^~[m[K
[4.189s]       |                                            [32m[Ket_[m[K
[4.189s] [01m[K/home/gkasha/Documents/maae/src/auction/src/agent.cpp:137:54:[m[K [01;31m[Kerror: [m[Kâ€˜[01m[Kclass TNode[m[Kâ€™ has no member named â€˜[01m[Ket[m[Kâ€™; did you mean â€˜[01m[Ket_[m[Kâ€™?
[4.189s]   137 |                 bid_node = new TNode(curr->et, curr->[01;31m[Ket[m[K+req->t.duration, false, req->t.name);
[4.189s]       |                                                      [01;31m[K^~[m[K
[4.189s]       |                                                      [32m[Ket_[m[K
[4.190s] [01m[K/home/gkasha/Documents/maae/src/auction/src/agent.cpp:137:64:[m[K [01;31m[Kerror: [m[Kâ€˜[01m[Kusing _t_type = struct ma_interfaces::msg::Task_<std::allocator<void> >[m[Kâ€™ {aka â€˜[01m[Kstruct ma_interfaces::msg::Task_<std::allocator<void> >[m[Kâ€™} has no member named â€˜[01m[Kduration[m[Kâ€™
[4.190s]   137 |                 bid_node = new TNode(curr->et, curr->et+req->t.[01;31m[Kduration[m[K, false, req->t.name);
[4.190s]       |                                                                [01;31m[K^~~~~~~~[m[K
[4.190s] [01m[K/home/gkasha/Documents/maae/src/auction/src/agent.cpp:147:40:[m[K [01;31m[Kerror: [m[Kâ€˜[01m[Kclass TNode[m[Kâ€™ has no member named â€˜[01m[Ket[m[Kâ€™; did you mean â€˜[01m[Ket_[m[Kâ€™?
[4.190s]   147 |             bid_node = new TNode(curr->[01;31m[Ket[m[K, curr->et+req->t.duration, false, req->t.name);
[4.190s]       |                                        [01;31m[K^~[m[K
[4.190s]       |                                        [32m[Ket_[m[K
[4.190s] [01m[K/home/gkasha/Documents/maae/src/auction/src/agent.cpp:147:50:[m[K [01;31m[Kerror: [m[Kâ€˜[01m[Kclass TNode[m[Kâ€™ has no member named â€˜[01m[Ket[m[Kâ€™; did you mean â€˜[01m[Ket_[m[Kâ€™?
[4.190s]   147 |             bid_node = new TNode(curr->et, curr->[01;31m[Ket[m[K+req->t.duration, false, req->t.name);
[4.190s]       |                                                  [01;31m[K^~[m[K
[4.190s]       |                                                  [32m[Ket_[m[K
[4.190s] [01m[K/home/gkasha/Documents/maae/src/auction/src/agent.cpp:147:60:[m[K [01;31m[Kerror: [m[Kâ€˜[01m[Kusing _t_type = struct ma_interfaces::msg::Task_<std::allocator<void> >[m[Kâ€™ {aka â€˜[01m[Kstruct ma_interfaces::msg::Task_<std::allocator<void> >[m[Kâ€™} has no member named â€˜[01m[Kduration[m[Kâ€™
[4.190s]   147 |             bid_node = new TNode(curr->et, curr->et+req->t.[01;31m[Kduration[m[K, false, req->t.name);
[4.190s]       |                                                            [01;31m[K^~~~~~~~[m[K
[4.190s] [01m[K/home/gkasha/Documents/maae/src/auction/src/agent.cpp:154:9:[m[K [01;31m[Kerror: [m[Kâ€˜[01m[Kstruct ma_interfaces::msg::Bid_<std::allocator<void> >[m[Kâ€™ has no member named â€˜[01m[Kst[m[Kâ€™
[4.191s]   154 |     bid.[01;31m[Kst[m[K = bid_node->st;
[4.191s]       |         [01;31m[K^~[m[K
[4.191s] [01m[K/home/gkasha/Documents/maae/src/auction/src/agent.cpp:154:24:[m[K [01;31m[Kerror: [m[Kâ€˜[01m[Kclass TNode[m[Kâ€™ has no member named â€˜[01m[Kst[m[Kâ€™; did you mean â€˜[01m[Kst_[m[Kâ€™?
[4.191s]   154 |     bid.st = bid_node->[01;31m[Kst[m[K;
[4.191s]       |                        [01;31m[K^~[m[K
[4.191s]       |                        [32m[Kst_[m[K
[4.191s] [01m[K/home/gkasha/Documents/maae/src/auction/src/agent.cpp:155:9:[m[K [01;31m[Kerror: [m[Kâ€˜[01m[Kstruct ma_interfaces::msg::Bid_<std::allocator<void> >[m[Kâ€™ has no member named â€˜[01m[Ket[m[Kâ€™
[4.191s]   155 |     bid.[01;31m[Ket[m[K = bid_node->et;
[4.191s]       |         [01;31m[K^~[m[K
[4.191s] [01m[K/home/gkasha/Documents/maae/src/auction/src/agent.cpp:155:24:[m[K [01;31m[Kerror: [m[Kâ€˜[01m[Kclass TNode[m[Kâ€™ has no member named â€˜[01m[Ket[m[Kâ€™; did you mean â€˜[01m[Ket_[m[Kâ€™?
[4.191s]   155 |     bid.et = bid_node->[01;31m[Ket[m[K;
[4.191s]       |                        [01;31m[K^~[m[K
[4.191s]       |                        [32m[Ket_[m[K
[4.192s] [01m[K/home/gkasha/Documents/maae/src/auction/src/agent.cpp:156:9:[m[K [01;31m[Kerror: [m[Kâ€˜[01m[Kstruct ma_interfaces::msg::Bid_<std::allocator<void> >[m[Kâ€™ has no member named â€˜[01m[Kvalue[m[Kâ€™; did you mean â€˜[01m[Kval[m[Kâ€™?
[4.192s]   156 |     bid.[01;31m[Kvalue[m[K = req->t.value;
[4.192s]       |         [01;31m[K^~~~~[m[K
[4.192s]       |         [32m[Kval[m[K
[4.192s] [01m[K/home/gkasha/Documents/maae/src/auction/src/agent.cpp:156:24:[m[K [01;31m[Kerror: [m[Kâ€˜[01m[Kusing _t_type = struct ma_interfaces::msg::Task_<std::allocator<void> >[m[Kâ€™ {aka â€˜[01m[Kstruct ma_interfaces::msg::Task_<std::allocator<void> >[m[Kâ€™} has no member named â€˜[01m[Kvalue[m[Kâ€™
[4.192s]   156 |     bid.value = req->t.[01;31m[Kvalue[m[K;
[4.192s]       |                        [01;31m[K^~~~~[m[K
[4.192s] In file included from [01m[K/home/gkasha/ros2_humble/build/rclcpp/include/rclcpp/logging.hpp:24[m[K,
[4.192s]                  from [01m[K/home/gkasha/ros2_humble/install/rclcpp/include/rclcpp/rclcpp/client.hpp:40[m[K,
[4.192s]                  from [01m[K/home/gkasha/ros2_humble/install/rclcpp/include/rclcpp/rclcpp/callback_group.hpp:24[m[K,
[4.192s]                  from [01m[K/home/gkasha/ros2_humble/install/rclcpp/include/rclcpp/rclcpp/any_executable.hpp:20[m[K,
[4.192s]                  from [01m[K/home/gkasha/ros2_humble/install/rclcpp/include/rclcpp/rclcpp/memory_strategy.hpp:25[m[K,
[4.192s]                  from [01m[K/home/gkasha/ros2_humble/install/rclcpp/include/rclcpp/rclcpp/memory_strategies.hpp:18[m[K,
[4.192s]                  from [01m[K/home/gkasha/ros2_humble/install/rclcpp/include/rclcpp/rclcpp/executor_options.hpp:20[m[K,
[4.192s]                  from [01m[K/home/gkasha/ros2_humble/install/rclcpp/include/rclcpp/rclcpp/executor.hpp:37[m[K,
[4.192s]                  from [01m[K/home/gkasha/ros2_humble/install/rclcpp/include/rclcpp/rclcpp/executors/multi_threaded_executor.hpp:25[m[K,
[4.192s]                  from [01m[K/home/gkasha/ros2_humble/install/rclcpp/include/rclcpp/rclcpp/executors.hpp:21[m[K,
[4.192s]                  from [01m[K/home/gkasha/ros2_humble/install/rclcpp/include/rclcpp/rclcpp/rclcpp.hpp:155[m[K,
[4.192s]                  from [01m[K/home/gkasha/Documents/maae/src/auction/src/agent.cpp:1[m[K:
[4.193s] [01m[K/home/gkasha/Documents/maae/src/auction/src/agent.cpp:159:95:[m[K [01;31m[Kerror: [m[Kâ€˜[01m[Kstruct ma_interfaces::msg::Bid_<std::allocator<void> >[m[Kâ€™ has no member named â€˜[01m[Kvalue[m[Kâ€™; did you mean â€˜[01m[Kval[m[Kâ€™?
[4.193s]   159 |     RCLCPP_INFO(rclcpp::get_logger("rclcpp"), "Generated a bid of value %ld for task %s", bid.[01;31m[Kvalue[m[K, bid.name.c_str());
[4.193s]       |                                                                                               [01;31m[K^~~~~[m[K
[4.193s] [01m[K/home/gkasha/Documents/maae/src/auction/src/agent.cpp:[m[K At global scope:
[4.193s] [01m[K/home/gkasha/Documents/maae/src/auction/src/agent.cpp:163:95:[m[K [01;31m[Kerror: [m[Kâ€˜[01m[Kema_interfaces[m[Kâ€™ has not been declared
[4.193s]   163 | std::vector<ma_interfaces::msg::Bid> get_agent_bids(std::shared_ptr<rclcpp::Node> client_nod, [01;31m[Kema_interfaces[m[K::msg::Goal g, int num_agents) {
[4.193s]       |                                                                                               [01;31m[K^~~~~~~~~~~~~~[m[K
[4.193s] [01m[K/home/gkasha/Documents/maae/src/auction/src/agent.cpp:163:121:[m[K [01;31m[Kerror: [m[Kexpected â€˜[01m[K,[m[Kâ€™ or â€˜[01m[K...[m[Kâ€™ before â€˜[01m[Kg[m[Kâ€™
[4.193s]   163 | std::vector<ma_interfaces::msg::Bid> get_agent_bids(std::shared_ptr<rclcpp::Node> client_nod, ema_interfaces::msg::Goal [01;31m[Kg[m[K, int num_agents) {
[4.193s]       |                                                                                                                         [01;31m[K^[m[K
[4.194s] [01m[K/home/gkasha/Documents/maae/src/auction/src/agent.cpp:[m[K In function â€˜[01m[Kstd::vector<ma_interfaces::msg::Bid_<std::allocator<void> > > get_agent_bids(std::shared_ptr<rclcpp::Node>, int)[m[Kâ€™:
[4.194s] [01m[K/home/gkasha/Documents/maae/src/auction/src/agent.cpp:170:14:[m[K [01;31m[Kerror: [m[Kâ€˜[01m[Kg[m[Kâ€™ was not declared in this scope
[4.194s]   170 |     t.name = [01;31m[Kg[m[K.name;
[4.194s]       |              [01;31m[K^[m[K
[4.195s] [01m[K/home/gkasha/Documents/maae/src/auction/src/agent.cpp:171:7:[m[K [01;31m[Kerror: [m[Kâ€˜[01m[Kstruct ma_interfaces::msg::Task_<std::allocator<void> >[m[Kâ€™ has no member named â€˜[01m[Kduration[m[Kâ€™
[4.195s]   171 |     t.[01;31m[Kduration[m[K = 10; // Default duration
[4.195s]       |       [01;31m[K^~~~~~~~[m[K
[4.195s] [01m[K/home/gkasha/Documents/maae/src/auction/src/agent.cpp:172:7:[m[K [01;31m[Kerror: [m[Kâ€˜[01m[Kstruct ma_interfaces::msg::Task_<std::allocator<void> >[m[Kâ€™ has no member named â€˜[01m[Kvalue[m[Kâ€™
[4.195s]   172 |     t.[01;31m[Kvalue[m[K = 10; // Default value
[4.195s]       |       [01;31m[K^~~~~[m[K
[4.200s] [01m[K/home/gkasha/Documents/maae/src/auction/src/agent.cpp:176:25:[m[K [01;31m[Kerror: [m[Kâ€˜[01m[Knum_agents[m[Kâ€™ was not declared in this scope
[4.200s]   176 |     for (int i = 0; i < [01;31m[Knum_agents[m[K; i++) {
[4.200s]       |                         [01;31m[K^~~~~~~~~~[m[K
[4.258s] [01m[K/home/gkasha/Documents/maae/src/auction/src/agent.cpp:181:17:[m[K [01;31m[Kerror: [m[Kâ€˜[01m[Kclient_node[m[Kâ€™ was not declared in this scope; did you mean â€˜[01m[Kclient_nod[m[Kâ€™?
[4.258s]   181 |                 [01;31m[Kclient_node[m[K->create_client<ma_interfaces::srv::GetBid>("get_bid_"+std::to_string(i));
[4.258s]       |                 [01;31m[K^~~~~~~~~~~[m[K
[4.258s]       |                 [32m[Kclient_nod[m[K
[4.258s] [01m[K/home/gkasha/Documents/maae/src/auction/src/agent.cpp:181:70:[m[K [01;31m[Kerror: [m[Kexpected primary-expression before â€˜[01m[K>[m[Kâ€™ token
[4.258s]   181 |                 client_node->create_client<ma_interfaces::srv::GetBid[01;31m[K>[m[K("get_bid_"+std::to_string(i));
[4.258s]       |                                                                      [01;31m[K^[m[K
[4.264s] [01m[K/home/gkasha/Documents/maae/src/auction/src/agent.cpp:163:83:[m[K [01;35m[Kwarning: [m[Kunused parameter â€˜[01m[Kclient_nod[m[Kâ€™ [[01;35m[K]8;;https://gcc.gnu.org/onlinedocs/gcc/Warning-Options.html#index-Wunused-parameter-Wunused-parameter]8;;[m[K]
[4.265s]   163 | std::vector<ma_interfaces::msg::Bid> get_agent_bids([01;35m[Kstd::shared_ptr<rclcpp::Node> client_nod[m[K, ema_interfaces::msg::Goal g, int num_agents) {
[4.265s]       |                                                     [01;35m[K~~~~~~~~~~~~~~~~~~~~~~~~~~~~~~^~~~~~~~~~[m[K
[4.265s] [01m[K/home/gkasha/Documents/maae/src/auction/src/agent.cpp:163:116:[m[K [01;35m[Kwarning: [m[Kunused parameter â€˜[01m[KGoal[m[Kâ€™ [[01;35m[K]8;;https://gcc.gnu.org/onlinedocs/gcc/Warning-Options.html#index-Wunused-parameter-Wunused-parameter]8;;[m[K]
[4.265s]   163 | std::vector<ma_interfaces::msg::Bid> get_agent_bids(std::shared_ptr<rclcpp::Node> client_nod, [01;35m[Kema_interfaces::msg::Goal[m[K g, int num_agents) {
[4.265s]       |                                                                                               [01;35m[K~~~~~~~~~~~~~~~~~~~~~^~~~[m[K
[4.265s] [01m[K/home/gkasha/Documents/maae/src/auction/src/agent.cpp:[m[K In function â€˜[01m[Kvoid publish_auction_winner(std::shared_ptr<rclcpp::Node>, ma_interfaces::msg::Task, std::vector<ma_interfaces::msg::Bid_<std::allocator<void> > >, ma_interfaces::msg::Bid)[m[Kâ€™:
[4.266s] [01m[K/home/gkasha/Documents/maae/src/auction/src/agent.cpp:211:64:[m[K [01;31m[Kerror: [m[Kâ€˜[01m[KAuctionResult[m[Kâ€™ is not a member of â€˜[01m[Kma_interfaces::srv[m[Kâ€™
[4.266s]   211 |     auto auction_result = std::make_shared<ma_interfaces::srv::[01;31m[KAuctionResult[m[K::Request>();
[4.266s]       |                                                                [01;31m[K^~~~~~~~~~~~~[m[K
[4.266s] [01m[K/home/gkasha/Documents/maae/src/auction/src/agent.cpp:211:32:[m[K [01;31m[Kerror: [m[Kparse error in template argument list
[4.266s]   211 |     auto auction_result = std::[01;31m[Kmake_shared<ma_interfaces::srv::AuctionResult::Request>[m[K();
[4.266s]       |                                [01;31m[K^~~~~~~~~~~~~~~~~~~~~~~~~~~~~~~~~~~~~~~~~~~~~~~~~~~~~~~[m[K
[4.266s] [01m[K/home/gkasha/Documents/maae/src/auction/src/agent.cpp:211:87:[m[K [01;31m[Kerror: [m[Kno matching function for call to â€˜[01m[Kmake_shared<<expression error> >()[m[Kâ€™
[4.266s]   211 |     auto auction_result = [01;31m[Kstd::make_shared<ma_interfaces::srv::AuctionResult::Request>()[m[K;
[4.267s]       |                           [01;31m[K~~~~~~~~~~~~~~~~~~~~~~~~~~~~~~~~~~~~~~~~~~~~~~~~~~~~~~~~~~~~^~[m[K
[4.267s] In file included from [01m[K/usr/include/c++/11/memory:77[m[K,
[4.267s]                  from [01m[K/home/gkasha/ros2_humble/install/rclcpp/include/rclcpp/rclcpp/rclcpp.hpp:153[m[K,
[4.268s]                  from [01m[K/home/gkasha/Documents/maae/src/auction/src/agent.cpp:1[m[K:
[4.268s] [01m[K/usr/include/c++/11/bits/shared_ptr.h:875:5:[m[K [01;36m[Knote: [m[Kcandidate: â€˜[01m[Ktemplate<class _Tp, class ... _Args> std::shared_ptr<_Tp> std::make_shared(_Args&& ...)[m[Kâ€™
[4.268s]   875 |     [01;36m[Kmake_shared[m[K(_Args&&... __args)
[4.268s]       |     [01;36m[K^~~~~~~~~~~[m[K
[4.268s] [01m[K/usr/include/c++/11/bits/shared_ptr.h:875:5:[m[K [01;36m[Knote: [m[K  template argument deduction/substitution failed:
[4.268s] [01m[K/home/gkasha/Documents/maae/src/auction/src/agent.cpp:211:87:[m[K [01;31m[Kerror: [m[Ktemplate argument 1 is invalid
[4.268s]   211 |     auto auction_result = [01;31m[Kstd::make_shared<ma_interfaces::srv::AuctionResult::Request>()[m[K;
[4.269s]       |                           [01;31m[K~~~~~~~~~~~~~~~~~~~~~~~~~~~~~~~~~~~~~~~~~~~~~~~~~~~~~~~~~~~~^~[m[K
[4.272s] [01m[K/home/gkasha/Documents/maae/src/auction/src/agent.cpp:212:5:[m[K [01;31m[Kerror: [m[Kâ€˜[01m[Kresult[m[Kâ€™ was not declared in this scope
[4.272s]   212 |     [01;31m[Kresult[m[K.t = t;
[4.272s]       |     [01;31m[K^~~~~~[m[K
[4.275s] [01m[K/home/gkasha/Documents/maae/src/auction/src/agent.cpp:216:44:[m[K [01;31m[Kerror: [m[Kâ€˜[01m[KAuctionResult[m[Kâ€™ is not a member of â€˜[01m[Kma_interfaces::srv[m[Kâ€™
[4.275s]   216 |         rclcpp::Client<ma_interfaces::srv::[01;31m[KAuctionResult[m[K>::ShreadPtr result_client =
[4.275s]       |                                            [01;31m[K^~~~~~~~~~~~~[m[K
[4.275s] [01m[K/home/gkasha/Documents/maae/src/auction/src/agent.cpp:216:57:[m[K [01;31m[Kerror: [m[Ktemplate argument 1 is invalid
[4.275s]   216 |         rclcpp::Client<ma_interfaces::srv::AuctionResult[01;31m[K>[m[K::ShreadPtr result_client =
[4.275s]       |                                                         [01;31m[K^[m[K
[4.275s] [01m[K/home/gkasha/Documents/maae/src/auction/src/agent.cpp:216:70:[m[K [01;31m[Kerror: [m[Kexpected initializer before â€˜[01m[Kresult_client[m[Kâ€™
[4.275s]   216 |         rclcpp::Client<ma_interfaces::srv::AuctionResult>::ShreadPtr [01;31m[Kresult_client[m[K =
[4.275s]       |                                                                      [01;31m[K^~~~~~~~~~~~~[m[K
[4.280s] [01m[K/home/gkasha/Documents/maae/src/auction/src/agent.cpp:219:17:[m[K [01;31m[Kerror: [m[Kâ€˜[01m[Kresult_client[m[Kâ€™ was not declared in this scope
[4.281s]   219 |         while (![01;31m[Kresult_client[m[K->wait_for_service(1s)) {
[4.281s]       |                 [01;31m[K^~~~~~~~~~~~~[m[K
[4.287s] [01m[K/home/gkasha/Documents/maae/src/auction/src/agent.cpp:227:20:[m[K [01;31m[Kerror: [m[Kâ€˜[01m[Kresult_client[m[Kâ€™ was not declared in this scope
[4.287s]   227 |         auto res = [01;31m[Kresult_client[m[K->async_send_request(auction_result);
[4.287s]       |                    [01;31m[K^~~~~~~~~~~~~[m[K
[4.291s] In file included from [01m[K/home/gkasha/ros2_humble/build/rclcpp/include/rclcpp/logging.hpp:24[m[K,
[4.292s]                  from [01m[K/home/gkasha/ros2_humble/install/rclcpp/include/rclcpp/rclcpp/client.hpp:40[m[K,
[4.292s]                  from [01m[K/home/gkasha/ros2_humble/install/rclcpp/include/rclcpp/rclcpp/callback_group.hpp:24[m[K,
[4.292s]                  from [01m[K/home/gkasha/ros2_humble/install/rclcpp/include/rclcpp/rclcpp/any_executable.hpp:20[m[K,
[4.292s]                  from [01m[K/home/gkasha/ros2_humble/install/rclcpp/include/rclcpp/rclcpp/memory_strategy.hpp:25[m[K,
[4.292s]                  from [01m[K/home/gkasha/ros2_humble/install/rclcpp/include/rclcpp/rclcpp/memory_strategies.hpp:18[m[K,
[4.292s]                  from [01m[K/home/gkasha/ros2_humble/install/rclcpp/include/rclcpp/rclcpp/executor_options.hpp:20[m[K,
[4.292s]                  from [01m[K/home/gkasha/ros2_humble/install/rclcpp/include/rclcpp/rclcpp/executor.hpp:37[m[K,
[4.292s]                  from [01m[K/home/gkasha/ros2_humble/install/rclcpp/include/rclcpp/rclcpp/executors/multi_threaded_executor.hpp:25[m[K,
[4.292s]                  from [01m[K/home/gkasha/ros2_humble/install/rclcpp/include/rclcpp/rclcpp/executors.hpp:21[m[K,
[4.292s]                  from [01m[K/home/gkasha/ros2_humble/install/rclcpp/include/rclcpp/rclcpp/rclcpp.hpp:155[m[K,
[4.292s]                  from [01m[K/home/gkasha/Documents/maae/src/auction/src/agent.cpp:1[m[K:
[4.293s] [01m[K/home/gkasha/Documents/maae/src/auction/src/agent.cpp:233:93:[m[K [01;31m[Kerror: [m[Kâ€˜[01m[Ki[m[Kâ€™ was not declared in this scope
[4.293s]   233 |             RCLCPP_ERROR(rclcpp::get_logger("rclcpp"), "Failed to call bid service for %d", [01;31m[Ki[m[K);
[4.293s]       |                                                                                             [01;31m[K^[m[K
[4.362s] [01m[K/home/gkasha/Documents/maae/src/auction/src/agent.cpp:[m[K In function â€˜[01m[Kvoid start_auction(std::shared_ptr<ma_interfaces::srv::AuctionSrv_Request_<std::allocator<void> > >, std::shared_ptr<ma_interfaces::srv::AuctionSrv_Response_<std::allocator<void> > >)[m[Kâ€™:
[4.362s] [01m[K/home/gkasha/Documents/maae/src/auction/src/agent.cpp:259:13:[m[K [01;31m[Kerror: [m[Kno match for â€˜[01m[Koperator~[m[Kâ€™ (operand type is â€˜[01m[Kstd::shared_ptr<rclcpp::Node>[m[Kâ€™)
[4.362s]   259 |             [01;31m[K~client_node[m[K;
[4.362s]       |             [01;31m[K^~~~~~~~~~~~[m[K
[4.363s] [01m[K/home/gkasha/Documents/maae/src/auction/src/agent.cpp:259:13:[m[K [01;36m[Knote: [m[Kcandidate: â€˜[01m[Koperator~(int)[m[Kâ€™ (built-in)
[4.363s] [01m[K/home/gkasha/Documents/maae/src/auction/src/agent.cpp:259:13:[m[K [01;36m[Knote: [m[K  no known conversion for argument 1 from â€˜[01m[Kstd::shared_ptr<rclcpp::Node>[m[Kâ€™ to â€˜[01m[Kint[m[Kâ€™
[4.363s] In file included from [01m[K/home/gkasha/ros2_humble/install/rclcpp/include/rclcpp/rclcpp/executors.hpp:18[m[K,
[4.363s]                  from [01m[K/home/gkasha/ros2_humble/install/rclcpp/include/rclcpp/rclcpp/rclcpp.hpp:155[m[K,
[4.363s]                  from [01m[K/home/gkasha/Documents/maae/src/auction/src/agent.cpp:1[m[K:
[4.363s] [01m[K/usr/include/c++/11/future:160:20:[m[K [01;36m[Knote: [m[Kcandidate: â€˜[01m[Kconstexpr std::launch std::operator~(std::launch)[m[Kâ€™
[4.363s]   160 |   constexpr launch [01;36m[Koperator[m[K~(launch __x)
[4.364s]       |                    [01;36m[K^~~~~~~~[m[K
[4.364s] [01m[K/usr/include/c++/11/future:160:37:[m[K [01;36m[Knote: [m[K  no known conversion for argument 1 from â€˜[01m[Kstd::shared_ptr<rclcpp::Node>[m[Kâ€™ to â€˜[01m[Kstd::launch[m[Kâ€™
[4.364s]   160 |   constexpr launch operator~([01;36m[Klaunch __x[m[K)
[4.364s]       |                              [01;36m[K~~~~~~~^~~[m[K
[4.364s] In file included from [01m[K/usr/include/c++/11/ios:42[m[K,
[4.364s]                  from [01m[K/usr/include/c++/11/ostream:38[m[K,
[4.364s]                  from [01m[K/usr/include/c++/11/iostream:39[m[K,
[4.364s]                  from [01m[K/home/gkasha/ros2_humble/install/rclcpp/include/rclcpp/rclcpp/executor.hpp:22[m[K,
[4.364s]                  from [01m[K/home/gkasha/ros2_humble/install/rclcpp/include/rclcpp/rclcpp/executors/multi_threaded_executor.hpp:25[m[K,
[4.364s]                  from [01m[K/home/gkasha/ros2_humble/install/rclcpp/include/rclcpp/rclcpp/executors.hpp:21[m[K,
[4.364s]                  from [01m[K/home/gkasha/ros2_humble/install/rclcpp/include/rclcpp/rclcpp/rclcpp.hpp:155[m[K,
[4.364s]                  from [01m[K/home/gkasha/Documents/maae/src/auction/src/agent.cpp:1[m[K:
[4.364s] [01m[K/usr/include/c++/11/bits/ios_base.h:95:3:[m[K [01;36m[Knote: [m[Kcandidate: â€˜[01m[Kconstexpr std::_Ios_Fmtflags std::operator~(std::_Ios_Fmtflags)[m[Kâ€™
[4.364s]    95 |   [01;36m[Koperator[m[K~(_Ios_Fmtflags __a)
[4.365s]       |   [01;36m[K^~~~~~~~[m[K
[4.365s] [01m[K/usr/include/c++/11/bits/ios_base.h:95:27:[m[K [01;36m[Knote: [m[K  no known conversion for argument 1 from â€˜[01m[Kstd::shared_ptr<rclcpp::Node>[m[Kâ€™ to â€˜[01m[Kstd::_Ios_Fmtflags[m[Kâ€™
[4.365s]    95 |   operator~([01;36m[K_Ios_Fmtflags __a[m[K)
[4.365s]       |             [01;36m[K~~~~~~~~~~~~~~^~~[m[K
[4.366s] [01m[K/usr/include/c++/11/bits/ios_base.h:137:3:[m[K [01;36m[Knote: [m[Kcandidate: â€˜[01m[Kconstexpr std::_Ios_Openmode std::operator~(std::_Ios_Openmode)[m[Kâ€™
[4.366s]   137 |   [01;36m[Koperator[m[K~(_Ios_Openmode __a)
[4.366s]       |   [01;36m[K^~~~~~~~[m[K
[4.366s] [01m[K/usr/include/c++/11/bits/ios_base.h:137:27:[m[K [01;36m[Knote: [m[K  no known conversion for argument 1 from â€˜[01m[Kstd::shared_ptr<rclcpp::Node>[m[Kâ€™ to â€˜[01m[Kstd::_Ios_Openmode[m[Kâ€™
[4.367s]   137 |   operator~([01;36m[K_Ios_Openmode __a[m[K)
[4.367s]       |             [01;36m[K~~~~~~~~~~~~~~^~~[m[K
[4.367s] [01m[K/usr/include/c++/11/bits/ios_base.h:177:3:[m[K [01;36m[Knote: [m[Kcandidate: â€˜[01m[Kconstexpr std::_Ios_Iostate std::operator~(std::_Ios_Iostate)[m[Kâ€™
[4.367s]   177 |   [01;36m[Koperator[m[K~(_Ios_Iostate __a)
[4.367s]       |   [01;36m[K^~~~~~~~[m[K
[4.367s] [01m[K/usr/include/c++/11/bits/ios_base.h:177:26:[m[K [01;36m[Knote: [m[K  no known conversion for argument 1 from â€˜[01m[Kstd::shared_ptr<rclcpp::Node>[m[Kâ€™ to â€˜[01m[Kstd::_Ios_Iostate[m[Kâ€™
[4.367s]   177 |   operator~([01;36m[K_Ios_Iostate __a[m[K)
[4.367s]       |             [01;36m[K~~~~~~~~~~~~~^~~[m[K
[4.368s] [01m[K/home/gkasha/Documents/maae/src/auction/src/agent.cpp:278:91:[m[K [01;31m[Kerror: [m[Kcannot convert â€˜[01m[Kma_interfaces::srv::GetGoal_Response_<std::allocator<void> >::_g_type[m[Kâ€™ {aka â€˜[01m[Kma_interfaces::msg::Goal_<std::allocator<void> >[m[Kâ€™} to â€˜[01m[Kint[m[Kâ€™
[4.368s]   278 |         std::vector<ma_interfaces::msg::Bid> bids = get_agent_bids(client_node, [01;31m[Kgoal_res->g[m[K, goal_res->num_agents);
[4.368s]       |                                                                                 [01;31m[K~~~~~~~~~~^[m[K
[4.368s]       |                                                                                           [01;31m[K|[m[K
[4.369s]       |                                                                                           [01;31m[Kma_interfaces::srv::GetGoal_Response_<std::allocator<void> >::_g_type {aka ma_interfaces::msg::Goal_<std::allocator<void> >}[m[K
[4.369s] [01m[K/home/gkasha/Documents/maae/src/auction/src/agent.cpp:163:116:[m[K [01;36m[Knote: [m[K  initializing argument 2 of â€˜[01m[Kstd::vector<ma_interfaces::msg::Bid_<std::allocator<void> > > get_agent_bids(std::shared_ptr<rclcpp::Node>, int)[m[Kâ€™
[4.369s]   163 | std::vector<ma_interfaces::msg::Bid> get_agent_bids(std::shared_ptr<rclcpp::Node> client_nod, [01;36m[Kema_interfaces::msg::Goal[m[K g, int num_agents) {
[4.369s]       |                                                                                               [01;36m[K~~~~~~~~~~~~~~~~~~~~~^~~~[m[K
[4.369s] [01m[K/home/gkasha/Documents/maae/src/auction/src/agent.cpp:284:21:[m[K [01;31m[Kerror: [m[Kcould not convert â€˜[01m[Kwinning_bid[m[Kâ€™ from â€˜[01m[Kma_interfaces::msg::Bid[m[Kâ€™ {aka â€˜[01m[Kma_interfaces::msg::Bid_<std::allocator<void> >[m[Kâ€™} to â€˜[01m[Kbool[m[Kâ€™
[4.369s]   284 |                 if ([01;31m[Kwinning_bid[m[K) {
[4.369s]       |                     [01;31m[K^~~~~~~~~~~[m[K
[4.369s]       |                     [01;31m[K|[m[K
[4.369s]       |                     [01;31m[Kma_interfaces::msg::Bid {aka ma_interfaces::msg::Bid_<std::allocator<void> >}[m[K
[4.369s] [01m[K/home/gkasha/Documents/maae/src/auction/src/agent.cpp:285:29:[m[K [01;31m[Kerror: [m[Kâ€˜[01m[Kstruct ma_interfaces::msg::Bid_<std::allocator<void> >[m[Kâ€™ has no member named â€˜[01m[Kst[m[Kâ€™
[4.369s]   285 |                     if (bid.[01;31m[Kst[m[K < winning_bid.st) {
[4.369s]       |                             [01;31m[K^~[m[K
[4.370s] [01m[K/home/gkasha/Documents/maae/src/auction/src/agent.cpp:285:46:[m[K [01;31m[Kerror: [m[Kâ€˜[01m[Kusing Bid = struct ma_interfaces::msg::Bid_<std::allocator<void> >[m[Kâ€™ {aka â€˜[01m[Kstruct ma_interfaces::msg::Bid_<std::allocator<void> >[m[Kâ€™} has no member named â€˜[01m[Kst[m[Kâ€™
[4.370s]   285 |                     if (bid.st < winning_bid.[01;31m[Kst[m[K) {
[4.370s]       |                                              [01;31m[K^~[m[K
[4.370s] [01m[K/home/gkasha/Documents/maae/src/auction/src/agent.cpp:287:36:[m[K [01;31m[Kerror: [m[Kâ€˜[01m[Kstruct ma_interfaces::msg::Bid_<std::allocator<void> >[m[Kâ€™ has no member named â€˜[01m[Kst[m[Kâ€™
[4.370s]   287 |                     } else if (bid.[01;31m[Kst[m[K == winning_bid.st && bid.value < winning_bid.value) {
[4.370s]       |                                    [01;31m[K^~[m[K
[4.370s] [01m[K/home/gkasha/Documents/maae/src/auction/src/agent.cpp:287:54:[m[K [01;31m[Kerror: [m[Kâ€˜[01m[Kusing Bid = struct ma_interfaces::msg::Bid_<std::allocator<void> >[m[Kâ€™ {aka â€˜[01m[Kstruct ma_interfaces::msg::Bid_<std::allocator<void> >[m[Kâ€™} has no member named â€˜[01m[Kst[m[Kâ€™
[4.370s]   287 |                     } else if (bid.st == winning_bid.[01;31m[Kst[m[K && bid.value < winning_bid.value) {
[4.370s]       |                                                      [01;31m[K^~[m[K
[4.371s] [01m[K/home/gkasha/Documents/maae/src/auction/src/agent.cpp:287:64:[m[K [01;31m[Kerror: [m[Kâ€˜[01m[Kstruct ma_interfaces::msg::Bid_<std::allocator<void> >[m[Kâ€™ has no member named â€˜[01m[Kvalue[m[Kâ€™; did you mean â€˜[01m[Kval[m[Kâ€™?
[4.371s]   287 |                     } else if (bid.st == winning_bid.st && bid.[01;31m[Kvalue[m[K < winning_bid.value) {
[4.371s]       |                                                                [01;31m[K^~~~~[m[K
[4.371s]       |                                                                [32m[Kval[m[K
[4.371s] [01m[K/home/gkasha/Documents/maae/src/auction/src/agent.cpp:287:84:[m[K [01;31m[Kerror: [m[Kâ€˜[01m[Kusing Bid = struct ma_interfaces::msg::Bid_<std::allocator<void> >[m[Kâ€™ {aka â€˜[01m[Kstruct ma_interfaces::msg::Bid_<std::allocator<void> >[m[Kâ€™} has no member named â€˜[01m[Kvalue[m[Kâ€™; did you mean â€˜[01m[Kval[m[Kâ€™?
[4.371s]   287 |                     } else if (bid.st == winning_bid.st && bid.value < winning_bid.[01;31m[Kvalue[m[K) {
[4.371s]       |                                                                                    [01;31m[K^~~~~[m[K
[4.371s]       |                                                                                    [32m[Kval[m[K
[4.374s] In file included from [01m[K/home/gkasha/ros2_humble/build/rclcpp/include/rclcpp/logging.hpp:24[m[K,
[4.374s]                  from [01m[K/home/gkasha/ros2_humble/install/rclcpp/include/rclcpp/rclcpp/client.hpp:40[m[K,
[4.374s]                  from [01m[K/home/gkasha/ros2_humble/install/rclcpp/include/rclcpp/rclcpp/callback_group.hpp:24[m[K,
[4.376s]                  from [01m[K/home/gkasha/ros2_humble/install/rclcpp/include/rclcpp/rclcpp/any_executable.hpp:20[m[K,
[4.376s]                  from [01m[K/home/gkasha/ros2_humble/install/rclcpp/include/rclcpp/rclcpp/memory_strategy.hpp:25[m[K,
[4.376s]                  from [01m[K/home/gkasha/ros2_humble/install/rclcpp/include/rclcpp/rclcpp/memory_strategies.hpp:18[m[K,
[4.376s]                  from [01m[K/home/gkasha/ros2_humble/install/rclcpp/include/rclcpp/rclcpp/executor_options.hpp:20[m[K,
[4.376s]                  from [01m[K/home/gkasha/ros2_humble/install/rclcpp/include/rclcpp/rclcpp/executor.hpp:37[m[K,
[4.376s]                  from [01m[K/home/gkasha/ros2_humble/install/rclcpp/include/rclcpp/rclcpp/executors/multi_threaded_executor.hpp:25[m[K,
[4.376s]                  from [01m[K/home/gkasha/ros2_humble/install/rclcpp/include/rclcpp/rclcpp/executors.hpp:21[m[K,
[4.377s]                  from [01m[K/home/gkasha/ros2_humble/install/rclcpp/include/rclcpp/rclcpp/rclcpp.hpp:155[m[K,
[4.377s]                  from [01m[K/home/gkasha/Documents/maae/src/auction/src/agent.cpp:1[m[K:
[4.377s] [01m[K/home/gkasha/Documents/maae/src/auction/src/agent.cpp:296:21:[m[K [01;31m[Kerror: [m[Kâ€˜[01m[Kt[m[Kâ€™ was not declared in this scope; did you mean â€˜[01m[Ktm[m[Kâ€™?
[4.377s]   296 |                     [01;31m[Kt[m[K.name.c_str(), winning_bid.id.c_str(), winning_bid.val);
[4.377s]       |                     [01;31m[K^[m[K
[4.379s] [01m[K/home/gkasha/Documents/maae/src/auction/src/agent.cpp:297:36:[m[K [01;31m[Kerror: [m[Kâ€˜[01m[Kt[m[Kâ€™ was not declared in this scope; did you mean â€˜[01m[Ktm[m[Kâ€™?
[4.379s]   297 |             publish_auction_winner([01;31m[Kt[m[K, bids, winning_bid);
[4.379s]       |                                    [01;31m[K^[m[K
[4.379s]       |                                    [32m[Ktm[m[K
[4.380s] [01m[K/home/gkasha/Documents/maae/src/auction/src/agent.cpp:300:5:[m[K [01;31m[Kerror: [m[Kno match for â€˜[01m[Koperator~[m[Kâ€™ (operand type is â€˜[01m[Kstd::shared_ptr<rclcpp::Node>[m[Kâ€™)
[4.380s]   300 |     [01;31m[K~client_node[m[K;
[4.381s]       |     [01;31m[K^~~~~~~~~~~~[m[K
[4.381s] [01m[K/home/gkasha/Documents/maae/src/auction/src/agent.cpp:300:5:[m[K [01;36m[Knote: [m[Kcandidate: â€˜[01m[Koperator~(int)[m[Kâ€™ (built-in)
[4.381s] [01m[K/home/gkasha/Documents/maae/src/auction/src/agent.cpp:300:5:[m[K [01;36m[Knote: [m[K  no known conversion for argument 1 from â€˜[01m[Kstd::shared_ptr<rclcpp::Node>[m[Kâ€™ to â€˜[01m[Kint[m[Kâ€™
[4.381s] In file included from [01m[K/home/gkasha/ros2_humble/install/rclcpp/include/rclcpp/rclcpp/executors.hpp:18[m[K,
[4.381s]                  from [01m[K/home/gkasha/ros2_humble/install/rclcpp/include/rclcpp/rclcpp/rclcpp.hpp:155[m[K,
[4.381s]                  from [01m[K/home/gkasha/Documents/maae/src/auction/src/agent.cpp:1[m[K:
[4.382s] [01m[K/usr/include/c++/11/future:160:20:[m[K [01;36m[Knote: [m[Kcandidate: â€˜[01m[Kconstexpr std::launch std::operator~(std::launch)[m[Kâ€™
[4.382s]   160 |   constexpr launch [01;36m[Koperator[m[K~(launch __x)
[4.382s]       |                    [01;36m[K^~~~~~~~[m[K
[4.382s] [01m[K/usr/include/c++/11/future:160:37:[m[K [01;36m[Knote: [m[K  no known conversion for argument 1 from â€˜[01m[Kstd::shared_ptr<rclcpp::Node>[m[Kâ€™ to â€˜[01m[Kstd::launch[m[Kâ€™
[4.382s]   160 |   constexpr launch operator~([01;36m[Klaunch __x[m[K)
[4.382s]       |                              [01;36m[K~~~~~~~^~~[m[K
[4.382s] In file included from [01m[K/usr/include/c++/11/ios:42[m[K,
[4.382s]                  from [01m[K/usr/include/c++/11/ostream:38[m[K,
[4.382s]                  from [01m[K/usr/include/c++/11/iostream:39[m[K,
[4.382s]                  from [01m[K/home/gkasha/ros2_humble/install/rclcpp/include/rclcpp/rclcpp/executor.hpp:22[m[K,
[4.382s]                  from [01m[K/home/gkasha/ros2_humble/install/rclcpp/include/rclcpp/rclcpp/executors/multi_threaded_executor.hpp:25[m[K,
[4.383s]                  from [01m[K/home/gkasha/ros2_humble/install/rclcpp/include/rclcpp/rclcpp/executors.hpp:21[m[K,
[4.383s]                  from [01m[K/home/gkasha/ros2_humble/install/rclcpp/include/rclcpp/rclcpp/rclcpp.hpp:155[m[K,
[4.383s]                  from [01m[K/home/gkasha/Documents/maae/src/auction/src/agent.cpp:1[m[K:
[4.383s] [01m[K/usr/include/c++/11/bits/ios_base.h:95:3:[m[K [01;36m[Knote: [m[Kcandidate: â€˜[01m[Kconstexpr std::_Ios_Fmtflags std::operator~(std::_Ios_Fmtflags)[m[Kâ€™
[4.383s]    95 |   [01;36m[Koperator[m[K~(_Ios_Fmtflags __a)
[4.383s]       |   [01;36m[K^~~~~~~~[m[K
[4.383s] [01m[K/usr/include/c++/11/bits/ios_base.h:95:27:[m[K [01;36m[Knote: [m[K  no known conversion for argument 1 from â€˜[01m[Kstd::shared_ptr<rclcpp::Node>[m[Kâ€™ to â€˜[01m[Kstd::_Ios_Fmtflags[m[Kâ€™
[4.383s]    95 |   operator~([01;36m[K_Ios_Fmtflags __a[m[K)
[4.383s]       |             [01;36m[K~~~~~~~~~~~~~~^~~[m[K
[4.383s] [01m[K/usr/include/c++/11/bits/ios_base.h:137:3:[m[K [01;36m[Knote: [m[Kcandidate: â€˜[01m[Kconstexpr std::_Ios_Openmode std::operator~(std::_Ios_Openmode)[m[Kâ€™
[4.383s]   137 |   [01;36m[Koperator[m[K~(_Ios_Openmode __a)
[4.383s]       |   [01;36m[K^~~~~~~~[m[K
[4.383s] [01m[K/usr/include/c++/11/bits/ios_base.h:137:27:[m[K [01;36m[Knote: [m[K  no known conversion for argument 1 from â€˜[01m[Kstd::shared_ptr<rclcpp::Node>[m[Kâ€™ to â€˜[01m[Kstd::_Ios_Openmode[m[Kâ€™
[4.383s]   137 |   operator~([01;36m[K_Ios_Openmode __a[m[K)
[4.383s]       |             [01;36m[K~~~~~~~~~~~~~~^~~[m[K
[4.383s] [01m[K/usr/include/c++/11/bits/ios_base.h:177:3:[m[K [01;36m[Knote: [m[Kcandidate: â€˜[01m[Kconstexpr std::_Ios_Iostate std::operator~(std::_Ios_Iostate)[m[Kâ€™
[4.383s]   177 |   [01;36m[Koperator[m[K~(_Ios_Iostate __a)
[4.383s]       |   [01;36m[K^~~~~~~~[m[K
[4.384s] [01m[K/usr/include/c++/11/bits/ios_base.h:177:26:[m[K [01;36m[Knote: [m[K  no known conversion for argument 1 from â€˜[01m[Kstd::shared_ptr<rclcpp::Node>[m[Kâ€™ to â€˜[01m[Kstd::_Ios_Iostate[m[Kâ€™
[4.384s]   177 |   operator~([01;36m[K_Ios_Iostate __a[m[K)
[4.384s]       |             [01;36m[K~~~~~~~~~~~~~^~~[m[K
[4.384s] [01m[K/home/gkasha/Documents/maae/src/auction/src/agent.cpp:241:72:[m[K [01;35m[Kwarning: [m[Kunused parameter â€˜[01m[Ktmp_req[m[Kâ€™ [[01;35m[K]8;;https://gcc.gnu.org/onlinedocs/gcc/Warning-Options.html#index-Wunused-parameter-Wunused-parameter]8;;[m[K]
[4.384s]   241 |         [01;35m[Kconst std::shared_ptr<ma_interfaces::srv::AuctionSrv::Request> tmp_req[m[K,
[4.384s]       |         [01;35m[K~~~~~~~~~~~~~~~~~~~~~~~~~~~~~~~~~~~~~~~~~~~~~~~~~~~~~~~~~~~~~~~^~~~~~~[m[K
[4.384s] [01m[K/home/gkasha/Documents/maae/src/auction/src/agent.cpp:242:67:[m[K [01;35m[Kwarning: [m[Kunused parameter â€˜[01m[Ktmp_rep[m[Kâ€™ [[01;35m[K]8;;https://gcc.gnu.org/onlinedocs/gcc/Warning-Options.html#index-Wunused-parameter-Wunused-parameter]8;;[m[K]
[4.384s]   242 |         [01;35m[Kstd::shared_ptr<ma_interfaces::srv::AuctionSrv::Response> tmp_rep[m[K)
[4.384s]       |         [01;35m[K~~~~~~~~~~~~~~~~~~~~~~~~~~~~~~~~~~~~~~~~~~~~~~~~~~~~~~~~~~^~~~~~~[m[K
[4.445s] [01m[K/home/gkasha/Documents/maae/src/auction/src/agent.cpp:[m[K In function â€˜[01m[Kint main(int, char**)[m[Kâ€™:
[4.446s] [01m[K/home/gkasha/Documents/maae/src/auction/src/agent.cpp:336:13:[m[K [01;31m[Kerror: [m[Kâ€˜[01m[Kusing element_type = class Agent[m[Kâ€™ {aka â€˜[01m[Kclass Agent[m[Kâ€™} has no member named â€˜[01m[Kauction_result_service_[m[Kâ€™; did you mean â€˜[01m[Kauction_service_[m[Kâ€™?
[4.446s]   336 |     master->[01;31m[Kauction_result_service_[m[K =
[4.446s]       |             [01;31m[K^~~~~~~~~~~~~~~~~~~~~~~[m[K
[4.446s]       |             [32m[Kauction_service_[m[K
[4.446s] [01m[K/home/gkasha/Documents/maae/src/auction/src/agent.cpp:337:52:[m[K [01;31m[Kerror: [m[Kâ€˜[01m[KAuctionResult[m[Kâ€™ is not a member of â€˜[01m[Kma_interfaces::srv[m[Kâ€™
[4.447s]   337 |         master->create_service<ma_interfaces::srv::[01;31m[KAuctionResult[m[K>(
[4.447s]       |                                                    [01;31m[K^~~~~~~~~~~~~[m[K
[4.454s] [01m[K/home/gkasha/Documents/maae/src/auction/src/agent.cpp:338:70:[m[K [01;31m[Kerror: [m[Kâ€˜[01m[Ksend_auction_result[m[Kâ€™ was not declared in this scope
[4.454s]   338 |                 "send_auction_result_"+std::to_string(master->id_), &[01;31m[Ksend_auction_result[m[K);
[4.454s]       |                                                                      [01;31m[K^~~~~~~~~~~~~~~~~~~[m[K
[5.970s] gmake[2]: *** [CMakeFiles/agent.dir/build.make:76: CMakeFiles/agent.dir/src/agent.cpp.o] Error 1
[5.970s] gmake[1]: *** [CMakeFiles/Makefile2:195: CMakeFiles/agent.dir/all] Error 2
[5.970s] gmake: *** [Makefile:146: all] Error 2
[5.975s] Invoked command in '/home/gkasha/Documents/maae/build/auction' returned '2': AMENT_PREFIX_PATH=/home/gkasha/Documents/maae/install/ma_interfaces:${AMENT_PREFIX_PATH} CMAKE_PREFIX_PATH=/home/gkasha/Documents/maae/install/ma_interfaces:/home/gkasha/ros2_humble/install/rosbag2_storage_mcap:/home/gkasha/ros2_humble/install/rosbag2:/home/gkasha/ros2_humble/install/rosbag2_compression_zstd:/home/gkasha/ros2_humble/install/mcap_vendor:/home/gkasha/ros2_humble/install/zstd_vendor:/home/gkasha/ros2_humble/install/rviz_visual_testing_framework:/home/gkasha/ros2_humble/install/rviz2:/home/gkasha/ros2_humble/install/rviz_default_plugins:/home/gkasha/ros2_humble/install/rviz_common:/home/gkasha/ros2_humble/install/rosbag2_py:/home/gkasha/ros2_humble/install/rosbag2_transport:/home/gkasha/ros2_humble/install/rosbag2_performance_benchmarking:/home/gkasha/ros2_humble/install/rosbag2_compression:/home/gkasha/ros2_humble/install/rosbag2_cpp:/home/gkasha/ros2_humble/install/rosbag2_storage_default_plugins:/home/gkasha/ros2_humble/install/rosbag2_storage:/home/gkasha/ros2_humble/install/image_common:/home/gkasha/ros2_humble/install/camera_info_manager:/home/gkasha/ros2_humble/install/camera_calibration_parsers:/home/gkasha/ros2_humble/install/yaml_cpp_vendor:/home/gkasha/ros2_humble/install/interactive_markers:/home/gkasha/ros2_humble/install/common_interfaces:/home/gkasha/ros2_humble/install/visualization_msgs:/home/gkasha/ros2_humble/install/dummy_robot_bringup:/home/gkasha/ros2_humble/install/robot_state_publisher:/home/gkasha/ros2_humble/install/kdl_parser:/home/gkasha/ros2_humble/install/urdf:/home/gkasha/ros2_humble/install/urdfdom:/home/gkasha/ros2_humble/install/urdf_parser_plugin:/home/gkasha/ros2_humble/install/urdfdom_headers:/home/gkasha/ros2_humble/install/turtlesim:/home/gkasha/ros2_humble/install/geometry2:/home/gkasha/ros2_humble/install/tf2_sensor_msgs:/home/gkasha/ros2_humble/install/test_tf2:/home/gkasha/ros2_humble/install/tf2_kdl:/home/gkasha/ros2_humble/install/tf2_geometry_msgs:/home/gkasha/ros2_humble/install/tf2_eigen:/home/gkasha/ros2_humble/install/tf2_bullet:/home/gkasha/ros2_humble/install/tf2_ros:/home/gkasha/ros2_humble/install/tf2_py:/home/gkasha/ros2_humble/install/tf2_msgs:/home/gkasha/ros2_humble/install/test_msgs:/home/gkasha/ros2_humble/install/sros2_cmake:/home/gkasha/ros2_humble/install/ros2cli_common_extensions:/home/gkasha/ros2_humble/install/rqt_py_common:/home/gkasha/ros2_humble/install/ros_testing:/home/gkasha/ros2_humble/install/ros2cli_test_interfaces:/home/gkasha/ros2_humble/install/quality_of_service_demo_cpp:/home/gkasha/ros2_humble/install/image_transport:/home/gkasha/ros2_humble/install/message_filters:/home/gkasha/ros2_humble/install/demo_nodes_cpp:/home/gkasha/ros2_humble/install/composition:/home/gkasha/ros2_humble/install/laser_geometry:/home/gkasha/ros2_humble/install/rclpy:/home/gkasha/ros2_humble/install/examples_rclcpp_minimal_action_server:/home/gkasha/ros2_humble/install/examples_rclcpp_minimal_action_client:/home/gkasha/ros2_humble/install/action_tutorials_cpp:/home/gkasha/ros2_humble/install/rclcpp_action:/home/gkasha/ros2_humble/install/rcl_action:/home/gkasha/ros2_humble/install/examples_rclcpp_wait_set:/home/gkasha/ros2_humble/install/examples_rclcpp_minimal_service:/home/gkasha/ros2_humble/install/examples_rclcpp_minimal_client:/home/gkasha/ros2_humble/install/examples_rclcpp_async_client:/home/gkasha/ros2_humble/install/example_interfaces:/home/gkasha/ros2_humble/install/action_tutorials_interfaces:/home/gkasha/ros2_humble/install/action_msgs:/home/gkasha/ros2_humble/install/unique_identifier_msgs:/home/gkasha/ros2_humble/install/ament_lint_common:/home/gkasha/ros2_humble/install/ament_cmake_uncrustify:/home/gkasha/ros2_humble/install/uncrustify_vendor:/home/gkasha/ros2_humble/install/trajectory_msgs:/home/gkasha/ros2_humble/install/topic_statistics_demo:/home/gkasha/ros2_humble/install/pendulum_control:/home/gkasha/ros2_humble/install/tlsf_cpp:/home/gkasha/ros2_humble/install/test_tracetools:/home/gkasha/ros2_humble/install/rqt_gui_cpp:/home/gkasha/ros2_humble/install/rosbag2_test_common:/home/gkasha/ros2_humble/install/ros2lifecycle_test_fixtures:/home/gkasha/ros2_humble/install/lifecycle:/home/gkasha/ros2_humble/install/rclcpp_lifecycle:/home/gkasha/ros2_humble/install/logging_demo:/home/gkasha/ros2_humble/install/image_tools:/home/gkasha/ros2_humble/install/examples_rclcpp_minimal_subscriber:/home/gkasha/ros2_humble/install/examples_rclcpp_minimal_composition:/home/gkasha/ros2_humble/install/demo_nodes_cpp_native:/home/gkasha/ros2_humble/install/rclcpp_components:/home/gkasha/ros2_humble/install/intra_process_demo:/home/gkasha/ros2_humble/install/examples_rclcpp_multithreaded_executor:/home/gkasha/ros2_humble/install/examples_rclcpp_minimal_timer:/home/gkasha/ros2_humble/install/examples_rclcpp_minimal_publisher:/home/gkasha/ros2_humble/install/examples_rclcpp_cbg_executor:/home/gkasha/ros2_humble/install/dummy_sensors:/home/gkasha/ros2_humble/install/dummy_map_server:/home/gkasha/ros2_humble/install/rclcpp:/home/gkasha/ros2_humble/install/rcl_lifecycle:/home/gkasha/ros2_humble/install/libstatistics_collector:/home/gkasha/ros2_humble/install/rcl:/home/gkasha/ros2_humble/install/rmw_implementation:/home/gkasha/ros2_humble/install/rmw_fastrtps_dynamic_cpp:/home/gkasha/ros2_humble/install/rmw_fastrtps_cpp:/home/gkasha/ros2_humble/install/rmw_fastrtps_shared_cpp:/home/gkasha/ros2_humble/install/rmw_cyclonedds_cpp:/home/gkasha/ros2_humble/install/tracetools:/home/gkasha/ros2_humble/install/tlsf:/home/gkasha/ros2_humble/install/tinyxml_vendor:/home/gkasha/ros2_humble/install/qt_gui_core:/home/gkasha/ros2_humble/install/qt_gui_cpp:/home/gkasha/ros2_humble/install/pluginlib:/home/gkasha/ros2_humble/install/tinyxml2_vendor:/home/gkasha/ros2_humble/install/tf2_eigen_kdl:/home/gkasha/ros2_humble/install/tf2:/home/gkasha/ros2_humble/install/test_security:/home/gkasha/ros2_humble/install/test_rmw_implementation:/home/gkasha/ros2_humble/install/test_rclcpp:/home/gkasha/ros2_humble/install/test_quality_of_service:/home/gkasha/ros2_humble/install/test_launch_testing:/home/gkasha/ros2_humble/install/test_interface_files:/home/gkasha/ros2_humble/install/test_communication:/home/gkasha/ros2_humble/install/test_cli_remapping:/home/gkasha/ros2_humble/install/test_cli:/home/gkasha/ros2_humble/install/qt_gui_app:/home/gkasha/ros2_humble/install/qt_gui:/home/gkasha/ros2_humble/install/tango_icons_vendor:/home/gkasha/ros2_humble/install/stereo_msgs:/home/gkasha/ros2_humble/install/std_srvs:/home/gkasha/ros2_humble/install/shape_msgs:/home/gkasha/ros2_humble/install/map_msgs:/home/gkasha/ros2_humble/install/sensor_msgs:/home/gkasha/ros2_humble/install/nav_msgs:/home/gkasha/ros2_humble/install/diagnostic_msgs:/home/gkasha/ros2_humble/install/geometry_msgs:/home/gkasha/ros2_humble/install/actionlib_msgs:/home/gkasha/ros2_humble/install/std_msgs:/home/gkasha/ros2_humble/install/statistics_msgs:/home/gkasha/ros2_humble/install/sqlite3_vendor:/home/gkasha/ros2_humble/install/rcl_logging_spdlog:/home/gkasha/ros2_humble/install/spdlog_vendor:/home/gkasha/ros2_humble/install/shared_queues_vendor:/home/gkasha/ros2_humble/install/rviz_rendering_tests:/home/gkasha/ros2_humble/install/rviz_rendering:/home/gkasha/ros2_humble/install/rviz_ogre_vendor:/home/gkasha/ros2_humble/install/rviz_assimp_vendor:/home/gkasha/ros2_humble/install/rttest:/home/gkasha/ros2_humble/install/rmw_connextddsmicro:/home/gkasha/ros2_humble/install/rmw_connextdds:/home/gkasha/ros2_humble/install/rmw_connextdds_common:/home/gkasha/ros2_humble/install/rti_connext_dds_cmake_module:/home/gkasha/ros2_humble/install/rosgraph_msgs:/home/gkasha/ros2_humble/install/rosbag2_interfaces:/home/gkasha/ros2_humble/install/rmw_dds_common:/home/gkasha/ros2_humble/install/composition_interfaces:/home/gkasha/ros2_humble/install/rcl_interfaces:/home/gkasha/ros2_humble/install/pendulum_msgs:/home/gkasha/ros2_humble/install/lifecycle_msgs:/home/gkasha/ros2_humble/install/builtin_interfaces:/home/gkasha/ros2_humble/install/rosidl_default_runtime:/home/gkasha/ros2_humble/install/rosidl_default_generators:/home/gkasha/ros2_humble/install/rosidl_generator_py:/home/gkasha/ros2_humble/install/rosidl_typesupport_introspection_tests:/home/gkasha/ros2_humble/install/rosidl_typesupport_cpp:/home/gkasha/ros2_humble/install/rosidl_typesupport_introspection_cpp:/home/gkasha/ros2_humble/install/rosidl_typesupport_c:/home/gkasha/ros2_humble/install/rosidl_typesupport_introspection_c:/home/gkasha/ros2_humble/install/rosidl_typesupport_fastrtps_c:/home/gkasha/ros2_humble/install/rosidl_typesupport_fastrtps_cpp:/home/gkasha/ros2_humble/install/rosidl_generator_cpp:/home/gkasha/ros2_humble/install/rosidl_runtime_cpp:/home/gkasha/ros2_humble/install/rcl_yaml_param_parser:/home/gkasha/ros2_humble/install/rmw:/home/gkasha/ros2_humble/install/rosidl_runtime_c:/home/gkasha/ros2_humble/install/rosidl_generator_c:/home/gkasha/ros2_humble/install/rosidl_typesupport_interface:/home/gkasha/ros2_humble/install/rosidl_generator_dds_idl:/home/gkasha/ros2_humble/install/rosidl_cmake:/home/gkasha/ros2_humble/install/rosidl_parser:/home/gkasha/ros2_humble/install/rosidl_adapter:/home/gkasha/ros2_humble/install/rosbag2_tests:/home/gkasha/ros2_humble/install/rosbag2_storage_mcap_testdata:/home/gkasha/ros2_humble/install/ros_environment:/home/gkasha/ros2_humble/install/rmw_implementation_cmake:/home/gkasha/ros2_humble/install/resource_retriever:/home/gkasha/ros2_humble/install/class_loader:/home/gkasha/ros2_humble/install/rcpputils:/home/gkasha/ros2_humble/install/rcl_logging_noop:/home/gkasha/ros2_humble/install/rcl_logging_interface:/home/gkasha/ros2_humble/install/rcutils:/home/gkasha/ros2_humble/install/qt_gui_py_common:/home/gkasha/ros2_humble/install/qt_dotgraph:/home/gkasha/ros2_humble/install/python_qt_binding:/home/gkasha/ros2_humble/install/python_orocos_kdl_vendor:/home/gkasha/ros2_humble/install/launch_testing_ament_cmake:/home/gkasha/ros2_humble/install/python_cmake_module:/home/gkasha/ros2_humble/install/pybind11_vendor:/home/gkasha/ros2_humble/install/performance_test_fixture:/home/gkasha/ros2_humble/install/osrf_testing_tools_cpp:/home/gkasha/ros2_humble/install/orocos_kdl_vendor:/home/gkasha/ros2_humble/install/mimick_vendor:/home/gkasha/ros2_humble/install/libyaml_vendor:/home/gkasha/ros2_humble/install/libcurl_vendor:/home/gkasha/ros2_humble/install/keyboard_handler:/home/gkasha/ros2_humble/install/cyclonedds:/home/gkasha/ros2_humble/install/iceoryx_posh:/home/gkasha/ros2_humble/install/iceoryx_hoofs:/home/gkasha/ros2_humble/install/iceoryx_binding_c:/home/gkasha/ros2_humble/install/ament_cmake_ros:/home/gkasha/ros2_humble/install/ament_cmake_gmock:/home/gkasha/ros2_humble/install/gmock_vendor:/home/gkasha/ros2_humble/install/ament_cmake_auto:/home/gkasha/ros2_humble/install/ament_cmake_gtest:/home/gkasha/ros2_humble/install/gtest_vendor:/home/gkasha/ros2_humble/install/ament_cmake_google_benchmark:/home/gkasha/ros2_humble/install/google_benchmark_vendor:/home/gkasha/ros2_humble/install/fastrtps:/home/gkasha/ros2_humble/install/foonathan_memory_vendor:/home/gkasha/ros2_humble/install/fastrtps_cmake_module:/home/gkasha/ros2_humble/install/fastcdr:/home/gkasha/ros2_humble/install/eigen3_cmake_module:/home/gkasha/ros2_humble/install/console_bridge_vendor:/home/gkasha/ros2_humble/install/ament_cmake_xmllint:/home/gkasha/ros2_humble/install/ament_cmake_pyflakes:/home/gkasha/ros2_humble/install/ament_cmake_pycodestyle:/home/gkasha/ros2_humble/install/ament_cmake_pep257:/home/gkasha/ros2_humble/install/ament_cmake_pclint:/home/gkasha/ros2_humble/install/ament_lint_auto:/home/gkasha/ros2_humble/install/ament_cmake:/home/gkasha/ros2_humble/install/ament_cmake_version:/home/gkasha/ros2_humble/install/ament_cmake_pytest:/home/gkasha/ros2_humble/install/ament_cmake_nose:/home/gkasha/ros2_humble/install/ament_cmake_mypy:/home/gkasha/ros2_humble/install/ament_cmake_lint_cmake:/home/gkasha/ros2_humble/install/ament_cmake_flake8:/home/gkasha/ros2_humble/install/ament_cmake_cpplint:/home/gkasha/ros2_humble/install/ament_cmake_cppcheck:/home/gkasha/ros2_humble/install/ament_cmake_copyright:/home/gkasha/ros2_humble/install/ament_cmake_clang_tidy:/home/gkasha/ros2_humble/install/ament_cmake_clang_format:/home/gkasha/ros2_humble/install/ament_cmake_test:/home/gkasha/ros2_humble/install/ament_cmake_target_dependencies:/home/gkasha/ros2_humble/install/ament_cmake_python:/home/gkasha/ros2_humble/install/ament_cmake_export_dependencies:/home/gkasha/ros2_humble/install/ament_cmake_libraries:/home/gkasha/ros2_humble/install/ament_cmake_include_directories:/home/gkasha/ros2_humble/install/ament_cmake_gen_version_h:/home/gkasha/ros2_humble/install/ament_cmake_export_targets:/home/gkasha/ros2_humble/install/ament_cmake_export_link_flags:/home/gkasha/ros2_humble/install/ament_cmake_export_interfaces:/home/gkasha/ros2_humble/install/ament_cmake_export_libraries:/home/gkasha/ros2_humble/install/ament_cmake_export_include_directories:/home/gkasha/ros2_humble/install/ament_cmake_export_definitions:/home/gkasha/ros2_humble/install/ament_cmake_core:/home/gkasha/ros2_humble/install/ament_index_cpp:/home/gkasha/ros2_humble/install/rqt_bag_plugins:/home/gkasha/ros2_humble/install/rqt_bag:/home/gkasha/ros2_humble/install/ros2bag:/home/gkasha/ros2_humble/install/tracetools_test:/home/gkasha/ros2_humble/install/tracetools_launch:/home/gkasha/ros2_humble/install/topic_monitor:/home/gkasha/ros2_humble/install/tf2_tools:/home/gkasha/ros2_humble/install/examples_tf2_py:/home/gkasha/ros2_humble/install/tf2_ros_py:/home/gkasha/ros2_humble/install/sros2:/home/gkasha/ros2_humble/install/rqt_topic:/home/gkasha/ros2_humble/install/rqt_srv:/home/gkasha/ros2_humble/install/rqt_shell:/home/gkasha/ros2_humble/install/rqt_service_caller:/home/gkasha/ros2_humble/install/rqt_reconfigure:/home/gkasha/ros2_humble/install/rqt_py_console:/home/gkasha/ros2_humble/install/rqt_publisher:/home/gkasha/ros2_humble/install/rqt_plot:/home/gkasha/ros2_humble/install/rqt_action:/home/gkasha/ros2_humble/install/rqt_msg:/home/gkasha/ros2_humble/install/rqt_console:/home/gkasha/ros2_humble/install/rqt:/home/gkasha/ros2_humble/install/rqt_graph:/home/gkasha/ros2_humble/install/rqt_gui_py:/home/gkasha/ros2_humble/install/rqt_gui:/home/gkasha/ros2_humble/install/ros2trace:/home/gkasha/ros2_humble/install/ros2topic:/home/gkasha/ros2_humble/install/ros2test:/home/gkasha/ros2_humble/install/ros2component:/home/gkasha/ros2_humble/install/ros2param:/home/gkasha/ros2_humble/install/ros2lifecycle:/home/gkasha/ros2_humble/install/ros2service:/home/gkasha/ros2_humble/install/ros2run:/home/gkasha/ros2_humble/install/ros2launch:/home/gkasha/ros2_humble/install/ros2pkg:/home/gkasha/ros2_humble/install/ros2node:/home/gkasha/ros2_humble/install/ros2multicast:/home/gkasha/ros2_humble/install/ros2interface:/home/gkasha/ros2_humble/install/ros2doctor:/home/gkasha/ros2_humble/install/ros2action:/home/gkasha/ros2_humble/install/ros2cli:/home/gkasha/ros2_humble/install/quality_of_service_demo_py:/home/gkasha/ros2_humble/install/lifecycle_py:/home/gkasha/ros2_humble/install/launch_testing_ros:/home/gkasha/ros2_humble/install/launch_ros:/home/gkasha/ros2_humble/install/examples_rclpy_pointcloud_publisher:/home/gkasha/ros2_humble/install/examples_rclpy_minimal_subscriber:/home/gkasha/ros2_humble/install/examples_rclpy_minimal_service:/home/gkasha/ros2_humble/install/examples_rclpy_minimal_publisher:/home/gkasha/ros2_humble/install/examples_rclpy_minimal_client:/home/gkasha/ros2_humble/install/examples_rclpy_minimal_action_server:/home/gkasha/ros2_humble/install/examples_rclpy_minimal_action_client:/home/gkasha/ros2_humble/install/examples_rclpy_guard_conditions:/home/gkasha/ros2_humble/install/examples_rclpy_executors:/home/gkasha/ros2_humble/install/demo_nodes_py:/home/gkasha/ros2_humble/install/action_tutorials_py:/home/gkasha/ros2_humble/install/ament_uncrustify:/home/gkasha/ros2_humble/install/tracetools_trace:/home/gkasha/ros2_humble/install/tracetools_read:/home/gkasha/ros2_humble/install/test_tracetools_launch:/home/gkasha/ros2_humble/install/test_launch_ros:/home/gkasha/ros2_humble/install/sensor_msgs_py:/home/gkasha/ros2_humble/install/rpyutils:/home/gkasha/ros2_humble/install/rosidl_runtime_py:/home/gkasha/ros2_humble/install/rosidl_cli:/home/gkasha/ros2_humble/install/launch_pytest:/home/gkasha/ros2_humble/install/launch_testing:/home/gkasha/ros2_humble/install/launch_yaml:/home/gkasha/ros2_humble/install/launch_xml:/home/gkasha/ros2_humble/install/launch:/home/gkasha/ros2_humble/install/osrf_pycommon:/home/gkasha/ros2_humble/install/launch_testing_examples:/home/gkasha/ros2_humble/install/domain_coordinator:/home/gkasha/ros2_humble/install/ament_xmllint:/home/gkasha/ros2_humble/install/ament_pyflakes:/home/gkasha/ros2_humble/install/ament_pycodestyle:/home/gkasha/ros2_humble/install/ament_pep257:/home/gkasha/ros2_humble/install/ament_pclint:/home/gkasha/ros2_humble/install/ament_package:/home/gkasha/ros2_humble/install/ament_mypy:/home/gkasha/ros2_humble/install/ament_lint_cmake:/home/gkasha/ros2_humble/install/ament_flake8:/home/gkasha/ros2_humble/install/ament_copyright:/home/gkasha/ros2_humble/install/ament_lint:/home/gkasha/ros2_humble/install/ament_index_python:/home/gkasha/ros2_humble/install/ament_cpplint:/home/gkasha/ros2_humble/install/ament_cppcheck:/home/gkasha/ros2_humble/install/ament_clang_tidy:/home/gkasha/ros2_humble/install/ament_clang_format LD_LIBRARY_PATH=/home/gkasha/Documents/maae/install/ma_interfaces/lib:${LD_LIBRARY_PATH} PYTHONPATH=/home/gkasha/Documents/maae/install/ma_interfaces/local/lib/python3.10/dist-packages:${PYTHONPATH} /usr/bin/cmake --build /home/gkasha/Documents/maae/build/auction -- -j4 -l4
