[01m[K/home/gkasha/Documents/maae/src/auction/src/clock.cpp:34:38:[m[K [01;31m[Kerror: [m[Kâ€˜[01m[Kint64[m[Kâ€™ is not a member of â€˜[01m[Kstd_msgs::msg[m[Kâ€™
   34 |     rclcpp::Publisher<std_msgs::msg::[01;31m[Kint64[m[K>::SharedPtr publisher_;
      |                                      [01;31m[K^~~~~[m[K
[01m[K/home/gkasha/Documents/maae/src/auction/src/clock.cpp:34:43:[m[K [01;31m[Kerror: [m[Ktemplate argument 1 is invalid
   34 |     rclcpp::Publisher<std_msgs::msg::int64[01;31m[K>[m[K::SharedPtr publisher_;
      |                                           [01;31m[K^[m[K
[01m[K/home/gkasha/Documents/maae/src/auction/src/clock.cpp:34:46:[m[K [01;31m[Kerror: [m[Kexpected â€˜[01m[K;[m[Kâ€™ at end of member declaration
   34 |     rclcpp::Publisher<std_msgs::msg::int64>::[01;31m[KSharedPtr[m[K publisher_;
      |                                              [01;31m[K^~~~~~~~~[m[K
      |                                                       [32m[K;[m[K
[01m[K/home/gkasha/Documents/maae/src/auction/src/clock.cpp:34:56:[m[K [01;31m[Kerror: [m[Kâ€˜[01m[Kpublisher_[m[Kâ€™ does not name a type; did you mean â€˜[01m[Krmw_publisher_t[m[Kâ€™?
   34 |     rclcpp::Publisher<std_msgs::msg::int64>::SharedPtr [01;31m[Kpublisher_[m[K;
      |                                                        [01;31m[K^~~~~~~~~~[m[K
      |                                                        [32m[Krmw_publisher_t[m[K
[01m[K/home/gkasha/Documents/maae/src/auction/src/clock.cpp:[m[K In constructor â€˜[01m[KCentralClock::CentralClock()[m[Kâ€™:
[01m[K/home/gkasha/Documents/maae/src/auction/src/clock.cpp:20:7:[m[K [01;31m[Kerror: [m[Kâ€˜[01m[Kpublisher_[m[Kâ€™ was not declared in this scope; did you mean â€˜[01m[Krmw_publisher_t[m[Kâ€™?
   20 |       [01;31m[Kpublisher_[m[K = this->create_publisher<std_msgs::msg::int64>("clock_topic", 10);
      |       [01;31m[K^~~~~~~~~~[m[K
      |       [32m[Krmw_publisher_t[m[K
[01m[K/home/gkasha/Documents/maae/src/auction/src/clock.cpp:20:58:[m[K [01;31m[Kerror: [m[Kâ€˜[01m[Kint64[m[Kâ€™ is not a member of â€˜[01m[Kstd_msgs::msg[m[Kâ€™
   20 |       publisher_ = this->create_publisher<std_msgs::msg::[01;31m[Kint64[m[K>("clock_topic", 10);
      |                                                          [01;31m[K^~~~~[m[K
[01m[K/home/gkasha/Documents/maae/src/auction/src/clock.cpp:20:64:[m[K [01;31m[Kerror: [m[Kno matching function for call to â€˜[01m[KCentralClock::create_publisher<<expression error> >(const char [12], int)[m[Kâ€™
   20 |    publisher_ = [01;31m[Kthis->create_publisher<std_msgs::msg::int64>("clock_topic", 10)[m[K;
      |                 [01;31m[K~~~~~~~~~~~~~~~~~~~~~~~~~~~~~~~~~~~~~~~~~~~~^~~~~~~~~~~~~~~~~~~[m[K

In file included from [01m[K/home/gkasha/ros2_humble/install/rclcpp/include/rclcpp/rclcpp/executors/single_threaded_executor.hpp:28[m[K,
                 from [01m[K/home/gkasha/ros2_humble/install/rclcpp/include/rclcpp/rclcpp/executors.hpp:22[m[K,
                 from [01m[K/home/gkasha/ros2_humble/install/rclcpp/include/rclcpp/rclcpp/rclcpp.hpp:155[m[K,
                 from [01m[K/home/gkasha/Documents/maae/src/auction/src/clock.cpp:6[m[K:
[01m[K/home/gkasha/ros2_humble/install/rclcpp/include/rclcpp/rclcpp/node.hpp:195:3:[m[K [01;36m[Knote: [m[Kcandidate: â€˜[01m[Ktemplate<class MessageT, class AllocatorT, class PublisherT> std::shared_ptr<PublisherT> rclcpp::Node::create_publisher(const string&, const rclcpp::QoS&, const rclcpp::PublisherOptionsWithAllocator<AllocatorT>&)[m[Kâ€™
  195 |   [01;36m[Kcreate_publisher[m[K(
      |   [01;36m[K^~~~~~~~~~~~~~~~[m[K
[01m[K/home/gkasha/ros2_humble/install/rclcpp/include/rclcpp/rclcpp/node.hpp:195:3:[m[K [01;36m[Knote: [m[K  template argument deduction/substitution failed:
[01m[K/home/gkasha/Documents/maae/src/auction/src/clock.cpp:20:64:[m[K [01;31m[Kerror: [m[Ktemplate argument 1 is invalid
   20 |    publisher_ = [01;31m[Kthis->create_publisher<std_msgs::msg::int64>("clock_topic", 10)[m[K;
      |                 [01;31m[K~~~~~~~~~~~~~~~~~~~~~~~~~~~~~~~~~~~~~~~~~~~~^~~~~~~~~~~~~~~~~~~[m[K

[01m[K/home/gkasha/Documents/maae/src/auction/src/clock.cpp:[m[K In member function â€˜[01m[Kvoid CentralClock::timer_callback()[m[Kâ€™:
[01m[K/home/gkasha/Documents/maae/src/auction/src/clock.cpp:28:37:[m[K [01;31m[Kerror: [m[Kâ€˜[01m[Kint64[m[Kâ€™ is not a member of â€˜[01m[Kstd_msgs::msg[m[Kâ€™
   28 |       auto message = std_msgs::msg::[01;31m[Kint64[m[K();
      |                                     [01;31m[K^~~~~[m[K
[01m[K/home/gkasha/Documents/maae/src/auction/src/clock.cpp:31:7:[m[K [01;31m[Kerror: [m[Kâ€˜[01m[Kpublisher_[m[Kâ€™ was not declared in this scope; did you mean â€˜[01m[Krmw_publisher_t[m[Kâ€™?
   31 |       [01;31m[Kpublisher_[m[K->publish(message);
      |       [01;31m[K^~~~~~~~~~[m[K
      |       [32m[Krmw_publisher_t[m[K
gmake[2]: *** [CMakeFiles/clock.dir/build.make:76: CMakeFiles/clock.dir/src/clock.cpp.o] Error 1
gmake[1]: *** [CMakeFiles/Makefile2:249: CMakeFiles/clock.dir/all] Error 2
gmake[1]: *** Waiting for unfinished jobs....
gmake: *** [Makefile:146: all] Error 2
