-- Found ament_cmake: 1.3.3 (/home/gkasha/ros2_humble/install/ament_cmake/share/ament_cmake/cmake)
-- Found rclcpp: 16.0.3 (/home/gkasha/ros2_humble/install/rclcpp/share/rclcpp/cmake)
-- Found rosidl_generator_c: 3.1.4 (/home/gkasha/ros2_humble/install/rosidl_generator_c/share/rosidl_generator_c/cmake)
-- Found rosidl_adapter: 3.1.4 (/home/gkasha/ros2_humble/install/rosidl_adapter/share/rosidl_adapter/cmake)
-- Found rosidl_generator_cpp: 3.1.4 (/home/gkasha/ros2_humble/install/rosidl_generator_cpp/share/rosidl_generator_cpp/cmake)
-- Using all available rosidl_typesupport_c: rosidl_typesupport_introspection_c;rosidl_typesupport_fastrtps_c
-- Using all available rosidl_typesupport_cpp: rosidl_typesupport_introspection_cpp;rosidl_typesupport_fastrtps_cpp
-- Found rmw_implementation_cmake: 6.1.1 (/home/gkasha/ros2_humble/install/rmw_implementation_cmake/share/rmw_implementation_cmake/cmake)
-- Found rmw_fastrtps_cpp: 6.2.2 (/home/gkasha/ros2_humble/install/rmw_fastrtps_cpp/share/rmw_fastrtps_cpp/cmake)
-- Using RMW implementation 'rmw_fastrtps_cpp' as default
-- Found ma_interfaces: 0.0.0 (/home/gkasha/Documents/maae/install/ma_interfaces/share/ma_interfaces/cmake)
-- Found ament_lint_auto: 0.12.5 (/home/gkasha/ros2_humble/install/ament_lint_auto/share/ament_lint_auto/cmake)
-- Added test 'cppcheck' to perform static code analysis on C / C++ code
-- Configured cppcheck include dirs: 
-- Configured cppcheck exclude dirs and/or files: 
-- Added test 'lint_cmake' to check CMake code style
-- Added test 'uncrustify' to check C / C++ code style
-- Configured uncrustify additional arguments: 
-- Added test 'xmllint' to check XML markup files
-- Configuring done
-- Generating done
-- Build files have been written to: /home/gkasha/Documents/maae/build/auction
[35m[1mConsolidate compiler generated dependencies of target server[0m
[35m[1mConsolidate compiler generated dependencies of target client[0m
[ 12%] [32mBuilding CXX object CMakeFiles/agent.dir/src/agent.cpp.o[0m
[ 25%] [32mBuilding CXX object CMakeFiles/goal_manager.dir/src/goal_manager.cpp.o[0m
[ 37%] [32mBuilding CXX object CMakeFiles/server.dir/src/auctioneer.cpp.o[0m
[ 50%] [32mBuilding CXX object CMakeFiles/client.dir/src/client.cpp.o[0m
[01m[K/home/gkasha/Documents/maae/src/auction/src/agent.cpp:133:3:[m[K [01;31m[Kerror: [m[Kunterminated argument list invoking macro "RCLCPP_INFO"
  133 | };
      |   [01;31m[K^[m[K
[01m[K/home/gkasha/Documents/maae/src/auction/src/agent.cpp:25:47:[m[K [01;31m[Kerror: [m[Kâ€˜[01m[KAuctionMsg[m[Kâ€™ is not a member of â€˜[01m[Kma_interfaces::msg[m[Kâ€™
   25 |         rclcpp::Publisher<ma_interfaces::msg::[01;31m[KAuctionMsg[m[K>::SharedPtr publisher_;
      |                                               [01;31m[K^~~~~~~~~~[m[K
[01m[K/home/gkasha/Documents/maae/src/auction/src/agent.cpp:25:57:[m[K [01;31m[Kerror: [m[Ktemplate argument 1 is invalid
   25 |         rclcpp::Publisher<ma_interfaces::msg::AuctionMsg[01;31m[K>[m[K::SharedPtr publisher_;
      |                                                         [01;31m[K^[m[K
[01m[K/home/gkasha/Documents/maae/src/auction/src/agent.cpp:25:60:[m[K [01;31m[Kerror: [m[Kexpected â€˜[01m[K;[m[Kâ€™ at end of member declaration
   25 |         rclcpp::Publisher<ma_interfaces::msg::AuctionMsg>::[01;31m[KSharedPtr[m[K publisher_;
      |                                                            [01;31m[K^~~~~~~~~[m[K
      |                                                                     [32m[K;[m[K
[01m[K/home/gkasha/Documents/maae/src/auction/src/agent.cpp:25:70:[m[K [01;31m[Kerror: [m[Kâ€˜[01m[Kpublisher_[m[Kâ€™ does not name a type; did you mean â€˜[01m[Krmw_publisher_t[m[Kâ€™?
   25 |         rclcpp::Publisher<ma_interfaces::msg::AuctionMsg>::SharedPtr [01;31m[Kpublisher_[m[K;
      |                                                                      [01;31m[K^~~~~~~~~~[m[K
      |                                                                      [32m[Krmw_publisher_t[m[K
[01m[K/home/gkasha/Documents/maae/src/auction/src/goal_manager.cpp:14:1:[m[K [01;31m[Kerror: [m[Kexpected initializer before â€˜[01m[Kvoid[m[Kâ€™
   14 | [01;31m[Kvoid[m[K add_goal(const std::shared_ptr<ma_interfaces::srv::GetGoal::Request> request,
      | [01;31m[K^~~~[m[K
[01m[K/home/gkasha/Documents/maae/src/auction/src/goal_manager.cpp:[m[K In function â€˜[01m[Kvoid get_goal(std::shared_ptr<ma_interfaces::srv::GetGoal_Request_<std::allocator<void> > >, std::shared_ptr<ma_interfaces::srv::GetGoal_Response_<std::allocator<void> > >)[m[Kâ€™:
[01m[K/home/gkasha/Documents/maae/src/auction/src/goal_manager.cpp:24:9:[m[K [01;31m[Kerror: [m[Kâ€˜[01m[Kgoals[m[Kâ€™ was not declared in this scope
   24 |     if ([01;31m[Kgoals[m[K.size() > 0) {
      |         [01;31m[K^~~~~[m[K
[01m[K/home/gkasha/Documents/maae/src/auction/src/goal_manager.cpp:27:32:[m[K [01;31m[Kerror: [m[Kâ€˜[01m[Kros[m[Kâ€™ has not been declared
   27 |         response->num_agents = [01;31m[Kros[m[K::Publisher::getNumSubscribers();
      |                                [01;31m[K^~~[m[K
[01m[K/home/gkasha/Documents/maae/src/auction/src/goal_manager.cpp:21:75:[m[K [01;35m[Kwarning: [m[Kunused parameter â€˜[01m[Krequest[m[Kâ€™ [[01;35m[K]8;;https://gcc.gnu.org/onlinedocs/gcc/Warning-Options.html#index-Wunused-parameter-Wunused-parameter]8;;[m[K]
   21 | void get_goal([01;35m[Kconst std::shared_ptr<ma_interfaces::srv::GetGoal::Request> request[m[K,
      |               [01;35m[K~~~~~~~~~~~~~~~~~~~~~~~~~~~~~~~~~~~~~~~~~~~~~~~~~~~~~~~~~~~~^~~~~~~[m[K
[01m[K/home/gkasha/Documents/maae/src/auction/src/goal_manager.cpp:[m[K In function â€˜[01m[Kint main(int, char**)[m[Kâ€™:
[01m[K/home/gkasha/Documents/maae/src/auction/src/goal_manager.cpp:39:41:[m[K [01;31m[Kerror: [m[Kâ€˜[01m[KAddGoal[m[Kâ€™ is not a member of â€˜[01m[Kma_interfaces::srv[m[Kâ€™
   39 |     rclcpp::Service<ma_interfaces::srv::[01;31m[KAddGoal[m[K>::SharedPtr add_service =
      |                                         [01;31m[K^~~~~~~[m[K
[01m[K/home/gkasha/Documents/maae/src/auction/src/goal_manager.cpp:39:48:[m[K [01;31m[Kerror: [m[Ktemplate argument 1 is invalid
   39 |     rclcpp::Service<ma_interfaces::srv::AddGoal[01;31m[K>[m[K::SharedPtr add_service =
      |                                                [01;31m[K^[m[K
[01m[K/home/gkasha/Documents/maae/src/auction/src/goal_manager.cpp:39:61:[m[K [01;31m[Kerror: [m[Kexpected initializer before â€˜[01m[Kadd_service[m[Kâ€™
   39 |     rclcpp::Service<ma_interfaces::srv::AddGoal>::SharedPtr [01;31m[Kadd_service[m[K =
      |                                                             [01;31m[K^~~~~~~~~~~[m[K
[01m[K/home/gkasha/Documents/maae/src/auction/src/agent.cpp:[m[K In constructor â€˜[01m[KAgent::Agent(int)[m[Kâ€™:
[01m[K/home/gkasha/Documents/maae/src/auction/src/agent.cpp:19:13:[m[K [01;31m[Kerror: [m[Kâ€˜[01m[Kpublisher_[m[Kâ€™ was not declared in this scope; did you mean â€˜[01m[Krmw_publisher_t[m[Kâ€™?
   19 |             [01;31m[Kpublisher_[m[K = this->create_publisher<ma_interfaces::msg::Task>(
      |             [01;31m[K^~~~~~~~~~[m[K
      |             [32m[Krmw_publisher_t[m[K
[01m[K/home/gkasha/Documents/maae/src/auction/src/agent.cpp:[m[K At global scope:
[01m[K/home/gkasha/Documents/maae/src/auction/src/agent.cpp:37:62:[m[K [01;31m[Kerror: [m[Ktemplate argument 1 is invalid
   37 |         std::shared_ptr<ma_interfaces::srv::GetBid::Response [01;31m[Krep[m[K)
      |                                                              [01;31m[K^~~[m[K
[01m[K/home/gkasha/Documents/maae/src/auction/src/agent.cpp:37:62:[m[K [01;31m[Kerror: [m[Ktemplate argument 1 is invalid
[01m[K/home/gkasha/Documents/maae/src/auction/src/agent.cpp:37:62:[m[K [01;31m[Kerror: [m[Ktemplate argument 1 is invalid
[01m[K/home/gkasha/Documents/maae/src/auction/src/agent.cpp:37:9:[m[K [01;31m[Kerror: [m[Kinvalid template-id
   37 |         [01;31m[Kstd[m[K::shared_ptr<ma_interfaces::srv::GetBid::Response rep)
      |         [01;31m[K^~~[m[K
[01m[K/home/gkasha/Documents/maae/src/auction/src/agent.cpp:37:62:[m[K [01;31m[Kerror: [m[Kexpected primary-expression before â€˜[01m[Krep[m[Kâ€™
   37 |         std::shared_ptr<ma_interfaces::srv::GetBid::Response [01;31m[Krep[m[K)
      |                                                              [01;31m[K^~~[m[K
[01m[K/home/gkasha/Documents/maae/src/auction/src/agent.cpp:37:62:[m[K [01;31m[Kerror: [m[Kexpected â€˜[01m[K>[m[Kâ€™ before â€˜[01m[Krep[m[Kâ€™
[01m[K/home/gkasha/Documents/maae/src/auction/src/agent.cpp:37:9:[m[K [01;31m[Kerror: [m[Kclass template placeholder â€˜[01m[Kstd::shared_ptr[m[Kâ€™ not permitted in this context
   37 |         [01;31m[Kstd[m[K::shared_ptr<ma_interfaces::srv::GetBid::Response rep)
      |         [01;31m[K^~~[m[K
In file included from [01m[K/home/gkasha/ros2_humble/build/rclcpp/include/rclcpp/logging.hpp:24[m[K,
                 from [01m[K/home/gkasha/ros2_humble/install/rclcpp/include/rclcpp/rclcpp/client.hpp:40[m[K,
                 from [01m[K/home/gkasha/ros2_humble/install/rclcpp/include/rclcpp/rclcpp/callback_group.hpp:24[m[K,
                 from [01m[K/home/gkasha/ros2_humble/install/rclcpp/include/rclcpp/rclcpp/any_executable.hpp:20[m[K,
                 from [01m[K/home/gkasha/ros2_humble/install/rclcpp/include/rclcpp/rclcpp/memory_strategy.hpp:25[m[K,
                 from [01m[K/home/gkasha/ros2_humble/install/rclcpp/include/rclcpp/rclcpp/memory_strategies.hpp:18[m[K,
                 from [01m[K/home/gkasha/ros2_humble/install/rclcpp/include/rclcpp/rclcpp/executor_options.hpp:20[m[K,
                 from [01m[K/home/gkasha/ros2_humble/install/rclcpp/include/rclcpp/rclcpp/executor.hpp:37[m[K,
                 from [01m[K/home/gkasha/ros2_humble/install/rclcpp/include/rclcpp/rclcpp/executors/multi_threaded_executor.hpp:25[m[K,
                 from [01m[K/home/gkasha/ros2_humble/install/rclcpp/include/rclcpp/rclcpp/executors.hpp:21[m[K,
                 from [01m[K/home/gkasha/ros2_humble/install/rclcpp/include/rclcpp/rclcpp/rclcpp.hpp:155[m[K,
                 from [01m[K/home/gkasha/Documents/maae/src/auction/src/agent.cpp:1[m[K:
[01m[K/home/gkasha/Documents/maae/src/auction/src/agent.cpp:[m[K In function â€˜[01m[Kvoid get_bid(...)[m[Kâ€™:
[01m[K/home/gkasha/Documents/maae/src/auction/src/agent.cpp:39:79:[m[K [01;31m[Kerror: [m[Kâ€˜[01m[Kusing element_type = struct ma_interfaces::srv::GetBid_Request_<std::allocator<void> >[m[Kâ€™ {aka â€˜[01m[Kstruct ma_interfaces::srv::GetBid_Request_<std::allocator<void> >[m[Kâ€™} has no member named â€˜[01m[Kname[m[Kâ€™
   39 |     RCLCPP_INFO(rclcpp::get_logger("rclcpp"), "Generating a bid for %s", req->[01;31m[Kname[m[K.c_str());
      |                                                                               [01;31m[K^~~~[m[K
[01m[K/home/gkasha/Documents/maae/src/auction/src/agent.cpp:43:9:[m[K [01;31m[Kerror: [m[Kâ€˜[01m[Kstruct ma_interfaces::msg::Bid_<std::allocator<void> >[m[Kâ€™ has no member named â€˜[01m[Kid[m[Kâ€™; did you mean â€˜[01m[KBid_[m[Kâ€™?
   43 |     bid.[01;31m[Kid[m[K = master->id_;
      |         [01;31m[K^~[m[K
      |         [32m[KBid_[m[K
[01m[K/home/gkasha/Documents/maae/src/auction/src/agent.cpp:47:5:[m[K [01;31m[Kerror: [m[Kâ€˜[01m[Krep[m[Kâ€™ was not declared in this scope; did you mean â€˜[01m[Kreq[m[Kâ€™?
   47 |     [01;31m[Krep[m[K->b = bid;
      |     [01;31m[K^~~[m[K
      |     [32m[Kreq[m[K
[01m[K/home/gkasha/Documents/maae/src/auction/src/agent.cpp:[m[K At global scope:
[01m[K/home/gkasha/Documents/maae/src/auction/src/agent.cpp:54:51:[m[K [01;31m[Kerror: [m[Kâ€˜[01m[KAuctionSrv[m[Kâ€™ is not a member of â€˜[01m[Kma_interfaces::srv[m[Kâ€™
   54 |         const std::shared_ptr<ma_interfaces::srv::[01;31m[KAuctionSrv[m[K::Request> tmp_req,
      |                                                   [01;31m[K^~~~~~~~~~[m[K
[01m[K/home/gkasha/Documents/maae/src/auction/src/agent.cpp:54:70:[m[K [01;31m[Kerror: [m[Ktemplate argument 1 is invalid
   54 |         const std::shared_ptr<ma_interfaces::srv::AuctionSrv::Request[01;31m[K>[m[K tmp_req,
      |                                                                      [01;31m[K^[m[K
[01m[K/home/gkasha/Documents/maae/src/auction/src/agent.cpp:54:51:[m[K [01;31m[Kerror: [m[Kâ€˜[01m[KAuctionSrv[m[Kâ€™ is not a member of â€˜[01m[Kma_interfaces::srv[m[Kâ€™
   54 |         const std::shared_ptr<ma_interfaces::srv::[01;31m[KAuctionSrv[m[K::Request> tmp_req,
      |                                                   [01;31m[K^~~~~~~~~~[m[K
[01m[K/home/gkasha/Documents/maae/src/auction/src/agent.cpp:54:70:[m[K [01;31m[Kerror: [m[Ktemplate argument 1 is invalid
   54 |         const std::shared_ptr<ma_interfaces::srv::AuctionSrv::Request[01;31m[K>[m[K tmp_req,
      |                                                                      [01;31m[K^[m[K
[01m[K/home/gkasha/Documents/maae/src/auction/src/agent.cpp:54:51:[m[K [01;31m[Kerror: [m[Kâ€˜[01m[KAuctionSrv[m[Kâ€™ is not a member of â€˜[01m[Kma_interfaces::srv[m[Kâ€™
   54 |         const std::shared_ptr<ma_interfaces::srv::[01;31m[KAuctionSrv[m[K::Request> tmp_req,
      |                                                   [01;31m[K^~~~~~~~~~[m[K
[01m[K/home/gkasha/Documents/maae/src/auction/src/agent.cpp:54:70:[m[K [01;31m[Kerror: [m[Ktemplate argument 1 is invalid
   54 |         const std::shared_ptr<ma_interfaces::srv::AuctionSrv::Request[01;31m[K>[m[K tmp_req,
      |                                                                      [01;31m[K^[m[K
[01m[K/home/gkasha/Documents/maae/src/auction/src/agent.cpp:54:15:[m[K [01;31m[Kerror: [m[Kinvalid template-id
   54 |         const [01;31m[Kstd[m[K::shared_ptr<ma_interfaces::srv::AuctionSrv::Request> tmp_req,
      |               [01;31m[K^~~[m[K
[01m[K/home/gkasha/Documents/maae/src/auction/src/agent.cpp:54:51:[m[K [01;31m[Kerror: [m[Kâ€˜[01m[KAuctionSrv[m[Kâ€™ is not a member of â€˜[01m[Kma_interfaces::srv[m[Kâ€™
   54 |         const std::shared_ptr<ma_interfaces::srv::[01;31m[KAuctionSrv[m[K::Request> tmp_req,
      |                                                   [01;31m[K^~~~~~~~~~[m[K
[01m[K/home/gkasha/Documents/maae/src/auction/src/agent.cpp:53:6:[m[K [01;31m[Kerror: [m[Kvariable or field â€˜[01m[Kstart_auction[m[Kâ€™ declared void
   53 | void [01;31m[Kstart_auction[m[K(
      |      [01;31m[K^~~~~~~~~~~~~[m[K
[01m[K/home/gkasha/Documents/maae/src/auction/src/agent.cpp:54:9:[m[K [01;31m[Kerror: [m[Kexpected primary-expression before â€˜[01m[Kconst[m[Kâ€™
   54 |         [01;31m[Kconst[m[K std::shared_ptr<ma_interfaces::srv::AuctionSrv::Request> tmp_req,
      |         [01;31m[K^~~~~[m[K
[01m[K/home/gkasha/Documents/maae/src/auction/src/agent.cpp:55:45:[m[K [01;31m[Kerror: [m[Kâ€˜[01m[KAuctionSrv[m[Kâ€™ is not a member of â€˜[01m[Kma_interfaces::srv[m[Kâ€™
   55 |         std::shared_ptr<ma_interfaces::srv::[01;31m[KAuctionSrv[m[K::Response> tmp_rep)
      |                                             [01;31m[K^~~~~~~~~~[m[K
[01m[K/home/gkasha/Documents/maae/src/auction/src/agent.cpp:55:65:[m[K [01;31m[Kerror: [m[Ktemplate argument 1 is invalid
   55 |         std::shared_ptr<ma_interfaces::srv::AuctionSrv::Response[01;31m[K>[m[K tmp_rep)
      |                                                                 [01;31m[K^[m[K
gmake[2]: *** [CMakeFiles/goal_manager.dir/build.make:76: CMakeFiles/goal_manager.dir/src/goal_manager.cpp.o] Error 1
gmake[1]: *** [CMakeFiles/Makefile2:221: CMakeFiles/goal_manager.dir/all] Error 2
gmake[1]: *** Waiting for unfinished jobs....
gmake[2]: *** [CMakeFiles/agent.dir/build.make:76: CMakeFiles/agent.dir/src/agent.cpp.o] Error 1
gmake[1]: *** [CMakeFiles/Makefile2:195: CMakeFiles/agent.dir/all] Error 2
[ 62%] [32m[1mLinking CXX executable client[0m
[ 62%] Built target client
[ 75%] [32m[1mLinking CXX executable server[0m
[ 75%] Built target server
gmake: *** [Makefile:146: all] Error 2
