[01m[K/home/gkasha/Documents/maae/src/auction/src/client.cpp:[m[K In function â€˜[01m[Kint main(int, char**)[m[Kâ€™:
[01m[K/home/gkasha/Documents/maae/src/auction/src/client.cpp:28:21:[m[K [01;31m[Kerror: [m[Kâ€˜[01m[Kstod[m[Kâ€™ was not declared in this scope; did you mean â€˜[01m[Kstd::__cxx11::stod[m[Kâ€™?
   28 |     int num_tasks = [01;31m[Kstod[m[K(argv[1]);
      |                     [01;31m[K^~~~[m[K
      |                     [32m[Kstd::__cxx11::stod[m[K
In file included from [01m[K/usr/include/c++/11/string:55[m[K,
                 from [01m[K/usr/include/c++/11/stdexcept:39[m[K,
                 from [01m[K/usr/include/c++/11/system_error:41[m[K,
                 from [01m[K/usr/include/c++/11/mutex:42[m[K,
                 from [01m[K/usr/include/c++/11/future:38[m[K,
                 from [01m[K/home/gkasha/ros2_humble/install/rclcpp/include/rclcpp/rclcpp/executors.hpp:18[m[K,
                 from [01m[K/home/gkasha/ros2_humble/install/rclcpp/include/rclcpp/rclcpp/rclcpp.hpp:155[m[K,
                 from [01m[K/home/gkasha/Documents/maae/src/auction/src/client.cpp:1[m[K:
[01m[K/usr/include/c++/11/bits/basic_string.h:6780:3:[m[K [01;36m[Knote: [m[Kâ€˜[01m[Kstd::__cxx11::stod[m[Kâ€™ declared here
 6780 |   [01;36m[Kstod[m[K(const wstring& __str, size_t* __idx = 0)
      |   [01;36m[K^~~~[m[K
gmake[2]: *** [CMakeFiles/client.dir/build.make:76: CMakeFiles/client.dir/src/client.cpp.o] Error 1
gmake[1]: *** [CMakeFiles/Makefile2:171: CMakeFiles/client.dir/all] Error 2
gmake: *** [Makefile:146: all] Error 2
