[35m[1mConsolidate compiler generated dependencies of target execution_interface[0m
[35m[1mConsolidate compiler generated dependencies of target client[0m
[35m[1mConsolidate compiler generated dependencies of target agent[0m
[35m[1mConsolidate compiler generated dependencies of target goal_manager[0m
[ 22%] Built target execution_interface
[ 33%] [32mBuilding CXX object CMakeFiles/agent.dir/src/agent.cpp.o[0m
[ 55%] Built target client
[ 77%] Built target goal_manager
In file included from [01m[K/home/gkasha/Documents/maae/src/auction/src/agent.cpp:1[m[K:
[01m[K/home/gkasha/Documents/maae/src/auction/include/auction/agent.hpp:[m[K In constructor â€˜[01m[KAgent::Agent(std::string, double, double)[m[Kâ€™:
[01m[K/home/gkasha/Documents/maae/src/auction/include/auction/agent.hpp:51:25:[m[K [01;31m[Kerror: [m[Kâ€˜[01m[Kstart_time[m[Kâ€™ was not declared in this scope; did you mean â€˜[01m[Kstart_time_[m[Kâ€™?
   51 |             deadline_ = [01;31m[Kstart_time[m[K + deadline;
      |                         [01;31m[K^~~~~~~~~~[m[K
      |                         [32m[Kstart_time_[m[K
gmake[2]: *** [CMakeFiles/agent.dir/build.make:76: CMakeFiles/agent.dir/src/agent.cpp.o] Error 1
gmake[1]: *** [CMakeFiles/Makefile2:195: CMakeFiles/agent.dir/all] Error 2
gmake: *** [Makefile:146: all] Error 2
