In file included from [01m[K/home/gkasha/Documents/maae/src/auction/src/execution_interface.cpp:1[m[K:
[01m[K/home/gkasha/Documents/maae/src/auction/include/auction/execution_interface.hpp:15:10:[m[K [01;31m[Kerror: [m[Kâ€˜[01m[Kstring[m[Kâ€™ was not declared in this scope
   15 | std::map<[01;31m[Kstring[m[K, ActionNode*> action_map;
      |          [01;31m[K^~~~~~[m[K
[01m[K/home/gkasha/Documents/maae/src/auction/include/auction/execution_interface.hpp:15:10:[m[K [01;36m[Knote: [m[Ksuggested alternatives:
In file included from [01m[K/usr/include/c++/11/iosfwd:39[m[K,
                 from [01m[K/usr/include/c++/11/bits/shared_ptr.h:52[m[K,
                 from [01m[K/usr/include/c++/11/memory:77[m[K,
                 from [01m[K/home/gkasha/ros2_humble/install/rclcpp/include/rclcpp/rclcpp/rclcpp.hpp:153[m[K,
                 from [01m[K/home/gkasha/Documents/maae/src/auction/include/auction/execution_interface.hpp:5[m[K,
                 from [01m[K/home/gkasha/Documents/maae/src/auction/src/execution_interface.cpp:1[m[K:
[01m[K/usr/include/c++/11/bits/stringfwd.h:79:33:[m[K [01;36m[Knote: [m[K  â€˜[01m[Kstd::string[m[Kâ€™
   79 |   typedef basic_string<char>    [01;36m[Kstring[m[K;
      |                                 [01;36m[K^~~~~~[m[K
In file included from [01m[K/usr/include/c++/11/stdexcept:39[m[K,
                 from [01m[K/usr/include/c++/11/system_error:41[m[K,
                 from [01m[K/usr/include/c++/11/mutex:42[m[K,
                 from [01m[K/usr/include/c++/11/future:38[m[K,
                 from [01m[K/home/gkasha/ros2_humble/install/rclcpp/include/rclcpp/rclcpp/executors.hpp:18[m[K,
                 from [01m[K/home/gkasha/ros2_humble/install/rclcpp/include/rclcpp/rclcpp/rclcpp.hpp:155[m[K,
                 from [01m[K/home/gkasha/Documents/maae/src/auction/include/auction/execution_interface.hpp:5[m[K,
                 from [01m[K/home/gkasha/Documents/maae/src/auction/src/execution_interface.cpp:1[m[K:
[01m[K/usr/include/c++/11/string:67:11:[m[K [01;36m[Knote: [m[K  â€˜[01m[Kstd::pmr::string[m[Kâ€™
   67 |     using [01;36m[Kstring[m[K    = basic_string<char>;
      |           [01;36m[K^~~~~~[m[K
In file included from [01m[K/home/gkasha/Documents/maae/src/auction/src/execution_interface.cpp:1[m[K:
[01m[K/home/gkasha/Documents/maae/src/auction/include/auction/execution_interface.hpp:15:18:[m[K [01;31m[Kerror: [m[Kâ€˜[01m[KActionNode[m[Kâ€™ was not declared in this scope
   15 | std::map<string, [01;31m[KActionNode[m[K*> action_map;
      |                  [01;31m[K^~~~~~~~~~[m[K
[01m[K/home/gkasha/Documents/maae/src/auction/include/auction/execution_interface.hpp:15:29:[m[K [01;31m[Kerror: [m[Ktemplate argument 1 is invalid
   15 | std::map<string, ActionNode*[01;31m[K>[m[K action_map;
      |                             [01;31m[K^[m[K
[01m[K/home/gkasha/Documents/maae/src/auction/include/auction/execution_interface.hpp:15:29:[m[K [01;31m[Kerror: [m[Ktemplate argument 2 is invalid
[01m[K/home/gkasha/Documents/maae/src/auction/include/auction/execution_interface.hpp:15:29:[m[K [01;31m[Kerror: [m[Ktemplate argument 3 is invalid
[01m[K/home/gkasha/Documents/maae/src/auction/include/auction/execution_interface.hpp:15:29:[m[K [01;31m[Kerror: [m[Ktemplate argument 4 is invalid
[01m[K/home/gkasha/Documents/maae/src/auction/include/auction/execution_interface.hpp:[m[K In constructor â€˜[01m[KActionNode::ActionNode(ma_interfaces::msg::ActionDispatch)[m[Kâ€™:
[01m[K/home/gkasha/Documents/maae/src/auction/include/auction/execution_interface.hpp:31:13:[m[K [01;31m[Kerror: [m[Kâ€˜[01m[Kduration_[m[Kâ€™ was not declared in this scope; did you mean â€˜[01m[Kduration[m[Kâ€™?
   31 |             [01;31m[Kduration_[m[K = action.duration;
      |             [01;31m[K^~~~~~~~~[m[K
      |             [32m[Kduration[m[K
[01m[K/home/gkasha/Documents/maae/src/auction/include/auction/execution_interface.hpp:32:56:[m[K [01;31m[Kerror: [m[Kexpected primary-expression before â€˜[01m[K;[m[Kâ€™ token
   32 |             st_ = std::chrono::steady_clock::time_point[01;31m[K;[m[K
      |                                                        [01;31m[K^[m[K
[01m[K/home/gkasha/Documents/maae/src/auction/include/auction/execution_interface.hpp:[m[K In member function â€˜[01m[Kma_interfaces::msg::ActionFeedback ActionNode::to_feedback_msg()[m[Kâ€™:
[01m[K/home/gkasha/Documents/maae/src/auction/include/auction/execution_interface.hpp:44:17:[m[K [01;31m[Kerror: [m[Kâ€˜[01m[Kstruct ma_interfaces::msg::ActionFeedback_<std::allocator<void> >[m[Kâ€™ has no member named â€˜[01m[Kname_[m[Kâ€™; did you mean â€˜[01m[Kname[m[Kâ€™?
   44 |             msg.[01;31m[Kname_[m[K = name_;
      |                 [01;31m[K^~~~~[m[K
      |                 [32m[Kname[m[K
[01m[K/home/gkasha/Documents/maae/src/auction/include/auction/execution_interface.hpp:45:22:[m[K [01;31m[Kerror: [m[Kcannot convert â€˜[01m[Kstd::chrono::_V2::steady_clock::time_point[m[Kâ€™ {aka â€˜[01m[Kstd::chrono::time_point<std::chrono::_V2::steady_clock, std::chrono::duration<long int, std::ratio<1, 1000000000> > >[m[Kâ€™} to â€˜[01m[Kma_interfaces::msg::ActionFeedback_<std::allocator<void> >::_st_type[m[Kâ€™ {aka â€˜[01m[Kfloat[m[Kâ€™} in assignment
   45 |             msg.st = [01;31m[Kst_[m[K;
      |                      [01;31m[K^~~[m[K
      |                      [01;31m[K|[m[K
      |                      [01;31m[Kstd::chrono::_V2::steady_clock::time_point {aka std::chrono::time_point<std::chrono::_V2::steady_clock, std::chrono::duration<long int, std::ratio<1, 1000000000> > >}[m[K
[01m[K/home/gkasha/Documents/maae/src/auction/include/auction/execution_interface.hpp:[m[K At global scope:
[01m[K/home/gkasha/Documents/maae/src/auction/include/auction/execution_interface.hpp:69:11:[m[K [01;31m[Kerror: [m[Kexpected â€˜[01m[K:[m[Kâ€™ before â€˜[01m[KMonitor[m[Kâ€™
   69 |     public[01;31m[K [m[K[32m[KMonitor[m[K() : Node("MonitorNode")
      |           [01;31m[K^[m[K[32m[K~~~~~~~[m[K
      |           [32m[K:[m[K
[01m[K/home/gkasha/Documents/maae/src/auction/include/auction/execution_interface.hpp:[m[K In constructor â€˜[01m[KMonitor::Monitor()[m[Kâ€™:
[01m[K/home/gkasha/Documents/maae/src/auction/include/auction/execution_interface.hpp:72:9:[m[K [01;31m[Kerror: [m[Kâ€˜[01m[Ksystem_start_time[m[Kâ€™ was not declared in this scope
   72 |         [01;31m[Ksystem_start_time[m[K = std::chrono::steady_clock::now();
      |         [01;31m[K^~~~~~~~~~~~~~~~~[m[K
[01m[K/home/gkasha/Documents/maae/src/auction/include/auction/execution_interface.hpp:[m[K In lambda function:
[01m[K/home/gkasha/Documents/maae/src/auction/include/auction/execution_interface.hpp:76:29:[m[K [01;31m[Kerror: [m[Kâ€˜[01m[Kstring[m[Kâ€™ was not declared in this scope
   76 |                 std::vector<[01;31m[Kstring[m[K> completed_actions;
      |                             [01;31m[K^~~~~~[m[K
[01m[K/home/gkasha/Documents/maae/src/auction/include/auction/execution_interface.hpp:76:29:[m[K [01;36m[Knote: [m[Ksuggested alternatives:
In file included from [01m[K/usr/include/c++/11/iosfwd:39[m[K,
                 from [01m[K/usr/include/c++/11/bits/shared_ptr.h:52[m[K,
                 from [01m[K/usr/include/c++/11/memory:77[m[K,
                 from [01m[K/home/gkasha/ros2_humble/install/rclcpp/include/rclcpp/rclcpp/rclcpp.hpp:153[m[K,
                 from [01m[K/home/gkasha/Documents/maae/src/auction/include/auction/execution_interface.hpp:5[m[K,
                 from [01m[K/home/gkasha/Documents/maae/src/auction/src/execution_interface.cpp:1[m[K:
[01m[K/usr/include/c++/11/bits/stringfwd.h:79:33:[m[K [01;36m[Knote: [m[K  â€˜[01m[Kstd::string[m[Kâ€™
   79 |   typedef basic_string<char>    [01;36m[Kstring[m[K;
      |                                 [01;36m[K^~~~~~[m[K
In file included from [01m[K/usr/include/c++/11/stdexcept:39[m[K,
                 from [01m[K/usr/include/c++/11/system_error:41[m[K,
                 from [01m[K/usr/include/c++/11/mutex:42[m[K,
                 from [01m[K/usr/include/c++/11/future:38[m[K,
                 from [01m[K/home/gkasha/ros2_humble/install/rclcpp/include/rclcpp/rclcpp/executors.hpp:18[m[K,
                 from [01m[K/home/gkasha/ros2_humble/install/rclcpp/include/rclcpp/rclcpp/rclcpp.hpp:155[m[K,
                 from [01m[K/home/gkasha/Documents/maae/src/auction/include/auction/execution_interface.hpp:5[m[K,
                 from [01m[K/home/gkasha/Documents/maae/src/auction/src/execution_interface.cpp:1[m[K:
[01m[K/usr/include/c++/11/string:67:11:[m[K [01;36m[Knote: [m[K  â€˜[01m[Kstd::pmr::string[m[Kâ€™
   67 |     using [01;36m[Kstring[m[K    = basic_string<char>;
      |           [01;36m[K^~~~~~[m[K
In file included from [01m[K/home/gkasha/Documents/maae/src/auction/src/execution_interface.cpp:1[m[K:
[01m[K/home/gkasha/Documents/maae/src/auction/include/auction/execution_interface.hpp:76:35:[m[K [01;31m[Kerror: [m[Ktemplate argument 1 is invalid
   76 |                 std::vector<string[01;31m[K>[m[K completed_actions;
      |                                   [01;31m[K^[m[K
[01m[K/home/gkasha/Documents/maae/src/auction/include/auction/execution_interface.hpp:76:35:[m[K [01;31m[Kerror: [m[Ktemplate argument 2 is invalid
[01m[K/home/gkasha/Documents/maae/src/auction/include/auction/execution_interface.hpp:77:38:[m[K [01;31m[Kerror: [m[Kâ€˜[01m[Kbegin[m[Kâ€™ was not declared in this scope; did you mean â€˜[01m[Kstd::begin[m[Kâ€™?
   77 |                 for (auto const& x : [01;31m[Kaction_map[m[K) {
      |                                      [01;31m[K^~~~~~~~~~[m[K
      |                                      [32m[Kstd::begin[m[K
In file included from [01m[K/usr/include/c++/11/array:41[m[K,
                 from [01m[K/usr/include/c++/11/tuple:39[m[K,
                 from [01m[K/usr/include/c++/11/bits/unique_ptr.h:37[m[K,
                 from [01m[K/usr/include/c++/11/memory:76[m[K,
                 from [01m[K/home/gkasha/ros2_humble/install/rclcpp/include/rclcpp/rclcpp/rclcpp.hpp:153[m[K,
                 from [01m[K/home/gkasha/Documents/maae/src/auction/include/auction/execution_interface.hpp:5[m[K,
                 from [01m[K/home/gkasha/Documents/maae/src/auction/src/execution_interface.cpp:1[m[K:
[01m[K/usr/include/c++/11/bits/range_access.h:108:37:[m[K [01;36m[Knote: [m[Kâ€˜[01m[Kstd::begin[m[Kâ€™ declared here
  108 |   template<typename _Tp> const _Tp* [01;36m[Kbegin[m[K(const valarray<_Tp>&) noexcept;
      |                                     [01;36m[K^~~~~[m[K
In file included from [01m[K/home/gkasha/Documents/maae/src/auction/src/execution_interface.cpp:1[m[K:
[01m[K/home/gkasha/Documents/maae/src/auction/include/auction/execution_interface.hpp:77:38:[m[K [01;31m[Kerror: [m[Kâ€˜[01m[Kend[m[Kâ€™ was not declared in this scope; did you mean â€˜[01m[Kstd::end[m[Kâ€™?
   77 |                 for (auto const& x : [01;31m[Kaction_map[m[K) {
      |                                      [01;31m[K^~~~~~~~~~[m[K
      |                                      [32m[Kstd::end[m[K
In file included from [01m[K/usr/include/c++/11/array:41[m[K,
                 from [01m[K/usr/include/c++/11/tuple:39[m[K,
                 from [01m[K/usr/include/c++/11/bits/unique_ptr.h:37[m[K,
                 from [01m[K/usr/include/c++/11/memory:76[m[K,
                 from [01m[K/home/gkasha/ros2_humble/install/rclcpp/include/rclcpp/rclcpp/rclcpp.hpp:153[m[K,
                 from [01m[K/home/gkasha/Documents/maae/src/auction/include/auction/execution_interface.hpp:5[m[K,
                 from [01m[K/home/gkasha/Documents/maae/src/auction/src/execution_interface.cpp:1[m[K:
[01m[K/usr/include/c++/11/bits/range_access.h:110:37:[m[K [01;36m[Knote: [m[Kâ€˜[01m[Kstd::end[m[Kâ€™ declared here
  110 |   template<typename _Tp> const _Tp* [01;36m[Kend[m[K(const valarray<_Tp>&) noexcept;
      |                                     [01;36m[K^~~[m[K
In file included from [01m[K/home/gkasha/Documents/maae/src/auction/src/execution_interface.cpp:1[m[K:
[01m[K/home/gkasha/Documents/maae/src/auction/include/auction/execution_interface.hpp:79:33:[m[K [01;31m[Kerror: [m[Kâ€˜[01m[KActionNode::ActionStatus ActionNode::status_[m[Kâ€™ is private within this context
   79 |                     if (action->[01;31m[Kstatus_[m[K == ActionStatus::EXECUTING) {
      |                                 [01;31m[K^~~~~~~[m[K
[01m[K/home/gkasha/Documents/maae/src/auction/include/auction/execution_interface.hpp:64:22:[m[K [01;36m[Knote: [m[Kdeclared private here
   64 |         ActionStatus [01;36m[Kstatus_[m[K;
      |                      [01;36m[K^~~~~~~[m[K
[01m[K/home/gkasha/Documents/maae/src/auction/include/auction/execution_interface.hpp:79:44:[m[K [01;31m[Kerror: [m[Kâ€˜[01m[KActionStatus[m[Kâ€™ has not been declared
   79 |                     if (action->status_ == [01;31m[KActionStatus[m[K::EXECUTING) {
      |                                            [01;31m[K^~~~~~~~~~~~[m[K
[01m[K/home/gkasha/Documents/maae/src/auction/include/auction/execution_interface.hpp:81:25:[m[K [01;31m[Kerror: [m[Kâ€˜[01m[Kduration[m[Kâ€™ was not declared in this scope
   81 |                         [01;31m[Kduration[m[K<double> execution_span = std::chrono::duration_cast<std::chrono::duration<double>>(steady_clock::now() - action->st_);
      |                         [01;31m[K^~~~~~~~[m[K
[01m[K/home/gkasha/Documents/maae/src/auction/include/auction/execution_interface.hpp:81:25:[m[K [01;36m[Knote: [m[Ksuggested alternatives:
In file included from [01m[K/usr/include/c++/11/mutex:39[m[K,
                 from [01m[K/usr/include/c++/11/future:38[m[K,
                 from [01m[K/home/gkasha/ros2_humble/install/rclcpp/include/rclcpp/rclcpp/executors.hpp:18[m[K,
                 from [01m[K/home/gkasha/ros2_humble/install/rclcpp/include/rclcpp/rclcpp/rclcpp.hpp:155[m[K,
                 from [01m[K/home/gkasha/Documents/maae/src/auction/include/auction/execution_interface.hpp:5[m[K,
                 from [01m[K/home/gkasha/Documents/maae/src/auction/src/execution_interface.cpp:1[m[K:
[01m[K/usr/include/c++/11/chrono:77:14:[m[K [01;36m[Knote: [m[K  â€˜[01m[Kstd::chrono::duration[m[Kâ€™
   77 |       struct [01;36m[Kduration[m[K;
      |              [01;36m[K^~~~~~~~[m[K
[01m[K/usr/include/c++/11/chrono:77:14:[m[K [01;36m[Knote: [m[K  â€˜[01m[Kstd::chrono::duration[m[Kâ€™
In file included from [01m[K/home/gkasha/Documents/maae/src/auction/src/execution_interface.cpp:1[m[K:
[01m[K/home/gkasha/Documents/maae/src/auction/include/auction/execution_interface.hpp:81:34:[m[K [01;31m[Kerror: [m[Kexpected primary-expression before â€˜[01m[Kdouble[m[Kâ€™
   81 |                         duration<[01;31m[Kdouble[m[K> execution_span = std::chrono::duration_cast<std::chrono::duration<double>>(steady_clock::now() - action->st_);
      |                                  [01;31m[K^~~~~~[m[K
In file included from [01m[K/home/gkasha/Documents/maae/src/auction/src/execution_interface.cpp:1[m[K:
[01m[K/home/gkasha/Documents/maae/src/auction/include/auction/execution_interface.hpp:82:29:[m[K [01;31m[Kerror: [m[Kâ€˜[01m[Kexecution_span[m[Kâ€™ was not declared in this scope
   82 |                         if ([01;31m[Kexecution_span[m[K >= action->duration) {
      |                             [01;31m[K^~~~~~~~~~~~~~[m[K
[01m[K/home/gkasha/Documents/maae/src/auction/include/auction/execution_interface.hpp:82:55:[m[K [01;31m[Kerror: [m[Kâ€˜[01m[Kfloat ActionNode::duration[m[Kâ€™ is private within this context
   82 |                         if (execution_span >= action->[01;31m[Kduration[m[K) {
      |                                                       [01;31m[K^~~~~~~~[m[K
In file included from [01m[K/home/gkasha/Documents/maae/src/auction/src/execution_interface.cpp:1[m[K:
[01m[K/home/gkasha/Documents/maae/src/auction/include/auction/execution_interface.hpp:62:15:[m[K [01;36m[Knote: [m[Kdeclared private here
   62 |         float [01;36m[Kduration[m[K;
      |               [01;36m[K^~~~~~~~[m[K
In file included from [01m[K/home/gkasha/Documents/maae/src/auction/src/execution_interface.cpp:1[m[K:
[01m[K/home/gkasha/Documents/maae/src/auction/include/auction/execution_interface.hpp:84:37:[m[K [01;31m[Kerror: [m[Kâ€˜[01m[Kclass ActionNode[m[Kâ€™ has no member named â€˜[01m[Kstatus[m[Kâ€™; did you mean â€˜[01m[KActionNode::ActionStatus ActionNode::status_[m[Kâ€™? (not accessible from this context)
   84 |                             action->[01;31m[Kstatus[m[K = ActionStatus::COMPLETE
      |                                     [01;31m[K^~~~~~[m[K
In file included from [01m[K/home/gkasha/Documents/maae/src/auction/src/execution_interface.cpp:1[m[K:
[01m[K/home/gkasha/Documents/maae/src/auction/include/auction/execution_interface.hpp:64:22:[m[K [01;36m[Knote: [m[Kdeclared private here
   64 |         ActionStatus [01;36m[Kstatus_[m[K;
      |                      [01;36m[K^~~~~~~[m[K
In file included from [01m[K/home/gkasha/Documents/maae/src/auction/src/execution_interface.cpp:1[m[K:
[01m[K/home/gkasha/Documents/maae/src/auction/include/auction/execution_interface.hpp:84:46:[m[K [01;31m[Kerror: [m[Kâ€˜[01m[KActionStatus[m[Kâ€™ has not been declared
   84 |                             action->status = [01;31m[KActionStatus[m[K::COMPLETE
      |                                              [01;31m[K^~~~~~~~~~~~[m[K
[01m[K/home/gkasha/Documents/maae/src/auction/include/auction/execution_interface.hpp:88:47:[m[K [01;31m[Kerror: [m[Krequest for member â€˜[01m[Kpush_back[m[Kâ€™ in â€˜[01m[Kcompleted_actions[m[Kâ€™, which is of non-class type â€˜[01m[Kint[m[Kâ€™
   88 |                             completed_actions.[01;31m[Kpush_back[m[K(action->to_string());
      |                                               [01;31m[K^~~~~~~~~[m[K
[01m[K/home/gkasha/Documents/maae/src/auction/include/auction/execution_interface.hpp:90:40:[m[K [01;31m[Kerror: [m[Kâ€˜[01m[KActionNode::ActionStatus ActionNode::status_[m[Kâ€™ is private within this context
   90 |                     } else if (action->[01;31m[Kstatus_[m[K == ActionStatus::WAITING) {
      |                                        [01;31m[K^~~~~~~[m[K
In file included from [01m[K/home/gkasha/Documents/maae/src/auction/src/execution_interface.cpp:1[m[K:
[01m[K/home/gkasha/Documents/maae/src/auction/include/auction/execution_interface.hpp:64:22:[m[K [01;36m[Knote: [m[Kdeclared private here
   64 |         ActionStatus [01;36m[Kstatus_[m[K;
      |                      [01;36m[K^~~~~~~[m[K
In file included from [01m[K/home/gkasha/Documents/maae/src/auction/src/execution_interface.cpp:1[m[K:
[01m[K/home/gkasha/Documents/maae/src/auction/include/auction/execution_interface.hpp:90:51:[m[K [01;31m[Kerror: [m[Kâ€˜[01m[KActionStatus[m[Kâ€™ has not been declared
   90 |                     } else if (action->status_ == [01;31m[KActionStatus[m[K::WAITING) {
      |                                                   [01;31m[K^~~~~~~~~~~~[m[K
[01m[K/home/gkasha/Documents/maae/src/auction/include/auction/execution_interface.hpp:91:33:[m[K [01;31m[Kerror: [m[Kâ€˜[01m[Kstd::chrono::_V2::steady_clock::time_point ActionNode::st_[m[Kâ€™ is private within this context
   91 |                         action->[01;31m[Kst_[m[K = std::chrono::steady_clock::now();
      |                                 [01;31m[K^~~[m[K
In file included from [01m[K/home/gkasha/Documents/maae/src/auction/src/execution_interface.cpp:1[m[K:
[01m[K/home/gkasha/Documents/maae/src/auction/include/auction/execution_interface.hpp:63:47:[m[K [01;36m[Knote: [m[Kdeclared private here
   63 |         std::chrono::steady_clock::time_point [01;36m[Kst_[m[K;
      |                                               [01;36m[K^~~[m[K
In file included from [01m[K/home/gkasha/Documents/maae/src/auction/src/execution_interface.cpp:1[m[K:
[01m[K/home/gkasha/Documents/maae/src/auction/include/auction/execution_interface.hpp:92:33:[m[K [01;31m[Kerror: [m[Kâ€˜[01m[KActionNode::ActionStatus ActionNode::status_[m[Kâ€™ is private within this context
   92 |                         action->[01;31m[Kstatus_[m[K = ActionStatus::EXECUTING;
      |                                 [01;31m[K^~~~~~~[m[K
In file included from [01m[K/home/gkasha/Documents/maae/src/auction/src/execution_interface.cpp:1[m[K:
[01m[K/home/gkasha/Documents/maae/src/auction/include/auction/execution_interface.hpp:64:22:[m[K [01;36m[Knote: [m[Kdeclared private here
   64 |         ActionStatus [01;36m[Kstatus_[m[K;
      |                      [01;36m[K^~~~~~~[m[K
In file included from [01m[K/home/gkasha/Documents/maae/src/auction/src/execution_interface.cpp:1[m[K:
[01m[K/home/gkasha/Documents/maae/src/auction/include/auction/execution_interface.hpp:92:43:[m[K [01;31m[Kerror: [m[Kâ€˜[01m[KActionStatus[m[Kâ€™ has not been declared
   92 |                         action->status_ = [01;31m[KActionStatus[m[K::EXECUTING;
      |                                           [01;31m[K^~~~~~~~~~~~[m[K
[01m[K/home/gkasha/Documents/maae/src/auction/include/auction/execution_interface.hpp:98:31:[m[K [01;31m[Kerror: [m[Kâ€˜[01m[Kbegin[m[Kâ€™ was not declared in this scope; did you mean â€˜[01m[Kstd::begin[m[Kâ€™?
   98 |                 for (auto s : [01;31m[Kcompleted_actions[m[K) {
      |                               [01;31m[K^~~~~~~~~~~~~~~~~[m[K
      |                               [32m[Kstd::begin[m[K
In file included from [01m[K/usr/include/c++/11/array:41[m[K,
                 from [01m[K/usr/include/c++/11/tuple:39[m[K,
                 from [01m[K/usr/include/c++/11/bits/unique_ptr.h:37[m[K,
                 from [01m[K/usr/include/c++/11/memory:76[m[K,
                 from [01m[K/home/gkasha/ros2_humble/install/rclcpp/include/rclcpp/rclcpp/rclcpp.hpp:153[m[K,
                 from [01m[K/home/gkasha/Documents/maae/src/auction/include/auction/execution_interface.hpp:5[m[K,
                 from [01m[K/home/gkasha/Documents/maae/src/auction/src/execution_interface.cpp:1[m[K:
[01m[K/usr/include/c++/11/bits/range_access.h:108:37:[m[K [01;36m[Knote: [m[Kâ€˜[01m[Kstd::begin[m[Kâ€™ declared here
  108 |   template<typename _Tp> const _Tp* [01;36m[Kbegin[m[K(const valarray<_Tp>&) noexcept;
      |                                     [01;36m[K^~~~~[m[K
In file included from [01m[K/home/gkasha/Documents/maae/src/auction/src/execution_interface.cpp:1[m[K:
[01m[K/home/gkasha/Documents/maae/src/auction/include/auction/execution_interface.hpp:98:31:[m[K [01;31m[Kerror: [m[Kâ€˜[01m[Kend[m[Kâ€™ was not declared in this scope; did you mean â€˜[01m[Kstd::end[m[Kâ€™?
   98 |                 for (auto s : [01;31m[Kcompleted_actions[m[K) {
      |                               [01;31m[K^~~~~~~~~~~~~~~~~[m[K
      |                               [32m[Kstd::end[m[K
In file included from [01m[K/usr/include/c++/11/array:41[m[K,
                 from [01m[K/usr/include/c++/11/tuple:39[m[K,
                 from [01m[K/usr/include/c++/11/bits/unique_ptr.h:37[m[K,
                 from [01m[K/usr/include/c++/11/memory:76[m[K,
                 from [01m[K/home/gkasha/ros2_humble/install/rclcpp/include/rclcpp/rclcpp/rclcpp.hpp:153[m[K,
                 from [01m[K/home/gkasha/Documents/maae/src/auction/include/auction/execution_interface.hpp:5[m[K,
                 from [01m[K/home/gkasha/Documents/maae/src/auction/src/execution_interface.cpp:1[m[K:
[01m[K/usr/include/c++/11/bits/range_access.h:110:37:[m[K [01;36m[Knote: [m[Kâ€˜[01m[Kstd::end[m[Kâ€™ declared here
  110 |   template<typename _Tp> const _Tp* [01;36m[Kend[m[K(const valarray<_Tp>&) noexcept;
      |                                     [01;36m[K^~~[m[K
In file included from [01m[K/home/gkasha/Documents/maae/src/auction/src/execution_interface.cpp:1[m[K:
[01m[K/home/gkasha/Documents/maae/src/auction/include/auction/execution_interface.hpp:99:32:[m[K [01;31m[Kerror: [m[Krequest for member â€˜[01m[Kerase[m[Kâ€™ in â€˜[01m[Kaction_map[m[Kâ€™, which is of non-class type â€˜[01m[Kint[m[Kâ€™
   99 |                     action_map.[01;31m[Kerase[m[K(s);
      |                                [01;31m[K^~~~~[m[K
[01m[K/home/gkasha/Documents/maae/src/auction/include/auction/execution_interface.hpp:[m[K In constructor â€˜[01m[KExecutor::Executor()[m[Kâ€™:
[01m[K/home/gkasha/Documents/maae/src/auction/include/auction/execution_interface.hpp:115:13:[m[K [01;31m[Kerror: [m[Kâ€˜[01m[Kcbgs_action_dispatch_[m[Kâ€™ was not declared in this scope; did you mean â€˜[01m[Kaction_dispatch_cb[m[Kâ€™?
  115 |             [01;31m[Kcbgs_action_dispatch_[m[K = this->create_callback_group(
      |             [01;31m[K^~~~~~~~~~~~~~~~~~~~~[m[K
      |             [32m[Kaction_dispatch_cb[m[K
[01m[K/home/gkasha/Documents/maae/src/auction/include/auction/execution_interface.hpp:121:13:[m[K [01;31m[Kerror: [m[Kâ€˜[01m[Kaction_dispatch_[m[Kâ€™ was not declared in this scope; did you mean â€˜[01m[Kaction_dispatch_cb[m[Kâ€™?
  121 |             [01;31m[Kaction_dispatch_[m[K = this->create_subscription<ma_interfaces::msg::Goal>(
      |             [01;31m[K^~~~~~~~~~~~~~~~[m[K
      |             [32m[Kaction_dispatch_cb[m[K
[01m[K/home/gkasha/Documents/maae/src/auction/include/auction/execution_interface.hpp:121:78:[m[K [01;31m[Kerror: [m[Kâ€˜[01m[KGoal[m[Kâ€™ is not a member of â€˜[01m[Kma_interfaces::msg[m[Kâ€™
  121 |    action_dispatch_ = this->create_subscription<ma_interfaces::msg::[01;31m[KGoal[m[K>(
      |                                                                     [01;31m[K^~~~[m[K

[01m[K/home/gkasha/Documents/maae/src/auction/include/auction/execution_interface.hpp:121:83:[m[K [01;31m[Kerror: [m[Kno matching function for call to â€˜[01m[KExecutor::create_subscription<<expression error> >(const char [22], rclcpp::QoS, std::_Bind_helper<false, void (Executor::*)(ma_interfaces::msg::ActionDispatch_<std::allocator<void> >), Executor*, const std::_Placeholder<1>&>::type, rclcpp::SubscriptionOptionsWithAllocator<std::allocator<void> >&)[m[Kâ€™
  121 |    action_dispatch_ = [01;31m[Kthis->create_subscription<ma_interfaces::msg::Goal>([m[K
      |                       [01;31m[K~~~~~~~~~~~~~~~~~~~~~~~~~~~~~~~~~~~~~~~~~~~~~~~~~~~^[m[K

  122 | [01;31m[K           "action_dispatch_topic",[m[K
      |            [01;31m[K~~~~~~~~~~~~~~~~~~~~~~~~[m[K                                       

  123 | [01;31m[K           rclcpp::QoS(10),[m[K
      |            [01;31m[K~~~~~~~~~~~~~~~~[m[K                                               

  124 | [01;31m[K           std::bind([m[K
      |            [01;31m[K~~~~~~~~~~[m[K                                                     

  125 | [01;31m[K               &Executor::action_dispatch_cb,[m[K
      |                [01;31m[K~~~~~~~~~~~~~~~~~~~~~~~~~~~~~~[m[K                             

  126 | [01;31m[K               this,[m[K
      |                [01;31m[K~~~~~[m[K                                                      

  127 | [01;31m[K               std::placeholders::_1),[m[K
      |                [01;31m[K~~~~~~~~~~~~~~~~~~~~~~~[m[K                                    

  128 | [01;31m[K           action_dispatch_opt)[m[K;
      |            [01;31m[K~~~~~~~~~~~~~~~~~~~~[m[K                                           

In file included from [01m[K/home/gkasha/ros2_humble/install/rclcpp/include/rclcpp/rclcpp/executors/single_threaded_executor.hpp:28[m[K,
                 from [01m[K/home/gkasha/ros2_humble/install/rclcpp/include/rclcpp/rclcpp/executors.hpp:22[m[K,
                 from [01m[K/home/gkasha/ros2_humble/install/rclcpp/include/rclcpp/rclcpp/rclcpp.hpp:155[m[K,
                 from [01m[K/home/gkasha/Documents/maae/src/auction/include/auction/execution_interface.hpp:5[m[K,
                 from [01m[K/home/gkasha/Documents/maae/src/auction/src/execution_interface.cpp:1[m[K:
[01m[K/home/gkasha/ros2_humble/install/rclcpp/include/rclcpp/rclcpp/node.hpp:219:3:[m[K [01;36m[Knote: [m[Kcandidate: â€˜[01m[Ktemplate<class MessageT, class CallbackT, class AllocatorT, class SubscriptionT, class MessageMemoryStrategyT> std::shared_ptr<ROSMessageT> rclcpp::Node::create_subscription(const string&, const rclcpp::QoS&, CallbackT&&, const rclcpp::SubscriptionOptionsWithAllocator<AllocatorT>&, typename MessageMemoryStrategyT::SharedPtr)[m[Kâ€™
  219 |   [01;36m[Kcreate_subscription[m[K(
      |   [01;36m[K^~~~~~~~~~~~~~~~~~~[m[K
[01m[K/home/gkasha/ros2_humble/install/rclcpp/include/rclcpp/rclcpp/node.hpp:219:3:[m[K [01;36m[Knote: [m[K  template argument deduction/substitution failed:
In file included from [01m[K/home/gkasha/Documents/maae/src/auction/src/execution_interface.cpp:1[m[K:
[01m[K/home/gkasha/Documents/maae/src/auction/include/auction/execution_interface.hpp:121:83:[m[K [01;31m[Kerror: [m[Ktemplate argument 1 is invalid
  121 |    action_dispatch_ = [01;31m[Kthis->create_subscription<ma_interfaces::msg::Goal>([m[K
      |                       [01;31m[K~~~~~~~~~~~~~~~~~~~~~~~~~~~~~~~~~~~~~~~~~~~~~~~~~~~^[m[K

  122 | [01;31m[K           "action_dispatch_topic",[m[K
      |            [01;31m[K~~~~~~~~~~~~~~~~~~~~~~~~[m[K                                       

  123 | [01;31m[K           rclcpp::QoS(10),[m[K
      |            [01;31m[K~~~~~~~~~~~~~~~~[m[K                                               

  124 | [01;31m[K           std::bind([m[K
      |            [01;31m[K~~~~~~~~~~[m[K                                                     

  125 | [01;31m[K               &Executor::action_dispatch_cb,[m[K
      |                [01;31m[K~~~~~~~~~~~~~~~~~~~~~~~~~~~~~~[m[K                             

  126 | [01;31m[K               this,[m[K
      |                [01;31m[K~~~~~[m[K                                                      

  127 | [01;31m[K               std::placeholders::_1),[m[K
      |                [01;31m[K~~~~~~~~~~~~~~~~~~~~~~~[m[K                                    

  128 | [01;31m[K           action_dispatch_opt)[m[K;
      |            [01;31m[K~~~~~~~~~~~~~~~~~~~~[m[K                                           

[01m[K/home/gkasha/Documents/maae/src/auction/src/execution_interface.cpp:[m[K In function â€˜[01m[Kvoid action_dispatch_cb(ma_interfaces::msg::ActionDispatch)[m[Kâ€™:
[01m[K/home/gkasha/Documents/maae/src/auction/src/execution_interface.cpp:6:15:[m[K [01;31m[Kerror: [m[Kno match for â€˜[01m[Koperator[][m[Kâ€™ (operand types are â€˜[01m[Kint[m[Kâ€™ and â€˜[01m[Kstd::string[m[Kâ€™ {aka â€˜[01m[Kstd::__cxx11::basic_string<char>[m[Kâ€™})
    6 |     action_map[01;31m[K[[m[Ka_node->to_string()] = a_node;
      |               [01;31m[K^[m[K
In file included from [01m[K/home/gkasha/ros2_humble/install/rclcpp/include/rclcpp/rclcpp/client.hpp:40[m[K,
                 from [01m[K/home/gkasha/ros2_humble/install/rclcpp/include/rclcpp/rclcpp/callback_group.hpp:24[m[K,
                 from [01m[K/home/gkasha/ros2_humble/install/rclcpp/include/rclcpp/rclcpp/any_executable.hpp:20[m[K,
                 from [01m[K/home/gkasha/ros2_humble/install/rclcpp/include/rclcpp/rclcpp/memory_strategy.hpp:25[m[K,
                 from [01m[K/home/gkasha/ros2_humble/install/rclcpp/include/rclcpp/rclcpp/memory_strategies.hpp:18[m[K,
                 from [01m[K/home/gkasha/ros2_humble/install/rclcpp/include/rclcpp/rclcpp/executor_options.hpp:20[m[K,
                 from [01m[K/home/gkasha/ros2_humble/install/rclcpp/include/rclcpp/rclcpp/executor.hpp:37[m[K,
                 from [01m[K/home/gkasha/ros2_humble/install/rclcpp/include/rclcpp/rclcpp/executors/multi_threaded_executor.hpp:25[m[K,
                 from [01m[K/home/gkasha/ros2_humble/install/rclcpp/include/rclcpp/rclcpp/executors.hpp:21[m[K,
                 from [01m[K/home/gkasha/ros2_humble/install/rclcpp/include/rclcpp/rclcpp/rclcpp.hpp:155[m[K,
                 from [01m[K/home/gkasha/Documents/maae/src/auction/include/auction/execution_interface.hpp:5[m[K,
                 from [01m[K/home/gkasha/Documents/maae/src/auction/src/execution_interface.cpp:1[m[K:
[01m[K/home/gkasha/Documents/maae/src/auction/src/execution_interface.cpp:8:17:[m[K [01;31m[Kerror: [m[Kinvalid use of â€˜[01m[Kthis[m[Kâ€™ in non-member function
    8 |     RCLCPP_INFO([01;31m[Kthis[m[K->get_logger(), "Added action to map: %s", a_node->to_string().c_str());
      |                 [01;31m[K^~~~[m[K
[01m[K/home/gkasha/Documents/maae/src/auction/src/execution_interface.cpp:8:17:[m[K [01;31m[Kerror: [m[Kinvalid use of â€˜[01m[Kthis[m[Kâ€™ in non-member function
[01m[K/home/gkasha/Documents/maae/src/auction/src/execution_interface.cpp:8:5:[m[K [01;31m[Kerror: [m[Ktemplate argument 1 is invalid
    8 |     [01;31m[KRCLCPP_INFO[m[K(this->get_logger(), "Added action to map: %s", a_node->to_string().c_str());
      |     [01;31m[K^~~~~~~~~~~[m[K
[01m[K/home/gkasha/Documents/maae/src/auction/src/execution_interface.cpp:8:5:[m[K [01;31m[Kerror: [m[Kâ€˜[01m[K<declaration error>[m[Kâ€™ is not a template [[01;31m[K]8;;https://gcc.gnu.org/onlinedocs/gcc/Warning-Options.html#index-fpermissive-fpermissive]8;;[m[K]
    8 |     [01;31m[KRCLCPP_INFO[m[K(this->get_logger(), "Added action to map: %s", a_node->to_string().c_str());
      |     [01;31m[K^~~~~~~~~~~[m[K
[01m[K/home/gkasha/Documents/maae/src/auction/src/execution_interface.cpp:8:5:[m[K [01;31m[Kerror: [m[Ktemplate argument 1 is invalid
    8 |     [01;31m[KRCLCPP_INFO[m[K(this->get_logger(), "Added action to map: %s", a_node->to_string().c_str());
      |     [01;31m[K^~~~~~~~~~~[m[K
[01m[K/home/gkasha/Documents/maae/src/auction/src/execution_interface.cpp:8:5:[m[K [01;31m[Kerror: [m[Kâ€˜[01m[K<declaration error>[m[Kâ€™ is not a template [[01;31m[K]8;;https://gcc.gnu.org/onlinedocs/gcc/Warning-Options.html#index-fpermissive-fpermissive]8;;[m[K]
    8 |     [01;31m[KRCLCPP_INFO[m[K(this->get_logger(), "Added action to map: %s", a_node->to_string().c_str());
      |     [01;31m[K^~~~~~~~~~~[m[K
[01m[K/home/gkasha/Documents/maae/src/auction/src/execution_interface.cpp:8:5:[m[K [01;31m[Kerror: [m[Ktemplate argument 1 is invalid
    8 |     [01;31m[KRCLCPP_INFO[m[K(this->get_logger(), "Added action to map: %s", a_node->to_string().c_str());
      |     [01;31m[K^~~~~~~~~~~[m[K
In file included from [01m[K/home/gkasha/ros2_humble/build/rclcpp/include/rclcpp/logging.hpp:24[m[K,
                 from [01m[K/home/gkasha/ros2_humble/install/rclcpp/include/rclcpp/rclcpp/client.hpp:40[m[K,
                 from [01m[K/home/gkasha/ros2_humble/install/rclcpp/include/rclcpp/rclcpp/callback_group.hpp:24[m[K,
                 from [01m[K/home/gkasha/ros2_humble/install/rclcpp/include/rclcpp/rclcpp/any_executable.hpp:20[m[K,
                 from [01m[K/home/gkasha/ros2_humble/install/rclcpp/include/rclcpp/rclcpp/memory_strategy.hpp:25[m[K,
                 from [01m[K/home/gkasha/ros2_humble/install/rclcpp/include/rclcpp/rclcpp/memory_strategies.hpp:18[m[K,
                 from [01m[K/home/gkasha/ros2_humble/install/rclcpp/include/rclcpp/rclcpp/executor_options.hpp:20[m[K,
                 from [01m[K/home/gkasha/ros2_humble/install/rclcpp/include/rclcpp/rclcpp/executor.hpp:37[m[K,
                 from [01m[K/home/gkasha/ros2_humble/install/rclcpp/include/rclcpp/rclcpp/executors/multi_threaded_executor.hpp:25[m[K,
                 from [01m[K/home/gkasha/ros2_humble/install/rclcpp/include/rclcpp/rclcpp/executors.hpp:21[m[K,
                 from [01m[K/home/gkasha/ros2_humble/install/rclcpp/include/rclcpp/rclcpp/rclcpp.hpp:155[m[K,
                 from [01m[K/home/gkasha/Documents/maae/src/auction/include/auction/execution_interface.hpp:5[m[K,
                 from [01m[K/home/gkasha/Documents/maae/src/auction/src/execution_interface.cpp:1[m[K:
[01m[K/home/gkasha/Documents/maae/src/auction/src/execution_interface.cpp:8:17:[m[K [01;31m[Kerror: [m[Kinvalid use of â€˜[01m[Kthis[m[Kâ€™ in non-member function
    8 |     RCLCPP_INFO([01;31m[Kthis[m[K->get_logger(), "Added action to map: %s", a_node->to_string().c_str());
      |                 [01;31m[K^~~~[m[K
[01m[K/home/gkasha/Documents/maae/src/auction/src/execution_interface.cpp:8:17:[m[K [01;31m[Kerror: [m[Kinvalid use of â€˜[01m[Kthis[m[Kâ€™ in non-member function
    8 |     RCLCPP_INFO([01;31m[Kthis[m[K->get_logger(), "Added action to map: %s", a_node->to_string().c_str());
      |                 [01;31m[K^~~~[m[K
gmake[2]: *** [CMakeFiles/execution_interface.dir/build.make:76: CMakeFiles/execution_interface.dir/src/execution_interface.cpp.o] Error 1
gmake[1]: *** [CMakeFiles/Makefile2:143: CMakeFiles/execution_interface.dir/all] Error 2
gmake[1]: *** Waiting for unfinished jobs....
gmake: *** [Makefile:146: all] Error 2
