[01m[K/home/gkasha/Documents/maae/src/auction/src/agent.cpp:[m[K In member function â€˜[01m[Kbool Agent::schedule_task(ma_interfaces::msg::Task&)[m[Kâ€™:
[01m[K/home/gkasha/Documents/maae/src/auction/src/agent.cpp:379:47:[m[K [01;31m[Kerror: [m[Kâ€˜[01m[Kitoa[m[Kâ€™ was not declared in this scope
  379 |     stn.gen_dot_file("agent_" + id_ + "_t=" + [01;31m[Kitoa[m[K(curr_time_));
      |                                               [01;31m[K^~~~[m[K
gmake[2]: *** [CMakeFiles/agent.dir/build.make:76: CMakeFiles/agent.dir/src/agent.cpp.o] Error 1
gmake[1]: *** [CMakeFiles/Makefile2:197: CMakeFiles/agent.dir/all] Error 2
gmake: *** [Makefile:146: all] Error 2
