[01m[K/home/gkasha/Documents/maae/src/auction/src/agent.cpp:[m[K In member function â€˜[01m[Kvoid Agent::clock_cb(std_msgs::msg::Int64_<std::allocator<void> >::SharedPtr)[m[Kâ€™:
[01m[K/home/gkasha/Documents/maae/src/auction/src/agent.cpp:64:9:[m[K [01;31m[Kerror: [m[Kâ€˜[01m[Kclass STN[m[Kâ€™ has no member named â€˜[01m[Kdelete_constraint[m[Kâ€™; did you mean â€˜[01m[Kdel_constraint[m[Kâ€™?
   64 |     stn.[01;31m[Kdelete_constraint[m[K("now_constraint");
      |         [01;31m[K^~~~~~~~~~~~~~~~~[m[K
      |         [32m[Kdel_constraint[m[K
[01m[K/home/gkasha/Documents/maae/src/auction/src/agent.cpp:67:19:[m[K [01;31m[Kerror: [m[Kâ€˜[01m[Ktimeline_[m[Kâ€™ was not declared in this scope; did you mean â€˜[01m[Ktimeline[m[Kâ€™?
   67 |     TNode* curr = [01;31m[Ktimeline_[m[K;
      |                   [01;31m[K^~~~~~~~~[m[K
      |                   [32m[Ktimeline[m[K
[01m[K/home/gkasha/Documents/maae/src/auction/src/agent.cpp:99:9:[m[K [01;31m[Kerror: [m[Kâ€˜[01m[KROS_INFO[m[Kâ€™ was not declared in this scope
   99 |         [01;31m[KROS_INFO[m[K(rclcpp::get_logger("rclcpp"), "Unable to add now constraint");
      |         [01;31m[K^~~~~~~~[m[K
gmake[2]: *** [CMakeFiles/agent.dir/build.make:76: CMakeFiles/agent.dir/src/agent.cpp.o] Error 1
gmake[1]: *** [CMakeFiles/Makefile2:197: CMakeFiles/agent.dir/all] Error 2
gmake: *** [Makefile:146: all] Error 2
