[ 18%] Built target goal_manager
[ 36%] Built target execution_interface
[ 45%] [32mBuilding CXX object CMakeFiles/agent.dir/src/agent.cpp.o[0m
[ 63%] Built target client
[ 81%] Built target clock
[01m[K/home/gkasha/Documents/maae/src/auction/src/agent.cpp:64:6:[m[K [01;31m[Kerror: [m[Kno declaration matches â€˜[01m[Kvoid Agent::gen_timeline_dot(std::string)[m[Kâ€™
   64 | void [01;31m[KAgent[m[K::gen_timeline_dot(std::string filename) {
      |      [01;31m[K^~~~~[m[K
[01m[K/home/gkasha/Documents/maae/src/auction/src/agent.cpp:64:6:[m[K [01;36m[Knote: [m[Kno functions named â€˜[01m[Kvoid Agent::gen_timeline_dot(std::string)[m[Kâ€™
In file included from [01m[K/home/gkasha/Documents/maae/src/auction/src/agent.cpp:1[m[K:
[01m[K/home/gkasha/Documents/maae/src/auction/include/auction/agent.hpp:48:7:[m[K [01;36m[Knote: [m[Kâ€˜[01m[Kclass Agent[m[Kâ€™ defined here
   48 | class [01;36m[KAgent[m[K : public rclcpp::Node
      |       [01;36m[K^~~~~[m[K
[01m[K/home/gkasha/Documents/maae/src/auction/src/agent.cpp:[m[K In member function â€˜[01m[Kvoid Agent::new_tasks_cb(ma_interfaces::msg::Task)[m[Kâ€™:
[01m[K/home/gkasha/Documents/maae/src/auction/src/agent.cpp:611:13:[m[K [01;31m[Kerror: [m[Kâ€˜[01m[Kgen_timeline_dot[m[Kâ€™ was not declared in this scope
  611 |             [01;31m[Kgen_timeline_dot[m[K("/home/gkasha/Documents/maae/data/dot_files/agent_timeline_" + id_ + "_t_" + std::to_string(curr_time_) + ".dot");
      |             [01;31m[K^~~~~~~~~~~~~~~~[m[K
[01m[K/home/gkasha/Documents/maae/src/auction/src/agent.cpp:[m[K In member function â€˜[01m[Kvoid Agent::action_feedback_cb(ma_interfaces::msg::ActionFeedback)[m[Kâ€™:
[01m[K/home/gkasha/Documents/maae/src/auction/src/agent.cpp:727:17:[m[K [01;31m[Kerror: [m[Kâ€˜[01m[Kgen_timeline_dot[m[Kâ€™ was not declared in this scope
  727 |                 [01;31m[Kgen_timeline_dot[m[K("/home/gkasha/Documents/maae/data/dot_files/agent_timeline_" + id_ + "_t_" + std::to_string(curr_time_) + ".dot");
      |                 [01;31m[K^~~~~~~~~~~~~~~~[m[K
gmake[2]: *** [CMakeFiles/agent.dir/build.make:76: CMakeFiles/agent.dir/src/agent.cpp.o] Error 1
gmake[1]: *** [CMakeFiles/Makefile2:197: CMakeFiles/agent.dir/all] Error 2
gmake: *** [Makefile:146: all] Error 2
