[0.057s] Invoking command in '/home/gkasha/Documents/maae/build/auction': AMENT_PREFIX_PATH=/home/gkasha/Documents/maae/install/ma_interfaces:${AMENT_PREFIX_PATH} CMAKE_PREFIX_PATH=/home/gkasha/Documents/maae/install/ma_interfaces:/home/gkasha/ros2_humble/install/rosbag2_storage_mcap:/home/gkasha/ros2_humble/install/rosbag2:/home/gkasha/ros2_humble/install/rosbag2_compression_zstd:/home/gkasha/ros2_humble/install/mcap_vendor:/home/gkasha/ros2_humble/install/zstd_vendor:/home/gkasha/ros2_humble/install/rviz_visual_testing_framework:/home/gkasha/ros2_humble/install/rviz2:/home/gkasha/ros2_humble/install/rviz_default_plugins:/home/gkasha/ros2_humble/install/rviz_common:/home/gkasha/ros2_humble/install/rosbag2_py:/home/gkasha/ros2_humble/install/rosbag2_transport:/home/gkasha/ros2_humble/install/rosbag2_performance_benchmarking:/home/gkasha/ros2_humble/install/rosbag2_compression:/home/gkasha/ros2_humble/install/rosbag2_cpp:/home/gkasha/ros2_humble/install/rosbag2_storage_default_plugins:/home/gkasha/ros2_humble/install/rosbag2_storage:/home/gkasha/ros2_humble/install/image_common:/home/gkasha/ros2_humble/install/camera_info_manager:/home/gkasha/ros2_humble/install/camera_calibration_parsers:/home/gkasha/ros2_humble/install/yaml_cpp_vendor:/home/gkasha/ros2_humble/install/interactive_markers:/home/gkasha/ros2_humble/install/common_interfaces:/home/gkasha/ros2_humble/install/visualization_msgs:/home/gkasha/ros2_humble/install/dummy_robot_bringup:/home/gkasha/ros2_humble/install/robot_state_publisher:/home/gkasha/ros2_humble/install/kdl_parser:/home/gkasha/ros2_humble/install/urdf:/home/gkasha/ros2_humble/install/urdfdom:/home/gkasha/ros2_humble/install/urdf_parser_plugin:/home/gkasha/ros2_humble/install/urdfdom_headers:/home/gkasha/ros2_humble/install/turtlesim:/home/gkasha/ros2_humble/install/geometry2:/home/gkasha/ros2_humble/install/tf2_sensor_msgs:/home/gkasha/ros2_humble/install/test_tf2:/home/gkasha/ros2_humble/install/tf2_kdl:/home/gkasha/ros2_humble/install/tf2_geometry_msgs:/home/gkasha/ros2_humble/install/tf2_eigen:/home/gkasha/ros2_humble/install/tf2_bullet:/home/gkasha/ros2_humble/install/tf2_ros:/home/gkasha/ros2_humble/install/tf2_py:/home/gkasha/ros2_humble/install/tf2_msgs:/home/gkasha/ros2_humble/install/test_msgs:/home/gkasha/ros2_humble/install/sros2_cmake:/home/gkasha/ros2_humble/install/ros2cli_common_extensions:/home/gkasha/ros2_humble/install/rqt_py_common:/home/gkasha/ros2_humble/install/ros_testing:/home/gkasha/ros2_humble/install/ros2cli_test_interfaces:/home/gkasha/ros2_humble/install/quality_of_service_demo_cpp:/home/gkasha/ros2_humble/install/image_transport:/home/gkasha/ros2_humble/install/message_filters:/home/gkasha/ros2_humble/install/demo_nodes_cpp:/home/gkasha/ros2_humble/install/composition:/home/gkasha/ros2_humble/install/laser_geometry:/home/gkasha/ros2_humble/install/rclpy:/home/gkasha/ros2_humble/install/examples_rclcpp_minimal_action_server:/home/gkasha/ros2_humble/install/examples_rclcpp_minimal_action_client:/home/gkasha/ros2_humble/install/action_tutorials_cpp:/home/gkasha/ros2_humble/install/rclcpp_action:/home/gkasha/ros2_humble/install/rcl_action:/home/gkasha/ros2_humble/install/examples_rclcpp_wait_set:/home/gkasha/ros2_humble/install/examples_rclcpp_minimal_service:/home/gkasha/ros2_humble/install/examples_rclcpp_minimal_client:/home/gkasha/ros2_humble/install/examples_rclcpp_async_client:/home/gkasha/ros2_humble/install/example_interfaces:/home/gkasha/ros2_humble/install/action_tutorials_interfaces:/home/gkasha/ros2_humble/install/action_msgs:/home/gkasha/ros2_humble/install/unique_identifier_msgs:/home/gkasha/ros2_humble/install/ament_lint_common:/home/gkasha/ros2_humble/install/ament_cmake_uncrustify:/home/gkasha/ros2_humble/install/uncrustify_vendor:/home/gkasha/ros2_humble/install/trajectory_msgs:/home/gkasha/ros2_humble/install/topic_statistics_demo:/home/gkasha/ros2_humble/install/pendulum_control:/home/gkasha/ros2_humble/install/tlsf_cpp:/home/gkasha/ros2_humble/install/test_tracetools:/home/gkasha/ros2_humble/install/rqt_gui_cpp:/home/gkasha/ros2_humble/install/rosbag2_test_common:/home/gkasha/ros2_humble/install/ros2lifecycle_test_fixtures:/home/gkasha/ros2_humble/install/lifecycle:/home/gkasha/ros2_humble/install/rclcpp_lifecycle:/home/gkasha/ros2_humble/install/logging_demo:/home/gkasha/ros2_humble/install/image_tools:/home/gkasha/ros2_humble/install/examples_rclcpp_minimal_subscriber:/home/gkasha/ros2_humble/install/examples_rclcpp_minimal_composition:/home/gkasha/ros2_humble/install/demo_nodes_cpp_native:/home/gkasha/ros2_humble/install/rclcpp_components:/home/gkasha/ros2_humble/install/intra_process_demo:/home/gkasha/ros2_humble/install/examples_rclcpp_multithreaded_executor:/home/gkasha/ros2_humble/install/examples_rclcpp_minimal_timer:/home/gkasha/ros2_humble/install/examples_rclcpp_minimal_publisher:/home/gkasha/ros2_humble/install/examples_rclcpp_cbg_executor:/home/gkasha/ros2_humble/install/dummy_sensors:/home/gkasha/ros2_humble/install/dummy_map_server:/home/gkasha/ros2_humble/install/rclcpp:/home/gkasha/ros2_humble/install/rcl_lifecycle:/home/gkasha/ros2_humble/install/libstatistics_collector:/home/gkasha/ros2_humble/install/rcl:/home/gkasha/ros2_humble/install/rmw_implementation:/home/gkasha/ros2_humble/install/rmw_fastrtps_dynamic_cpp:/home/gkasha/ros2_humble/install/rmw_fastrtps_cpp:/home/gkasha/ros2_humble/install/rmw_fastrtps_shared_cpp:/home/gkasha/ros2_humble/install/rmw_cyclonedds_cpp:/home/gkasha/ros2_humble/install/tracetools:/home/gkasha/ros2_humble/install/tlsf:/home/gkasha/ros2_humble/install/tinyxml_vendor:/home/gkasha/ros2_humble/install/qt_gui_core:/home/gkasha/ros2_humble/install/qt_gui_cpp:/home/gkasha/ros2_humble/install/pluginlib:/home/gkasha/ros2_humble/install/tinyxml2_vendor:/home/gkasha/ros2_humble/install/tf2_eigen_kdl:/home/gkasha/ros2_humble/install/tf2:/home/gkasha/ros2_humble/install/test_security:/home/gkasha/ros2_humble/install/test_rmw_implementation:/home/gkasha/ros2_humble/install/test_rclcpp:/home/gkasha/ros2_humble/install/test_quality_of_service:/home/gkasha/ros2_humble/install/test_launch_testing:/home/gkasha/ros2_humble/install/test_interface_files:/home/gkasha/ros2_humble/install/test_communication:/home/gkasha/ros2_humble/install/test_cli_remapping:/home/gkasha/ros2_humble/install/test_cli:/home/gkasha/ros2_humble/install/qt_gui_app:/home/gkasha/ros2_humble/install/qt_gui:/home/gkasha/ros2_humble/install/tango_icons_vendor:/home/gkasha/ros2_humble/install/stereo_msgs:/home/gkasha/ros2_humble/install/std_srvs:/home/gkasha/ros2_humble/install/shape_msgs:/home/gkasha/ros2_humble/install/map_msgs:/home/gkasha/ros2_humble/install/sensor_msgs:/home/gkasha/ros2_humble/install/nav_msgs:/home/gkasha/ros2_humble/install/diagnostic_msgs:/home/gkasha/ros2_humble/install/geometry_msgs:/home/gkasha/ros2_humble/install/actionlib_msgs:/home/gkasha/ros2_humble/install/std_msgs:/home/gkasha/ros2_humble/install/statistics_msgs:/home/gkasha/ros2_humble/install/sqlite3_vendor:/home/gkasha/ros2_humble/install/rcl_logging_spdlog:/home/gkasha/ros2_humble/install/spdlog_vendor:/home/gkasha/ros2_humble/install/shared_queues_vendor:/home/gkasha/ros2_humble/install/rviz_rendering_tests:/home/gkasha/ros2_humble/install/rviz_rendering:/home/gkasha/ros2_humble/install/rviz_ogre_vendor:/home/gkasha/ros2_humble/install/rviz_assimp_vendor:/home/gkasha/ros2_humble/install/rttest:/home/gkasha/ros2_humble/install/rmw_connextddsmicro:/home/gkasha/ros2_humble/install/rmw_connextdds:/home/gkasha/ros2_humble/install/rmw_connextdds_common:/home/gkasha/ros2_humble/install/rti_connext_dds_cmake_module:/home/gkasha/ros2_humble/install/rosgraph_msgs:/home/gkasha/ros2_humble/install/rosbag2_interfaces:/home/gkasha/ros2_humble/install/rmw_dds_common:/home/gkasha/ros2_humble/install/composition_interfaces:/home/gkasha/ros2_humble/install/rcl_interfaces:/home/gkasha/ros2_humble/install/pendulum_msgs:/home/gkasha/ros2_humble/install/lifecycle_msgs:/home/gkasha/ros2_humble/install/builtin_interfaces:/home/gkasha/ros2_humble/install/rosidl_default_runtime:/home/gkasha/ros2_humble/install/rosidl_default_generators:/home/gkasha/ros2_humble/install/rosidl_generator_py:/home/gkasha/ros2_humble/install/rosidl_typesupport_introspection_tests:/home/gkasha/ros2_humble/install/rosidl_typesupport_cpp:/home/gkasha/ros2_humble/install/rosidl_typesupport_introspection_cpp:/home/gkasha/ros2_humble/install/rosidl_typesupport_c:/home/gkasha/ros2_humble/install/rosidl_typesupport_introspection_c:/home/gkasha/ros2_humble/install/rosidl_typesupport_fastrtps_c:/home/gkasha/ros2_humble/install/rosidl_typesupport_fastrtps_cpp:/home/gkasha/ros2_humble/install/rosidl_generator_cpp:/home/gkasha/ros2_humble/install/rosidl_runtime_cpp:/home/gkasha/ros2_humble/install/rcl_yaml_param_parser:/home/gkasha/ros2_humble/install/rmw:/home/gkasha/ros2_humble/install/rosidl_runtime_c:/home/gkasha/ros2_humble/install/rosidl_generator_c:/home/gkasha/ros2_humble/install/rosidl_typesupport_interface:/home/gkasha/ros2_humble/install/rosidl_generator_dds_idl:/home/gkasha/ros2_humble/install/rosidl_cmake:/home/gkasha/ros2_humble/install/rosidl_parser:/home/gkasha/ros2_humble/install/rosidl_adapter:/home/gkasha/ros2_humble/install/rosbag2_tests:/home/gkasha/ros2_humble/install/rosbag2_storage_mcap_testdata:/home/gkasha/ros2_humble/install/ros_environment:/home/gkasha/ros2_humble/install/rmw_implementation_cmake:/home/gkasha/ros2_humble/install/resource_retriever:/home/gkasha/ros2_humble/install/class_loader:/home/gkasha/ros2_humble/install/rcpputils:/home/gkasha/ros2_humble/install/rcl_logging_noop:/home/gkasha/ros2_humble/install/rcl_logging_interface:/home/gkasha/ros2_humble/install/rcutils:/home/gkasha/ros2_humble/install/qt_gui_py_common:/home/gkasha/ros2_humble/install/qt_dotgraph:/home/gkasha/ros2_humble/install/python_qt_binding:/home/gkasha/ros2_humble/install/python_orocos_kdl_vendor:/home/gkasha/ros2_humble/install/launch_testing_ament_cmake:/home/gkasha/ros2_humble/install/python_cmake_module:/home/gkasha/ros2_humble/install/pybind11_vendor:/home/gkasha/ros2_humble/install/performance_test_fixture:/home/gkasha/ros2_humble/install/osrf_testing_tools_cpp:/home/gkasha/ros2_humble/install/orocos_kdl_vendor:/home/gkasha/ros2_humble/install/mimick_vendor:/home/gkasha/ros2_humble/install/libyaml_vendor:/home/gkasha/ros2_humble/install/libcurl_vendor:/home/gkasha/ros2_humble/install/keyboard_handler:/home/gkasha/ros2_humble/install/cyclonedds:/home/gkasha/ros2_humble/install/iceoryx_posh:/home/gkasha/ros2_humble/install/iceoryx_hoofs:/home/gkasha/ros2_humble/install/iceoryx_binding_c:/home/gkasha/ros2_humble/install/ament_cmake_ros:/home/gkasha/ros2_humble/install/ament_cmake_gmock:/home/gkasha/ros2_humble/install/gmock_vendor:/home/gkasha/ros2_humble/install/ament_cmake_auto:/home/gkasha/ros2_humble/install/ament_cmake_gtest:/home/gkasha/ros2_humble/install/gtest_vendor:/home/gkasha/ros2_humble/install/ament_cmake_google_benchmark:/home/gkasha/ros2_humble/install/google_benchmark_vendor:/home/gkasha/ros2_humble/install/fastrtps:/home/gkasha/ros2_humble/install/foonathan_memory_vendor:/home/gkasha/ros2_humble/install/fastrtps_cmake_module:/home/gkasha/ros2_humble/install/fastcdr:/home/gkasha/ros2_humble/install/eigen3_cmake_module:/home/gkasha/ros2_humble/install/console_bridge_vendor:/home/gkasha/ros2_humble/install/ament_cmake_xmllint:/home/gkasha/ros2_humble/install/ament_cmake_pyflakes:/home/gkasha/ros2_humble/install/ament_cmake_pycodestyle:/home/gkasha/ros2_humble/install/ament_cmake_pep257:/home/gkasha/ros2_humble/install/ament_cmake_pclint:/home/gkasha/ros2_humble/install/ament_lint_auto:/home/gkasha/ros2_humble/install/ament_cmake:/home/gkasha/ros2_humble/install/ament_cmake_version:/home/gkasha/ros2_humble/install/ament_cmake_pytest:/home/gkasha/ros2_humble/install/ament_cmake_nose:/home/gkasha/ros2_humble/install/ament_cmake_mypy:/home/gkasha/ros2_humble/install/ament_cmake_lint_cmake:/home/gkasha/ros2_humble/install/ament_cmake_flake8:/home/gkasha/ros2_humble/install/ament_cmake_cpplint:/home/gkasha/ros2_humble/install/ament_cmake_cppcheck:/home/gkasha/ros2_humble/install/ament_cmake_copyright:/home/gkasha/ros2_humble/install/ament_cmake_clang_tidy:/home/gkasha/ros2_humble/install/ament_cmake_clang_format:/home/gkasha/ros2_humble/install/ament_cmake_test:/home/gkasha/ros2_humble/install/ament_cmake_target_dependencies:/home/gkasha/ros2_humble/install/ament_cmake_python:/home/gkasha/ros2_humble/install/ament_cmake_export_dependencies:/home/gkasha/ros2_humble/install/ament_cmake_libraries:/home/gkasha/ros2_humble/install/ament_cmake_include_directories:/home/gkasha/ros2_humble/install/ament_cmake_gen_version_h:/home/gkasha/ros2_humble/install/ament_cmake_export_targets:/home/gkasha/ros2_humble/install/ament_cmake_export_link_flags:/home/gkasha/ros2_humble/install/ament_cmake_export_interfaces:/home/gkasha/ros2_humble/install/ament_cmake_export_libraries:/home/gkasha/ros2_humble/install/ament_cmake_export_include_directories:/home/gkasha/ros2_humble/install/ament_cmake_export_definitions:/home/gkasha/ros2_humble/install/ament_cmake_core:/home/gkasha/ros2_humble/install/ament_index_cpp:/home/gkasha/ros2_humble/install/rqt_bag_plugins:/home/gkasha/ros2_humble/install/rqt_bag:/home/gkasha/ros2_humble/install/ros2bag:/home/gkasha/ros2_humble/install/tracetools_test:/home/gkasha/ros2_humble/install/tracetools_launch:/home/gkasha/ros2_humble/install/topic_monitor:/home/gkasha/ros2_humble/install/tf2_tools:/home/gkasha/ros2_humble/install/examples_tf2_py:/home/gkasha/ros2_humble/install/tf2_ros_py:/home/gkasha/ros2_humble/install/sros2:/home/gkasha/ros2_humble/install/rqt_topic:/home/gkasha/ros2_humble/install/rqt_srv:/home/gkasha/ros2_humble/install/rqt_shell:/home/gkasha/ros2_humble/install/rqt_service_caller:/home/gkasha/ros2_humble/install/rqt_reconfigure:/home/gkasha/ros2_humble/install/rqt_py_console:/home/gkasha/ros2_humble/install/rqt_publisher:/home/gkasha/ros2_humble/install/rqt_plot:/home/gkasha/ros2_humble/install/rqt_action:/home/gkasha/ros2_humble/install/rqt_msg:/home/gkasha/ros2_humble/install/rqt_console:/home/gkasha/ros2_humble/install/rqt:/home/gkasha/ros2_humble/install/rqt_graph:/home/gkasha/ros2_humble/install/rqt_gui_py:/home/gkasha/ros2_humble/install/rqt_gui:/home/gkasha/ros2_humble/install/ros2trace:/home/gkasha/ros2_humble/install/ros2topic:/home/gkasha/ros2_humble/install/ros2test:/home/gkasha/ros2_humble/install/ros2component:/home/gkasha/ros2_humble/install/ros2param:/home/gkasha/ros2_humble/install/ros2lifecycle:/home/gkasha/ros2_humble/install/ros2service:/home/gkasha/ros2_humble/install/ros2run:/home/gkasha/ros2_humble/install/ros2launch:/home/gkasha/ros2_humble/install/ros2pkg:/home/gkasha/ros2_humble/install/ros2node:/home/gkasha/ros2_humble/install/ros2multicast:/home/gkasha/ros2_humble/install/ros2interface:/home/gkasha/ros2_humble/install/ros2doctor:/home/gkasha/ros2_humble/install/ros2action:/home/gkasha/ros2_humble/install/ros2cli:/home/gkasha/ros2_humble/install/quality_of_service_demo_py:/home/gkasha/ros2_humble/install/lifecycle_py:/home/gkasha/ros2_humble/install/launch_testing_ros:/home/gkasha/ros2_humble/install/launch_ros:/home/gkasha/ros2_humble/install/examples_rclpy_pointcloud_publisher:/home/gkasha/ros2_humble/install/examples_rclpy_minimal_subscriber:/home/gkasha/ros2_humble/install/examples_rclpy_minimal_service:/home/gkasha/ros2_humble/install/examples_rclpy_minimal_publisher:/home/gkasha/ros2_humble/install/examples_rclpy_minimal_client:/home/gkasha/ros2_humble/install/examples_rclpy_minimal_action_server:/home/gkasha/ros2_humble/install/examples_rclpy_minimal_action_client:/home/gkasha/ros2_humble/install/examples_rclpy_guard_conditions:/home/gkasha/ros2_humble/install/examples_rclpy_executors:/home/gkasha/ros2_humble/install/demo_nodes_py:/home/gkasha/ros2_humble/install/action_tutorials_py:/home/gkasha/ros2_humble/install/ament_uncrustify:/home/gkasha/ros2_humble/install/tracetools_trace:/home/gkasha/ros2_humble/install/tracetools_read:/home/gkasha/ros2_humble/install/test_tracetools_launch:/home/gkasha/ros2_humble/install/test_launch_ros:/home/gkasha/ros2_humble/install/sensor_msgs_py:/home/gkasha/ros2_humble/install/rpyutils:/home/gkasha/ros2_humble/install/rosidl_runtime_py:/home/gkasha/ros2_humble/install/rosidl_cli:/home/gkasha/ros2_humble/install/launch_pytest:/home/gkasha/ros2_humble/install/launch_testing:/home/gkasha/ros2_humble/install/launch_yaml:/home/gkasha/ros2_humble/install/launch_xml:/home/gkasha/ros2_humble/install/launch:/home/gkasha/ros2_humble/install/osrf_pycommon:/home/gkasha/ros2_humble/install/launch_testing_examples:/home/gkasha/ros2_humble/install/domain_coordinator:/home/gkasha/ros2_humble/install/ament_xmllint:/home/gkasha/ros2_humble/install/ament_pyflakes:/home/gkasha/ros2_humble/install/ament_pycodestyle:/home/gkasha/ros2_humble/install/ament_pep257:/home/gkasha/ros2_humble/install/ament_pclint:/home/gkasha/ros2_humble/install/ament_package:/home/gkasha/ros2_humble/install/ament_mypy:/home/gkasha/ros2_humble/install/ament_lint_cmake:/home/gkasha/ros2_humble/install/ament_flake8:/home/gkasha/ros2_humble/install/ament_copyright:/home/gkasha/ros2_humble/install/ament_lint:/home/gkasha/ros2_humble/install/ament_index_python:/home/gkasha/ros2_humble/install/ament_cpplint:/home/gkasha/ros2_humble/install/ament_cppcheck:/home/gkasha/ros2_humble/install/ament_clang_tidy:/home/gkasha/ros2_humble/install/ament_clang_format LD_LIBRARY_PATH=/home/gkasha/Documents/maae/install/ma_interfaces/lib:${LD_LIBRARY_PATH} PYTHONPATH=/home/gkasha/Documents/maae/install/ma_interfaces/local/lib/python3.10/dist-packages:${PYTHONPATH} /usr/bin/cmake --build /home/gkasha/Documents/maae/build/auction -- -j4 -l4
[0.193s] [35m[1mConsolidate compiler generated dependencies of target execution_interface[0m
[0.231s] [ 22%] Built target client
[0.231s] [ 55%] Built target agent
[0.242s] [ 77%] Built target goal_manager
[0.243s] [ 88%] [32mBuilding CXX object CMakeFiles/execution_interface.dir/src/execution_interface.cpp.o[0m
[2.510s] In file included from [01m[K/home/gkasha/Documents/maae/src/auction/src/execution_interface.cpp:1[m[K:
[2.511s] [01m[K/home/gkasha/Documents/maae/src/auction/include/auction/execution_interface.hpp:[m[K In lambda function:
[2.512s] [01m[K/home/gkasha/Documents/maae/src/auction/include/auction/execution_interface.hpp:106:50:[m[K [01;31m[Kerror: [m[Kno match for ‘[01m[Koperator<[m[K’ (operand types are ‘[01m[Kstd::chrono::duration<double>[m[K’ and ‘[01m[Kfloat[m[K’)
[2.512s]   106 |                             if (!([32m[Kexecution_span[m[K [01;31m[K<[m[K [34m[Kaction->get_duration()[m[K)) {
[2.512s]       |                                   [32m[K~~~~~~~~~~~~~~[m[K [01;31m[K^[m[K [34m[K~~~~~~~~~~~~~~~~~~~~~~[m[K
[2.513s]       |                                   [32m[K|[m[K                                    [34m[K|[m[K
[2.513s]       |                                   [32m[Kstd::chrono::duration<double>[m[K        [34m[Kfloat[m[K
[2.514s] In file included from [01m[K/usr/include/c++/11/bits/stl_algobase.h:64[m[K,
[2.514s]                  from [01m[K/usr/include/c++/11/memory:63[m[K,
[2.514s]                  from [01m[K/home/gkasha/ros2_humble/install/rclcpp/include/rclcpp/rclcpp/rclcpp.hpp:153[m[K,
[2.514s]                  from [01m[K/home/gkasha/Documents/maae/src/auction/include/auction/execution_interface.hpp:5[m[K,
[2.514s]                  from [01m[K/home/gkasha/Documents/maae/src/auction/src/execution_interface.cpp:1[m[K:
[2.514s] [01m[K/usr/include/c++/11/bits/stl_pair.h:489:5:[m[K [01;36m[Knote: [m[Kcandidate: ‘[01m[Ktemplate<class _T1, class _T2> constexpr bool std::operator<(const std::pair<_T1, _T2>&, const std::pair<_T1, _T2>&)[m[K’
[2.515s]   489 |     [01;36m[Koperator[m[K<(const pair<_T1, _T2>& __x, const pair<_T1, _T2>& __y)
[2.515s]       |     [01;36m[K^~~~~~~~[m[K
[2.515s] [01m[K/usr/include/c++/11/bits/stl_pair.h:489:5:[m[K [01;36m[Knote: [m[K  template argument deduction/substitution failed:
[2.515s] In file included from [01m[K/home/gkasha/Documents/maae/src/auction/src/execution_interface.cpp:1[m[K:
[2.515s] [01m[K/home/gkasha/Documents/maae/src/auction/include/auction/execution_interface.hpp:106:73:[m[K [01;36m[Knote: [m[K  ‘[01m[Kstd::chrono::duration<double>[m[K’ is not derived from ‘[01m[Kconst std::pair<_T1, _T2>[m[K’
[2.515s]   106 |                          if (!(execution_span < action->get_duration([01;36m[K)[m[K)) {
[2.515s]       |                                                                      [01;36m[K^[m[K
[2.515s] 
[2.516s] In file included from [01m[K/usr/include/c++/11/bits/stl_algobase.h:67[m[K,
[2.516s]                  from [01m[K/usr/include/c++/11/memory:63[m[K,
[2.516s]                  from [01m[K/home/gkasha/ros2_humble/install/rclcpp/include/rclcpp/rclcpp/rclcpp.hpp:153[m[K,
[2.516s]                  from [01m[K/home/gkasha/Documents/maae/src/auction/include/auction/execution_interface.hpp:5[m[K,
[2.516s]                  from [01m[K/home/gkasha/Documents/maae/src/auction/src/execution_interface.cpp:1[m[K:
[2.516s] [01m[K/usr/include/c++/11/bits/stl_iterator.h:425:5:[m[K [01;36m[Knote: [m[Kcandidate: ‘[01m[Ktemplate<class _Iterator> constexpr bool std::operator<(const std::reverse_iterator<_Iterator>&, const std::reverse_iterator<_Iterator>&)[m[K’
[2.516s]   425 |     [01;36m[Koperator[m[K<(const reverse_iterator<_Iterator>& __x,
[2.517s]       |     [01;36m[K^~~~~~~~[m[K
[2.517s] [01m[K/usr/include/c++/11/bits/stl_iterator.h:425:5:[m[K [01;36m[Knote: [m[K  template argument deduction/substitution failed:
[2.517s] In file included from [01m[K/home/gkasha/Documents/maae/src/auction/src/execution_interface.cpp:1[m[K:
[2.517s] [01m[K/home/gkasha/Documents/maae/src/auction/include/auction/execution_interface.hpp:106:73:[m[K [01;36m[Knote: [m[K  ‘[01m[Kstd::chrono::duration<double>[m[K’ is not derived from ‘[01m[Kconst std::reverse_iterator<_Iterator>[m[K’
[2.517s]   106 |                          if (!(execution_span < action->get_duration([01;36m[K)[m[K)) {
[2.517s]       |                                                                      [01;36m[K^[m[K
[2.517s] 
[2.518s] In file included from [01m[K/usr/include/c++/11/bits/stl_algobase.h:67[m[K,
[2.518s]                  from [01m[K/usr/include/c++/11/memory:63[m[K,
[2.518s]                  from [01m[K/home/gkasha/ros2_humble/install/rclcpp/include/rclcpp/rclcpp/rclcpp.hpp:153[m[K,
[2.518s]                  from [01m[K/home/gkasha/Documents/maae/src/auction/include/auction/execution_interface.hpp:5[m[K,
[2.518s]                  from [01m[K/home/gkasha/Documents/maae/src/auction/src/execution_interface.cpp:1[m[K:
[2.518s] [01m[K/usr/include/c++/11/bits/stl_iterator.h:464:5:[m[K [01;36m[Knote: [m[Kcandidate: ‘[01m[Ktemplate<class _IteratorL, class _IteratorR> constexpr bool std::operator<(const std::reverse_iterator<_Iterator>&, const std::reverse_iterator<_IteratorR>&)[m[K’
[2.518s]   464 |     [01;36m[Koperator[m[K<(const reverse_iterator<_IteratorL>& __x,
[2.518s]       |     [01;36m[K^~~~~~~~[m[K
[2.518s] [01m[K/usr/include/c++/11/bits/stl_iterator.h:464:5:[m[K [01;36m[Knote: [m[K  template argument deduction/substitution failed:
[2.518s] In file included from [01m[K/home/gkasha/Documents/maae/src/auction/src/execution_interface.cpp:1[m[K:
[2.518s] [01m[K/home/gkasha/Documents/maae/src/auction/include/auction/execution_interface.hpp:106:73:[m[K [01;36m[Knote: [m[K  ‘[01m[Kstd::chrono::duration<double>[m[K’ is not derived from ‘[01m[Kconst std::reverse_iterator<_Iterator>[m[K’
[2.519s]   106 |                          if (!(execution_span < action->get_duration([01;36m[K)[m[K)) {
[2.519s]       |                                                                      [01;36m[K^[m[K
[2.519s] 
[2.519s] In file included from [01m[K/usr/include/c++/11/bits/stl_algobase.h:67[m[K,
[2.519s]                  from [01m[K/usr/include/c++/11/memory:63[m[K,
[2.519s]                  from [01m[K/home/gkasha/ros2_humble/install/rclcpp/include/rclcpp/rclcpp/rclcpp.hpp:153[m[K,
[2.519s]                  from [01m[K/home/gkasha/Documents/maae/src/auction/include/auction/execution_interface.hpp:5[m[K,
[2.519s]                  from [01m[K/home/gkasha/Documents/maae/src/auction/src/execution_interface.cpp:1[m[K:
[2.519s] [01m[K/usr/include/c++/11/bits/stl_iterator.h:1557:5:[m[K [01;36m[Knote: [m[Kcandidate: ‘[01m[Ktemplate<class _IteratorL, class _IteratorR> constexpr bool std::operator<(const std::move_iterator<_IteratorL>&, const std::move_iterator<_IteratorR>&)[m[K’
[2.519s]  1557 |     [01;36m[Koperator[m[K<(const move_iterator<_IteratorL>& __x,
[2.519s]       |     [01;36m[K^~~~~~~~[m[K
[2.519s] [01m[K/usr/include/c++/11/bits/stl_iterator.h:1557:5:[m[K [01;36m[Knote: [m[K  template argument deduction/substitution failed:
[2.519s] In file included from [01m[K/home/gkasha/Documents/maae/src/auction/src/execution_interface.cpp:1[m[K:
[2.519s] [01m[K/home/gkasha/Documents/maae/src/auction/include/auction/execution_interface.hpp:106:73:[m[K [01;36m[Knote: [m[K  ‘[01m[Kstd::chrono::duration<double>[m[K’ is not derived from ‘[01m[Kconst std::move_iterator<_IteratorL>[m[K’
[2.520s]   106 |                          if (!(execution_span < action->get_duration([01;36m[K)[m[K)) {
[2.520s]       |                                                                      [01;36m[K^[m[K
[2.520s] 
[2.520s] In file included from [01m[K/usr/include/c++/11/bits/stl_algobase.h:67[m[K,
[2.520s]                  from [01m[K/usr/include/c++/11/memory:63[m[K,
[2.520s]                  from [01m[K/home/gkasha/ros2_humble/install/rclcpp/include/rclcpp/rclcpp/rclcpp.hpp:153[m[K,
[2.520s]                  from [01m[K/home/gkasha/Documents/maae/src/auction/include/auction/execution_interface.hpp:5[m[K,
[2.520s]                  from [01m[K/home/gkasha/Documents/maae/src/auction/src/execution_interface.cpp:1[m[K:
[2.520s] [01m[K/usr/include/c++/11/bits/stl_iterator.h:1613:5:[m[K [01;36m[Knote: [m[Kcandidate: ‘[01m[Ktemplate<class _Iterator> constexpr bool std::operator<(const std::move_iterator<_IteratorL>&, const std::move_iterator<_IteratorL>&)[m[K’
[2.520s]  1613 |     [01;36m[Koperator[m[K<(const move_iterator<_Iterator>& __x,
[2.520s]       |     [01;36m[K^~~~~~~~[m[K
[2.520s] [01m[K/usr/include/c++/11/bits/stl_iterator.h:1613:5:[m[K [01;36m[Knote: [m[K  template argument deduction/substitution failed:
[2.520s] In file included from [01m[K/home/gkasha/Documents/maae/src/auction/src/execution_interface.cpp:1[m[K:
[2.520s] [01m[K/home/gkasha/Documents/maae/src/auction/include/auction/execution_interface.hpp:106:73:[m[K [01;36m[Knote: [m[K  ‘[01m[Kstd::chrono::duration<double>[m[K’ is not derived from ‘[01m[Kconst std::move_iterator<_IteratorL>[m[K’
[2.520s]   106 |                          if (!(execution_span < action->get_duration([01;36m[K)[m[K)) {
[2.520s]       |                                                                      [01;36m[K^[m[K
[2.520s] 
[2.520s] In file included from [01m[K/usr/include/c++/11/tuple:39[m[K,
[2.520s]                  from [01m[K/usr/include/c++/11/bits/unique_ptr.h:37[m[K,
[2.520s]                  from [01m[K/usr/include/c++/11/memory:76[m[K,
[2.521s]                  from [01m[K/home/gkasha/ros2_humble/install/rclcpp/include/rclcpp/rclcpp/rclcpp.hpp:153[m[K,
[2.521s]                  from [01m[K/home/gkasha/Documents/maae/src/auction/include/auction/execution_interface.hpp:5[m[K,
[2.521s]                  from [01m[K/home/gkasha/Documents/maae/src/auction/src/execution_interface.cpp:1[m[K:
[2.521s] [01m[K/usr/include/c++/11/array:311:5:[m[K [01;36m[Knote: [m[Kcandidate: ‘[01m[Ktemplate<class _Tp, long unsigned int _Nm> bool std::operator<(const std::array<_Tp, _Nm>&, const std::array<_Tp, _Nm>&)[m[K’
[2.521s]   311 |     [01;36m[Koperator[m[K<(const array<_Tp, _Nm>& __a, const array<_Tp, _Nm>& __b)
[2.521s]       |     [01;36m[K^~~~~~~~[m[K
[2.521s] [01m[K/usr/include/c++/11/array:311:5:[m[K [01;36m[Knote: [m[K  template argument deduction/substitution failed:
[2.521s] In file included from [01m[K/home/gkasha/Documents/maae/src/auction/src/execution_interface.cpp:1[m[K:
[2.521s] [01m[K/home/gkasha/Documents/maae/src/auction/include/auction/execution_interface.hpp:106:73:[m[K [01;36m[Knote: [m[K  ‘[01m[Kstd::chrono::duration<double>[m[K’ is not derived from ‘[01m[Kconst std::array<_Tp, _Nm>[m[K’
[2.521s]   106 |                          if (!(execution_span < action->get_duration([01;36m[K)[m[K)) {
[2.521s]       |                                                                      [01;36m[K^[m[K
[2.521s] 
[2.521s] In file included from [01m[K/usr/include/c++/11/bits/unique_ptr.h:37[m[K,
[2.521s]                  from [01m[K/usr/include/c++/11/memory:76[m[K,
[2.521s]                  from [01m[K/home/gkasha/ros2_humble/install/rclcpp/include/rclcpp/rclcpp/rclcpp.hpp:153[m[K,
[2.521s]                  from [01m[K/home/gkasha/Documents/maae/src/auction/include/auction/execution_interface.hpp:5[m[K,
[2.521s]                  from [01m[K/home/gkasha/Documents/maae/src/auction/src/execution_interface.cpp:1[m[K:
[2.521s] [01m[K/usr/include/c++/11/tuple:1570:5:[m[K [01;36m[Knote: [m[Kcandidate: ‘[01m[Ktemplate<class ... _TElements, class ... _UElements> constexpr bool std::operator<(const std::tuple<_Tps ...>&, const std::tuple<_UTypes ...>&)[m[K’
[2.521s]  1570 |     [01;36m[Koperator[m[K<(const tuple<_TElements...>& __t,
[2.522s]       |     [01;36m[K^~~~~~~~[m[K
[2.522s] [01m[K/usr/include/c++/11/tuple:1570:5:[m[K [01;36m[Knote: [m[K  template argument deduction/substitution failed:
[2.522s] In file included from [01m[K/home/gkasha/Documents/maae/src/auction/src/execution_interface.cpp:1[m[K:
[2.522s] [01m[K/home/gkasha/Documents/maae/src/auction/include/auction/execution_interface.hpp:106:73:[m[K [01;36m[Knote: [m[K  ‘[01m[Kstd::chrono::duration<double>[m[K’ is not derived from ‘[01m[Kconst std::tuple<_Tps ...>[m[K’
[2.522s]   106 |                          if (!(execution_span < action->get_duration([01;36m[K)[m[K)) {
[2.522s]       |                                                                      [01;36m[K^[m[K
[2.522s] 
[2.522s] In file included from [01m[K/usr/include/c++/11/memory:76[m[K,
[2.522s]                  from [01m[K/home/gkasha/ros2_humble/install/rclcpp/include/rclcpp/rclcpp/rclcpp.hpp:153[m[K,
[2.522s]                  from [01m[K/home/gkasha/Documents/maae/src/auction/include/auction/execution_interface.hpp:5[m[K,
[2.522s]                  from [01m[K/home/gkasha/Documents/maae/src/auction/src/execution_interface.cpp:1[m[K:
[2.522s] [01m[K/usr/include/c++/11/bits/unique_ptr.h:795:5:[m[K [01;36m[Knote: [m[Kcandidate: ‘[01m[Ktemplate<class _Tp, class _Dp, class _Up, class _Ep> bool std::operator<(const std::unique_ptr<_Tp, _Dp>&, const std::unique_ptr<_Up, _Ep>&)[m[K’
[2.522s]   795 |     [01;36m[Koperator[m[K<(const unique_ptr<_Tp, _Dp>& __x,
[2.522s]       |     [01;36m[K^~~~~~~~[m[K
[2.523s] [01m[K/usr/include/c++/11/bits/unique_ptr.h:795:5:[m[K [01;36m[Knote: [m[K  template argument deduction/substitution failed:
[2.523s] In file included from [01m[K/home/gkasha/Documents/maae/src/auction/src/execution_interface.cpp:1[m[K:
[2.523s] [01m[K/home/gkasha/Documents/maae/src/auction/include/auction/execution_interface.hpp:106:73:[m[K [01;36m[Knote: [m[K  ‘[01m[Kstd::chrono::duration<double>[m[K’ is not derived from ‘[01m[Kconst std::unique_ptr<_Tp, _Dp>[m[K’
[2.523s]   106 |                          if (!(execution_span < action->get_duration([01;36m[K)[m[K)) {
[2.523s]       |                                                                      [01;36m[K^[m[K
[2.523s] 
[2.523s] In file included from [01m[K/usr/include/c++/11/memory:76[m[K,
[2.523s]                  from [01m[K/home/gkasha/ros2_humble/install/rclcpp/include/rclcpp/rclcpp/rclcpp.hpp:153[m[K,
[2.523s]                  from [01m[K/home/gkasha/Documents/maae/src/auction/include/auction/execution_interface.hpp:5[m[K,
[2.523s]                  from [01m[K/home/gkasha/Documents/maae/src/auction/src/execution_interface.cpp:1[m[K:
[2.523s] [01m[K/usr/include/c++/11/bits/unique_ptr.h:807:5:[m[K [01;36m[Knote: [m[Kcandidate: ‘[01m[Ktemplate<class _Tp, class _Dp> bool std::operator<(const std::unique_ptr<_Tp, _Dp>&, std::nullptr_t)[m[K’
[2.523s]   807 |     [01;36m[Koperator[m[K<(const unique_ptr<_Tp, _Dp>& __x, nullptr_t)
[2.523s]       |     [01;36m[K^~~~~~~~[m[K
[2.523s] [01m[K/usr/include/c++/11/bits/unique_ptr.h:807:5:[m[K [01;36m[Knote: [m[K  template argument deduction/substitution failed:
[2.523s] In file included from [01m[K/home/gkasha/Documents/maae/src/auction/src/execution_interface.cpp:1[m[K:
[2.523s] [01m[K/home/gkasha/Documents/maae/src/auction/include/auction/execution_interface.hpp:106:73:[m[K [01;36m[Knote: [m[K  ‘[01m[Kstd::chrono::duration<double>[m[K’ is not derived from ‘[01m[Kconst std::unique_ptr<_Tp, _Dp>[m[K’
[2.523s]   106 |                          if (!(execution_span < action->get_duration([01;36m[K)[m[K)) {
[2.523s]       |                                                                      [01;36m[K^[m[K
[2.523s] 
[2.524s] In file included from [01m[K/usr/include/c++/11/memory:76[m[K,
[2.524s]                  from [01m[K/home/gkasha/ros2_humble/install/rclcpp/include/rclcpp/rclcpp/rclcpp.hpp:153[m[K,
[2.524s]                  from [01m[K/home/gkasha/Documents/maae/src/auction/include/auction/execution_interface.hpp:5[m[K,
[2.524s]                  from [01m[K/home/gkasha/Documents/maae/src/auction/src/execution_interface.cpp:1[m[K:
[2.524s] [01m[K/usr/include/c++/11/bits/unique_ptr.h:816:5:[m[K [01;36m[Knote: [m[Kcandidate: ‘[01m[Ktemplate<class _Tp, class _Dp> bool std::operator<(std::nullptr_t, const std::unique_ptr<_Tp, _Dp>&)[m[K’
[2.524s]   816 |     [01;36m[Koperator[m[K<(nullptr_t, const unique_ptr<_Tp, _Dp>& __x)
[2.524s]       |     [01;36m[K^~~~~~~~[m[K
[2.524s] [01m[K/usr/include/c++/11/bits/unique_ptr.h:816:5:[m[K [01;36m[Knote: [m[K  template argument deduction/substitution failed:
[2.524s] In file included from [01m[K/home/gkasha/Documents/maae/src/auction/src/execution_interface.cpp:1[m[K:
[2.524s] [01m[K/home/gkasha/Documents/maae/src/auction/include/auction/execution_interface.hpp:106:73:[m[K [01;36m[Knote: [m[K  mismatched types ‘[01m[Kconst std::unique_ptr<_Tp, _Dp>[m[K’ and ‘[01m[Kfloat[m[K’
[2.524s]   106 |                          if (!(execution_span < action->get_duration([01;36m[K)[m[K)) {
[2.524s]       |                                                                      [01;36m[K^[m[K
[2.524s] 
[2.524s] In file included from [01m[K/usr/include/c++/11/bits/shared_ptr.h:53[m[K,
[2.524s]                  from [01m[K/usr/include/c++/11/memory:77[m[K,
[2.524s]                  from [01m[K/home/gkasha/ros2_humble/install/rclcpp/include/rclcpp/rclcpp/rclcpp.hpp:153[m[K,
[2.524s]                  from [01m[K/home/gkasha/Documents/maae/src/auction/include/auction/execution_interface.hpp:5[m[K,
[2.524s]                  from [01m[K/home/gkasha/Documents/maae/src/auction/src/execution_interface.cpp:1[m[K:
[2.524s] [01m[K/usr/include/c++/11/bits/shared_ptr_base.h:1457:5:[m[K [01;36m[Knote: [m[Kcandidate: ‘[01m[Ktemplate<class _Tp, class _Up, __gnu_cxx::_Lock_policy _Lp> bool std::operator<(const std::__shared_ptr<_Tp1, _Lp>&, const std::__shared_ptr<_Tp2, _Lp>&)[m[K’
[2.524s]  1457 |     [01;36m[Koperator[m[K<(const __shared_ptr<_Tp, _Lp>& __a,
[2.525s]       |     [01;36m[K^~~~~~~~[m[K
[2.525s] [01m[K/usr/include/c++/11/bits/shared_ptr_base.h:1457:5:[m[K [01;36m[Knote: [m[K  template argument deduction/substitution failed:
[2.525s] In file included from [01m[K/home/gkasha/Documents/maae/src/auction/src/execution_interface.cpp:1[m[K:
[2.525s] [01m[K/home/gkasha/Documents/maae/src/auction/include/auction/execution_interface.hpp:106:73:[m[K [01;36m[Knote: [m[K  ‘[01m[Kstd::chrono::duration<double>[m[K’ is not derived from ‘[01m[Kconst std::__shared_ptr<_Tp1, _Lp>[m[K’
[2.525s]   106 |                          if (!(execution_span < action->get_duration([01;36m[K)[m[K)) {
[2.525s]       |                                                                      [01;36m[K^[m[K
[2.525s] 
[2.525s] In file included from [01m[K/usr/include/c++/11/bits/shared_ptr.h:53[m[K,
[2.525s]                  from [01m[K/usr/include/c++/11/memory:77[m[K,
[2.525s]                  from [01m[K/home/gkasha/ros2_humble/install/rclcpp/include/rclcpp/rclcpp/rclcpp.hpp:153[m[K,
[2.525s]                  from [01m[K/home/gkasha/Documents/maae/src/auction/include/auction/execution_interface.hpp:5[m[K,
[2.525s]                  from [01m[K/home/gkasha/Documents/maae/src/auction/src/execution_interface.cpp:1[m[K:
[2.525s] [01m[K/usr/include/c++/11/bits/shared_ptr_base.h:1468:5:[m[K [01;36m[Knote: [m[Kcandidate: ‘[01m[Ktemplate<class _Tp, __gnu_cxx::_Lock_policy _Lp> bool std::operator<(const std::__shared_ptr<_Tp, _Lp>&, std::nullptr_t)[m[K’
[2.525s]  1468 |     [01;36m[Koperator[m[K<(const __shared_ptr<_Tp, _Lp>& __a, nullptr_t) noexcept
[2.525s]       |     [01;36m[K^~~~~~~~[m[K
[2.525s] [01m[K/usr/include/c++/11/bits/shared_ptr_base.h:1468:5:[m[K [01;36m[Knote: [m[K  template argument deduction/substitution failed:
[2.525s] In file included from [01m[K/home/gkasha/Documents/maae/src/auction/src/execution_interface.cpp:1[m[K:
[2.525s] [01m[K/home/gkasha/Documents/maae/src/auction/include/auction/execution_interface.hpp:106:73:[m[K [01;36m[Knote: [m[K  ‘[01m[Kstd::chrono::duration<double>[m[K’ is not derived from ‘[01m[Kconst std::__shared_ptr<_Tp, _Lp>[m[K’
[2.525s]   106 |                          if (!(execution_span < action->get_duration([01;36m[K)[m[K)) {
[2.526s]       |                                                                      [01;36m[K^[m[K
[2.526s] 
[2.526s] In file included from [01m[K/usr/include/c++/11/bits/shared_ptr.h:53[m[K,
[2.526s]                  from [01m[K/usr/include/c++/11/memory:77[m[K,
[2.526s]                  from [01m[K/home/gkasha/ros2_humble/install/rclcpp/include/rclcpp/rclcpp/rclcpp.hpp:153[m[K,
[2.526s]                  from [01m[K/home/gkasha/Documents/maae/src/auction/include/auction/execution_interface.hpp:5[m[K,
[2.526s]                  from [01m[K/home/gkasha/Documents/maae/src/auction/src/execution_interface.cpp:1[m[K:
[2.526s] [01m[K/usr/include/c++/11/bits/shared_ptr_base.h:1476:5:[m[K [01;36m[Knote: [m[Kcandidate: ‘[01m[Ktemplate<class _Tp, __gnu_cxx::_Lock_policy _Lp> bool std::operator<(std::nullptr_t, const std::__shared_ptr<_Tp, _Lp>&)[m[K’
[2.526s]  1476 |     [01;36m[Koperator[m[K<(nullptr_t, const __shared_ptr<_Tp, _Lp>& __a) noexcept
[2.526s]       |     [01;36m[K^~~~~~~~[m[K
[2.526s] [01m[K/usr/include/c++/11/bits/shared_ptr_base.h:1476:5:[m[K [01;36m[Knote: [m[K  template argument deduction/substitution failed:
[2.526s] In file included from [01m[K/home/gkasha/Documents/maae/src/auction/src/execution_interface.cpp:1[m[K:
[2.526s] [01m[K/home/gkasha/Documents/maae/src/auction/include/auction/execution_interface.hpp:106:73:[m[K [01;36m[Knote: [m[K  mismatched types ‘[01m[Kconst std::__shared_ptr<_Tp, _Lp>[m[K’ and ‘[01m[Kfloat[m[K’
[2.526s]   106 |                          if (!(execution_span < action->get_duration([01;36m[K)[m[K)) {
[2.526s]       |                                                                      [01;36m[K^[m[K
[2.526s] 
[2.526s] In file included from [01m[K/usr/include/c++/11/memory:77[m[K,
[2.526s]                  from [01m[K/home/gkasha/ros2_humble/install/rclcpp/include/rclcpp/rclcpp/rclcpp.hpp:153[m[K,
[2.526s]                  from [01m[K/home/gkasha/Documents/maae/src/auction/include/auction/execution_interface.hpp:5[m[K,
[2.527s]                  from [01m[K/home/gkasha/Documents/maae/src/auction/src/execution_interface.cpp:1[m[K:
[2.527s] [01m[K/usr/include/c++/11/bits/shared_ptr.h:488:5:[m[K [01;36m[Knote: [m[Kcandidate: ‘[01m[Ktemplate<class _Tp, class _Up> bool std::operator<(const std::shared_ptr<_Tp>&, const std::shared_ptr<_Tp>&)[m[K’
[2.527s]   488 |     [01;36m[Koperator[m[K<(const shared_ptr<_Tp>& __a, const shared_ptr<_Up>& __b) noexcept
[2.527s]       |     [01;36m[K^~~~~~~~[m[K
[2.527s] [01m[K/usr/include/c++/11/bits/shared_ptr.h:488:5:[m[K [01;36m[Knote: [m[K  template argument deduction/substitution failed:
[2.527s] In file included from [01m[K/home/gkasha/Documents/maae/src/auction/src/execution_interface.cpp:1[m[K:
[2.527s] [01m[K/home/gkasha/Documents/maae/src/auction/include/auction/execution_interface.hpp:106:73:[m[K [01;36m[Knote: [m[K  ‘[01m[Kstd::chrono::duration<double>[m[K’ is not derived from ‘[01m[Kconst std::shared_ptr<_Tp>[m[K’
[2.527s]   106 |                          if (!(execution_span < action->get_duration([01;36m[K)[m[K)) {
[2.527s]       |                                                                      [01;36m[K^[m[K
[2.527s] 
[2.527s] In file included from [01m[K/usr/include/c++/11/memory:77[m[K,
[2.527s]                  from [01m[K/home/gkasha/ros2_humble/install/rclcpp/include/rclcpp/rclcpp/rclcpp.hpp:153[m[K,
[2.527s]                  from [01m[K/home/gkasha/Documents/maae/src/auction/include/auction/execution_interface.hpp:5[m[K,
[2.527s]                  from [01m[K/home/gkasha/Documents/maae/src/auction/src/execution_interface.cpp:1[m[K:
[2.527s] [01m[K/usr/include/c++/11/bits/shared_ptr.h:499:5:[m[K [01;36m[Knote: [m[Kcandidate: ‘[01m[Ktemplate<class _Tp> bool std::operator<(const std::shared_ptr<_Tp>&, std::nullptr_t)[m[K’
[2.527s]   499 |     [01;36m[Koperator[m[K<(const shared_ptr<_Tp>& __a, nullptr_t) noexcept
[2.527s]       |     [01;36m[K^~~~~~~~[m[K
[2.527s] [01m[K/usr/include/c++/11/bits/shared_ptr.h:499:5:[m[K [01;36m[Knote: [m[K  template argument deduction/substitution failed:
[2.527s] In file included from [01m[K/home/gkasha/Documents/maae/src/auction/src/execution_interface.cpp:1[m[K:
[2.527s] [01m[K/home/gkasha/Documents/maae/src/auction/include/auction/execution_interface.hpp:106:73:[m[K [01;36m[Knote: [m[K  ‘[01m[Kstd::chrono::duration<double>[m[K’ is not derived from ‘[01m[Kconst std::shared_ptr<_Tp>[m[K’
[2.527s]   106 |                          if (!(execution_span < action->get_duration([01;36m[K)[m[K)) {
[2.528s]       |                                                                      [01;36m[K^[m[K
[2.528s] 
[2.528s] In file included from [01m[K/usr/include/c++/11/memory:77[m[K,
[2.528s]                  from [01m[K/home/gkasha/ros2_humble/install/rclcpp/include/rclcpp/rclcpp/rclcpp.hpp:153[m[K,
[2.528s]                  from [01m[K/home/gkasha/Documents/maae/src/auction/include/auction/execution_interface.hpp:5[m[K,
[2.528s]                  from [01m[K/home/gkasha/Documents/maae/src/auction/src/execution_interface.cpp:1[m[K:
[2.528s] [01m[K/usr/include/c++/11/bits/shared_ptr.h:508:5:[m[K [01;36m[Knote: [m[Kcandidate: ‘[01m[Ktemplate<class _Tp> bool std::operator<(std::nullptr_t, const std::shared_ptr<_Tp>&)[m[K’
[2.528s]   508 |     [01;36m[Koperator[m[K<(nullptr_t, const shared_ptr<_Tp>& __a) noexcept
[2.528s]       |     [01;36m[K^~~~~~~~[m[K
[2.528s] [01m[K/usr/include/c++/11/bits/shared_ptr.h:508:5:[m[K [01;36m[Knote: [m[K  template argument deduction/substitution failed:
[2.528s] In file included from [01m[K/home/gkasha/Documents/maae/src/auction/src/execution_interface.cpp:1[m[K:
[2.528s] [01m[K/home/gkasha/Documents/maae/src/auction/include/auction/execution_interface.hpp:106:73:[m[K [01;36m[Knote: [m[K  mismatched types ‘[01m[Kconst std::shared_ptr<_Tp>[m[K’ and ‘[01m[Kfloat[m[K’
[2.528s]   106 |                          if (!(execution_span < action->get_duration([01;36m[K)[m[K)) {
[2.528s]       |                                                                      [01;36m[K^[m[K
[2.528s] 
[2.528s] In file included from [01m[K/usr/include/c++/11/bits/basic_string.h:48[m[K,
[2.528s]                  from [01m[K/usr/include/c++/11/string:55[m[K,
[2.528s]                  from [01m[K/usr/include/c++/11/stdexcept:39[m[K,
[2.528s]                  from [01m[K/usr/include/c++/11/system_error:41[m[K,
[2.528s]                  from [01m[K/usr/include/c++/11/mutex:42[m[K,
[2.529s]                  from [01m[K/usr/include/c++/11/future:38[m[K,
[2.529s]                  from [01m[K/home/gkasha/ros2_humble/install/rclcpp/include/rclcpp/rclcpp/executors.hpp:18[m[K,
[2.529s]                  from [01m[K/home/gkasha/ros2_humble/install/rclcpp/include/rclcpp/rclcpp/rclcpp.hpp:155[m[K,
[2.529s]                  from [01m[K/home/gkasha/Documents/maae/src/auction/include/auction/execution_interface.hpp:5[m[K,
[2.529s]                  from [01m[K/home/gkasha/Documents/maae/src/auction/src/execution_interface.cpp:1[m[K:
[2.529s] [01m[K/usr/include/c++/11/string_view:589:5:[m[K [01;36m[Knote: [m[Kcandidate: ‘[01m[Ktemplate<class _CharT, class _Traits> constexpr bool std::operator<(std::basic_string_view<_CharT, _Traits>, std::basic_string_view<_CharT, _Traits>)[m[K’
[2.529s]   589 |     [01;36m[Koperator[m[K< (basic_string_view<_CharT, _Traits> __x,
[2.529s]       |     [01;36m[K^~~~~~~~[m[K
[2.529s] [01m[K/usr/include/c++/11/string_view:589:5:[m[K [01;36m[Knote: [m[K  template argument deduction/substitution failed:
[2.529s] In file included from [01m[K/home/gkasha/Documents/maae/src/auction/src/execution_interface.cpp:1[m[K:
[2.529s] [01m[K/home/gkasha/Documents/maae/src/auction/include/auction/execution_interface.hpp:106:73:[m[K [01;36m[Knote: [m[K  ‘[01m[Kstd::chrono::duration<double>[m[K’ is not derived from ‘[01m[Kstd::basic_string_view<_CharT, _Traits>[m[K’
[2.529s]   106 |                          if (!(execution_span < action->get_duration([01;36m[K)[m[K)) {
[2.529s]       |                                                                      [01;36m[K^[m[K
[2.529s] 
[2.529s] In file included from [01m[K/usr/include/c++/11/bits/basic_string.h:48[m[K,
[2.529s]                  from [01m[K/usr/include/c++/11/string:55[m[K,
[2.529s]                  from [01m[K/usr/include/c++/11/stdexcept:39[m[K,
[2.529s]                  from [01m[K/usr/include/c++/11/system_error:41[m[K,
[2.529s]                  from [01m[K/usr/include/c++/11/mutex:42[m[K,
[2.530s]                  from [01m[K/usr/include/c++/11/future:38[m[K,
[2.530s]                  from [01m[K/home/gkasha/ros2_humble/install/rclcpp/include/rclcpp/rclcpp/executors.hpp:18[m[K,
[2.530s]                  from [01m[K/home/gkasha/ros2_humble/install/rclcpp/include/rclcpp/rclcpp/rclcpp.hpp:155[m[K,
[2.530s]                  from [01m[K/home/gkasha/Documents/maae/src/auction/include/auction/execution_interface.hpp:5[m[K,
[2.530s]                  from [01m[K/home/gkasha/Documents/maae/src/auction/src/execution_interface.cpp:1[m[K:
[2.530s] [01m[K/usr/include/c++/11/string_view:595:5:[m[K [01;36m[Knote: [m[Kcandidate: ‘[01m[Ktemplate<class _CharT, class _Traits> constexpr bool std::operator<(std::basic_string_view<_CharT, _Traits>, std::__type_identity_t<std::basic_string_view<_CharT, _Traits> >)[m[K’
[2.530s]   595 |     [01;36m[Koperator[m[K< (basic_string_view<_CharT, _Traits> __x,
[2.530s]       |     [01;36m[K^~~~~~~~[m[K
[2.530s] [01m[K/usr/include/c++/11/string_view:595:5:[m[K [01;36m[Knote: [m[K  template argument deduction/substitution failed:
[2.530s] In file included from [01m[K/home/gkasha/Documents/maae/src/auction/src/execution_interface.cpp:1[m[K:
[2.530s] [01m[K/home/gkasha/Documents/maae/src/auction/include/auction/execution_interface.hpp:106:73:[m[K [01;36m[Knote: [m[K  ‘[01m[Kstd::chrono::duration<double>[m[K’ is not derived from ‘[01m[Kstd::basic_string_view<_CharT, _Traits>[m[K’
[2.530s]   106 |                          if (!(execution_span < action->get_duration([01;36m[K)[m[K)) {
[2.530s]       |                                                                      [01;36m[K^[m[K
[2.530s] 
[2.530s] In file included from [01m[K/usr/include/c++/11/bits/basic_string.h:48[m[K,
[2.530s]                  from [01m[K/usr/include/c++/11/string:55[m[K,
[2.530s]                  from [01m[K/usr/include/c++/11/stdexcept:39[m[K,
[2.530s]                  from [01m[K/usr/include/c++/11/system_error:41[m[K,
[2.530s]                  from [01m[K/usr/include/c++/11/mutex:42[m[K,
[2.530s]                  from [01m[K/usr/include/c++/11/future:38[m[K,
[2.531s]                  from [01m[K/home/gkasha/ros2_humble/install/rclcpp/include/rclcpp/rclcpp/executors.hpp:18[m[K,
[2.531s]                  from [01m[K/home/gkasha/ros2_humble/install/rclcpp/include/rclcpp/rclcpp/rclcpp.hpp:155[m[K,
[2.531s]                  from [01m[K/home/gkasha/Documents/maae/src/auction/include/auction/execution_interface.hpp:5[m[K,
[2.531s]                  from [01m[K/home/gkasha/Documents/maae/src/auction/src/execution_interface.cpp:1[m[K:
[2.531s] [01m[K/usr/include/c++/11/string_view:602:5:[m[K [01;36m[Knote: [m[Kcandidate: ‘[01m[Ktemplate<class _CharT, class _Traits> constexpr bool std::operator<(std::__type_identity_t<std::basic_string_view<_CharT, _Traits> >, std::basic_string_view<_CharT, _Traits>)[m[K’
[2.531s]   602 |     [01;36m[Koperator[m[K< (__type_identity_t<basic_string_view<_CharT, _Traits>> __x,
[2.531s]       |     [01;36m[K^~~~~~~~[m[K
[2.531s] [01m[K/usr/include/c++/11/string_view:602:5:[m[K [01;36m[Knote: [m[K  template argument deduction/substitution failed:
[2.531s] In file included from [01m[K/home/gkasha/Documents/maae/src/auction/src/execution_interface.cpp:1[m[K:
[2.531s] [01m[K/home/gkasha/Documents/maae/src/auction/include/auction/execution_interface.hpp:106:73:[m[K [01;36m[Knote: [m[K  mismatched types ‘[01m[Kstd::basic_string_view<_CharT, _Traits>[m[K’ and ‘[01m[Kfloat[m[K’
[2.531s]   106 |                          if (!(execution_span < action->get_duration([01;36m[K)[m[K)) {
[2.531s]       |                                                                      [01;36m[K^[m[K
[2.531s] 
[2.531s] In file included from [01m[K/usr/include/c++/11/string:55[m[K,
[2.531s]                  from [01m[K/usr/include/c++/11/stdexcept:39[m[K,
[2.531s]                  from [01m[K/usr/include/c++/11/system_error:41[m[K,
[2.531s]                  from [01m[K/usr/include/c++/11/mutex:42[m[K,
[2.531s]                  from [01m[K/usr/include/c++/11/future:38[m[K,
[2.531s]                  from [01m[K/home/gkasha/ros2_humble/install/rclcpp/include/rclcpp/rclcpp/executors.hpp:18[m[K,
[2.531s]                  from [01m[K/home/gkasha/ros2_humble/install/rclcpp/include/rclcpp/rclcpp/rclcpp.hpp:155[m[K,
[2.532s]                  from [01m[K/home/gkasha/Documents/maae/src/auction/include/auction/execution_interface.hpp:5[m[K,
[2.532s]                  from [01m[K/home/gkasha/Documents/maae/src/auction/src/execution_interface.cpp:1[m[K:
[2.532s] [01m[K/usr/include/c++/11/bits/basic_string.h:6340:5:[m[K [01;36m[Knote: [m[Kcandidate: ‘[01m[Ktemplate<class _CharT, class _Traits, class _Alloc> bool std::operator<(const std::__cxx11::basic_string<_CharT, _Traits, _Allocator>&, const std::__cxx11::basic_string<_CharT, _Traits, _Allocator>&)[m[K’
[2.532s]  6340 |     [01;36m[Koperator[m[K<(const basic_string<_CharT, _Traits, _Alloc>& __lhs,
[2.532s]       |     [01;36m[K^~~~~~~~[m[K
[2.532s] [01m[K/usr/include/c++/11/bits/basic_string.h:6340:5:[m[K [01;36m[Knote: [m[K  template argument deduction/substitution failed:
[2.532s] In file included from [01m[K/home/gkasha/Documents/maae/src/auction/src/execution_interface.cpp:1[m[K:
[2.532s] [01m[K/home/gkasha/Documents/maae/src/auction/include/auction/execution_interface.hpp:106:73:[m[K [01;36m[Knote: [m[K  ‘[01m[Kstd::chrono::duration<double>[m[K’ is not derived from ‘[01m[Kconst std::__cxx11::basic_string<_CharT, _Traits, _Allocator>[m[K’
[2.532s]   106 |                          if (!(execution_span < action->get_duration([01;36m[K)[m[K)) {
[2.532s]       |                                                                      [01;36m[K^[m[K
[2.532s] 
[2.532s] In file included from [01m[K/usr/include/c++/11/string:55[m[K,
[2.532s]                  from [01m[K/usr/include/c++/11/stdexcept:39[m[K,
[2.532s]                  from [01m[K/usr/include/c++/11/system_error:41[m[K,
[2.532s]                  from [01m[K/usr/include/c++/11/mutex:42[m[K,
[2.532s]                  from [01m[K/usr/include/c++/11/future:38[m[K,
[2.532s]                  from [01m[K/home/gkasha/ros2_humble/install/rclcpp/include/rclcpp/rclcpp/executors.hpp:18[m[K,
[2.532s]                  from [01m[K/home/gkasha/ros2_humble/install/rclcpp/include/rclcpp/rclcpp/rclcpp.hpp:155[m[K,
[2.532s]                  from [01m[K/home/gkasha/Documents/maae/src/auction/include/auction/execution_interface.hpp:5[m[K,
[2.532s]                  from [01m[K/home/gkasha/Documents/maae/src/auction/src/execution_interface.cpp:1[m[K:
[2.532s] [01m[K/usr/include/c++/11/bits/basic_string.h:6353:5:[m[K [01;36m[Knote: [m[Kcandidate: ‘[01m[Ktemplate<class _CharT, class _Traits, class _Alloc> bool std::operator<(const std::__cxx11::basic_string<_CharT, _Traits, _Allocator>&, const _CharT*)[m[K’
[2.533s]  6353 |     [01;36m[Koperator[m[K<(const basic_string<_CharT, _Traits, _Alloc>& __lhs,
[2.533s]       |     [01;36m[K^~~~~~~~[m[K
[2.533s] [01m[K/usr/include/c++/11/bits/basic_string.h:6353:5:[m[K [01;36m[Knote: [m[K  template argument deduction/substitution failed:
[2.533s] In file included from [01m[K/home/gkasha/Documents/maae/src/auction/src/execution_interface.cpp:1[m[K:
[2.533s] [01m[K/home/gkasha/Documents/maae/src/auction/include/auction/execution_interface.hpp:106:73:[m[K [01;36m[Knote: [m[K  ‘[01m[Kstd::chrono::duration<double>[m[K’ is not derived from ‘[01m[Kconst std::__cxx11::basic_string<_CharT, _Traits, _Allocator>[m[K’
[2.533s]   106 |                          if (!(execution_span < action->get_duration([01;36m[K)[m[K)) {
[2.533s]       |                                                                      [01;36m[K^[m[K
[2.533s] 
[2.533s] In file included from [01m[K/usr/include/c++/11/string:55[m[K,
[2.533s]                  from [01m[K/usr/include/c++/11/stdexcept:39[m[K,
[2.533s]                  from [01m[K/usr/include/c++/11/system_error:41[m[K,
[2.533s]                  from [01m[K/usr/include/c++/11/mutex:42[m[K,
[2.533s]                  from [01m[K/usr/include/c++/11/future:38[m[K,
[2.533s]                  from [01m[K/home/gkasha/ros2_humble/install/rclcpp/include/rclcpp/rclcpp/executors.hpp:18[m[K,
[2.533s]                  from [01m[K/home/gkasha/ros2_humble/install/rclcpp/include/rclcpp/rclcpp/rclcpp.hpp:155[m[K,
[2.533s]                  from [01m[K/home/gkasha/Documents/maae/src/auction/include/auction/execution_interface.hpp:5[m[K,
[2.533s]                  from [01m[K/home/gkasha/Documents/maae/src/auction/src/execution_interface.cpp:1[m[K:
[2.533s] [01m[K/usr/include/c++/11/bits/basic_string.h:6365:5:[m[K [01;36m[Knote: [m[Kcandidate: ‘[01m[Ktemplate<class _CharT, class _Traits, class _Alloc> bool std::operator<(const _CharT*, const std::__cxx11::basic_string<_CharT, _Traits, _Allocator>&)[m[K’
[2.534s]  6365 |     [01;36m[Koperator[m[K<(const _CharT* __lhs,
[2.534s]       |     [01;36m[K^~~~~~~~[m[K
[2.534s] [01m[K/usr/include/c++/11/bits/basic_string.h:6365:5:[m[K [01;36m[Knote: [m[K  template argument deduction/substitution failed:
[2.534s] In file included from [01m[K/home/gkasha/Documents/maae/src/auction/src/execution_interface.cpp:1[m[K:
[2.534s] [01m[K/home/gkasha/Documents/maae/src/auction/include/auction/execution_interface.hpp:106:73:[m[K [01;36m[Knote: [m[K  mismatched types ‘[01m[Kconst _CharT*[m[K’ and ‘[01m[Kstd::chrono::duration<double>[m[K’
[2.534s]   106 |                          if (!(execution_span < action->get_duration([01;36m[K)[m[K)) {
[2.534s]       |                                                                      [01;36m[K^[m[K
[2.534s] 
[2.534s] In file included from [01m[K/usr/include/c++/11/set:61[m[K,
[2.535s]                  from [01m[K/home/gkasha/ros2_humble/install/rclcpp/include/rclcpp/rclcpp/executors/multi_threaded_executor.hpp:21[m[K,
[2.535s]                  from [01m[K/home/gkasha/ros2_humble/install/rclcpp/include/rclcpp/rclcpp/executors.hpp:21[m[K,
[2.535s]                  from [01m[K/home/gkasha/ros2_humble/install/rclcpp/include/rclcpp/rclcpp/rclcpp.hpp:155[m[K,
[2.535s]                  from [01m[K/home/gkasha/Documents/maae/src/auction/include/auction/execution_interface.hpp:5[m[K,
[2.535s]                  from [01m[K/home/gkasha/Documents/maae/src/auction/src/execution_interface.cpp:1[m[K:
[2.535s] [01m[K/usr/include/c++/11/bits/stl_set.h:1023:5:[m[K [01;36m[Knote: [m[Kcandidate: ‘[01m[Ktemplate<class _Key, class _Compare, class _Alloc> bool std::operator<(const std::set<_Key, _Compare, _Allocator>&, const std::set<_Key, _Compare, _Allocator>&)[m[K’
[2.535s]  1023 |     [01;36m[Koperator[m[K<(const set<_Key, _Compare, _Alloc>& __x,
[2.535s]       |     [01;36m[K^~~~~~~~[m[K
[2.535s] [01m[K/usr/include/c++/11/bits/stl_set.h:1023:5:[m[K [01;36m[Knote: [m[K  template argument deduction/substitution failed:
[2.535s] In file included from [01m[K/home/gkasha/Documents/maae/src/auction/src/execution_interface.cpp:1[m[K:
[2.535s] [01m[K/home/gkasha/Documents/maae/src/auction/include/auction/execution_interface.hpp:106:73:[m[K [01;36m[Knote: [m[K  ‘[01m[Kstd::chrono::duration<double>[m[K’ is not derived from ‘[01m[Kconst std::set<_Key, _Compare, _Allocator>[m[K’
[2.536s]   106 |                          if (!(execution_span < action->get_duration([01;36m[K)[m[K)) {
[2.536s]       |                                                                      [01;36m[K^[m[K
[2.536s] 
[2.536s] In file included from [01m[K/usr/include/c++/11/set:62[m[K,
[2.536s]                  from [01m[K/home/gkasha/ros2_humble/install/rclcpp/include/rclcpp/rclcpp/executors/multi_threaded_executor.hpp:21[m[K,
[2.536s]                  from [01m[K/home/gkasha/ros2_humble/install/rclcpp/include/rclcpp/rclcpp/executors.hpp:21[m[K,
[2.536s]                  from [01m[K/home/gkasha/ros2_humble/install/rclcpp/include/rclcpp/rclcpp/rclcpp.hpp:155[m[K,
[2.536s]                  from [01m[K/home/gkasha/Documents/maae/src/auction/include/auction/execution_interface.hpp:5[m[K,
[2.536s]                  from [01m[K/home/gkasha/Documents/maae/src/auction/src/execution_interface.cpp:1[m[K:
[2.536s] [01m[K/usr/include/c++/11/bits/stl_multiset.h:1009:5:[m[K [01;36m[Knote: [m[Kcandidate: ‘[01m[Ktemplate<class _Key, class _Compare, class _Alloc> bool std::operator<(const std::multiset<_Key, _Compare, _Allocator>&, const std::multiset<_Key, _Compare, _Allocator>&)[m[K’
[2.536s]  1009 |     [01;36m[Koperator[m[K<(const multiset<_Key, _Compare, _Alloc>& __x,
[2.536s]       |     [01;36m[K^~~~~~~~[m[K
[2.536s] [01m[K/usr/include/c++/11/bits/stl_multiset.h:1009:5:[m[K [01;36m[Knote: [m[K  template argument deduction/substitution failed:
[2.536s] In file included from [01m[K/home/gkasha/Documents/maae/src/auction/src/execution_interface.cpp:1[m[K:
[2.536s] [01m[K/home/gkasha/Documents/maae/src/auction/include/auction/execution_interface.hpp:106:73:[m[K [01;36m[Knote: [m[K  ‘[01m[Kstd::chrono::duration<double>[m[K’ is not derived from ‘[01m[Kconst std::multiset<_Key, _Compare, _Allocator>[m[K’
[2.536s]   106 |                          if (!(execution_span < action->get_duration([01;36m[K)[m[K)) {
[2.536s]       |                                                                      [01;36m[K^[m[K
[2.536s] 
[2.537s] In file included from [01m[K/usr/include/c++/11/vector:67[m[K,
[2.537s]                  from [01m[K/usr/include/c++/11/functional:62[m[K,
[2.537s]                  from [01m[K/usr/include/c++/11/pstl/glue_algorithm_defs.h:13[m[K,
[2.537s]                  from [01m[K/usr/include/c++/11/algorithm:74[m[K,
[2.537s]                  from [01m[K/home/gkasha/ros2_humble/install/rclcpp/include/rclcpp/rclcpp/executor.hpp:18[m[K,
[2.537s]                  from [01m[K/home/gkasha/ros2_humble/install/rclcpp/include/rclcpp/rclcpp/executors/multi_threaded_executor.hpp:25[m[K,
[2.537s]                  from [01m[K/home/gkasha/ros2_humble/install/rclcpp/include/rclcpp/rclcpp/executors.hpp:21[m[K,
[2.537s]                  from [01m[K/home/gkasha/ros2_humble/install/rclcpp/include/rclcpp/rclcpp/rclcpp.hpp:155[m[K,
[2.537s]                  from [01m[K/home/gkasha/Documents/maae/src/auction/include/auction/execution_interface.hpp:5[m[K,
[2.537s]                  from [01m[K/home/gkasha/Documents/maae/src/auction/src/execution_interface.cpp:1[m[K:
[2.537s] [01m[K/usr/include/c++/11/bits/stl_vector.h:1930:5:[m[K [01;36m[Knote: [m[Kcandidate: ‘[01m[Ktemplate<class _Tp, class _Alloc> bool std::operator<(const std::vector<_Tp, _Alloc>&, const std::vector<_Tp, _Alloc>&)[m[K’
[2.537s]  1930 |     [01;36m[Koperator[m[K<(const vector<_Tp, _Alloc>& __x, const vector<_Tp, _Alloc>& __y)
[2.537s]       |     [01;36m[K^~~~~~~~[m[K
[2.537s] [01m[K/usr/include/c++/11/bits/stl_vector.h:1930:5:[m[K [01;36m[Knote: [m[K  template argument deduction/substitution failed:
[2.537s] In file included from [01m[K/home/gkasha/Documents/maae/src/auction/src/execution_interface.cpp:1[m[K:
[2.537s] [01m[K/home/gkasha/Documents/maae/src/auction/include/auction/execution_interface.hpp:106:73:[m[K [01;36m[Knote: [m[K  ‘[01m[Kstd::chrono::duration<double>[m[K’ is not derived from ‘[01m[Kconst std::vector<_Tp, _Alloc>[m[K’
[2.537s]   106 |                          if (!(execution_span < action->get_duration([01;36m[K)[m[K)) {
[2.537s]       |                                                                      [01;36m[K^[m[K
[2.537s] 
[2.538s] In file included from [01m[K/usr/include/c++/11/list:63[m[K,
[2.538s]                  from [01m[K/home/gkasha/ros2_humble/install/rclcpp/include/rclcpp/rclcpp/executor.hpp:23[m[K,
[2.538s]                  from [01m[K/home/gkasha/ros2_humble/install/rclcpp/include/rclcpp/rclcpp/executors/multi_threaded_executor.hpp:25[m[K,
[2.538s]                  from [01m[K/home/gkasha/ros2_humble/install/rclcpp/include/rclcpp/rclcpp/executors.hpp:21[m[K,
[2.538s]                  from [01m[K/home/gkasha/ros2_humble/install/rclcpp/include/rclcpp/rclcpp/rclcpp.hpp:155[m[K,
[2.538s]                  from [01m[K/home/gkasha/Documents/maae/src/auction/include/auction/execution_interface.hpp:5[m[K,
[2.538s]                  from [01m[K/home/gkasha/Documents/maae/src/auction/src/execution_interface.cpp:1[m[K:
[2.538s] [01m[K/usr/include/c++/11/bits/stl_list.h:2050:5:[m[K [01;36m[Knote: [m[Kcandidate: ‘[01m[Ktemplate<class _Tp, class _Alloc> bool std::operator<(const std::__cxx11::list<_Tp, _Alloc>&, const std::__cxx11::list<_Tp, _Alloc>&)[m[K’
[2.538s]  2050 |     [01;36m[Koperator[m[K<(const list<_Tp, _Alloc>& __x, const list<_Tp, _Alloc>& __y)
[2.538s]       |     [01;36m[K^~~~~~~~[m[K
[2.538s] [01m[K/usr/include/c++/11/bits/stl_list.h:2050:5:[m[K [01;36m[Knote: [m[K  template argument deduction/substitution failed:
[2.538s] In file included from [01m[K/home/gkasha/Documents/maae/src/auction/src/execution_interface.cpp:1[m[K:
[2.538s] [01m[K/home/gkasha/Documents/maae/src/auction/include/auction/execution_interface.hpp:106:73:[m[K [01;36m[Knote: [m[K  ‘[01m[Kstd::chrono::duration<double>[m[K’ is not derived from ‘[01m[Kconst std::__cxx11::list<_Tp, _Alloc>[m[K’
[2.538s]   106 |                          if (!(execution_span < action->get_duration([01;36m[K)[m[K)) {
[2.538s]       |                                                                      [01;36m[K^[m[K
[2.538s] 
[2.538s] In file included from [01m[K/usr/include/c++/11/map:61[m[K,
[2.538s]                  from [01m[K/home/gkasha/ros2_humble/install/rclcpp/include/rclcpp/rclcpp/executor.hpp:24[m[K,
[2.538s]                  from [01m[K/home/gkasha/ros2_humble/install/rclcpp/include/rclcpp/rclcpp/executors/multi_threaded_executor.hpp:25[m[K,
[2.539s]                  from [01m[K/home/gkasha/ros2_humble/install/rclcpp/include/rclcpp/rclcpp/executors.hpp:21[m[K,
[2.539s]                  from [01m[K/home/gkasha/ros2_humble/install/rclcpp/include/rclcpp/rclcpp/rclcpp.hpp:155[m[K,
[2.539s]                  from [01m[K/home/gkasha/Documents/maae/src/auction/include/auction/execution_interface.hpp:5[m[K,
[2.539s]                  from [01m[K/home/gkasha/Documents/maae/src/auction/src/execution_interface.cpp:1[m[K:
[2.539s] [01m[K/usr/include/c++/11/bits/stl_map.h:1501:5:[m[K [01;36m[Knote: [m[Kcandidate: ‘[01m[Ktemplate<class _Key, class _Tp, class _Compare, class _Alloc> bool std::operator<(const std::map<_Key, _Tp, _Compare, _Allocator>&, const std::map<_Key, _Tp, _Compare, _Allocator>&)[m[K’
[2.539s]  1501 |     [01;36m[Koperator[m[K<(const map<_Key, _Tp, _Compare, _Alloc>& __x,
[2.539s]       |     [01;36m[K^~~~~~~~[m[K
[2.539s] [01m[K/usr/include/c++/11/bits/stl_map.h:1501:5:[m[K [01;36m[Knote: [m[K  template argument deduction/substitution failed:
[2.539s] In file included from [01m[K/home/gkasha/Documents/maae/src/auction/src/execution_interface.cpp:1[m[K:
[2.539s] [01m[K/home/gkasha/Documents/maae/src/auction/include/auction/execution_interface.hpp:106:73:[m[K [01;36m[Knote: [m[K  ‘[01m[Kstd::chrono::duration<double>[m[K’ is not derived from ‘[01m[Kconst std::map<_Key, _Tp, _Compare, _Allocator>[m[K’
[2.539s]   106 |                          if (!(execution_span < action->get_duration([01;36m[K)[m[K)) {
[2.539s]       |                                                                      [01;36m[K^[m[K
[2.539s] 
[2.539s] In file included from [01m[K/usr/include/c++/11/map:62[m[K,
[2.539s]                  from [01m[K/home/gkasha/ros2_humble/install/rclcpp/include/rclcpp/rclcpp/executor.hpp:24[m[K,
[2.539s]                  from [01m[K/home/gkasha/ros2_humble/install/rclcpp/include/rclcpp/rclcpp/executors/multi_threaded_executor.hpp:25[m[K,
[2.539s]                  from [01m[K/home/gkasha/ros2_humble/install/rclcpp/include/rclcpp/rclcpp/executors.hpp:21[m[K,
[2.539s]                  from [01m[K/home/gkasha/ros2_humble/install/rclcpp/include/rclcpp/rclcpp/rclcpp.hpp:155[m[K,
[2.539s]                  from [01m[K/home/gkasha/Documents/maae/src/auction/include/auction/execution_interface.hpp:5[m[K,
[2.539s]                  from [01m[K/home/gkasha/Documents/maae/src/auction/src/execution_interface.cpp:1[m[K:
[2.540s] [01m[K/usr/include/c++/11/bits/stl_multimap.h:1166:5:[m[K [01;36m[Knote: [m[Kcandidate: ‘[01m[Ktemplate<class _Key, class _Tp, class _Compare, class _Alloc> bool std::operator<(const std::multimap<_Key, _Tp, _Compare, _Allocator>&, const std::multimap<_Key, _Tp, _Compare, _Allocator>&)[m[K’
[2.540s]  1166 |     [01;36m[Koperator[m[K<(const multimap<_Key, _Tp, _Compare, _Alloc>& __x,
[2.540s]       |     [01;36m[K^~~~~~~~[m[K
[2.540s] [01m[K/usr/include/c++/11/bits/stl_multimap.h:1166:5:[m[K [01;36m[Knote: [m[K  template argument deduction/substitution failed:
[2.540s] In file included from [01m[K/home/gkasha/Documents/maae/src/auction/src/execution_interface.cpp:1[m[K:
[2.540s] [01m[K/home/gkasha/Documents/maae/src/auction/include/auction/execution_interface.hpp:106:73:[m[K [01;36m[Knote: [m[K  ‘[01m[Kstd::chrono::duration<double>[m[K’ is not derived from ‘[01m[Kconst std::multimap<_Key, _Tp, _Compare, _Allocator>[m[K’
[2.540s]   106 |                          if (!(execution_span < action->get_duration([01;36m[K)[m[K)) {
[2.540s]       |                                                                      [01;36m[K^[m[K
[2.540s] 
[2.540s] In file included from [01m[K/home/gkasha/ros2_humble/install/rclcpp/include/rclcpp/rclcpp/client.hpp:23[m[K,
[2.540s]                  from [01m[K/home/gkasha/ros2_humble/install/rclcpp/include/rclcpp/rclcpp/callback_group.hpp:24[m[K,
[2.540s]                  from [01m[K/home/gkasha/ros2_humble/install/rclcpp/include/rclcpp/rclcpp/any_executable.hpp:20[m[K,
[2.540s]                  from [01m[K/home/gkasha/ros2_humble/install/rclcpp/include/rclcpp/rclcpp/memory_strategy.hpp:25[m[K,
[2.540s]                  from [01m[K/home/gkasha/ros2_humble/install/rclcpp/include/rclcpp/rclcpp/memory_strategies.hpp:18[m[K,
[2.540s]                  from [01m[K/home/gkasha/ros2_humble/install/rclcpp/include/rclcpp/rclcpp/executor_options.hpp:20[m[K,
[2.540s]                  from [01m[K/home/gkasha/ros2_humble/install/rclcpp/include/rclcpp/rclcpp/executor.hpp:37[m[K,
[2.540s]                  from [01m[K/home/gkasha/ros2_humble/install/rclcpp/include/rclcpp/rclcpp/executors/multi_threaded_executor.hpp:25[m[K,
[2.540s]                  from [01m[K/home/gkasha/ros2_humble/install/rclcpp/include/rclcpp/rclcpp/executors.hpp:21[m[K,
[2.540s]                  from [01m[K/home/gkasha/ros2_humble/install/rclcpp/include/rclcpp/rclcpp/rclcpp.hpp:155[m[K,
[2.540s]                  from [01m[K/home/gkasha/Documents/maae/src/auction/include/auction/execution_interface.hpp:5[m[K,
[2.541s]                  from [01m[K/home/gkasha/Documents/maae/src/auction/src/execution_interface.cpp:1[m[K:
[2.541s] [01m[K/usr/include/c++/11/optional:1063:5:[m[K [01;36m[Knote: [m[Kcandidate: ‘[01m[Ktemplate<class _Tp, class _Up> constexpr std::__optional_lt_t<_Tp, _Up> std::operator<(const std::optional<_Tp>&, const std::optional<_Up>&)[m[K’
[2.541s]  1063 |     [01;36m[Koperator[m[K<(const optional<_Tp>& __lhs, const optional<_Up>& __rhs)
[2.541s]       |     [01;36m[K^~~~~~~~[m[K
[2.541s] [01m[K/usr/include/c++/11/optional:1063:5:[m[K [01;36m[Knote: [m[K  template argument deduction/substitution failed:
[2.541s] In file included from [01m[K/home/gkasha/Documents/maae/src/auction/src/execution_interface.cpp:1[m[K:
[2.541s] [01m[K/home/gkasha/Documents/maae/src/auction/include/auction/execution_interface.hpp:106:73:[m[K [01;36m[Knote: [m[K  ‘[01m[Kstd::chrono::duration<double>[m[K’ is not derived from ‘[01m[Kconst std::optional<_Tp>[m[K’
[2.541s]   106 |                          if (!(execution_span < action->get_duration([01;36m[K)[m[K)) {
[2.541s]       |                                                                      [01;36m[K^[m[K
[2.541s] 
[2.541s] In file included from [01m[K/home/gkasha/ros2_humble/install/rclcpp/include/rclcpp/rclcpp/client.hpp:23[m[K,
[2.541s]                  from [01m[K/home/gkasha/ros2_humble/install/rclcpp/include/rclcpp/rclcpp/callback_group.hpp:24[m[K,
[2.541s]                  from [01m[K/home/gkasha/ros2_humble/install/rclcpp/include/rclcpp/rclcpp/any_executable.hpp:20[m[K,
[2.541s]                  from [01m[K/home/gkasha/ros2_humble/install/rclcpp/include/rclcpp/rclcpp/memory_strategy.hpp:25[m[K,
[2.541s]                  from [01m[K/home/gkasha/ros2_humble/install/rclcpp/include/rclcpp/rclcpp/memory_strategies.hpp:18[m[K,
[2.541s]                  from [01m[K/home/gkasha/ros2_humble/install/rclcpp/include/rclcpp/rclcpp/executor_options.hpp:20[m[K,
[2.541s]                  from [01m[K/home/gkasha/ros2_humble/install/rclcpp/include/rclcpp/rclcpp/executor.hpp:37[m[K,
[2.541s]                  from [01m[K/home/gkasha/ros2_humble/install/rclcpp/include/rclcpp/rclcpp/executors/multi_threaded_executor.hpp:25[m[K,
[2.541s]                  from [01m[K/home/gkasha/ros2_humble/install/rclcpp/include/rclcpp/rclcpp/executors.hpp:21[m[K,
[2.542s]                  from [01m[K/home/gkasha/ros2_humble/install/rclcpp/include/rclcpp/rclcpp/rclcpp.hpp:155[m[K,
[2.542s]                  from [01m[K/home/gkasha/Documents/maae/src/auction/include/auction/execution_interface.hpp:5[m[K,
[2.542s]                  from [01m[K/home/gkasha/Documents/maae/src/auction/src/execution_interface.cpp:1[m[K:
[2.542s] [01m[K/usr/include/c++/11/optional:1131:5:[m[K [01;36m[Knote: [m[Kcandidate: ‘[01m[Ktemplate<class _Tp> constexpr bool std::operator<(const std::optional<_Tp>&, std::nullopt_t)[m[K’
[2.542s]  1131 |     [01;36m[Koperator[m[K<(const optional<_Tp>& /* __lhs */, nullopt_t) noexcept
[2.542s]       |     [01;36m[K^~~~~~~~[m[K
[2.542s] [01m[K/usr/include/c++/11/optional:1131:5:[m[K [01;36m[Knote: [m[K  template argument deduction/substitution failed:
[2.542s] In file included from [01m[K/home/gkasha/Documents/maae/src/auction/src/execution_interface.cpp:1[m[K:
[2.542s] [01m[K/home/gkasha/Documents/maae/src/auction/include/auction/execution_interface.hpp:106:73:[m[K [01;36m[Knote: [m[K  ‘[01m[Kstd::chrono::duration<double>[m[K’ is not derived from ‘[01m[Kconst std::optional<_Tp>[m[K’
[2.542s]   106 |                          if (!(execution_span < action->get_duration([01;36m[K)[m[K)) {
[2.542s]       |                                                                      [01;36m[K^[m[K
[2.542s] 
[2.542s] In file included from [01m[K/home/gkasha/ros2_humble/install/rclcpp/include/rclcpp/rclcpp/client.hpp:23[m[K,
[2.542s]                  from [01m[K/home/gkasha/ros2_humble/install/rclcpp/include/rclcpp/rclcpp/callback_group.hpp:24[m[K,
[2.542s]                  from [01m[K/home/gkasha/ros2_humble/install/rclcpp/include/rclcpp/rclcpp/any_executable.hpp:20[m[K,
[2.542s]                  from [01m[K/home/gkasha/ros2_humble/install/rclcpp/include/rclcpp/rclcpp/memory_strategy.hpp:25[m[K,
[2.542s]                  from [01m[K/home/gkasha/ros2_humble/install/rclcpp/include/rclcpp/rclcpp/memory_strategies.hpp:18[m[K,
[2.542s]                  from [01m[K/home/gkasha/ros2_humble/install/rclcpp/include/rclcpp/rclcpp/executor_options.hpp:20[m[K,
[2.542s]                  from [01m[K/home/gkasha/ros2_humble/install/rclcpp/include/rclcpp/rclcpp/executor.hpp:37[m[K,
[2.542s]                  from [01m[K/home/gkasha/ros2_humble/install/rclcpp/include/rclcpp/rclcpp/executors/multi_threaded_executor.hpp:25[m[K,
[2.543s]                  from [01m[K/home/gkasha/ros2_humble/install/rclcpp/include/rclcpp/rclcpp/executors.hpp:21[m[K,
[2.543s]                  from [01m[K/home/gkasha/ros2_humble/install/rclcpp/include/rclcpp/rclcpp/rclcpp.hpp:155[m[K,
[2.543s]                  from [01m[K/home/gkasha/Documents/maae/src/auction/include/auction/execution_interface.hpp:5[m[K,
[2.543s]                  from [01m[K/home/gkasha/Documents/maae/src/auction/src/execution_interface.cpp:1[m[K:
[2.543s] [01m[K/usr/include/c++/11/optional:1136:5:[m[K [01;36m[Knote: [m[Kcandidate: ‘[01m[Ktemplate<class _Tp> constexpr bool std::operator<(std::nullopt_t, const std::optional<_Tp>&)[m[K’
[2.543s]  1136 |     [01;36m[Koperator[m[K<(nullopt_t, const optional<_Tp>& __rhs) noexcept
[2.543s]       |     [01;36m[K^~~~~~~~[m[K
[2.543s] [01m[K/usr/include/c++/11/optional:1136:5:[m[K [01;36m[Knote: [m[K  template argument deduction/substitution failed:
[2.543s] In file included from [01m[K/home/gkasha/Documents/maae/src/auction/src/execution_interface.cpp:1[m[K:
[2.543s] [01m[K/home/gkasha/Documents/maae/src/auction/include/auction/execution_interface.hpp:106:73:[m[K [01;36m[Knote: [m[K  mismatched types ‘[01m[Kconst std::optional<_Tp>[m[K’ and ‘[01m[Kfloat[m[K’
[2.543s]   106 |                          if (!(execution_span < action->get_duration([01;36m[K)[m[K)) {
[2.543s]       |                                                                      [01;36m[K^[m[K
[2.543s] 
[2.543s] In file included from [01m[K/home/gkasha/ros2_humble/install/rclcpp/include/rclcpp/rclcpp/client.hpp:23[m[K,
[2.543s]                  from [01m[K/home/gkasha/ros2_humble/install/rclcpp/include/rclcpp/rclcpp/callback_group.hpp:24[m[K,
[2.543s]                  from [01m[K/home/gkasha/ros2_humble/install/rclcpp/include/rclcpp/rclcpp/any_executable.hpp:20[m[K,
[2.543s]                  from [01m[K/home/gkasha/ros2_humble/install/rclcpp/include/rclcpp/rclcpp/memory_strategy.hpp:25[m[K,
[2.543s]                  from [01m[K/home/gkasha/ros2_humble/install/rclcpp/include/rclcpp/rclcpp/memory_strategies.hpp:18[m[K,
[2.543s]                  from [01m[K/home/gkasha/ros2_humble/install/rclcpp/include/rclcpp/rclcpp/executor_options.hpp:20[m[K,
[2.543s]                  from [01m[K/home/gkasha/ros2_humble/install/rclcpp/include/rclcpp/rclcpp/executor.hpp:37[m[K,
[2.543s]                  from [01m[K/home/gkasha/ros2_humble/install/rclcpp/include/rclcpp/rclcpp/executors/multi_threaded_executor.hpp:25[m[K,
[2.544s]                  from [01m[K/home/gkasha/ros2_humble/install/rclcpp/include/rclcpp/rclcpp/executors.hpp:21[m[K,
[2.544s]                  from [01m[K/home/gkasha/ros2_humble/install/rclcpp/include/rclcpp/rclcpp/rclcpp.hpp:155[m[K,
[2.544s]                  from [01m[K/home/gkasha/Documents/maae/src/auction/include/auction/execution_interface.hpp:5[m[K,
[2.544s]                  from [01m[K/home/gkasha/Documents/maae/src/auction/src/execution_interface.cpp:1[m[K:
[2.544s] [01m[K/usr/include/c++/11/optional:1197:5:[m[K [01;36m[Knote: [m[Kcandidate: ‘[01m[Ktemplate<class _Tp, class _Up> constexpr std::__optional_lt_t<_Tp, _Up> std::operator<(const std::optional<_Tp>&, const _Up&)[m[K’
[2.544s]  1197 |     [01;36m[Koperator[m[K<(const optional<_Tp>& __lhs, const _Up& __rhs)
[2.544s]       |     [01;36m[K^~~~~~~~[m[K
[2.544s] [01m[K/usr/include/c++/11/optional:1197:5:[m[K [01;36m[Knote: [m[K  template argument deduction/substitution failed:
[2.544s] In file included from [01m[K/home/gkasha/Documents/maae/src/auction/src/execution_interface.cpp:1[m[K:
[2.545s] [01m[K/home/gkasha/Documents/maae/src/auction/include/auction/execution_interface.hpp:106:73:[m[K [01;36m[Knote: [m[K  ‘[01m[Kstd::chrono::duration<double>[m[K’ is not derived from ‘[01m[Kconst std::optional<_Tp>[m[K’
[2.545s]   106 |                          if (!(execution_span < action->get_duration([01;36m[K)[m[K)) {
[2.545s]       |                                                                      [01;36m[K^[m[K
[2.545s] 
[2.545s] In file included from [01m[K/home/gkasha/ros2_humble/install/rclcpp/include/rclcpp/rclcpp/client.hpp:23[m[K,
[2.545s]                  from [01m[K/home/gkasha/ros2_humble/install/rclcpp/include/rclcpp/rclcpp/callback_group.hpp:24[m[K,
[2.545s]                  from [01m[K/home/gkasha/ros2_humble/install/rclcpp/include/rclcpp/rclcpp/any_executable.hpp:20[m[K,
[2.545s]                  from [01m[K/home/gkasha/ros2_humble/install/rclcpp/include/rclcpp/rclcpp/memory_strategy.hpp:25[m[K,
[2.545s]                  from [01m[K/home/gkasha/ros2_humble/install/rclcpp/include/rclcpp/rclcpp/memory_strategies.hpp:18[m[K,
[2.545s]                  from [01m[K/home/gkasha/ros2_humble/install/rclcpp/include/rclcpp/rclcpp/executor_options.hpp:20[m[K,
[2.545s]                  from [01m[K/home/gkasha/ros2_humble/install/rclcpp/include/rclcpp/rclcpp/executor.hpp:37[m[K,
[2.545s]                  from [01m[K/home/gkasha/ros2_humble/install/rclcpp/include/rclcpp/rclcpp/executors/multi_threaded_executor.hpp:25[m[K,
[2.545s]                  from [01m[K/home/gkasha/ros2_humble/install/rclcpp/include/rclcpp/rclcpp/executors.hpp:21[m[K,
[2.545s]                  from [01m[K/home/gkasha/ros2_humble/install/rclcpp/include/rclcpp/rclcpp/rclcpp.hpp:155[m[K,
[2.545s]                  from [01m[K/home/gkasha/Documents/maae/src/auction/include/auction/execution_interface.hpp:5[m[K,
[2.545s]                  from [01m[K/home/gkasha/Documents/maae/src/auction/src/execution_interface.cpp:1[m[K:
[2.545s] [01m[K/usr/include/c++/11/optional:1203:5:[m[K [01;36m[Knote: [m[Kcandidate: ‘[01m[Ktemplate<class _Tp, class _Up> constexpr std::__optional_lt_t<_Up, _Tp> std::operator<(const _Up&, const std::optional<_Tp>&)[m[K’
[2.545s]  1203 |     [01;36m[Koperator[m[K<(const _Up& __lhs, const optional<_Tp>& __rhs)
[2.545s]       |     [01;36m[K^~~~~~~~[m[K
[2.546s] [01m[K/usr/include/c++/11/optional:1203:5:[m[K [01;36m[Knote: [m[K  template argument deduction/substitution failed:
[2.546s] In file included from [01m[K/home/gkasha/Documents/maae/src/auction/src/execution_interface.cpp:1[m[K:
[2.546s] [01m[K/home/gkasha/Documents/maae/src/auction/include/auction/execution_interface.hpp:106:73:[m[K [01;36m[Knote: [m[K  mismatched types ‘[01m[Kconst std::optional<_Tp>[m[K’ and ‘[01m[Kfloat[m[K’
[2.546s]   106 |                          if (!(execution_span < action->get_duration([01;36m[K)[m[K)) {
[2.546s]       |                                                                      [01;36m[K^[m[K
[2.546s] 
[2.546s] In file included from [01m[K/home/gkasha/ros2_humble/install/rclcpp/include/rclcpp/rclcpp/client.hpp:28[m[K,
[2.546s]                  from [01m[K/home/gkasha/ros2_humble/install/rclcpp/include/rclcpp/rclcpp/callback_group.hpp:24[m[K,
[2.546s]                  from [01m[K/home/gkasha/ros2_humble/install/rclcpp/include/rclcpp/rclcpp/any_executable.hpp:20[m[K,
[2.546s]                  from [01m[K/home/gkasha/ros2_humble/install/rclcpp/include/rclcpp/rclcpp/memory_strategy.hpp:25[m[K,
[2.546s]                  from [01m[K/home/gkasha/ros2_humble/install/rclcpp/include/rclcpp/rclcpp/memory_strategies.hpp:18[m[K,
[2.546s]                  from [01m[K/home/gkasha/ros2_humble/install/rclcpp/include/rclcpp/rclcpp/executor_options.hpp:20[m[K,
[2.546s]                  from [01m[K/home/gkasha/ros2_humble/install/rclcpp/include/rclcpp/rclcpp/executor.hpp:37[m[K,
[2.546s]                  from [01m[K/home/gkasha/ros2_humble/install/rclcpp/include/rclcpp/rclcpp/executors/multi_threaded_executor.hpp:25[m[K,
[2.546s]                  from [01m[K/home/gkasha/ros2_humble/install/rclcpp/include/rclcpp/rclcpp/executors.hpp:21[m[K,
[2.546s]                  from [01m[K/home/gkasha/ros2_humble/install/rclcpp/include/rclcpp/rclcpp/rclcpp.hpp:155[m[K,
[2.546s]                  from [01m[K/home/gkasha/Documents/maae/src/auction/include/auction/execution_interface.hpp:5[m[K,
[2.546s]                  from [01m[K/home/gkasha/Documents/maae/src/auction/src/execution_interface.cpp:1[m[K:
[2.546s] [01m[K/usr/include/c++/11/variant:1247:3:[m[K [01;36m[Knote: [m[Kcandidate: ‘[01m[Ktemplate<class ... _Types> constexpr bool std::operator<(const std::variant<_Types ...>&, const std::variant<_Types ...>&)[m[K’
[2.546s]  1247 |   [01;36m[K_VARIANT_RELATION_FUNCTION_TEMPLATE[m[K(<, less)
[2.547s]       |   [01;36m[K^~~~~~~~~~~~~~~~~~~~~~~~~~~~~~~~~~~[m[K
[2.547s] [01m[K/usr/include/c++/11/variant:1247:3:[m[K [01;36m[Knote: [m[K  template argument deduction/substitution failed:
[2.547s] In file included from [01m[K/home/gkasha/Documents/maae/src/auction/src/execution_interface.cpp:1[m[K:
[2.547s] [01m[K/home/gkasha/Documents/maae/src/auction/include/auction/execution_interface.hpp:106:73:[m[K [01;36m[Knote: [m[K  ‘[01m[Kstd::chrono::duration<double>[m[K’ is not derived from ‘[01m[Kconst std::variant<_Types ...>[m[K’
[2.547s]   106 |                          if (!(execution_span < action->get_duration([01;36m[K)[m[K)) {
[2.547s]       |                                                                      [01;36m[K^[m[K
[2.547s] 
[2.547s] In file included from [01m[K/usr/include/c++/11/mutex:39[m[K,
[2.547s]                  from [01m[K/usr/include/c++/11/future:38[m[K,
[2.547s]                  from [01m[K/home/gkasha/ros2_humble/install/rclcpp/include/rclcpp/rclcpp/executors.hpp:18[m[K,
[2.547s]                  from [01m[K/home/gkasha/ros2_humble/install/rclcpp/include/rclcpp/rclcpp/rclcpp.hpp:155[m[K,
[2.547s]                  from [01m[K/home/gkasha/Documents/maae/src/auction/include/auction/execution_interface.hpp:5[m[K,
[2.547s]                  from [01m[K/home/gkasha/Documents/maae/src/auction/src/execution_interface.cpp:1[m[K:
[2.547s] [01m[K/usr/include/c++/11/chrono:772:7:[m[K [01;36m[Knote: [m[Kcandidate: ‘[01m[Ktemplate<class _Rep1, class _Period1, class _Rep2, class _Period2> constexpr bool std::chrono::operator<(const std::chrono::duration<_Rep1, _Period1>&, const std::chrono::duration<_Rep2, _Period2>&)[m[K’
[2.547s]   772 |       [01;36m[Koperator[m[K<(const duration<_Rep1, _Period1>& __lhs,
[2.547s]       |       [01;36m[K^~~~~~~~[m[K
[2.547s] [01m[K/usr/include/c++/11/chrono:772:7:[m[K [01;36m[Knote: [m[K  template argument deduction/substitution failed:
[2.547s] In file included from [01m[K/home/gkasha/Documents/maae/src/auction/src/execution_interface.cpp:1[m[K:
[2.547s] [01m[K/home/gkasha/Documents/maae/src/auction/include/auction/execution_interface.hpp:106:73:[m[K [01;36m[Knote: [m[K  mismatched types ‘[01m[Kconst std::chrono::duration<_Rep2, _Period2>[m[K’ and ‘[01m[Kfloat[m[K’
[2.547s]   106 |                          if (!(execution_span < action->get_duration([01;36m[K)[m[K)) {
[2.548s]       |                                                                      [01;36m[K^[m[K
[2.548s] 
[2.548s] In file included from [01m[K/usr/include/c++/11/mutex:39[m[K,
[2.548s]                  from [01m[K/usr/include/c++/11/future:38[m[K,
[2.548s]                  from [01m[K/home/gkasha/ros2_humble/install/rclcpp/include/rclcpp/rclcpp/executors.hpp:18[m[K,
[2.548s]                  from [01m[K/home/gkasha/ros2_humble/install/rclcpp/include/rclcpp/rclcpp/rclcpp.hpp:155[m[K,
[2.548s]                  from [01m[K/home/gkasha/Documents/maae/src/auction/include/auction/execution_interface.hpp:5[m[K,
[2.548s]                  from [01m[K/home/gkasha/Documents/maae/src/auction/src/execution_interface.cpp:1[m[K:
[2.548s] [01m[K/usr/include/c++/11/chrono:1075:7:[m[K [01;36m[Knote: [m[Kcandidate: ‘[01m[Ktemplate<class _Clock, class _Dur1, class _Dur2> constexpr bool std::chrono::operator<(const std::chrono::time_point<_Clock, _Duration1>&, const std::chrono::time_point<_Clock, _Duration2>&)[m[K’
[2.548s]  1075 |       [01;36m[Koperator[m[K<(const time_point<_Clock, _Dur1>& __lhs,
[2.548s]       |       [01;36m[K^~~~~~~~[m[K
[2.548s] [01m[K/usr/include/c++/11/chrono:1075:7:[m[K [01;36m[Knote: [m[K  template argument deduction/substitution failed:
[2.548s] In file included from [01m[K/home/gkasha/Documents/maae/src/auction/src/execution_interface.cpp:1[m[K:
[2.548s] [01m[K/home/gkasha/Documents/maae/src/auction/include/auction/execution_interface.hpp:106:73:[m[K [01;36m[Knote: [m[K  ‘[01m[Kstd::chrono::duration<double>[m[K’ is not derived from ‘[01m[Kconst std::chrono::time_point<_Clock, _Duration1>[m[K’
[2.548s]   106 |                          if (!(execution_span < action->get_duration([01;36m[K)[m[K)) {
[2.548s]       |                                                                      [01;36m[K^[m[K
[2.548s] 
[2.548s] In file included from [01m[K/usr/include/c++/11/mutex:42[m[K,
[2.548s]                  from [01m[K/usr/include/c++/11/future:38[m[K,
[2.548s]                  from [01m[K/home/gkasha/ros2_humble/install/rclcpp/include/rclcpp/rclcpp/executors.hpp:18[m[K,
[2.548s]                  from [01m[K/home/gkasha/ros2_humble/install/rclcpp/include/rclcpp/rclcpp/rclcpp.hpp:155[m[K,
[2.549s]                  from [01m[K/home/gkasha/Documents/maae/src/auction/include/auction/execution_interface.hpp:5[m[K,
[2.549s]                  from [01m[K/home/gkasha/Documents/maae/src/auction/src/execution_interface.cpp:1[m[K:
[2.549s] [01m[K/usr/include/c++/11/system_error:269:3:[m[K [01;36m[Knote: [m[Kcandidate: ‘[01m[Kbool std::operator<(const std::error_code&, const std::error_code&)[m[K’
[2.549s]   269 |   [01;36m[Koperator[m[K<(const error_code& __lhs, const error_code& __rhs) noexcept
[2.549s]       |   [01;36m[K^~~~~~~~[m[K
[2.549s] [01m[K/usr/include/c++/11/system_error:269:31:[m[K [01;36m[Knote: [m[K  no known conversion for argument 1 from ‘[01m[Kstd::chrono::duration<double>[m[K’ to ‘[01m[Kconst std::error_code&[m[K’
[2.549s]   269 |   operator<([01;36m[Kconst error_code& __lhs[m[K, const error_code& __rhs) noexcept
[2.549s]       |             [01;36m[K~~~~~~~~~~~~~~~~~~^~~~~[m[K
[2.549s] [01m[K/usr/include/c++/11/system_error:398:3:[m[K [01;36m[Knote: [m[Kcandidate: ‘[01m[Kbool std::operator<(const std::error_condition&, const std::error_condition&)[m[K’
[2.549s]   398 |   [01;36m[Koperator[m[K<(const error_condition& __lhs,
[2.549s]       |   [01;36m[K^~~~~~~~[m[K
[2.549s] [01m[K/usr/include/c++/11/system_error:398:36:[m[K [01;36m[Knote: [m[K  no known conversion for argument 1 from ‘[01m[Kstd::chrono::duration<double>[m[K’ to ‘[01m[Kconst std::error_condition&[m[K’
[2.549s]   398 |   operator<([01;36m[Kconst error_condition& __lhs[m[K,
[2.549s]       |             [01;36m[K~~~~~~~~~~~~~~~~~~~~~~~^~~~~[m[K
[2.549s] In file included from [01m[K/home/gkasha/ros2_humble/install/rclcpp/include/rclcpp/rclcpp/executors/multi_threaded_executor.hpp:22[m[K,
[2.549s]                  from [01m[K/home/gkasha/ros2_humble/install/rclcpp/include/rclcpp/rclcpp/executors.hpp:21[m[K,
[2.549s]                  from [01m[K/home/gkasha/ros2_humble/install/rclcpp/include/rclcpp/rclcpp/rclcpp.hpp:155[m[K,
[2.549s]                  from [01m[K/home/gkasha/Documents/maae/src/auction/include/auction/execution_interface.hpp:5[m[K,
[2.549s]                  from [01m[K/home/gkasha/Documents/maae/src/auction/src/execution_interface.cpp:1[m[K:
[2.550s] [01m[K/usr/include/c++/11/thread:70:3:[m[K [01;36m[Knote: [m[Kcandidate: ‘[01m[Kbool std::operator<(std::thread::id, std::thread::id)[m[K’
[2.550s]    70 |   [01;36m[Koperator[m[K<(thread::id __x, thread::id __y) noexcept
[2.550s]       |   [01;36m[K^~~~~~~~[m[K
[2.550s] [01m[K/usr/include/c++/11/thread:70:24:[m[K [01;36m[Knote: [m[K  no known conversion for argument 1 from ‘[01m[Kstd::chrono::duration<double>[m[K’ to ‘[01m[Kstd::thread::id[m[K’
[2.550s]    70 |   operator<([01;36m[Kthread::id __x[m[K, thread::id __y) noexcept
[2.550s]       |             [01;36m[K~~~~~~~~~~~^~~[m[K
[2.550s] In file included from [01m[K/home/gkasha/ros2_humble/install/rclcpp/include/rclcpp/rclcpp/client.hpp:28[m[K,
[2.550s]                  from [01m[K/home/gkasha/ros2_humble/install/rclcpp/include/rclcpp/rclcpp/callback_group.hpp:24[m[K,
[2.550s]                  from [01m[K/home/gkasha/ros2_humble/install/rclcpp/include/rclcpp/rclcpp/any_executable.hpp:20[m[K,
[2.550s]                  from [01m[K/home/gkasha/ros2_humble/install/rclcpp/include/rclcpp/rclcpp/memory_strategy.hpp:25[m[K,
[2.550s]                  from [01m[K/home/gkasha/ros2_humble/install/rclcpp/include/rclcpp/rclcpp/memory_strategies.hpp:18[m[K,
[2.550s]                  from [01m[K/home/gkasha/ros2_humble/install/rclcpp/include/rclcpp/rclcpp/executor_options.hpp:20[m[K,
[2.550s]                  from [01m[K/home/gkasha/ros2_humble/install/rclcpp/include/rclcpp/rclcpp/executor.hpp:37[m[K,
[2.550s]                  from [01m[K/home/gkasha/ros2_humble/install/rclcpp/include/rclcpp/rclcpp/executors/multi_threaded_executor.hpp:25[m[K,
[2.550s]                  from [01m[K/home/gkasha/ros2_humble/install/rclcpp/include/rclcpp/rclcpp/executors.hpp:21[m[K,
[2.550s]                  from [01m[K/home/gkasha/ros2_humble/install/rclcpp/include/rclcpp/rclcpp/rclcpp.hpp:155[m[K,
[2.550s]                  from [01m[K/home/gkasha/Documents/maae/src/auction/include/auction/execution_interface.hpp:5[m[K,
[2.550s]                  from [01m[K/home/gkasha/Documents/maae/src/auction/src/execution_interface.cpp:1[m[K:
[2.550s] [01m[K/usr/include/c++/11/variant:1289:18:[m[K [01;36m[Knote: [m[Kcandidate: ‘[01m[Kconstexpr bool std::operator<(std::monostate, std::monostate)[m[K’
[2.550s]  1289 |   constexpr bool [01;36m[Koperator[m[K<(monostate, monostate) noexcept { return false; }
[2.551s]       |                  [01;36m[K^~~~~~~~[m[K
[2.551s] [01m[K/usr/include/c++/11/variant:1289:28:[m[K [01;36m[Knote: [m[K  no known conversion for argument 1 from ‘[01m[Kstd::chrono::duration<double>[m[K’ to ‘[01m[Kstd::monostate[m[K’
[2.551s]  1289 |   constexpr bool operator<([01;36m[Kmonostate[m[K, monostate) noexcept { return false; }
[2.551s]       |                            [01;36m[K^~~~~~~~~[m[K
[2.551s] In file included from [01m[K/home/gkasha/Documents/maae/src/auction/src/execution_interface.cpp:1[m[K:
[2.551s] [01m[K/home/gkasha/Documents/maae/src/auction/include/auction/execution_interface.hpp:108:41:[m[K [01;31m[Kerror: [m[K‘[01m[Kclass ActionNode[m[K’ has no member named ‘[01m[Kstatus[m[K’; did you mean ‘[01m[KActionNode::ActionStatus ActionNode::status_[m[K’? (accessible via ‘[01m[KActionNode::ActionStatus ActionNode::get_status()[m[K’)
[2.551s]   108 |                                 action->[01;31m[Kstatus[m[K = ActionStatus::COMPLETE
[2.551s]       |                                         [01;31m[K^~~~~~[m[K
[2.551s]       |                                         [32m[Kget_status()[m[K
[2.551s] [01m[K/home/gkasha/Documents/maae/src/auction/include/auction/execution_interface.hpp:108:50:[m[K [01;31m[Kerror: [m[K‘[01m[KActionStatus[m[K’ has not been declared
[2.551s]   108 |                                 action->status = [01;31m[KActionStatus[m[K::COMPLETE
[2.551s]       |                                                  [01;31m[K^~~~~~~~~~~~[m[K
[2.551s] [01m[K/home/gkasha/Documents/maae/src/auction/include/auction/execution_interface.hpp:116:48:[m[K [01;31m[Kerror: [m[K‘[01m[KActionStatus[m[K’ has not been declared
[2.551s]   116 |                             action->set_status([01;31m[KActionStatus[m[K::EXECUTING);
[2.551s]       |                                                [01;31m[K^~~~~~~~~~~~[m[K
[2.570s] [01m[K/home/gkasha/Documents/maae/src/auction/include/auction/execution_interface.hpp:[m[K In constructor ‘[01m[KExecutor::Executor()[m[K’:
[2.570s] [01m[K/home/gkasha/Documents/maae/src/auction/include/auction/execution_interface.hpp:140:13:[m[K [01;31m[Kerror: [m[K‘[01m[Kcbgs_action_dispatch_[m[K’ was not declared in this scope; did you mean ‘[01m[Kaction_dispatch_cb[m[K’?
[2.571s]   140 |             [01;31m[Kcbgs_action_dispatch_[m[K = this->create_callback_group(
[2.571s]       |             [01;31m[K^~~~~~~~~~~~~~~~~~~~~[m[K
[2.571s]       |             [32m[Kaction_dispatch_cb[m[K
[2.577s] [01m[K/home/gkasha/Documents/maae/src/auction/include/auction/execution_interface.hpp:146:13:[m[K [01;31m[Kerror: [m[K‘[01m[Kaction_dispatch_[m[K’ was not declared in this scope; did you mean ‘[01m[Kaction_dispatch_cb[m[K’?
[2.577s]   146 |             [01;31m[Kaction_dispatch_[m[K = this->create_subscription<ma_interfaces::msg::Goal>(
[2.577s]       |             [01;31m[K^~~~~~~~~~~~~~~~[m[K
[2.577s]       |             [32m[Kaction_dispatch_cb[m[K
[2.577s] [01m[K/home/gkasha/Documents/maae/src/auction/include/auction/execution_interface.hpp:146:78:[m[K [01;31m[Kerror: [m[K‘[01m[KGoal[m[K’ is not a member of ‘[01m[Kma_interfaces::msg[m[K’
[2.577s]   146 |    action_dispatch_ = this->create_subscription<ma_interfaces::msg::[01;31m[KGoal[m[K>(
[2.578s]       |                                                                     [01;31m[K^~~~[m[K
[2.578s] 
[2.584s] [01m[K/home/gkasha/Documents/maae/src/auction/include/auction/execution_interface.hpp:146:83:[m[K [01;31m[Kerror: [m[Kno matching function for call to ‘[01m[KExecutor::create_subscription<<expression error> >(const char [22], rclcpp::QoS, std::_Bind_helper<false, void (Executor::*)(ma_interfaces::msg::ActionDispatch_<std::allocator<void> >), Executor*, const std::_Placeholder<1>&>::type, rclcpp::SubscriptionOptionsWithAllocator<std::allocator<void> >&)[m[K’
[2.584s]   146 |    action_dispatch_ = [01;31m[Kthis->create_subscription<ma_interfaces::msg::Goal>([m[K
[2.584s]       |                       [01;31m[K~~~~~~~~~~~~~~~~~~~~~~~~~~~~~~~~~~~~~~~~~~~~~~~~~~~^[m[K
[2.584s] 
[2.585s]   147 | [01;31m[K           "action_dispatch_topic",[m[K
[2.585s]       |            [01;31m[K~~~~~~~~~~~~~~~~~~~~~~~~[m[K                                       
[2.585s] 
[2.585s]   148 | [01;31m[K           rclcpp::QoS(10),[m[K
[2.585s]       |            [01;31m[K~~~~~~~~~~~~~~~~[m[K                                               
[2.585s] 
[2.585s]   149 | [01;31m[K           std::bind([m[K
[2.585s]       |            [01;31m[K~~~~~~~~~~[m[K                                                     
[2.586s] 
[2.586s]   150 | [01;31m[K               &Executor::action_dispatch_cb,[m[K
[2.586s]       |                [01;31m[K~~~~~~~~~~~~~~~~~~~~~~~~~~~~~~[m[K                             
[2.586s] 
[2.586s]   151 | [01;31m[K               this,[m[K
[2.586s]       |                [01;31m[K~~~~~[m[K                                                      
[2.586s] 
[2.586s]   152 | [01;31m[K               std::placeholders::_1),[m[K
[2.586s]       |                [01;31m[K~~~~~~~~~~~~~~~~~~~~~~~[m[K                                    
[2.586s] 
[2.586s]   153 | [01;31m[K           action_dispatch_opt)[m[K;
[2.586s]       |            [01;31m[K~~~~~~~~~~~~~~~~~~~~[m[K                                           
[2.586s] 
[2.586s] In file included from [01m[K/home/gkasha/ros2_humble/install/rclcpp/include/rclcpp/rclcpp/executors/single_threaded_executor.hpp:28[m[K,
[2.586s]                  from [01m[K/home/gkasha/ros2_humble/install/rclcpp/include/rclcpp/rclcpp/executors.hpp:22[m[K,
[2.586s]                  from [01m[K/home/gkasha/ros2_humble/install/rclcpp/include/rclcpp/rclcpp/rclcpp.hpp:155[m[K,
[2.586s]                  from [01m[K/home/gkasha/Documents/maae/src/auction/include/auction/execution_interface.hpp:5[m[K,
[2.586s]                  from [01m[K/home/gkasha/Documents/maae/src/auction/src/execution_interface.cpp:1[m[K:
[2.586s] [01m[K/home/gkasha/ros2_humble/install/rclcpp/include/rclcpp/rclcpp/node.hpp:219:3:[m[K [01;36m[Knote: [m[Kcandidate: ‘[01m[Ktemplate<class MessageT, class CallbackT, class AllocatorT, class SubscriptionT, class MessageMemoryStrategyT> std::shared_ptr<ROSMessageT> rclcpp::Node::create_subscription(const string&, const rclcpp::QoS&, CallbackT&&, const rclcpp::SubscriptionOptionsWithAllocator<AllocatorT>&, typename MessageMemoryStrategyT::SharedPtr)[m[K’
[2.586s]   219 |   [01;36m[Kcreate_subscription[m[K(
[2.587s]       |   [01;36m[K^~~~~~~~~~~~~~~~~~~[m[K
[2.587s] [01m[K/home/gkasha/ros2_humble/install/rclcpp/include/rclcpp/rclcpp/node.hpp:219:3:[m[K [01;36m[Knote: [m[K  template argument deduction/substitution failed:
[2.587s] In file included from [01m[K/home/gkasha/Documents/maae/src/auction/src/execution_interface.cpp:1[m[K:
[2.587s] [01m[K/home/gkasha/Documents/maae/src/auction/include/auction/execution_interface.hpp:146:83:[m[K [01;31m[Kerror: [m[Ktemplate argument 1 is invalid
[2.587s]   146 |    action_dispatch_ = [01;31m[Kthis->create_subscription<ma_interfaces::msg::Goal>([m[K
[2.587s]       |                       [01;31m[K~~~~~~~~~~~~~~~~~~~~~~~~~~~~~~~~~~~~~~~~~~~~~~~~~~~^[m[K
[2.587s] 
[2.587s]   147 | [01;31m[K           "action_dispatch_topic",[m[K
[2.587s]       |            [01;31m[K~~~~~~~~~~~~~~~~~~~~~~~~[m[K                                       
[2.587s] 
[2.587s]   148 | [01;31m[K           rclcpp::QoS(10),[m[K
[2.587s]       |            [01;31m[K~~~~~~~~~~~~~~~~[m[K                                               
[2.587s] 
[2.587s]   149 | [01;31m[K           std::bind([m[K
[2.587s]       |            [01;31m[K~~~~~~~~~~[m[K                                                     
[2.587s] 
[2.587s]   150 | [01;31m[K               &Executor::action_dispatch_cb,[m[K
[2.587s]       |                [01;31m[K~~~~~~~~~~~~~~~~~~~~~~~~~~~~~~[m[K                             
[2.587s] 
[2.587s]   151 | [01;31m[K               this,[m[K
[2.588s]       |                [01;31m[K~~~~~[m[K                                                      
[2.588s] 
[2.588s]   152 | [01;31m[K               std::placeholders::_1),[m[K
[2.588s]       |                [01;31m[K~~~~~~~~~~~~~~~~~~~~~~~[m[K                                    
[2.588s] 
[2.588s]   153 | [01;31m[K           action_dispatch_opt)[m[K;
[2.588s]       |            [01;31m[K~~~~~~~~~~~~~~~~~~~~[m[K                                           
[2.588s] 
[2.588s] In file included from [01m[K/home/gkasha/ros2_humble/install/rclcpp/include/rclcpp/rclcpp/client.hpp:40[m[K,
[2.588s]                  from [01m[K/home/gkasha/ros2_humble/install/rclcpp/include/rclcpp/rclcpp/callback_group.hpp:24[m[K,
[2.588s]                  from [01m[K/home/gkasha/ros2_humble/install/rclcpp/include/rclcpp/rclcpp/any_executable.hpp:20[m[K,
[2.588s]                  from [01m[K/home/gkasha/ros2_humble/install/rclcpp/include/rclcpp/rclcpp/memory_strategy.hpp:25[m[K,
[2.588s]                  from [01m[K/home/gkasha/ros2_humble/install/rclcpp/include/rclcpp/rclcpp/memory_strategies.hpp:18[m[K,
[2.588s]                  from [01m[K/home/gkasha/ros2_humble/install/rclcpp/include/rclcpp/rclcpp/executor_options.hpp:20[m[K,
[2.588s]                  from [01m[K/home/gkasha/ros2_humble/install/rclcpp/include/rclcpp/rclcpp/executor.hpp:37[m[K,
[2.588s]                  from [01m[K/home/gkasha/ros2_humble/install/rclcpp/include/rclcpp/rclcpp/executors/multi_threaded_executor.hpp:25[m[K,
[2.588s]                  from [01m[K/home/gkasha/ros2_humble/install/rclcpp/include/rclcpp/rclcpp/executors.hpp:21[m[K,
[2.588s]                  from [01m[K/home/gkasha/ros2_humble/install/rclcpp/include/rclcpp/rclcpp/rclcpp.hpp:155[m[K,
[2.588s]                  from [01m[K/home/gkasha/Documents/maae/src/auction/include/auction/execution_interface.hpp:5[m[K,
[2.588s]                  from [01m[K/home/gkasha/Documents/maae/src/auction/src/execution_interface.cpp:1[m[K:
[2.589s] [01m[K/home/gkasha/Documents/maae/src/auction/src/execution_interface.cpp:[m[K In function ‘[01m[Kvoid action_dispatch_cb(ma_interfaces::msg::ActionDispatch)[m[K’:
[2.589s] [01m[K/home/gkasha/Documents/maae/src/auction/src/execution_interface.cpp:8:17:[m[K [01;31m[Kerror: [m[Kinvalid use of ‘[01m[Kthis[m[K’ in non-member function
[2.589s]     8 |     RCLCPP_INFO([01;31m[Kthis[m[K->get_logger(), "Added action to map: %s", a_node->to_string().c_str());
[2.589s]       |                 [01;31m[K^~~~[m[K
[2.589s] [01m[K/home/gkasha/Documents/maae/src/auction/src/execution_interface.cpp:8:17:[m[K [01;31m[Kerror: [m[Kinvalid use of ‘[01m[Kthis[m[K’ in non-member function
[2.589s] [01m[K/home/gkasha/Documents/maae/src/auction/src/execution_interface.cpp:8:5:[m[K [01;31m[Kerror: [m[Ktemplate argument 1 is invalid
[2.589s]     8 |     [01;31m[KRCLCPP_INFO[m[K(this->get_logger(), "Added action to map: %s", a_node->to_string().c_str());
[2.589s]       |     [01;31m[K^~~~~~~~~~~[m[K
[2.589s] [01m[K/home/gkasha/Documents/maae/src/auction/src/execution_interface.cpp:8:5:[m[K [01;31m[Kerror: [m[K‘[01m[K<declaration error>[m[K’ is not a template [[01;31m[K]8;;https://gcc.gnu.org/onlinedocs/gcc/Warning-Options.html#index-fpermissive-fpermissive]8;;[m[K]
[2.589s]     8 |     [01;31m[KRCLCPP_INFO[m[K(this->get_logger(), "Added action to map: %s", a_node->to_string().c_str());
[2.589s]       |     [01;31m[K^~~~~~~~~~~[m[K
[2.589s] [01m[K/home/gkasha/Documents/maae/src/auction/src/execution_interface.cpp:8:5:[m[K [01;31m[Kerror: [m[Ktemplate argument 1 is invalid
[2.589s]     8 |     [01;31m[KRCLCPP_INFO[m[K(this->get_logger(), "Added action to map: %s", a_node->to_string().c_str());
[2.589s]       |     [01;31m[K^~~~~~~~~~~[m[K
[2.589s] [01m[K/home/gkasha/Documents/maae/src/auction/src/execution_interface.cpp:8:5:[m[K [01;31m[Kerror: [m[K‘[01m[K<declaration error>[m[K’ is not a template [[01;31m[K]8;;https://gcc.gnu.org/onlinedocs/gcc/Warning-Options.html#index-fpermissive-fpermissive]8;;[m[K]
[2.589s]     8 |     [01;31m[KRCLCPP_INFO[m[K(this->get_logger(), "Added action to map: %s", a_node->to_string().c_str());
[2.589s]       |     [01;31m[K^~~~~~~~~~~[m[K
[2.589s] [01m[K/home/gkasha/Documents/maae/src/auction/src/execution_interface.cpp:8:5:[m[K [01;31m[Kerror: [m[Ktemplate argument 1 is invalid
[2.590s]     8 |     [01;31m[KRCLCPP_INFO[m[K(this->get_logger(), "Added action to map: %s", a_node->to_string().c_str());
[2.590s]       |     [01;31m[K^~~~~~~~~~~[m[K
[2.590s] In file included from [01m[K/home/gkasha/ros2_humble/build/rclcpp/include/rclcpp/logging.hpp:24[m[K,
[2.590s]                  from [01m[K/home/gkasha/ros2_humble/install/rclcpp/include/rclcpp/rclcpp/client.hpp:40[m[K,
[2.590s]                  from [01m[K/home/gkasha/ros2_humble/install/rclcpp/include/rclcpp/rclcpp/callback_group.hpp:24[m[K,
[2.590s]                  from [01m[K/home/gkasha/ros2_humble/install/rclcpp/include/rclcpp/rclcpp/any_executable.hpp:20[m[K,
[2.590s]                  from [01m[K/home/gkasha/ros2_humble/install/rclcpp/include/rclcpp/rclcpp/memory_strategy.hpp:25[m[K,
[2.590s]                  from [01m[K/home/gkasha/ros2_humble/install/rclcpp/include/rclcpp/rclcpp/memory_strategies.hpp:18[m[K,
[2.590s]                  from [01m[K/home/gkasha/ros2_humble/install/rclcpp/include/rclcpp/rclcpp/executor_options.hpp:20[m[K,
[2.590s]                  from [01m[K/home/gkasha/ros2_humble/install/rclcpp/include/rclcpp/rclcpp/executor.hpp:37[m[K,
[2.590s]                  from [01m[K/home/gkasha/ros2_humble/install/rclcpp/include/rclcpp/rclcpp/executors/multi_threaded_executor.hpp:25[m[K,
[2.590s]                  from [01m[K/home/gkasha/ros2_humble/install/rclcpp/include/rclcpp/rclcpp/executors.hpp:21[m[K,
[2.590s]                  from [01m[K/home/gkasha/ros2_humble/install/rclcpp/include/rclcpp/rclcpp/rclcpp.hpp:155[m[K,
[2.590s]                  from [01m[K/home/gkasha/Documents/maae/src/auction/include/auction/execution_interface.hpp:5[m[K,
[2.590s]                  from [01m[K/home/gkasha/Documents/maae/src/auction/src/execution_interface.cpp:1[m[K:
[2.590s] [01m[K/home/gkasha/Documents/maae/src/auction/src/execution_interface.cpp:8:17:[m[K [01;31m[Kerror: [m[Kinvalid use of ‘[01m[Kthis[m[K’ in non-member function
[2.590s]     8 |     RCLCPP_INFO([01;31m[Kthis[m[K->get_logger(), "Added action to map: %s", a_node->to_string().c_str());
[2.590s]       |                 [01;31m[K^~~~[m[K
[2.590s] [01m[K/home/gkasha/Documents/maae/src/auction/src/execution_interface.cpp:8:17:[m[K [01;31m[Kerror: [m[Kinvalid use of ‘[01m[Kthis[m[K’ in non-member function
[2.590s]     8 |     RCLCPP_INFO([01;31m[Kthis[m[K->get_logger(), "Added action to map: %s", a_node->to_string().c_str());
[2.591s]       |                 [01;31m[K^~~~[m[K
[3.421s] gmake[2]: *** [CMakeFiles/execution_interface.dir/build.make:76: CMakeFiles/execution_interface.dir/src/execution_interface.cpp.o] Error 1
[3.421s] gmake[1]: *** [CMakeFiles/Makefile2:143: CMakeFiles/execution_interface.dir/all] Error 2
[3.421s] gmake: *** [Makefile:146: all] Error 2
[3.425s] Invoked command in '/home/gkasha/Documents/maae/build/auction' returned '2': AMENT_PREFIX_PATH=/home/gkasha/Documents/maae/install/ma_interfaces:${AMENT_PREFIX_PATH} CMAKE_PREFIX_PATH=/home/gkasha/Documents/maae/install/ma_interfaces:/home/gkasha/ros2_humble/install/rosbag2_storage_mcap:/home/gkasha/ros2_humble/install/rosbag2:/home/gkasha/ros2_humble/install/rosbag2_compression_zstd:/home/gkasha/ros2_humble/install/mcap_vendor:/home/gkasha/ros2_humble/install/zstd_vendor:/home/gkasha/ros2_humble/install/rviz_visual_testing_framework:/home/gkasha/ros2_humble/install/rviz2:/home/gkasha/ros2_humble/install/rviz_default_plugins:/home/gkasha/ros2_humble/install/rviz_common:/home/gkasha/ros2_humble/install/rosbag2_py:/home/gkasha/ros2_humble/install/rosbag2_transport:/home/gkasha/ros2_humble/install/rosbag2_performance_benchmarking:/home/gkasha/ros2_humble/install/rosbag2_compression:/home/gkasha/ros2_humble/install/rosbag2_cpp:/home/gkasha/ros2_humble/install/rosbag2_storage_default_plugins:/home/gkasha/ros2_humble/install/rosbag2_storage:/home/gkasha/ros2_humble/install/image_common:/home/gkasha/ros2_humble/install/camera_info_manager:/home/gkasha/ros2_humble/install/camera_calibration_parsers:/home/gkasha/ros2_humble/install/yaml_cpp_vendor:/home/gkasha/ros2_humble/install/interactive_markers:/home/gkasha/ros2_humble/install/common_interfaces:/home/gkasha/ros2_humble/install/visualization_msgs:/home/gkasha/ros2_humble/install/dummy_robot_bringup:/home/gkasha/ros2_humble/install/robot_state_publisher:/home/gkasha/ros2_humble/install/kdl_parser:/home/gkasha/ros2_humble/install/urdf:/home/gkasha/ros2_humble/install/urdfdom:/home/gkasha/ros2_humble/install/urdf_parser_plugin:/home/gkasha/ros2_humble/install/urdfdom_headers:/home/gkasha/ros2_humble/install/turtlesim:/home/gkasha/ros2_humble/install/geometry2:/home/gkasha/ros2_humble/install/tf2_sensor_msgs:/home/gkasha/ros2_humble/install/test_tf2:/home/gkasha/ros2_humble/install/tf2_kdl:/home/gkasha/ros2_humble/install/tf2_geometry_msgs:/home/gkasha/ros2_humble/install/tf2_eigen:/home/gkasha/ros2_humble/install/tf2_bullet:/home/gkasha/ros2_humble/install/tf2_ros:/home/gkasha/ros2_humble/install/tf2_py:/home/gkasha/ros2_humble/install/tf2_msgs:/home/gkasha/ros2_humble/install/test_msgs:/home/gkasha/ros2_humble/install/sros2_cmake:/home/gkasha/ros2_humble/install/ros2cli_common_extensions:/home/gkasha/ros2_humble/install/rqt_py_common:/home/gkasha/ros2_humble/install/ros_testing:/home/gkasha/ros2_humble/install/ros2cli_test_interfaces:/home/gkasha/ros2_humble/install/quality_of_service_demo_cpp:/home/gkasha/ros2_humble/install/image_transport:/home/gkasha/ros2_humble/install/message_filters:/home/gkasha/ros2_humble/install/demo_nodes_cpp:/home/gkasha/ros2_humble/install/composition:/home/gkasha/ros2_humble/install/laser_geometry:/home/gkasha/ros2_humble/install/rclpy:/home/gkasha/ros2_humble/install/examples_rclcpp_minimal_action_server:/home/gkasha/ros2_humble/install/examples_rclcpp_minimal_action_client:/home/gkasha/ros2_humble/install/action_tutorials_cpp:/home/gkasha/ros2_humble/install/rclcpp_action:/home/gkasha/ros2_humble/install/rcl_action:/home/gkasha/ros2_humble/install/examples_rclcpp_wait_set:/home/gkasha/ros2_humble/install/examples_rclcpp_minimal_service:/home/gkasha/ros2_humble/install/examples_rclcpp_minimal_client:/home/gkasha/ros2_humble/install/examples_rclcpp_async_client:/home/gkasha/ros2_humble/install/example_interfaces:/home/gkasha/ros2_humble/install/action_tutorials_interfaces:/home/gkasha/ros2_humble/install/action_msgs:/home/gkasha/ros2_humble/install/unique_identifier_msgs:/home/gkasha/ros2_humble/install/ament_lint_common:/home/gkasha/ros2_humble/install/ament_cmake_uncrustify:/home/gkasha/ros2_humble/install/uncrustify_vendor:/home/gkasha/ros2_humble/install/trajectory_msgs:/home/gkasha/ros2_humble/install/topic_statistics_demo:/home/gkasha/ros2_humble/install/pendulum_control:/home/gkasha/ros2_humble/install/tlsf_cpp:/home/gkasha/ros2_humble/install/test_tracetools:/home/gkasha/ros2_humble/install/rqt_gui_cpp:/home/gkasha/ros2_humble/install/rosbag2_test_common:/home/gkasha/ros2_humble/install/ros2lifecycle_test_fixtures:/home/gkasha/ros2_humble/install/lifecycle:/home/gkasha/ros2_humble/install/rclcpp_lifecycle:/home/gkasha/ros2_humble/install/logging_demo:/home/gkasha/ros2_humble/install/image_tools:/home/gkasha/ros2_humble/install/examples_rclcpp_minimal_subscriber:/home/gkasha/ros2_humble/install/examples_rclcpp_minimal_composition:/home/gkasha/ros2_humble/install/demo_nodes_cpp_native:/home/gkasha/ros2_humble/install/rclcpp_components:/home/gkasha/ros2_humble/install/intra_process_demo:/home/gkasha/ros2_humble/install/examples_rclcpp_multithreaded_executor:/home/gkasha/ros2_humble/install/examples_rclcpp_minimal_timer:/home/gkasha/ros2_humble/install/examples_rclcpp_minimal_publisher:/home/gkasha/ros2_humble/install/examples_rclcpp_cbg_executor:/home/gkasha/ros2_humble/install/dummy_sensors:/home/gkasha/ros2_humble/install/dummy_map_server:/home/gkasha/ros2_humble/install/rclcpp:/home/gkasha/ros2_humble/install/rcl_lifecycle:/home/gkasha/ros2_humble/install/libstatistics_collector:/home/gkasha/ros2_humble/install/rcl:/home/gkasha/ros2_humble/install/rmw_implementation:/home/gkasha/ros2_humble/install/rmw_fastrtps_dynamic_cpp:/home/gkasha/ros2_humble/install/rmw_fastrtps_cpp:/home/gkasha/ros2_humble/install/rmw_fastrtps_shared_cpp:/home/gkasha/ros2_humble/install/rmw_cyclonedds_cpp:/home/gkasha/ros2_humble/install/tracetools:/home/gkasha/ros2_humble/install/tlsf:/home/gkasha/ros2_humble/install/tinyxml_vendor:/home/gkasha/ros2_humble/install/qt_gui_core:/home/gkasha/ros2_humble/install/qt_gui_cpp:/home/gkasha/ros2_humble/install/pluginlib:/home/gkasha/ros2_humble/install/tinyxml2_vendor:/home/gkasha/ros2_humble/install/tf2_eigen_kdl:/home/gkasha/ros2_humble/install/tf2:/home/gkasha/ros2_humble/install/test_security:/home/gkasha/ros2_humble/install/test_rmw_implementation:/home/gkasha/ros2_humble/install/test_rclcpp:/home/gkasha/ros2_humble/install/test_quality_of_service:/home/gkasha/ros2_humble/install/test_launch_testing:/home/gkasha/ros2_humble/install/test_interface_files:/home/gkasha/ros2_humble/install/test_communication:/home/gkasha/ros2_humble/install/test_cli_remapping:/home/gkasha/ros2_humble/install/test_cli:/home/gkasha/ros2_humble/install/qt_gui_app:/home/gkasha/ros2_humble/install/qt_gui:/home/gkasha/ros2_humble/install/tango_icons_vendor:/home/gkasha/ros2_humble/install/stereo_msgs:/home/gkasha/ros2_humble/install/std_srvs:/home/gkasha/ros2_humble/install/shape_msgs:/home/gkasha/ros2_humble/install/map_msgs:/home/gkasha/ros2_humble/install/sensor_msgs:/home/gkasha/ros2_humble/install/nav_msgs:/home/gkasha/ros2_humble/install/diagnostic_msgs:/home/gkasha/ros2_humble/install/geometry_msgs:/home/gkasha/ros2_humble/install/actionlib_msgs:/home/gkasha/ros2_humble/install/std_msgs:/home/gkasha/ros2_humble/install/statistics_msgs:/home/gkasha/ros2_humble/install/sqlite3_vendor:/home/gkasha/ros2_humble/install/rcl_logging_spdlog:/home/gkasha/ros2_humble/install/spdlog_vendor:/home/gkasha/ros2_humble/install/shared_queues_vendor:/home/gkasha/ros2_humble/install/rviz_rendering_tests:/home/gkasha/ros2_humble/install/rviz_rendering:/home/gkasha/ros2_humble/install/rviz_ogre_vendor:/home/gkasha/ros2_humble/install/rviz_assimp_vendor:/home/gkasha/ros2_humble/install/rttest:/home/gkasha/ros2_humble/install/rmw_connextddsmicro:/home/gkasha/ros2_humble/install/rmw_connextdds:/home/gkasha/ros2_humble/install/rmw_connextdds_common:/home/gkasha/ros2_humble/install/rti_connext_dds_cmake_module:/home/gkasha/ros2_humble/install/rosgraph_msgs:/home/gkasha/ros2_humble/install/rosbag2_interfaces:/home/gkasha/ros2_humble/install/rmw_dds_common:/home/gkasha/ros2_humble/install/composition_interfaces:/home/gkasha/ros2_humble/install/rcl_interfaces:/home/gkasha/ros2_humble/install/pendulum_msgs:/home/gkasha/ros2_humble/install/lifecycle_msgs:/home/gkasha/ros2_humble/install/builtin_interfaces:/home/gkasha/ros2_humble/install/rosidl_default_runtime:/home/gkasha/ros2_humble/install/rosidl_default_generators:/home/gkasha/ros2_humble/install/rosidl_generator_py:/home/gkasha/ros2_humble/install/rosidl_typesupport_introspection_tests:/home/gkasha/ros2_humble/install/rosidl_typesupport_cpp:/home/gkasha/ros2_humble/install/rosidl_typesupport_introspection_cpp:/home/gkasha/ros2_humble/install/rosidl_typesupport_c:/home/gkasha/ros2_humble/install/rosidl_typesupport_introspection_c:/home/gkasha/ros2_humble/install/rosidl_typesupport_fastrtps_c:/home/gkasha/ros2_humble/install/rosidl_typesupport_fastrtps_cpp:/home/gkasha/ros2_humble/install/rosidl_generator_cpp:/home/gkasha/ros2_humble/install/rosidl_runtime_cpp:/home/gkasha/ros2_humble/install/rcl_yaml_param_parser:/home/gkasha/ros2_humble/install/rmw:/home/gkasha/ros2_humble/install/rosidl_runtime_c:/home/gkasha/ros2_humble/install/rosidl_generator_c:/home/gkasha/ros2_humble/install/rosidl_typesupport_interface:/home/gkasha/ros2_humble/install/rosidl_generator_dds_idl:/home/gkasha/ros2_humble/install/rosidl_cmake:/home/gkasha/ros2_humble/install/rosidl_parser:/home/gkasha/ros2_humble/install/rosidl_adapter:/home/gkasha/ros2_humble/install/rosbag2_tests:/home/gkasha/ros2_humble/install/rosbag2_storage_mcap_testdata:/home/gkasha/ros2_humble/install/ros_environment:/home/gkasha/ros2_humble/install/rmw_implementation_cmake:/home/gkasha/ros2_humble/install/resource_retriever:/home/gkasha/ros2_humble/install/class_loader:/home/gkasha/ros2_humble/install/rcpputils:/home/gkasha/ros2_humble/install/rcl_logging_noop:/home/gkasha/ros2_humble/install/rcl_logging_interface:/home/gkasha/ros2_humble/install/rcutils:/home/gkasha/ros2_humble/install/qt_gui_py_common:/home/gkasha/ros2_humble/install/qt_dotgraph:/home/gkasha/ros2_humble/install/python_qt_binding:/home/gkasha/ros2_humble/install/python_orocos_kdl_vendor:/home/gkasha/ros2_humble/install/launch_testing_ament_cmake:/home/gkasha/ros2_humble/install/python_cmake_module:/home/gkasha/ros2_humble/install/pybind11_vendor:/home/gkasha/ros2_humble/install/performance_test_fixture:/home/gkasha/ros2_humble/install/osrf_testing_tools_cpp:/home/gkasha/ros2_humble/install/orocos_kdl_vendor:/home/gkasha/ros2_humble/install/mimick_vendor:/home/gkasha/ros2_humble/install/libyaml_vendor:/home/gkasha/ros2_humble/install/libcurl_vendor:/home/gkasha/ros2_humble/install/keyboard_handler:/home/gkasha/ros2_humble/install/cyclonedds:/home/gkasha/ros2_humble/install/iceoryx_posh:/home/gkasha/ros2_humble/install/iceoryx_hoofs:/home/gkasha/ros2_humble/install/iceoryx_binding_c:/home/gkasha/ros2_humble/install/ament_cmake_ros:/home/gkasha/ros2_humble/install/ament_cmake_gmock:/home/gkasha/ros2_humble/install/gmock_vendor:/home/gkasha/ros2_humble/install/ament_cmake_auto:/home/gkasha/ros2_humble/install/ament_cmake_gtest:/home/gkasha/ros2_humble/install/gtest_vendor:/home/gkasha/ros2_humble/install/ament_cmake_google_benchmark:/home/gkasha/ros2_humble/install/google_benchmark_vendor:/home/gkasha/ros2_humble/install/fastrtps:/home/gkasha/ros2_humble/install/foonathan_memory_vendor:/home/gkasha/ros2_humble/install/fastrtps_cmake_module:/home/gkasha/ros2_humble/install/fastcdr:/home/gkasha/ros2_humble/install/eigen3_cmake_module:/home/gkasha/ros2_humble/install/console_bridge_vendor:/home/gkasha/ros2_humble/install/ament_cmake_xmllint:/home/gkasha/ros2_humble/install/ament_cmake_pyflakes:/home/gkasha/ros2_humble/install/ament_cmake_pycodestyle:/home/gkasha/ros2_humble/install/ament_cmake_pep257:/home/gkasha/ros2_humble/install/ament_cmake_pclint:/home/gkasha/ros2_humble/install/ament_lint_auto:/home/gkasha/ros2_humble/install/ament_cmake:/home/gkasha/ros2_humble/install/ament_cmake_version:/home/gkasha/ros2_humble/install/ament_cmake_pytest:/home/gkasha/ros2_humble/install/ament_cmake_nose:/home/gkasha/ros2_humble/install/ament_cmake_mypy:/home/gkasha/ros2_humble/install/ament_cmake_lint_cmake:/home/gkasha/ros2_humble/install/ament_cmake_flake8:/home/gkasha/ros2_humble/install/ament_cmake_cpplint:/home/gkasha/ros2_humble/install/ament_cmake_cppcheck:/home/gkasha/ros2_humble/install/ament_cmake_copyright:/home/gkasha/ros2_humble/install/ament_cmake_clang_tidy:/home/gkasha/ros2_humble/install/ament_cmake_clang_format:/home/gkasha/ros2_humble/install/ament_cmake_test:/home/gkasha/ros2_humble/install/ament_cmake_target_dependencies:/home/gkasha/ros2_humble/install/ament_cmake_python:/home/gkasha/ros2_humble/install/ament_cmake_export_dependencies:/home/gkasha/ros2_humble/install/ament_cmake_libraries:/home/gkasha/ros2_humble/install/ament_cmake_include_directories:/home/gkasha/ros2_humble/install/ament_cmake_gen_version_h:/home/gkasha/ros2_humble/install/ament_cmake_export_targets:/home/gkasha/ros2_humble/install/ament_cmake_export_link_flags:/home/gkasha/ros2_humble/install/ament_cmake_export_interfaces:/home/gkasha/ros2_humble/install/ament_cmake_export_libraries:/home/gkasha/ros2_humble/install/ament_cmake_export_include_directories:/home/gkasha/ros2_humble/install/ament_cmake_export_definitions:/home/gkasha/ros2_humble/install/ament_cmake_core:/home/gkasha/ros2_humble/install/ament_index_cpp:/home/gkasha/ros2_humble/install/rqt_bag_plugins:/home/gkasha/ros2_humble/install/rqt_bag:/home/gkasha/ros2_humble/install/ros2bag:/home/gkasha/ros2_humble/install/tracetools_test:/home/gkasha/ros2_humble/install/tracetools_launch:/home/gkasha/ros2_humble/install/topic_monitor:/home/gkasha/ros2_humble/install/tf2_tools:/home/gkasha/ros2_humble/install/examples_tf2_py:/home/gkasha/ros2_humble/install/tf2_ros_py:/home/gkasha/ros2_humble/install/sros2:/home/gkasha/ros2_humble/install/rqt_topic:/home/gkasha/ros2_humble/install/rqt_srv:/home/gkasha/ros2_humble/install/rqt_shell:/home/gkasha/ros2_humble/install/rqt_service_caller:/home/gkasha/ros2_humble/install/rqt_reconfigure:/home/gkasha/ros2_humble/install/rqt_py_console:/home/gkasha/ros2_humble/install/rqt_publisher:/home/gkasha/ros2_humble/install/rqt_plot:/home/gkasha/ros2_humble/install/rqt_action:/home/gkasha/ros2_humble/install/rqt_msg:/home/gkasha/ros2_humble/install/rqt_console:/home/gkasha/ros2_humble/install/rqt:/home/gkasha/ros2_humble/install/rqt_graph:/home/gkasha/ros2_humble/install/rqt_gui_py:/home/gkasha/ros2_humble/install/rqt_gui:/home/gkasha/ros2_humble/install/ros2trace:/home/gkasha/ros2_humble/install/ros2topic:/home/gkasha/ros2_humble/install/ros2test:/home/gkasha/ros2_humble/install/ros2component:/home/gkasha/ros2_humble/install/ros2param:/home/gkasha/ros2_humble/install/ros2lifecycle:/home/gkasha/ros2_humble/install/ros2service:/home/gkasha/ros2_humble/install/ros2run:/home/gkasha/ros2_humble/install/ros2launch:/home/gkasha/ros2_humble/install/ros2pkg:/home/gkasha/ros2_humble/install/ros2node:/home/gkasha/ros2_humble/install/ros2multicast:/home/gkasha/ros2_humble/install/ros2interface:/home/gkasha/ros2_humble/install/ros2doctor:/home/gkasha/ros2_humble/install/ros2action:/home/gkasha/ros2_humble/install/ros2cli:/home/gkasha/ros2_humble/install/quality_of_service_demo_py:/home/gkasha/ros2_humble/install/lifecycle_py:/home/gkasha/ros2_humble/install/launch_testing_ros:/home/gkasha/ros2_humble/install/launch_ros:/home/gkasha/ros2_humble/install/examples_rclpy_pointcloud_publisher:/home/gkasha/ros2_humble/install/examples_rclpy_minimal_subscriber:/home/gkasha/ros2_humble/install/examples_rclpy_minimal_service:/home/gkasha/ros2_humble/install/examples_rclpy_minimal_publisher:/home/gkasha/ros2_humble/install/examples_rclpy_minimal_client:/home/gkasha/ros2_humble/install/examples_rclpy_minimal_action_server:/home/gkasha/ros2_humble/install/examples_rclpy_minimal_action_client:/home/gkasha/ros2_humble/install/examples_rclpy_guard_conditions:/home/gkasha/ros2_humble/install/examples_rclpy_executors:/home/gkasha/ros2_humble/install/demo_nodes_py:/home/gkasha/ros2_humble/install/action_tutorials_py:/home/gkasha/ros2_humble/install/ament_uncrustify:/home/gkasha/ros2_humble/install/tracetools_trace:/home/gkasha/ros2_humble/install/tracetools_read:/home/gkasha/ros2_humble/install/test_tracetools_launch:/home/gkasha/ros2_humble/install/test_launch_ros:/home/gkasha/ros2_humble/install/sensor_msgs_py:/home/gkasha/ros2_humble/install/rpyutils:/home/gkasha/ros2_humble/install/rosidl_runtime_py:/home/gkasha/ros2_humble/install/rosidl_cli:/home/gkasha/ros2_humble/install/launch_pytest:/home/gkasha/ros2_humble/install/launch_testing:/home/gkasha/ros2_humble/install/launch_yaml:/home/gkasha/ros2_humble/install/launch_xml:/home/gkasha/ros2_humble/install/launch:/home/gkasha/ros2_humble/install/osrf_pycommon:/home/gkasha/ros2_humble/install/launch_testing_examples:/home/gkasha/ros2_humble/install/domain_coordinator:/home/gkasha/ros2_humble/install/ament_xmllint:/home/gkasha/ros2_humble/install/ament_pyflakes:/home/gkasha/ros2_humble/install/ament_pycodestyle:/home/gkasha/ros2_humble/install/ament_pep257:/home/gkasha/ros2_humble/install/ament_pclint:/home/gkasha/ros2_humble/install/ament_package:/home/gkasha/ros2_humble/install/ament_mypy:/home/gkasha/ros2_humble/install/ament_lint_cmake:/home/gkasha/ros2_humble/install/ament_flake8:/home/gkasha/ros2_humble/install/ament_copyright:/home/gkasha/ros2_humble/install/ament_lint:/home/gkasha/ros2_humble/install/ament_index_python:/home/gkasha/ros2_humble/install/ament_cpplint:/home/gkasha/ros2_humble/install/ament_cppcheck:/home/gkasha/ros2_humble/install/ament_clang_tidy:/home/gkasha/ros2_humble/install/ament_clang_format LD_LIBRARY_PATH=/home/gkasha/Documents/maae/install/ma_interfaces/lib:${LD_LIBRARY_PATH} PYTHONPATH=/home/gkasha/Documents/maae/install/ma_interfaces/local/lib/python3.10/dist-packages:${PYTHONPATH} /usr/bin/cmake --build /home/gkasha/Documents/maae/build/auction -- -j4 -l4
