[01m[K/home/gkasha/Documents/maae/src/auction/src/agent.cpp:[m[K In member function â€˜[01m[Kbool Agent::schedule_task(ma_interfaces::msg::Task&, TNode*)[m[Kâ€™:
[01m[K/home/gkasha/Documents/maae/src/auction/src/agent.cpp:470:159:[m[K [01;31m[Kerror: [m[Kexpected â€˜[01m[K;[m[Kâ€™ before â€˜[01m[Ks[m[Kâ€™
  470 |     RCLCPP_INFO(rclcpp::get_logger("rclcpp"),"[schedule_task] Travel duration from %s to %s is %f", new_task_stp.c_str(), new_task_etp.c_str(), task.duration)[01;31m[Ks[m[K;
      |                                                                                                                                                               [01;31m[K^[m[K
[01m[K/home/gkasha/Documents/maae/src/auction/src/agent.cpp:470:159:[m[K [01;31m[Kerror: [m[Kâ€˜[01m[Ks[m[Kâ€™ was not declared in this scope
gmake[2]: *** [CMakeFiles/agent.dir/build.make:76: CMakeFiles/agent.dir/src/agent.cpp.o] Error 1
gmake[1]: *** [CMakeFiles/Makefile2:197: CMakeFiles/agent.dir/all] Error 2
gmake: *** [Makefile:146: all] Error 2
