[35m[1mConsolidate compiler generated dependencies of target agent[0m
[ 25%] Built target client
[ 50%] Built target server
[ 75%] Built target goal_manager
[ 87%] [32mBuilding CXX object CMakeFiles/agent.dir/src/agent.cpp.o[0m
[01m[K/home/gkasha/Documents/maae/src/auction/src/agent.cpp:[m[K In function â€˜[01m[Kvoid send_auction_result(std::shared_ptr<ma_interfaces::srv::AuctionResult_Request_<std::allocator<void> > >, std::shared_ptr<ma_interfaces::srv::AuctionResult_Response_<std::allocator<void> > >)[m[Kâ€™:
[01m[K/home/gkasha/Documents/maae/src/auction/src/agent.cpp:92:70:[m[K [01;35m[Kwarning: [m[Kunused parameter â€˜[01m[Krep[m[Kâ€™ [[01;35m[K]8;;https://gcc.gnu.org/onlinedocs/gcc/Warning-Options.html#index-Wunused-parameter-Wunused-parameter]8;;[m[K]
   92 |         [01;35m[Kstd::shared_ptr<ma_interfaces::srv::AuctionResult::Response> rep[m[K)
      |         [01;35m[K~~~~~~~~~~~~~~~~~~~~~~~~~~~~~~~~~~~~~~~~~~~~~~~~~~~~~~~~~~~~~^~~[m[K
[01m[K/home/gkasha/Documents/maae/src/auction/src/agent.cpp:[m[K In function â€˜[01m[Kvoid publish_auction_winner(std::shared_ptr<rclcpp::Node>, ma_interfaces::msg::Task, std::vector<ma_interfaces::msg::Bid_<std::allocator<void> > >, ma_interfaces::msg::Bid)[m[Kâ€™:
[01m[K/home/gkasha/Documents/maae/src/auction/src/agent.cpp:210:20:[m[K [01;31m[Kerror: [m[Kâ€˜[01m[Kclass std::shared_ptr<ma_interfaces::srv::AuctionResult_Request_<std::allocator<void> > >[m[Kâ€™ has no member named â€˜[01m[Kt[m[Kâ€™
  210 |     auction_result.[01;31m[Kt[m[K = t;
      |                    [01;31m[K^[m[K
[01m[K/home/gkasha/Documents/maae/src/auction/src/agent.cpp:211:20:[m[K [01;31m[Kerror: [m[Kâ€˜[01m[Kclass std::shared_ptr<ma_interfaces::srv::AuctionResult_Request_<std::allocator<void> > >[m[Kâ€™ has no member named â€˜[01m[Kb[m[Kâ€™
  211 |     auction_result.[01;31m[Kb[m[K = winning_bid;
      |                    [01;31m[K^[m[K
[01m[K/home/gkasha/Documents/maae/src/auction/src/agent.cpp:214:60:[m[K [01;31m[Kerror: [m[Kâ€˜[01m[KShreadPtr[m[Kâ€™ is not a member of â€˜[01m[Krclcpp::Client<ma_interfaces::srv::AuctionResult>[m[Kâ€™
  214 |         rclcpp::Client<ma_interfaces::srv::AuctionResult>::[01;31m[KShreadPtr[m[K result_client =
      |                                                            [01;31m[K^~~~~~~~~[m[K
[01m[K/home/gkasha/Documents/maae/src/auction/src/agent.cpp:217:17:[m[K [01;31m[Kerror: [m[Kâ€˜[01m[Kresult_client[m[Kâ€™ was not declared in this scope
  217 |         while (![01;31m[Kresult_client[m[K->wait_for_service(1s)) {
      |                 [01;31m[K^~~~~~~~~~~~~[m[K
[01m[K/home/gkasha/Documents/maae/src/auction/src/agent.cpp:225:20:[m[K [01;31m[Kerror: [m[Kâ€˜[01m[Kresult_client[m[Kâ€™ was not declared in this scope
  225 |         auto res = [01;31m[Kresult_client[m[K->async_send_request(auction_result);
      |                    [01;31m[K^~~~~~~~~~~~~[m[K
In file included from [01m[K/home/gkasha/ros2_humble/build/rclcpp/include/rclcpp/logging.hpp:24[m[K,
                 from [01m[K/home/gkasha/ros2_humble/install/rclcpp/include/rclcpp/rclcpp/client.hpp:40[m[K,
                 from [01m[K/home/gkasha/ros2_humble/install/rclcpp/include/rclcpp/rclcpp/callback_group.hpp:24[m[K,
                 from [01m[K/home/gkasha/ros2_humble/install/rclcpp/include/rclcpp/rclcpp/any_executable.hpp:20[m[K,
                 from [01m[K/home/gkasha/ros2_humble/install/rclcpp/include/rclcpp/rclcpp/memory_strategy.hpp:25[m[K,
                 from [01m[K/home/gkasha/ros2_humble/install/rclcpp/include/rclcpp/rclcpp/memory_strategies.hpp:18[m[K,
                 from [01m[K/home/gkasha/ros2_humble/install/rclcpp/include/rclcpp/rclcpp/executor_options.hpp:20[m[K,
                 from [01m[K/home/gkasha/ros2_humble/install/rclcpp/include/rclcpp/rclcpp/executor.hpp:37[m[K,
                 from [01m[K/home/gkasha/ros2_humble/install/rclcpp/include/rclcpp/rclcpp/executors/multi_threaded_executor.hpp:25[m[K,
                 from [01m[K/home/gkasha/ros2_humble/install/rclcpp/include/rclcpp/rclcpp/executors.hpp:21[m[K,
                 from [01m[K/home/gkasha/ros2_humble/install/rclcpp/include/rclcpp/rclcpp/rclcpp.hpp:155[m[K,
                 from [01m[K/home/gkasha/Documents/maae/src/auction/src/agent.cpp:1[m[K:
[01m[K/home/gkasha/Documents/maae/src/auction/src/agent.cpp:231:91:[m[K [01;31m[Kerror: [m[Kâ€˜[01m[Kstruct ma_interfaces::msg::Bid_<std::allocator<void> >[m[Kâ€™ has no member named â€˜[01m[Ki[m[Kâ€™; did you mean â€˜[01m[Kid[m[Kâ€™?
  231 |             RCLCPP_ERROR(rclcpp::get_logger("rclcpp"), "Failed to send result to %d", bid.[01;31m[Ki[m[K);
      |                                                                                           [01;31m[K^[m[K
[01m[K/home/gkasha/Documents/maae/src/auction/src/agent.cpp:[m[K In function â€˜[01m[Kvoid start_auction(std::shared_ptr<ma_interfaces::srv::AuctionSrv_Request_<std::allocator<void> > >, std::shared_ptr<ma_interfaces::srv::AuctionSrv_Response_<std::allocator<void> > >)[m[Kâ€™:
[01m[K/home/gkasha/Documents/maae/src/auction/src/agent.cpp:257:13:[m[K [01;31m[Kerror: [m[Kno match for â€˜[01m[Koperator~[m[Kâ€™ (operand type is â€˜[01m[Kstd::shared_ptr<rclcpp::Node>[m[Kâ€™)
  257 |             [01;31m[K~client_node[m[K;
      |             [01;31m[K^~~~~~~~~~~~[m[K
[01m[K/home/gkasha/Documents/maae/src/auction/src/agent.cpp:257:13:[m[K [01;36m[Knote: [m[Kcandidate: â€˜[01m[Koperator~(int)[m[Kâ€™ (built-in)
[01m[K/home/gkasha/Documents/maae/src/auction/src/agent.cpp:257:13:[m[K [01;36m[Knote: [m[K  no known conversion for argument 1 from â€˜[01m[Kstd::shared_ptr<rclcpp::Node>[m[Kâ€™ to â€˜[01m[Kint[m[Kâ€™
In file included from [01m[K/home/gkasha/ros2_humble/install/rclcpp/include/rclcpp/rclcpp/executors.hpp:18[m[K,
                 from [01m[K/home/gkasha/ros2_humble/install/rclcpp/include/rclcpp/rclcpp/rclcpp.hpp:155[m[K,
                 from [01m[K/home/gkasha/Documents/maae/src/auction/src/agent.cpp:1[m[K:
[01m[K/usr/include/c++/11/future:160:20:[m[K [01;36m[Knote: [m[Kcandidate: â€˜[01m[Kconstexpr std::launch std::operator~(std::launch)[m[Kâ€™
  160 |   constexpr launch [01;36m[Koperator[m[K~(launch __x)
      |                    [01;36m[K^~~~~~~~[m[K
[01m[K/usr/include/c++/11/future:160:37:[m[K [01;36m[Knote: [m[K  no known conversion for argument 1 from â€˜[01m[Kstd::shared_ptr<rclcpp::Node>[m[Kâ€™ to â€˜[01m[Kstd::launch[m[Kâ€™
  160 |   constexpr launch operator~([01;36m[Klaunch __x[m[K)
      |                              [01;36m[K~~~~~~~^~~[m[K
In file included from [01m[K/usr/include/c++/11/ios:42[m[K,
                 from [01m[K/usr/include/c++/11/ostream:38[m[K,
                 from [01m[K/usr/include/c++/11/iostream:39[m[K,
                 from [01m[K/home/gkasha/ros2_humble/install/rclcpp/include/rclcpp/rclcpp/executor.hpp:22[m[K,
                 from [01m[K/home/gkasha/ros2_humble/install/rclcpp/include/rclcpp/rclcpp/executors/multi_threaded_executor.hpp:25[m[K,
                 from [01m[K/home/gkasha/ros2_humble/install/rclcpp/include/rclcpp/rclcpp/executors.hpp:21[m[K,
                 from [01m[K/home/gkasha/ros2_humble/install/rclcpp/include/rclcpp/rclcpp/rclcpp.hpp:155[m[K,
                 from [01m[K/home/gkasha/Documents/maae/src/auction/src/agent.cpp:1[m[K:
[01m[K/usr/include/c++/11/bits/ios_base.h:95:3:[m[K [01;36m[Knote: [m[Kcandidate: â€˜[01m[Kconstexpr std::_Ios_Fmtflags std::operator~(std::_Ios_Fmtflags)[m[Kâ€™
   95 |   [01;36m[Koperator[m[K~(_Ios_Fmtflags __a)
      |   [01;36m[K^~~~~~~~[m[K
[01m[K/usr/include/c++/11/bits/ios_base.h:95:27:[m[K [01;36m[Knote: [m[K  no known conversion for argument 1 from â€˜[01m[Kstd::shared_ptr<rclcpp::Node>[m[Kâ€™ to â€˜[01m[Kstd::_Ios_Fmtflags[m[Kâ€™
   95 |   operator~([01;36m[K_Ios_Fmtflags __a[m[K)
      |             [01;36m[K~~~~~~~~~~~~~~^~~[m[K
[01m[K/usr/include/c++/11/bits/ios_base.h:137:3:[m[K [01;36m[Knote: [m[Kcandidate: â€˜[01m[Kconstexpr std::_Ios_Openmode std::operator~(std::_Ios_Openmode)[m[Kâ€™
  137 |   [01;36m[Koperator[m[K~(_Ios_Openmode __a)
      |   [01;36m[K^~~~~~~~[m[K
[01m[K/usr/include/c++/11/bits/ios_base.h:137:27:[m[K [01;36m[Knote: [m[K  no known conversion for argument 1 from â€˜[01m[Kstd::shared_ptr<rclcpp::Node>[m[Kâ€™ to â€˜[01m[Kstd::_Ios_Openmode[m[Kâ€™
  137 |   operator~([01;36m[K_Ios_Openmode __a[m[K)
      |             [01;36m[K~~~~~~~~~~~~~~^~~[m[K
[01m[K/usr/include/c++/11/bits/ios_base.h:177:3:[m[K [01;36m[Knote: [m[Kcandidate: â€˜[01m[Kconstexpr std::_Ios_Iostate std::operator~(std::_Ios_Iostate)[m[Kâ€™
  177 |   [01;36m[Koperator[m[K~(_Ios_Iostate __a)
      |   [01;36m[K^~~~~~~~[m[K
[01m[K/usr/include/c++/11/bits/ios_base.h:177:26:[m[K [01;36m[Knote: [m[K  no known conversion for argument 1 from â€˜[01m[Kstd::shared_ptr<rclcpp::Node>[m[Kâ€™ to â€˜[01m[Kstd::_Ios_Iostate[m[Kâ€™
  177 |   operator~([01;36m[K_Ios_Iostate __a[m[K)
      |             [01;36m[K~~~~~~~~~~~~~^~~[m[K
[01m[K/home/gkasha/Documents/maae/src/auction/src/agent.cpp:239:72:[m[K [01;35m[Kwarning: [m[Kunused parameter â€˜[01m[Ktmp_req[m[Kâ€™ [[01;35m[K]8;;https://gcc.gnu.org/onlinedocs/gcc/Warning-Options.html#index-Wunused-parameter-Wunused-parameter]8;;[m[K]
  239 |         [01;35m[Kconst std::shared_ptr<ma_interfaces::srv::AuctionSrv::Request> tmp_req[m[K,
      |         [01;35m[K~~~~~~~~~~~~~~~~~~~~~~~~~~~~~~~~~~~~~~~~~~~~~~~~~~~~~~~~~~~~~~~^~~~~~~[m[K
[01m[K/home/gkasha/Documents/maae/src/auction/src/agent.cpp:240:67:[m[K [01;35m[Kwarning: [m[Kunused parameter â€˜[01m[Ktmp_rep[m[Kâ€™ [[01;35m[K]8;;https://gcc.gnu.org/onlinedocs/gcc/Warning-Options.html#index-Wunused-parameter-Wunused-parameter]8;;[m[K]
  240 |         [01;35m[Kstd::shared_ptr<ma_interfaces::srv::AuctionSrv::Response> tmp_rep[m[K)
      |         [01;35m[K~~~~~~~~~~~~~~~~~~~~~~~~~~~~~~~~~~~~~~~~~~~~~~~~~~~~~~~~~~^~~~~~~[m[K
gmake[2]: *** [CMakeFiles/agent.dir/build.make:76: CMakeFiles/agent.dir/src/agent.cpp.o] Error 1
gmake[1]: *** [CMakeFiles/Makefile2:195: CMakeFiles/agent.dir/all] Error 2
gmake: *** [Makefile:146: all] Error 2
