[01m[K/home/gkasha/Documents/maae/src/auction/src/agent.cpp:[m[K In constructor â€˜[01m[KAgent::Agent(std::string)[m[Kâ€™:
[01m[K/home/gkasha/Documents/maae/src/auction/src/agent.cpp:114:17:[m[K [01;31m[Kerror: [m[Kâ€˜[01m[Kclass STN[m[Kâ€™ has no member named â€˜[01m[Kadd_constarint[m[Kâ€™; did you mean â€˜[01m[Kadd_constraint[m[Kâ€™?
  114 |             stn.[01;31m[Kadd_constarint[m[K("start_end_seq", seq_c)
      |                 [01;31m[K^~~~~~~~~~~~~~[m[K
      |                 [32m[Kadd_constraint[m[K
gmake[2]: *** [CMakeFiles/agent.dir/build.make:76: CMakeFiles/agent.dir/src/agent.cpp.o] Error 1
gmake[1]: *** [CMakeFiles/Makefile2:195: CMakeFiles/agent.dir/all] Error 2
gmake: *** [Makefile:146: all] Error 2
