-- Found ament_cmake: 1.3.3 (/home/gkasha/ros2_humble/install/ament_cmake/share/ament_cmake/cmake)
-- Found rclcpp: 16.0.3 (/home/gkasha/ros2_humble/install/rclcpp/share/rclcpp/cmake)
-- Found rosidl_generator_c: 3.1.4 (/home/gkasha/ros2_humble/install/rosidl_generator_c/share/rosidl_generator_c/cmake)
-- Found rosidl_adapter: 3.1.4 (/home/gkasha/ros2_humble/install/rosidl_adapter/share/rosidl_adapter/cmake)
-- Found rosidl_generator_cpp: 3.1.4 (/home/gkasha/ros2_humble/install/rosidl_generator_cpp/share/rosidl_generator_cpp/cmake)
-- Using all available rosidl_typesupport_c: rosidl_typesupport_introspection_c;rosidl_typesupport_fastrtps_c
-- Using all available rosidl_typesupport_cpp: rosidl_typesupport_introspection_cpp;rosidl_typesupport_fastrtps_cpp
-- Found rmw_implementation_cmake: 6.1.1 (/home/gkasha/ros2_humble/install/rmw_implementation_cmake/share/rmw_implementation_cmake/cmake)
-- Found rmw_fastrtps_cpp: 6.2.2 (/home/gkasha/ros2_humble/install/rmw_fastrtps_cpp/share/rmw_fastrtps_cpp/cmake)
-- Using RMW implementation 'rmw_fastrtps_cpp' as default
-- Found ma_interfaces: 0.0.0 (/home/gkasha/Documents/maae/install/ma_interfaces/share/ma_interfaces/cmake)
-- Found ament_lint_auto: 0.12.5 (/home/gkasha/ros2_humble/install/ament_lint_auto/share/ament_lint_auto/cmake)
-- Added test 'cppcheck' to perform static code analysis on C / C++ code
-- Configured cppcheck include dirs: /home/gkasha/Documents/maae/src/auction/include
-- Configured cppcheck exclude dirs and/or files: 
-- Added test 'lint_cmake' to check CMake code style
-- Added test 'uncrustify' to check C / C++ code style
-- Configured uncrustify additional arguments: 
-- Added test 'xmllint' to check XML markup files
-- Configuring done
-- Generating done
-- Build files have been written to: /home/gkasha/Documents/maae/build/auction
[35m[1mConsolidate compiler generated dependencies of target execution_interface[0m
[35m[1mConsolidate compiler generated dependencies of target goal_manager[0m
[35m[1mConsolidate compiler generated dependencies of target client[0m
[35m[1mConsolidate compiler generated dependencies of target agent[0m
[ 11%] [32mBuilding CXX object CMakeFiles/agent.dir/src/agent.cpp.o[0m
[ 33%] Built target goal_manager
[ 44%] [32mBuilding CXX object CMakeFiles/execution_interface.dir/src/execution_interface.cpp.o[0m
[ 66%] Built target client
In file included from [01m[K/home/gkasha/Documents/maae/src/auction/src/execution_interface.cpp:1[m[K:
[01m[K/home/gkasha/Documents/maae/src/auction/include/auction/execution_interface.hpp:107:50:[m[K [01;31m[Kerror: [m[Kâ€˜[01m[Kint64[m[Kâ€™ in namespace â€˜[01m[Kstd_msgs::msg[m[Kâ€™ does not name a type; did you mean â€˜[01m[KInt64[m[Kâ€™?
  107 |         void clock_callback(const std_msgs::msg::[01;31m[Kint64[m[K::SharedPtr msg) {
      |                                                  [01;31m[K^~~~~[m[K
      |                                                  [32m[KInt64[m[K
[01m[K/home/gkasha/Documents/maae/src/auction/include/auction/execution_interface.hpp:107:67:[m[K [01;31m[Kerror: [m[Kexpected unqualified-id before â€˜[01m[Kmsg[m[Kâ€™
  107 |        void clock_callback(const std_msgs::msg::int64::SharedPtr [01;31m[Kmsg[m[K) {
      |                                                                  [01;31m[K^~~[m[K

[01m[K/home/gkasha/Documents/maae/src/auction/include/auction/execution_interface.hpp:107:66:[m[K [01;31m[Kerror: [m[Kexpected â€˜[01m[K)[m[Kâ€™ before â€˜[01m[Kmsg[m[Kâ€™
  107 |        void clock_callback[34m[K([m[Kconst std_msgs::msg::int64::SharedPtr[01;31m[K [m[K[32m[Kmsg[m[K) {
      |                           [34m[K~[m[K                                     [01;31m[K^[m[K[32m[K~~~[m[K
      |                                                                 [32m[K)[m[K
[01m[K/home/gkasha/Documents/maae/src/auction/include/auction/execution_interface.hpp:107:57:[m[K [01;31m[Kerror: [m[Kexpected â€˜[01m[K;[m[Kâ€™ at end of member declaration
  107 |         void clock_callback(const std_msgs::msg::int64::[01;31m[KSharedPtr[m[K msg) {
      |                                                         [01;31m[K^~~~~~~~~[m[K
      |                                                                  [32m[K;[m[K
[01m[K/home/gkasha/Documents/maae/src/auction/include/auction/execution_interface.hpp:107:67:[m[K [01;31m[Kerror: [m[Kâ€˜[01m[Kmsg[m[Kâ€™ does not name a type
  107 |        void clock_callback(const std_msgs::msg::int64::SharedPtr [01;31m[Kmsg[m[K) {
      |                                                                  [01;31m[K^~~[m[K

[01m[K/home/gkasha/Documents/maae/src/auction/include/auction/execution_interface.hpp:138:45:[m[K [01;31m[Kerror: [m[Kâ€˜[01m[Kint64[m[Kâ€™ is not a member of â€˜[01m[Kstd_msgs::msg[m[Kâ€™; did you mean â€˜[01m[KInt64[m[Kâ€™?
  138 |         rclcpp::Subscription<std_msgs::msg::[01;31m[Kint64[m[K>::SharedPtr subscription_;
      |                                             [01;31m[K^~~~~[m[K
      |                                             [32m[KInt64[m[K
[01m[K/home/gkasha/Documents/maae/src/auction/include/auction/execution_interface.hpp:138:50:[m[K [01;31m[Kerror: [m[Ktemplate argument 1 is invalid
  138 |         rclcpp::Subscription<std_msgs::msg::int64[01;31m[K>[m[K::SharedPtr subscription_;
      |                                                  [01;31m[K^[m[K
[01m[K/home/gkasha/Documents/maae/src/auction/include/auction/execution_interface.hpp:138:50:[m[K [01;31m[Kerror: [m[Ktemplate argument 3 is invalid
[01m[K/home/gkasha/Documents/maae/src/auction/include/auction/execution_interface.hpp:138:50:[m[K [01;31m[Kerror: [m[Ktemplate argument 4 is invalid
[01m[K/home/gkasha/Documents/maae/src/auction/include/auction/execution_interface.hpp:138:50:[m[K [01;31m[Kerror: [m[Ktemplate argument 5 is invalid
[01m[K/home/gkasha/Documents/maae/src/auction/include/auction/execution_interface.hpp:138:53:[m[K [01;31m[Kerror: [m[Kexpected â€˜[01m[K;[m[Kâ€™ at end of member declaration
  138 |         rclcpp::Subscription<std_msgs::msg::int64>::[01;31m[KSharedPtr[m[K subscription_;
      |                                                     [01;31m[K^~~~~~~~~[m[K
      |                                                              [32m[K;[m[K
[01m[K/home/gkasha/Documents/maae/src/auction/include/auction/execution_interface.hpp:138:63:[m[K [01;31m[Kerror: [m[Kâ€˜[01m[Ksubscription_[m[Kâ€™ does not name a type; did you mean â€˜[01m[Krmw_subscription_t[m[Kâ€™?
  138 |       rclcpp::Subscription<std_msgs::msg::int64>::SharedPtr [01;31m[Ksubscription_[m[K;
      |                                                             [01;31m[K^~~~~~~~~~~~~[m[K
      |                                                             [32m[Krmw_subscription_t[m[K
[01m[K/home/gkasha/Documents/maae/src/auction/include/auction/execution_interface.hpp:[m[K In constructor â€˜[01m[KMonitor::Monitor()[m[Kâ€™:
[01m[K/home/gkasha/Documents/maae/src/auction/include/auction/execution_interface.hpp:100:13:[m[K [01;31m[Kerror: [m[Kâ€˜[01m[Ksubscription_[m[Kâ€™ was not declared in this scope; did you mean â€˜[01m[Krmw_subscription_t[m[Kâ€™?
  100 |             [01;31m[Ksubscription_[m[K = this->create_subscription<std_msgs::msg::int64>(
      |             [01;31m[K^~~~~~~~~~~~~[m[K
      |             [32m[Krmw_subscription_t[m[K
[01m[K/home/gkasha/Documents/maae/src/auction/include/auction/execution_interface.hpp:100:70:[m[K [01;31m[Kerror: [m[Kâ€˜[01m[Kint64[m[Kâ€™ is not a member of â€˜[01m[Kstd_msgs::msg[m[Kâ€™; did you mean â€˜[01m[KInt64[m[Kâ€™?
  100 |        subscription_ = this->create_subscription<std_msgs::msg::[01;31m[Kint64[m[K>(
      |                                                                 [01;31m[K^~~~~[m[K
      |                                                                 [32m[KInt64[m[K
[01m[K/home/gkasha/Documents/maae/src/auction/include/auction/execution_interface.hpp:101:78:[m[K [01;31m[Kerror: [m[Kâ€˜[01m[K_1[m[Kâ€™ was not declared in this scope; did you mean â€˜[01m[Kstd::placeholders::_1[m[Kâ€™?
  101 |        "clock_topic", 10, std::bind(&Monitor::clock_callback, this, [01;31m[K_1[m[K)
      |                                                                     [01;31m[K^~[m[K
      |                                                                     [32m[Kstd::placeholders::_1[m[K
In file included from [01m[K/usr/include/c++/11/pstl/glue_algorithm_defs.h:13[m[K,
                 from [01m[K/usr/include/c++/11/algorithm:74[m[K,
                 from [01m[K/home/gkasha/ros2_humble/install/rclcpp/include/rclcpp/rclcpp/executor.hpp:18[m[K,
                 from [01m[K/home/gkasha/ros2_humble/install/rclcpp/include/rclcpp/rclcpp/executors/multi_threaded_executor.hpp:25[m[K,
                 from [01m[K/home/gkasha/ros2_humble/install/rclcpp/include/rclcpp/rclcpp/executors.hpp:21[m[K,
                 from [01m[K/home/gkasha/ros2_humble/install/rclcpp/include/rclcpp/rclcpp/rclcpp.hpp:155[m[K,
                 from [01m[K/home/gkasha/Documents/maae/src/auction/include/auction/execution_interface.hpp:5[m[K,
                 from [01m[K/home/gkasha/Documents/maae/src/auction/src/execution_interface.cpp:1[m[K:
[01m[K/usr/include/c++/11/functional:225:34:[m[K [01;36m[Knote: [m[Kâ€˜[01m[Kstd::placeholders::_1[m[Kâ€™ declared here
  225 |     extern const _Placeholder<1> [01;36m[K_1[m[K;
      |                                  [01;36m[K^~[m[K
In file included from [01m[K/home/gkasha/Documents/maae/src/auction/src/agent.cpp:1[m[K:
[01m[K/home/gkasha/Documents/maae/src/auction/include/auction/agent.hpp:179:30:[m[K [01;31m[Kerror: [m[Kâ€˜[01m[Kstd_msgs[m[Kâ€™ was not declared in this scope
  179 |         rclcpp::Subscription<[01;31m[Kstd_msgs[m[K::msg::int64>::SharedPtr clock_subscription_;
      |                              [01;31m[K^~~~~~~~[m[K
[01m[K/home/gkasha/Documents/maae/src/auction/include/auction/agent.hpp:179:50:[m[K [01;31m[Kerror: [m[Ktemplate argument 1 is invalid
  179 |         rclcpp::Subscription<std_msgs::msg::int64[01;31m[K>[m[K::SharedPtr clock_subscription_;
      |                                                  [01;31m[K^[m[K
[01m[K/home/gkasha/Documents/maae/src/auction/include/auction/agent.hpp:179:50:[m[K [01;31m[Kerror: [m[Ktemplate argument 3 is invalid
[01m[K/home/gkasha/Documents/maae/src/auction/include/auction/agent.hpp:179:50:[m[K [01;31m[Kerror: [m[Ktemplate argument 4 is invalid
[01m[K/home/gkasha/Documents/maae/src/auction/include/auction/agent.hpp:179:50:[m[K [01;31m[Kerror: [m[Ktemplate argument 5 is invalid
[01m[K/home/gkasha/Documents/maae/src/auction/include/auction/agent.hpp:179:53:[m[K [01;31m[Kerror: [m[Kexpected â€˜[01m[K;[m[Kâ€™ at end of member declaration
  179 |         rclcpp::Subscription<std_msgs::msg::int64>::[01;31m[KSharedPtr[m[K clock_subscription_;
      |                                                     [01;31m[K^~~~~~~~~[m[K
      |                                                              [32m[K;[m[K
[01m[K/home/gkasha/Documents/maae/src/auction/include/auction/agent.hpp:179:63:[m[K [01;31m[Kerror: [m[Kâ€˜[01m[Kclock_subscription_[m[Kâ€™ does not name a type; did you mean â€˜[01m[Krcl_subscription_t[m[Kâ€™?
  179 |         rclcpp::Subscription<std_msgs::msg::int64>::SharedPtr [01;31m[Kclock_subscription_[m[K;
      |                                                               [01;31m[K^~~~~~~~~~~~~~~~~~~[m[K
      |                                                               [32m[Krcl_subscription_t[m[K
[01m[K/home/gkasha/Documents/maae/src/auction/include/auction/agent.hpp:193:29:[m[K [01;31m[Kerror: [m[Kâ€˜[01m[Kstd_msgs[m[Kâ€™ has not been declared
  193 |         void clock_feedback([01;31m[Kstd_msgs[m[K::msg::int64);
      |                             [01;31m[K^~~~~~~~[m[K
[01m[K/home/gkasha/Documents/maae/src/auction/include/auction/agent.hpp:[m[K In constructor â€˜[01m[KAgent::Agent(std::string, double, double)[m[Kâ€™:
[01m[K/home/gkasha/Documents/maae/src/auction/include/auction/agent.hpp:67:13:[m[K [01;31m[Kerror: [m[Kâ€˜[01m[Kcbgs_clock_feedback_[m[Kâ€™ was not declared in this scope; did you mean â€˜[01m[Kcbgs_action_feedback_[m[Kâ€™?
   67 |             [01;31m[Kcbgs_clock_feedback_[m[K = this->create_callback_group(
      |             [01;31m[K^~~~~~~~~~~~~~~~~~~~[m[K
      |             [32m[Kcbgs_action_feedback_[m[K
[01m[K/home/gkasha/Documents/maae/src/auction/include/auction/agent.hpp:79:13:[m[K [01;31m[Kerror: [m[Kâ€˜[01m[Kclock_opt[m[Kâ€™ was not declared in this scope; did you mean â€˜[01m[Kclock_t[m[Kâ€™?
   79 |             [01;31m[Kclock_opt[m[K.callback_group = cbgs_clock_feedback_;
      |             [01;31m[K^~~~~~~~~[m[K
      |             [32m[Kclock_t[m[K
[01m[K/home/gkasha/Documents/maae/src/auction/include/auction/agent.hpp:113:13:[m[K [01;31m[Kerror: [m[Kâ€˜[01m[Kclock_subscription_[m[Kâ€™ was not declared in this scope; did you mean â€˜[01m[Krcl_subscription_t[m[Kâ€™?
  113 |             [01;31m[Kclock_subscription_[m[K = this->create_subscription<std_msgs::msg::int64>(
      |             [01;31m[K^~~~~~~~~~~~~~~~~~~[m[K
      |             [32m[Krcl_subscription_t[m[K
[01m[K/home/gkasha/Documents/maae/src/auction/include/auction/agent.hpp:113:61:[m[K [01;31m[Kerror: [m[Kâ€˜[01m[Kstd_msgs[m[Kâ€™ was not declared in this scope
  113 |             clock_subscription_ = this->create_subscription<[01;31m[Kstd_msgs[m[K::msg::int64>(
      |                                                             [01;31m[K^~~~~~~~[m[K
[01m[K/home/gkasha/Documents/maae/src/auction/include/auction/agent.hpp:113:41:[m[K [01;31m[Kerror: [m[Kparse error in template argument list
  113 |             clock_subscription_ = this->[01;31m[Kcreate_subscription<std_msgs::msg::int64>[m[K(
      |                                         [01;31m[K^~~~~~~~~~~~~~~~~~~~~~~~~~~~~~~~~~~~~~~~~[m[K
[01m[K/home/gkasha/Documents/maae/src/auction/include/auction/agent.hpp:117:29:[m[K [01;31m[Kerror: [m[Kâ€˜[01m[Kclock_feedback_cb[m[Kâ€™ is not a member of â€˜[01m[KAgent[m[Kâ€™
  117 |                     &Agent::[01;31m[Kclock_feedback_cb[m[K,
      |                             [01;31m[K^~~~~~~~~~~~~~~~~[m[K
[01m[K/home/gkasha/Documents/maae/src/auction/src/agent.cpp:[m[K At global scope:
[01m[K/home/gkasha/Documents/maae/src/auction/src/agent.cpp:60:34:[m[K [01;31m[Kerror: [m[Kâ€˜[01m[Kstd_msgs[m[Kâ€™ does not name a type
   60 | void Agent::clock_feedback(const [01;31m[Kstd_msgs[m[K::msg::int64::SharedPtr msg) {
      |                                  [01;31m[K^~~~~~~~[m[K
[01m[K/home/gkasha/Documents/maae/src/auction/src/agent.cpp:60:47:[m[K [01;31m[Kerror: [m[Kexpected unqualified-id before â€˜[01m[K::[m[Kâ€™ token
   60 | void Agent::clock_feedback(const std_msgs::msg[01;31m[K::[m[Kint64::SharedPtr msg) {
      |                                               [01;31m[K^~[m[K
[01m[K/home/gkasha/Documents/maae/src/auction/src/agent.cpp:60:47:[m[K [01;31m[Kerror: [m[Kexpected â€˜[01m[K)[m[Kâ€™ before â€˜[01m[K::[m[Kâ€™ token
   60 | void Agent::clock_feedback[34m[K([m[Kconst std_msgs::msg[01;31m[K:[m[K[32m[K:[m[Kint64::SharedPtr msg) {
      |                           [34m[K~[m[K                   [01;31m[K^[m[K[32m[K~[m[K
      |                                               [32m[K)[m[K
[01m[K/home/gkasha/Documents/maae/src/auction/src/agent.cpp:60:47:[m[K [01;31m[Kerror: [m[Kexpected initializer before â€˜[01m[K::[m[Kâ€™ token
   60 | void Agent::clock_feedback(const std_msgs::msg[01;31m[K::[m[Kint64::SharedPtr msg) {
      |                                               [01;31m[K^~[m[K
[01m[K/home/gkasha/Documents/maae/src/auction/src/agent.cpp:[m[K In member function â€˜[01m[Kvoid Agent::new_tasks_cb(ma_interfaces::msg::Task)[m[Kâ€™:
[01m[K/home/gkasha/Documents/maae/src/auction/src/agent.cpp:279:29:[m[K [01;31m[Kerror: [m[Kâ€˜[01m[Kget_curr_time[m[Kâ€™ was not declared in this scope; did you mean â€˜[01m[Kcurr_time_[m[Kâ€™?
  279 |             double st = max([01;31m[Kget_curr_time[m[K(),-1*std::get<0>(stn.get_feasible_values(slot->etp_)));
      |                             [01;31m[K^~~~~~~~~~~~~[m[K
      |                             [32m[Kcurr_time_[m[K
In file included from [01m[K/home/gkasha/ros2_humble/build/rclcpp/include/rclcpp/logging.hpp:24[m[K,
                 from [01m[K/home/gkasha/ros2_humble/install/rclcpp/include/rclcpp/rclcpp/client.hpp:40[m[K,
                 from [01m[K/home/gkasha/ros2_humble/install/rclcpp/include/rclcpp/rclcpp/callback_group.hpp:24[m[K,
                 from [01m[K/home/gkasha/ros2_humble/install/rclcpp/include/rclcpp/rclcpp/any_executable.hpp:20[m[K,
                 from [01m[K/home/gkasha/ros2_humble/install/rclcpp/include/rclcpp/rclcpp/memory_strategy.hpp:25[m[K,
                 from [01m[K/home/gkasha/ros2_humble/install/rclcpp/include/rclcpp/rclcpp/memory_strategies.hpp:18[m[K,
                 from [01m[K/home/gkasha/ros2_humble/install/rclcpp/include/rclcpp/rclcpp/executor_options.hpp:20[m[K,
                 from [01m[K/home/gkasha/ros2_humble/install/rclcpp/include/rclcpp/rclcpp/executor.hpp:37[m[K,
                 from [01m[K/home/gkasha/ros2_humble/install/rclcpp/include/rclcpp/rclcpp/executors/multi_threaded_executor.hpp:25[m[K,
                 from [01m[K/home/gkasha/ros2_humble/install/rclcpp/include/rclcpp/rclcpp/executors.hpp:21[m[K,
                 from [01m[K/home/gkasha/ros2_humble/install/rclcpp/include/rclcpp/rclcpp/rclcpp.hpp:155[m[K,
                 from [01m[K/home/gkasha/Documents/maae/src/auction/include/auction/agent.hpp:5[m[K,
                 from [01m[K/home/gkasha/Documents/maae/src/auction/src/agent.cpp:1[m[K:
[01m[K/home/gkasha/Documents/maae/src/auction/src/agent.cpp:[m[K In member function â€˜[01m[Kvoid Agent::check_dispatch()[m[Kâ€™:
[01m[K/home/gkasha/Documents/maae/src/auction/src/agent.cpp:318:51:[m[K [01;35m[Kwarning: [m[Kformat â€˜[01m[K%f[m[Kâ€™ expects argument of type â€˜[01m[Kdouble[m[Kâ€™, but argument 7 has type â€˜[01m[Kint[m[Kâ€™ [[01;35m[K]8;;https://gcc.gnu.org/onlinedocs/gcc/Warning-Options.html#index-Wformat=-Wformat=]8;;[m[K]
  318 |         RCLCPP_INFO(rclcpp::get_logger("rclcpp"), [01;35m[K"Attempting to execute between (%f,%f), current time=%f"[m[K,-1*std::get<0>(st),std::get<1>(st),[32m[Kcurr_time_[m[K);
      |                                                   [01;35m[K^~~~~~~~~~~~~~~~~~~~~~~~~~~~~~~~~~~~~~~~~~~~~~~~~~~~~~~~[m[K                                    [32m[K~~~~~~~~~~[m[K
      |                                                                                                                                               [32m[K|[m[K
      |                                                                                                                                               [32m[Kint[m[K
[01m[K/home/gkasha/Documents/maae/src/auction/src/agent.cpp:318:105:[m[K [01;36m[Knote: [m[Kformat string is defined here
  318 |         RCLCPP_INFO(rclcpp::get_logger("rclcpp"), "Attempting to execute between (%f,%f), current time=[01;36m[K%f[m[K",-1*std::get<0>(st),std::get<1>(st),curr_time_);
      |                                                                                                        [01;36m[K~^[m[K
      |                                                                                                         [01;36m[K|[m[K
      |                                                                                                         [01;36m[Kdouble[m[K
      |                                                                                                        [32m[K%d[m[K
gmake[2]: *** [CMakeFiles/execution_interface.dir/build.make:76: CMakeFiles/execution_interface.dir/src/execution_interface.cpp.o] Error 1
gmake[1]: *** [CMakeFiles/Makefile2:143: CMakeFiles/execution_interface.dir/all] Error 2
gmake[1]: *** Waiting for unfinished jobs....
gmake[2]: *** [CMakeFiles/agent.dir/build.make:76: CMakeFiles/agent.dir/src/agent.cpp.o] Error 1
gmake[1]: *** [CMakeFiles/Makefile2:195: CMakeFiles/agent.dir/all] Error 2
gmake: *** [Makefile:146: all] Error 2
