[01m[K/home/gkasha/Documents/maae/src/auction/src/agent.cpp:[m[K In member function â€˜[01m[Kvoid Agent::check_dispatch()[m[Kâ€™:
[01m[K/home/gkasha/Documents/maae/src/auction/src/agent.cpp:179:25:[m[K [01;31m[Kerror: [m[Kâ€˜[01m[Kclass TNode[m[Kâ€™ has no member named â€˜[01m[Kname[m[Kâ€™; did you mean â€˜[01m[Kname_[m[Kâ€™?
  179 |     if (timeline->next->[01;31m[Kname[m[K != "tail") {
      |                         [01;31m[K^~~~[m[K
      |                         [32m[Kname_[m[K
[01m[K/home/gkasha/Documents/maae/src/auction/src/agent.cpp:182:36:[m[K [01;31m[Kerror: [m[Kâ€˜[01m[KAgent::TNode[m[Kâ€™ has not been declared
  182 |         if (curr->status == Agent::[01;31m[KTNode[m[K::WAITING) {
      |                                    [01;31m[K^~~~~[m[K
gmake[2]: *** [CMakeFiles/agent.dir/build.make:76: CMakeFiles/agent.dir/src/agent.cpp.o] Error 1
gmake[1]: *** [CMakeFiles/Makefile2:167: CMakeFiles/agent.dir/all] Error 2
gmake: *** [Makefile:146: all] Error 2
