[01m[K/home/gkasha/Documents/maae/src/auction/src/execution_interface.cpp:[m[K In member function â€˜[01m[Kvoid Executor::action_dispatch_cb(ma_interfaces::msg::ActionDispatch)[m[Kâ€™:
[01m[K/home/gkasha/Documents/maae/src/auction/src/execution_interface.cpp:8:30:[m[K [01;31m[Kerror: [m[Kâ€˜[01m[Kcurr_time_[m[Kâ€™ was not declared in this scope
    8 |     if (action.start_time == [01;31m[Kcurr_time_[m[K) {
      |                              [01;31m[K^~~~~~~~~~[m[K
[01m[K/home/gkasha/Documents/maae/src/auction/src/execution_interface.cpp:12:9:[m[K [01;31m[Kerror: [m[Kâ€˜[01m[Kpublisher_[m[Kâ€™ was not declared in this scope; did you mean â€˜[01m[Krmw_publisher_t[m[Kâ€™?
   12 |         [01;31m[Kpublisher_[m[K->publish(a_node->to_feedback_msg(curr_time_));
      |         [01;31m[K^~~~~~~~~~[m[K
      |         [32m[Krmw_publisher_t[m[K
[01m[K/home/gkasha/Documents/maae/src/auction/src/agent.cpp:[m[K In member function â€˜[01m[Kvoid Agent::check_dispatch()[m[Kâ€™:
[01m[K/home/gkasha/Documents/maae/src/auction/src/agent.cpp:609:18:[m[K [01;35m[Kwarning: [m[Kvariable â€˜[01m[Kstp[m[Kâ€™ set but not used [[01;35m[K]8;;https://gcc.gnu.org/onlinedocs/gcc/Warning-Options.html#index-Wunused-but-set-variable-Wunused-but-set-variable]8;;[m[K]
  609 |             auto [01;35m[Kstp[m[K = stn.get_feasible_values(curr->stp_);
      |                  [01;35m[K^~~[m[K
[01m[K/home/gkasha/Documents/maae/src/auction/src/agent.cpp:610:18:[m[K [01;35m[Kwarning: [m[Kvariable â€˜[01m[Ketp[m[Kâ€™ set but not used [[01;35m[K]8;;https://gcc.gnu.org/onlinedocs/gcc/Warning-Options.html#index-Wunused-but-set-variable-Wunused-but-set-variable]8;;[m[K]
  610 |             auto [01;35m[Ketp[m[K = stn.get_feasible_values(curr->etp_);
      |                  [01;35m[K^~~[m[K
gmake[2]: *** [CMakeFiles/execution_interface.dir/build.make:76: CMakeFiles/execution_interface.dir/src/execution_interface.cpp.o] Error 1
gmake[1]: *** [CMakeFiles/Makefile2:145: CMakeFiles/execution_interface.dir/all] Error 2
gmake[1]: *** Waiting for unfinished jobs....
gmake: *** [Makefile:146: all] Error 2
