[35m[1mConsolidate compiler generated dependencies of target agent[0m
[ 18%] Built target client
[ 27%] [32mBuilding CXX object CMakeFiles/agent.dir/src/agent.cpp.o[0m
[ 45%] Built target goal_manager
[ 63%] Built target execution_interface
[ 81%] Built target clock
In file included from [01m[K/home/gkasha/Documents/maae/src/auction/src/agent.cpp:1[m[K:
[01m[K/home/gkasha/Documents/maae/src/auction/include/auction/agent.hpp:[m[K In constructor â€˜[01m[KAgent::Agent(std::string, double, double, double, double)[m[Kâ€™:
[01m[K/home/gkasha/Documents/maae/src/auction/include/auction/agent.hpp:64:13:[m[K [01;31m[Kerror: [m[Kâ€˜[01m[Kgoal_auction_publisher_[m[Kâ€™ was not declared in this scope; did you mean â€˜[01m[Ktask_auction_publisher_[m[Kâ€™?
   64 |             [01;31m[Kgoal_auction_publisher_[m[K = this->create_publisher<ma_interfaces::msg::Goal>("new_goals_topic", 10);
      |             [01;31m[K^~~~~~~~~~~~~~~~~~~~~~~[m[K
      |             [32m[Ktask_auction_publisher_[m[K
[01m[K/home/gkasha/Documents/maae/src/auction/src/agent.cpp:[m[K In member function â€˜[01m[Kvoid Agent::check_dispatch()[m[Kâ€™:
[01m[K/home/gkasha/Documents/maae/src/auction/src/agent.cpp:720:13:[m[K [01;31m[Kerror: [m[Kâ€˜[01m[Kgoal_auction_publisher_[m[Kâ€™ was not declared in this scope; did you mean â€˜[01m[Ktask_auction_publisher_[m[Kâ€™?
  720 |             [01;31m[Kgoal_auction_publisher_[m[K->publish(goal);
      |             [01;31m[K^~~~~~~~~~~~~~~~~~~~~~~[m[K
      |             [32m[Ktask_auction_publisher_[m[K
gmake[2]: *** [CMakeFiles/agent.dir/build.make:76: CMakeFiles/agent.dir/src/agent.cpp.o] Error 1
gmake[1]: *** [CMakeFiles/Makefile2:197: CMakeFiles/agent.dir/all] Error 2
gmake: *** [Makefile:146: all] Error 2
