[01m[K/home/gkasha/Documents/maae/src/auction/src/agent.cpp:[m[K In member function â€˜[01m[Kstd::tuple<double, TNode*> Agent::find_slot(TNode*, ma_interfaces::msg::Task&)[m[Kâ€™:
[01m[K/home/gkasha/Documents/maae/src/auction/src/agent.cpp:338:25:[m[K [01;31m[Kerror: [m[Kâ€˜[01m[Ktemp_now_seq[m[Kâ€™ was not declared in this scope
  338 |         if (std::get<0>([01;31m[Ktemp_now_seq[m[K) == curr->etp_ || std::get<1>(temp_now_seq) == curr->etp_) {
      |                         [01;31m[K^~~~~~~~~~~~[m[K
[01m[K/home/gkasha/Documents/maae/src/auction/src/agent.cpp:[m[K In member function â€˜[01m[Kstd::vector<std::tuple<double, TNode*> > Agent::find_slots(ma_interfaces::msg::Task&)[m[Kâ€™:
[01m[K/home/gkasha/Documents/maae/src/auction/src/agent.cpp:377:20:[m[K [01;35m[Kwarning: [m[Kunused variable â€˜[01m[Knode[m[Kâ€™ [[01;35m[K]8;;https://gcc.gnu.org/onlinedocs/gcc/Warning-Options.html#index-Wunused-variable-Wunused-variable]8;;[m[K]
  377 |             TNode* [01;35m[Knode[m[K = std::get<1>(temp);
      |                    [01;35m[K^~~~[m[K
gmake[2]: *** [CMakeFiles/agent.dir/build.make:76: CMakeFiles/agent.dir/src/agent.cpp.o] Error 1
gmake[1]: *** [CMakeFiles/Makefile2:197: CMakeFiles/agent.dir/all] Error 2
gmake: *** [Makefile:146: all] Error 2
