[0.067s] Invoking command in '/home/gkasha/Documents/maae/build/auction': AMENT_PREFIX_PATH=/home/gkasha/Documents/maae/install/ma_interfaces:${AMENT_PREFIX_PATH} CMAKE_PREFIX_PATH=/home/gkasha/Documents/maae/install/ma_interfaces:/home/gkasha/ros2_humble/install/rosbag2_storage_mcap:/home/gkasha/ros2_humble/install/rosbag2:/home/gkasha/ros2_humble/install/rosbag2_compression_zstd:/home/gkasha/ros2_humble/install/mcap_vendor:/home/gkasha/ros2_humble/install/zstd_vendor:/home/gkasha/ros2_humble/install/rviz_visual_testing_framework:/home/gkasha/ros2_humble/install/rviz2:/home/gkasha/ros2_humble/install/rviz_default_plugins:/home/gkasha/ros2_humble/install/rviz_common:/home/gkasha/ros2_humble/install/rosbag2_py:/home/gkasha/ros2_humble/install/rosbag2_transport:/home/gkasha/ros2_humble/install/rosbag2_performance_benchmarking:/home/gkasha/ros2_humble/install/rosbag2_compression:/home/gkasha/ros2_humble/install/rosbag2_cpp:/home/gkasha/ros2_humble/install/rosbag2_storage_default_plugins:/home/gkasha/ros2_humble/install/rosbag2_storage:/home/gkasha/ros2_humble/install/image_common:/home/gkasha/ros2_humble/install/camera_info_manager:/home/gkasha/ros2_humble/install/camera_calibration_parsers:/home/gkasha/ros2_humble/install/yaml_cpp_vendor:/home/gkasha/ros2_humble/install/interactive_markers:/home/gkasha/ros2_humble/install/common_interfaces:/home/gkasha/ros2_humble/install/visualization_msgs:/home/gkasha/ros2_humble/install/dummy_robot_bringup:/home/gkasha/ros2_humble/install/robot_state_publisher:/home/gkasha/ros2_humble/install/kdl_parser:/home/gkasha/ros2_humble/install/urdf:/home/gkasha/ros2_humble/install/urdfdom:/home/gkasha/ros2_humble/install/urdf_parser_plugin:/home/gkasha/ros2_humble/install/urdfdom_headers:/home/gkasha/ros2_humble/install/turtlesim:/home/gkasha/ros2_humble/install/geometry2:/home/gkasha/ros2_humble/install/tf2_sensor_msgs:/home/gkasha/ros2_humble/install/test_tf2:/home/gkasha/ros2_humble/install/tf2_kdl:/home/gkasha/ros2_humble/install/tf2_geometry_msgs:/home/gkasha/ros2_humble/install/tf2_eigen:/home/gkasha/ros2_humble/install/tf2_bullet:/home/gkasha/ros2_humble/install/tf2_ros:/home/gkasha/ros2_humble/install/tf2_py:/home/gkasha/ros2_humble/install/tf2_msgs:/home/gkasha/ros2_humble/install/test_msgs:/home/gkasha/ros2_humble/install/sros2_cmake:/home/gkasha/ros2_humble/install/ros2cli_common_extensions:/home/gkasha/ros2_humble/install/rqt_py_common:/home/gkasha/ros2_humble/install/ros_testing:/home/gkasha/ros2_humble/install/ros2cli_test_interfaces:/home/gkasha/ros2_humble/install/quality_of_service_demo_cpp:/home/gkasha/ros2_humble/install/image_transport:/home/gkasha/ros2_humble/install/message_filters:/home/gkasha/ros2_humble/install/demo_nodes_cpp:/home/gkasha/ros2_humble/install/composition:/home/gkasha/ros2_humble/install/laser_geometry:/home/gkasha/ros2_humble/install/rclpy:/home/gkasha/ros2_humble/install/examples_rclcpp_minimal_action_server:/home/gkasha/ros2_humble/install/examples_rclcpp_minimal_action_client:/home/gkasha/ros2_humble/install/action_tutorials_cpp:/home/gkasha/ros2_humble/install/rclcpp_action:/home/gkasha/ros2_humble/install/rcl_action:/home/gkasha/ros2_humble/install/examples_rclcpp_wait_set:/home/gkasha/ros2_humble/install/examples_rclcpp_minimal_service:/home/gkasha/ros2_humble/install/examples_rclcpp_minimal_client:/home/gkasha/ros2_humble/install/examples_rclcpp_async_client:/home/gkasha/ros2_humble/install/example_interfaces:/home/gkasha/ros2_humble/install/action_tutorials_interfaces:/home/gkasha/ros2_humble/install/action_msgs:/home/gkasha/ros2_humble/install/unique_identifier_msgs:/home/gkasha/ros2_humble/install/ament_lint_common:/home/gkasha/ros2_humble/install/ament_cmake_uncrustify:/home/gkasha/ros2_humble/install/uncrustify_vendor:/home/gkasha/ros2_humble/install/trajectory_msgs:/home/gkasha/ros2_humble/install/topic_statistics_demo:/home/gkasha/ros2_humble/install/pendulum_control:/home/gkasha/ros2_humble/install/tlsf_cpp:/home/gkasha/ros2_humble/install/test_tracetools:/home/gkasha/ros2_humble/install/rqt_gui_cpp:/home/gkasha/ros2_humble/install/rosbag2_test_common:/home/gkasha/ros2_humble/install/ros2lifecycle_test_fixtures:/home/gkasha/ros2_humble/install/lifecycle:/home/gkasha/ros2_humble/install/rclcpp_lifecycle:/home/gkasha/ros2_humble/install/logging_demo:/home/gkasha/ros2_humble/install/image_tools:/home/gkasha/ros2_humble/install/examples_rclcpp_minimal_subscriber:/home/gkasha/ros2_humble/install/examples_rclcpp_minimal_composition:/home/gkasha/ros2_humble/install/demo_nodes_cpp_native:/home/gkasha/ros2_humble/install/rclcpp_components:/home/gkasha/ros2_humble/install/intra_process_demo:/home/gkasha/ros2_humble/install/examples_rclcpp_multithreaded_executor:/home/gkasha/ros2_humble/install/examples_rclcpp_minimal_timer:/home/gkasha/ros2_humble/install/examples_rclcpp_minimal_publisher:/home/gkasha/ros2_humble/install/examples_rclcpp_cbg_executor:/home/gkasha/ros2_humble/install/dummy_sensors:/home/gkasha/ros2_humble/install/dummy_map_server:/home/gkasha/ros2_humble/install/rclcpp:/home/gkasha/ros2_humble/install/rcl_lifecycle:/home/gkasha/ros2_humble/install/libstatistics_collector:/home/gkasha/ros2_humble/install/rcl:/home/gkasha/ros2_humble/install/rmw_implementation:/home/gkasha/ros2_humble/install/rmw_fastrtps_dynamic_cpp:/home/gkasha/ros2_humble/install/rmw_fastrtps_cpp:/home/gkasha/ros2_humble/install/rmw_fastrtps_shared_cpp:/home/gkasha/ros2_humble/install/rmw_cyclonedds_cpp:/home/gkasha/ros2_humble/install/tracetools:/home/gkasha/ros2_humble/install/tlsf:/home/gkasha/ros2_humble/install/tinyxml_vendor:/home/gkasha/ros2_humble/install/qt_gui_core:/home/gkasha/ros2_humble/install/qt_gui_cpp:/home/gkasha/ros2_humble/install/pluginlib:/home/gkasha/ros2_humble/install/tinyxml2_vendor:/home/gkasha/ros2_humble/install/tf2_eigen_kdl:/home/gkasha/ros2_humble/install/tf2:/home/gkasha/ros2_humble/install/test_security:/home/gkasha/ros2_humble/install/test_rmw_implementation:/home/gkasha/ros2_humble/install/test_rclcpp:/home/gkasha/ros2_humble/install/test_quality_of_service:/home/gkasha/ros2_humble/install/test_launch_testing:/home/gkasha/ros2_humble/install/test_interface_files:/home/gkasha/ros2_humble/install/test_communication:/home/gkasha/ros2_humble/install/test_cli_remapping:/home/gkasha/ros2_humble/install/test_cli:/home/gkasha/ros2_humble/install/qt_gui_app:/home/gkasha/ros2_humble/install/qt_gui:/home/gkasha/ros2_humble/install/tango_icons_vendor:/home/gkasha/ros2_humble/install/stereo_msgs:/home/gkasha/ros2_humble/install/std_srvs:/home/gkasha/ros2_humble/install/shape_msgs:/home/gkasha/ros2_humble/install/map_msgs:/home/gkasha/ros2_humble/install/sensor_msgs:/home/gkasha/ros2_humble/install/nav_msgs:/home/gkasha/ros2_humble/install/diagnostic_msgs:/home/gkasha/ros2_humble/install/geometry_msgs:/home/gkasha/ros2_humble/install/actionlib_msgs:/home/gkasha/ros2_humble/install/std_msgs:/home/gkasha/ros2_humble/install/statistics_msgs:/home/gkasha/ros2_humble/install/sqlite3_vendor:/home/gkasha/ros2_humble/install/rcl_logging_spdlog:/home/gkasha/ros2_humble/install/spdlog_vendor:/home/gkasha/ros2_humble/install/shared_queues_vendor:/home/gkasha/ros2_humble/install/rviz_rendering_tests:/home/gkasha/ros2_humble/install/rviz_rendering:/home/gkasha/ros2_humble/install/rviz_ogre_vendor:/home/gkasha/ros2_humble/install/rviz_assimp_vendor:/home/gkasha/ros2_humble/install/rttest:/home/gkasha/ros2_humble/install/rmw_connextddsmicro:/home/gkasha/ros2_humble/install/rmw_connextdds:/home/gkasha/ros2_humble/install/rmw_connextdds_common:/home/gkasha/ros2_humble/install/rti_connext_dds_cmake_module:/home/gkasha/ros2_humble/install/rosgraph_msgs:/home/gkasha/ros2_humble/install/rosbag2_interfaces:/home/gkasha/ros2_humble/install/rmw_dds_common:/home/gkasha/ros2_humble/install/composition_interfaces:/home/gkasha/ros2_humble/install/rcl_interfaces:/home/gkasha/ros2_humble/install/pendulum_msgs:/home/gkasha/ros2_humble/install/lifecycle_msgs:/home/gkasha/ros2_humble/install/builtin_interfaces:/home/gkasha/ros2_humble/install/rosidl_default_runtime:/home/gkasha/ros2_humble/install/rosidl_default_generators:/home/gkasha/ros2_humble/install/rosidl_generator_py:/home/gkasha/ros2_humble/install/rosidl_typesupport_introspection_tests:/home/gkasha/ros2_humble/install/rosidl_typesupport_cpp:/home/gkasha/ros2_humble/install/rosidl_typesupport_introspection_cpp:/home/gkasha/ros2_humble/install/rosidl_typesupport_c:/home/gkasha/ros2_humble/install/rosidl_typesupport_introspection_c:/home/gkasha/ros2_humble/install/rosidl_typesupport_fastrtps_c:/home/gkasha/ros2_humble/install/rosidl_typesupport_fastrtps_cpp:/home/gkasha/ros2_humble/install/rosidl_generator_cpp:/home/gkasha/ros2_humble/install/rosidl_runtime_cpp:/home/gkasha/ros2_humble/install/rcl_yaml_param_parser:/home/gkasha/ros2_humble/install/rmw:/home/gkasha/ros2_humble/install/rosidl_runtime_c:/home/gkasha/ros2_humble/install/rosidl_generator_c:/home/gkasha/ros2_humble/install/rosidl_typesupport_interface:/home/gkasha/ros2_humble/install/rosidl_generator_dds_idl:/home/gkasha/ros2_humble/install/rosidl_cmake:/home/gkasha/ros2_humble/install/rosidl_parser:/home/gkasha/ros2_humble/install/rosidl_adapter:/home/gkasha/ros2_humble/install/rosbag2_tests:/home/gkasha/ros2_humble/install/rosbag2_storage_mcap_testdata:/home/gkasha/ros2_humble/install/ros_environment:/home/gkasha/ros2_humble/install/rmw_implementation_cmake:/home/gkasha/ros2_humble/install/resource_retriever:/home/gkasha/ros2_humble/install/class_loader:/home/gkasha/ros2_humble/install/rcpputils:/home/gkasha/ros2_humble/install/rcl_logging_noop:/home/gkasha/ros2_humble/install/rcl_logging_interface:/home/gkasha/ros2_humble/install/rcutils:/home/gkasha/ros2_humble/install/qt_gui_py_common:/home/gkasha/ros2_humble/install/qt_dotgraph:/home/gkasha/ros2_humble/install/python_qt_binding:/home/gkasha/ros2_humble/install/python_orocos_kdl_vendor:/home/gkasha/ros2_humble/install/launch_testing_ament_cmake:/home/gkasha/ros2_humble/install/python_cmake_module:/home/gkasha/ros2_humble/install/pybind11_vendor:/home/gkasha/ros2_humble/install/performance_test_fixture:/home/gkasha/ros2_humble/install/osrf_testing_tools_cpp:/home/gkasha/ros2_humble/install/orocos_kdl_vendor:/home/gkasha/ros2_humble/install/mimick_vendor:/home/gkasha/ros2_humble/install/libyaml_vendor:/home/gkasha/ros2_humble/install/libcurl_vendor:/home/gkasha/ros2_humble/install/keyboard_handler:/home/gkasha/ros2_humble/install/cyclonedds:/home/gkasha/ros2_humble/install/iceoryx_posh:/home/gkasha/ros2_humble/install/iceoryx_hoofs:/home/gkasha/ros2_humble/install/iceoryx_binding_c:/home/gkasha/ros2_humble/install/ament_cmake_ros:/home/gkasha/ros2_humble/install/ament_cmake_gmock:/home/gkasha/ros2_humble/install/gmock_vendor:/home/gkasha/ros2_humble/install/ament_cmake_auto:/home/gkasha/ros2_humble/install/ament_cmake_gtest:/home/gkasha/ros2_humble/install/gtest_vendor:/home/gkasha/ros2_humble/install/ament_cmake_google_benchmark:/home/gkasha/ros2_humble/install/google_benchmark_vendor:/home/gkasha/ros2_humble/install/fastrtps:/home/gkasha/ros2_humble/install/foonathan_memory_vendor:/home/gkasha/ros2_humble/install/fastrtps_cmake_module:/home/gkasha/ros2_humble/install/fastcdr:/home/gkasha/ros2_humble/install/eigen3_cmake_module:/home/gkasha/ros2_humble/install/console_bridge_vendor:/home/gkasha/ros2_humble/install/ament_cmake_xmllint:/home/gkasha/ros2_humble/install/ament_cmake_pyflakes:/home/gkasha/ros2_humble/install/ament_cmake_pycodestyle:/home/gkasha/ros2_humble/install/ament_cmake_pep257:/home/gkasha/ros2_humble/install/ament_cmake_pclint:/home/gkasha/ros2_humble/install/ament_lint_auto:/home/gkasha/ros2_humble/install/ament_cmake:/home/gkasha/ros2_humble/install/ament_cmake_version:/home/gkasha/ros2_humble/install/ament_cmake_pytest:/home/gkasha/ros2_humble/install/ament_cmake_nose:/home/gkasha/ros2_humble/install/ament_cmake_mypy:/home/gkasha/ros2_humble/install/ament_cmake_lint_cmake:/home/gkasha/ros2_humble/install/ament_cmake_flake8:/home/gkasha/ros2_humble/install/ament_cmake_cpplint:/home/gkasha/ros2_humble/install/ament_cmake_cppcheck:/home/gkasha/ros2_humble/install/ament_cmake_copyright:/home/gkasha/ros2_humble/install/ament_cmake_clang_tidy:/home/gkasha/ros2_humble/install/ament_cmake_clang_format:/home/gkasha/ros2_humble/install/ament_cmake_test:/home/gkasha/ros2_humble/install/ament_cmake_target_dependencies:/home/gkasha/ros2_humble/install/ament_cmake_python:/home/gkasha/ros2_humble/install/ament_cmake_export_dependencies:/home/gkasha/ros2_humble/install/ament_cmake_libraries:/home/gkasha/ros2_humble/install/ament_cmake_include_directories:/home/gkasha/ros2_humble/install/ament_cmake_gen_version_h:/home/gkasha/ros2_humble/install/ament_cmake_export_targets:/home/gkasha/ros2_humble/install/ament_cmake_export_link_flags:/home/gkasha/ros2_humble/install/ament_cmake_export_interfaces:/home/gkasha/ros2_humble/install/ament_cmake_export_libraries:/home/gkasha/ros2_humble/install/ament_cmake_export_include_directories:/home/gkasha/ros2_humble/install/ament_cmake_export_definitions:/home/gkasha/ros2_humble/install/ament_cmake_core:/home/gkasha/ros2_humble/install/ament_index_cpp:/home/gkasha/ros2_humble/install/rqt_bag_plugins:/home/gkasha/ros2_humble/install/rqt_bag:/home/gkasha/ros2_humble/install/ros2bag:/home/gkasha/ros2_humble/install/tracetools_test:/home/gkasha/ros2_humble/install/tracetools_launch:/home/gkasha/ros2_humble/install/topic_monitor:/home/gkasha/ros2_humble/install/tf2_tools:/home/gkasha/ros2_humble/install/examples_tf2_py:/home/gkasha/ros2_humble/install/tf2_ros_py:/home/gkasha/ros2_humble/install/sros2:/home/gkasha/ros2_humble/install/rqt_topic:/home/gkasha/ros2_humble/install/rqt_srv:/home/gkasha/ros2_humble/install/rqt_shell:/home/gkasha/ros2_humble/install/rqt_service_caller:/home/gkasha/ros2_humble/install/rqt_reconfigure:/home/gkasha/ros2_humble/install/rqt_py_console:/home/gkasha/ros2_humble/install/rqt_publisher:/home/gkasha/ros2_humble/install/rqt_plot:/home/gkasha/ros2_humble/install/rqt_action:/home/gkasha/ros2_humble/install/rqt_msg:/home/gkasha/ros2_humble/install/rqt_console:/home/gkasha/ros2_humble/install/rqt:/home/gkasha/ros2_humble/install/rqt_graph:/home/gkasha/ros2_humble/install/rqt_gui_py:/home/gkasha/ros2_humble/install/rqt_gui:/home/gkasha/ros2_humble/install/ros2trace:/home/gkasha/ros2_humble/install/ros2topic:/home/gkasha/ros2_humble/install/ros2test:/home/gkasha/ros2_humble/install/ros2component:/home/gkasha/ros2_humble/install/ros2param:/home/gkasha/ros2_humble/install/ros2lifecycle:/home/gkasha/ros2_humble/install/ros2service:/home/gkasha/ros2_humble/install/ros2run:/home/gkasha/ros2_humble/install/ros2launch:/home/gkasha/ros2_humble/install/ros2pkg:/home/gkasha/ros2_humble/install/ros2node:/home/gkasha/ros2_humble/install/ros2multicast:/home/gkasha/ros2_humble/install/ros2interface:/home/gkasha/ros2_humble/install/ros2doctor:/home/gkasha/ros2_humble/install/ros2action:/home/gkasha/ros2_humble/install/ros2cli:/home/gkasha/ros2_humble/install/quality_of_service_demo_py:/home/gkasha/ros2_humble/install/lifecycle_py:/home/gkasha/ros2_humble/install/launch_testing_ros:/home/gkasha/ros2_humble/install/launch_ros:/home/gkasha/ros2_humble/install/examples_rclpy_pointcloud_publisher:/home/gkasha/ros2_humble/install/examples_rclpy_minimal_subscriber:/home/gkasha/ros2_humble/install/examples_rclpy_minimal_service:/home/gkasha/ros2_humble/install/examples_rclpy_minimal_publisher:/home/gkasha/ros2_humble/install/examples_rclpy_minimal_client:/home/gkasha/ros2_humble/install/examples_rclpy_minimal_action_server:/home/gkasha/ros2_humble/install/examples_rclpy_minimal_action_client:/home/gkasha/ros2_humble/install/examples_rclpy_guard_conditions:/home/gkasha/ros2_humble/install/examples_rclpy_executors:/home/gkasha/ros2_humble/install/demo_nodes_py:/home/gkasha/ros2_humble/install/action_tutorials_py:/home/gkasha/ros2_humble/install/ament_uncrustify:/home/gkasha/ros2_humble/install/tracetools_trace:/home/gkasha/ros2_humble/install/tracetools_read:/home/gkasha/ros2_humble/install/test_tracetools_launch:/home/gkasha/ros2_humble/install/test_launch_ros:/home/gkasha/ros2_humble/install/sensor_msgs_py:/home/gkasha/ros2_humble/install/rpyutils:/home/gkasha/ros2_humble/install/rosidl_runtime_py:/home/gkasha/ros2_humble/install/rosidl_cli:/home/gkasha/ros2_humble/install/launch_pytest:/home/gkasha/ros2_humble/install/launch_testing:/home/gkasha/ros2_humble/install/launch_yaml:/home/gkasha/ros2_humble/install/launch_xml:/home/gkasha/ros2_humble/install/launch:/home/gkasha/ros2_humble/install/osrf_pycommon:/home/gkasha/ros2_humble/install/launch_testing_examples:/home/gkasha/ros2_humble/install/domain_coordinator:/home/gkasha/ros2_humble/install/ament_xmllint:/home/gkasha/ros2_humble/install/ament_pyflakes:/home/gkasha/ros2_humble/install/ament_pycodestyle:/home/gkasha/ros2_humble/install/ament_pep257:/home/gkasha/ros2_humble/install/ament_pclint:/home/gkasha/ros2_humble/install/ament_package:/home/gkasha/ros2_humble/install/ament_mypy:/home/gkasha/ros2_humble/install/ament_lint_cmake:/home/gkasha/ros2_humble/install/ament_flake8:/home/gkasha/ros2_humble/install/ament_copyright:/home/gkasha/ros2_humble/install/ament_lint:/home/gkasha/ros2_humble/install/ament_index_python:/home/gkasha/ros2_humble/install/ament_cpplint:/home/gkasha/ros2_humble/install/ament_cppcheck:/home/gkasha/ros2_humble/install/ament_clang_tidy:/home/gkasha/ros2_humble/install/ament_clang_format LD_LIBRARY_PATH=/home/gkasha/Documents/maae/install/ma_interfaces/lib:${LD_LIBRARY_PATH} PYTHONPATH=/home/gkasha/Documents/maae/install/ma_interfaces/local/lib/python3.10/dist-packages:${PYTHONPATH} /usr/bin/cmake --build /home/gkasha/Documents/maae/build/auction -- -j4 -l4
[0.265s] -- Found ament_cmake: 1.3.3 (/home/gkasha/ros2_humble/install/ament_cmake/share/ament_cmake/cmake)
[0.806s] -- Found rclcpp: 16.0.3 (/home/gkasha/ros2_humble/install/rclcpp/share/rclcpp/cmake)
[0.885s] -- Found rosidl_generator_c: 3.1.4 (/home/gkasha/ros2_humble/install/rosidl_generator_c/share/rosidl_generator_c/cmake)
[0.890s] -- Found rosidl_adapter: 3.1.4 (/home/gkasha/ros2_humble/install/rosidl_adapter/share/rosidl_adapter/cmake)
[0.899s] -- Found rosidl_generator_cpp: 3.1.4 (/home/gkasha/ros2_humble/install/rosidl_generator_cpp/share/rosidl_generator_cpp/cmake)
[0.943s] -- Using all available rosidl_typesupport_c: rosidl_typesupport_introspection_c;rosidl_typesupport_fastrtps_c
[0.984s] -- Using all available rosidl_typesupport_cpp: rosidl_typesupport_introspection_cpp;rosidl_typesupport_fastrtps_cpp
[1.128s] -- Found rmw_implementation_cmake: 6.1.1 (/home/gkasha/ros2_humble/install/rmw_implementation_cmake/share/rmw_implementation_cmake/cmake)
[1.170s] -- Found rmw_fastrtps_cpp: 6.2.2 (/home/gkasha/ros2_humble/install/rmw_fastrtps_cpp/share/rmw_fastrtps_cpp/cmake)
[1.555s] -- Using RMW implementation 'rmw_fastrtps_cpp' as default
[1.773s] -- Found ma_interfaces: 0.0.0 (/home/gkasha/Documents/maae/install/ma_interfaces/share/ma_interfaces/cmake)
[1.837s] -- Found ament_lint_auto: 0.12.5 (/home/gkasha/ros2_humble/install/ament_lint_auto/share/ament_lint_auto/cmake)
[2.050s] -- Added test 'cppcheck' to perform static code analysis on C / C++ code
[2.051s] -- Configured cppcheck include dirs: /home/gkasha/Documents/maae/src/auction/include
[2.051s] -- Configured cppcheck exclude dirs and/or files: 
[2.051s] -- Added test 'lint_cmake' to check CMake code style
[2.052s] -- Added test 'uncrustify' to check C / C++ code style
[2.052s] -- Configured uncrustify additional arguments: 
[2.053s] -- Added test 'xmllint' to check XML markup files
[2.056s] -- Configuring done
[2.137s] -- Generating done
[2.142s] -- Build files have been written to: /home/gkasha/Documents/maae/build/auction
[2.227s] [35m[1mConsolidate compiler generated dependencies of target client[0m
[2.227s] [35m[1mConsolidate compiler generated dependencies of target execution_interface[0m
[2.227s] [35m[1mConsolidate compiler generated dependencies of target goal_manager[0m
[2.227s] [35m[1mConsolidate compiler generated dependencies of target agent[0m
[2.398s] [ 11%] [32mBuilding CXX object CMakeFiles/goal_manager.dir/src/goal_manager.cpp.o[0m
[2.399s] [ 22%] [32mBuilding CXX object CMakeFiles/agent.dir/src/agent.cpp.o[0m
[2.404s] [ 33%] [32mBuilding CXX object CMakeFiles/execution_interface.dir/src/execution_interface.cpp.o[0m
[2.421s] [ 44%] [32mBuilding CXX object CMakeFiles/client.dir/src/client.cpp.o[0m
[9.568s] [01m[K/home/gkasha/Documents/maae/src/auction/src/agent.cpp:[m[K In function â€˜[01m[Kstd::vector<ma_interfaces::msg::Bid_<std::allocator<void> > > choose_winners(ma_interfaces::msg::Task, int)[m[Kâ€™:
[9.569s] [01m[K/home/gkasha/Documents/maae/src/auction/src/agent.cpp:68:28:[m[K [01;31m[Kerror: [m[Kâ€˜[01m[Kbid_map[m[Kâ€™ was not declared in this scope
[9.569s]    68 |     for (auto const& elt : [01;31m[Kbid_map[m[K[task.id]) {
[9.570s]       |                            [01;31m[K^~~~~~~[m[K
[9.577s] [01m[K/home/gkasha/Documents/maae/src/auction/src/agent.cpp:74:44:[m[K [01;31m[Kerror: [m[Kâ€˜[01m[Kbid_map[m[Kâ€™ was not declared in this scope
[9.577s]    74 |         for (ma_interfaces::msg::Bid bid : [01;31m[Kbid_map[m[K[task.id][agent]) {
[9.578s]       |                                            [01;31m[K^~~~~~~[m[K
[9.588s] [01m[K/home/gkasha/Documents/maae/src/auction/src/agent.cpp:86:43:[m[K [01;31m[Kerror: [m[Kno matching function for call to â€˜[01m[Kstd::vector<std::vector<ma_interfaces::msg::Bid_<std::allocator<void> > > >::push_back(std::tuple<double, double, std::vector<ma_interfaces::msg::Bid_<std::allocator<void> >, std::allocator<ma_interfaces::msg::Bid_<std::allocator<void> > > > >)[m[Kâ€™
[9.589s]    86 |                         [01;31m[Koverlaps.push_back(std::make_tuple(st,et,overlap))[m[K;
[9.589s]       |                         [01;31m[K~~~~~~~~~~~~~~~~~~^~~~~~~~~~~~~~~~~~~~~~~~~~~~~~~~[m[K
[9.592s] In file included from [01m[K/usr/include/c++/11/vector:67[m[K,
[9.592s]                  from [01m[K/usr/include/c++/11/functional:62[m[K,
[9.593s]                  from [01m[K/usr/include/c++/11/pstl/glue_algorithm_defs.h:13[m[K,
[9.593s]                  from [01m[K/usr/include/c++/11/algorithm:74[m[K,
[9.594s]                  from [01m[K/home/gkasha/ros2_humble/install/rclcpp/include/rclcpp/rclcpp/executor.hpp:18[m[K,
[9.594s]                  from [01m[K/home/gkasha/ros2_humble/install/rclcpp/include/rclcpp/rclcpp/executors/multi_threaded_executor.hpp:25[m[K,
[9.595s]                  from [01m[K/home/gkasha/ros2_humble/install/rclcpp/include/rclcpp/rclcpp/executors.hpp:21[m[K,
[9.595s]                  from [01m[K/home/gkasha/ros2_humble/install/rclcpp/include/rclcpp/rclcpp/rclcpp.hpp:155[m[K,
[9.596s]                  from [01m[K/home/gkasha/Documents/maae/src/auction/include/auction/agent.hpp:5[m[K,
[9.596s]                  from [01m[K/home/gkasha/Documents/maae/src/auction/src/agent.cpp:1[m[K:
[9.597s] [01m[K/usr/include/c++/11/bits/stl_vector.h:1187:7:[m[K [01;36m[Knote: [m[Kcandidate: â€˜[01m[Kvoid std::vector<_Tp, _Alloc>::push_back(const value_type&) [with _Tp = std::vector<ma_interfaces::msg::Bid_<std::allocator<void> > >; _Alloc = std::allocator<std::vector<ma_interfaces::msg::Bid_<std::allocator<void> > > >; std::vector<_Tp, _Alloc>::value_type = std::vector<ma_interfaces::msg::Bid_<std::allocator<void> > >][m[Kâ€™
[9.598s]  1187 |       [01;36m[Kpush_back[m[K(const value_type& __x)
[9.599s]       |       [01;36m[K^~~~~~~~~[m[K
[9.599s] [01m[K/usr/include/c++/11/bits/stl_vector.h:1187:35:[m[K [01;36m[Knote: [m[K  no known conversion for argument 1 from â€˜[01m[Kstd::tuple<double, double, std::vector<ma_interfaces::msg::Bid_<std::allocator<void> >, std::allocator<ma_interfaces::msg::Bid_<std::allocator<void> > > > >[m[Kâ€™ to â€˜[01m[Kconst value_type&[m[Kâ€™ {aka â€˜[01m[Kconst std::vector<ma_interfaces::msg::Bid_<std::allocator<void> > >&[m[Kâ€™}
[9.600s]  1187 |       push_back([01;36m[Kconst value_type& __x[m[K)
[9.600s]       |                 [01;36m[K~~~~~~~~~~~~~~~~~~^~~[m[K
[9.601s] [01m[K/usr/include/c++/11/bits/stl_vector.h:1203:7:[m[K [01;36m[Knote: [m[Kcandidate: â€˜[01m[Kvoid std::vector<_Tp, _Alloc>::push_back(std::vector<_Tp, _Alloc>::value_type&&) [with _Tp = std::vector<ma_interfaces::msg::Bid_<std::allocator<void> > >; _Alloc = std::allocator<std::vector<ma_interfaces::msg::Bid_<std::allocator<void> > > >; std::vector<_Tp, _Alloc>::value_type = std::vector<ma_interfaces::msg::Bid_<std::allocator<void> > >][m[Kâ€™
[9.601s]  1203 |       [01;36m[Kpush_back[m[K(value_type&& __x)
[9.602s]       |       [01;36m[K^~~~~~~~~[m[K
[9.603s] [01m[K/usr/include/c++/11/bits/stl_vector.h:1203:30:[m[K [01;36m[Knote: [m[K  no known conversion for argument 1 from â€˜[01m[Kstd::tuple<double, double, std::vector<ma_interfaces::msg::Bid_<std::allocator<void> >, std::allocator<ma_interfaces::msg::Bid_<std::allocator<void> > > > >[m[Kâ€™ to â€˜[01m[Kstd::vector<std::vector<ma_interfaces::msg::Bid_<std::allocator<void> > > >::value_type&&[m[Kâ€™ {aka â€˜[01m[Kstd::vector<ma_interfaces::msg::Bid_<std::allocator<void> > >&&[m[Kâ€™}
[9.603s]  1203 |       push_back([01;36m[Kvalue_type&& __x[m[K)
[9.604s]       |                 [01;36m[K~~~~~~~~~~~~~^~~[m[K
[9.604s] [01m[K/home/gkasha/Documents/maae/src/auction/src/agent.cpp:95:9:[m[K [01;31m[Kerror: [m[Kclass template placeholder â€˜[01m[Kstd::tuple[m[Kâ€™ not permitted in this context
[9.605s]    95 |         [01;31m[Kstd[m[K::tuple(double,double,std::vector<ma_interfaces::msg::Bid>) left,
[9.605s]       |         [01;31m[K^~~[m[K
[9.606s] [01m[K/home/gkasha/Documents/maae/src/auction/src/agent.cpp:95:72:[m[K [01;31m[Kerror: [m[Kexpected â€˜[01m[K,[m[Kâ€™ or â€˜[01m[K...[m[Kâ€™ before â€˜[01m[Kleft[m[Kâ€™
[9.606s]    95 |         std::tuple(double,double,std::vector<ma_interfaces::msg::Bid>) [01;31m[Kleft[m[K,
[9.607s]       |                                                                        [01;31m[K^~~~[m[K
[9.608s] [01m[K/home/gkasha/Documents/maae/src/auction/src/agent.cpp:[m[K In lambda function:
[9.609s] [01m[K/home/gkasha/Documents/maae/src/auction/src/agent.cpp:97:28:[m[K [01;31m[Kerror: [m[Kno matching function for call to â€˜[01m[Kget<0>(std::ios_base& (&)(std::ios_base&))[m[Kâ€™
[9.612s]    97 |         {return [01;31m[Kstd::get<0>(left)[m[K < std::get<0>(right);};
[9.613s]       |                 [01;31m[K~~~~~~~~~~~^~~~~~[m[K
[9.613s] In file included from [01m[K/usr/include/c++/11/bits/unique_ptr.h:36[m[K,
[9.614s]                  from [01m[K/usr/include/c++/11/memory:76[m[K,
[9.615s]                  from [01m[K/home/gkasha/ros2_humble/install/rclcpp/include/rclcpp/rclcpp/rclcpp.hpp:153[m[K,
[9.615s]                  from [01m[K/home/gkasha/Documents/maae/src/auction/include/auction/agent.hpp:5[m[K,
[9.616s]                  from [01m[K/home/gkasha/Documents/maae/src/auction/src/agent.cpp:1[m[K:
[9.616s] [01m[K/usr/include/c++/11/utility:223:5:[m[K [01;36m[Knote: [m[Kcandidate: â€˜[01m[Ktemplate<long unsigned int _Int, class _Tp1, class _Tp2> constexpr typename std::tuple_element<_Int, std::pair<_Tp1, _Tp2> >::type& std::get(std::pair<_Tp1, _Tp2>&)[m[Kâ€™
[9.617s]   223 |     [01;36m[Kget[m[K(pair<_Tp1, _Tp2>& __in) noexcept
[9.618s]       |     [01;36m[K^~~[m[K
[9.618s] [01m[K/usr/include/c++/11/utility:223:5:[m[K [01;36m[Knote: [m[K  template argument deduction/substitution failed:
[9.619s] [01m[K/home/gkasha/Documents/maae/src/auction/src/agent.cpp:97:28:[m[K [01;36m[Knote: [m[K  mismatched types â€˜[01m[Kstd::pair<_Tp1, _Tp2>[m[Kâ€™ and â€˜[01m[Kstd::ios_base&(std::ios_base&)[m[Kâ€™
[9.619s]    97 |         {return [01;36m[Kstd::get<0>(left)[m[K < std::get<0>(right);};
[9.620s]       |                 [01;36m[K~~~~~~~~~~~^~~~~~[m[K
[9.620s] In file included from [01m[K/usr/include/c++/11/bits/unique_ptr.h:36[m[K,
[9.621s]                  from [01m[K/usr/include/c++/11/memory:76[m[K,
[9.622s]                  from [01m[K/home/gkasha/ros2_humble/install/rclcpp/include/rclcpp/rclcpp/rclcpp.hpp:153[m[K,
[9.624s]                  from [01m[K/home/gkasha/Documents/maae/src/auction/include/auction/agent.hpp:5[m[K,
[9.625s]                  from [01m[K/home/gkasha/Documents/maae/src/auction/src/agent.cpp:1[m[K:
[9.626s] [01m[K/usr/include/c++/11/utility:228:5:[m[K [01;36m[Knote: [m[Kcandidate: â€˜[01m[Ktemplate<long unsigned int _Int, class _Tp1, class _Tp2> constexpr typename std::tuple_element<_Int, std::pair<_Tp1, _Tp2> >::type&& std::get(std::pair<_Tp1, _Tp2>&&)[m[Kâ€™
[9.627s]   228 |     [01;36m[Kget[m[K(pair<_Tp1, _Tp2>&& __in) noexcept
[9.629s]       |     [01;36m[K^~~[m[K
[9.630s] [01m[K/usr/include/c++/11/utility:228:5:[m[K [01;36m[Knote: [m[K  template argument deduction/substitution failed:
[9.632s] [01m[K/home/gkasha/Documents/maae/src/auction/src/agent.cpp:97:28:[m[K [01;36m[Knote: [m[K  mismatched types â€˜[01m[Kstd::pair<_Tp1, _Tp2>[m[Kâ€™ and â€˜[01m[Kstd::ios_base&(std::ios_base&)[m[Kâ€™
[9.633s]    97 |         {return [01;36m[Kstd::get<0>(left)[m[K < std::get<0>(right);};
[9.642s]       |                 [01;36m[K~~~~~~~~~~~^~~~~~[m[K
[9.643s] In file included from [01m[K/usr/include/c++/11/bits/unique_ptr.h:36[m[K,
[9.643s]                  from [01m[K/usr/include/c++/11/memory:76[m[K,
[9.644s]                  from [01m[K/home/gkasha/ros2_humble/install/rclcpp/include/rclcpp/rclcpp/rclcpp.hpp:153[m[K,
[9.644s]                  from [01m[K/home/gkasha/Documents/maae/src/auction/include/auction/agent.hpp:5[m[K,
[9.645s]                  from [01m[K/home/gkasha/Documents/maae/src/auction/src/agent.cpp:1[m[K:
[9.645s] [01m[K/usr/include/c++/11/utility:233:5:[m[K [01;36m[Knote: [m[Kcandidate: â€˜[01m[Ktemplate<long unsigned int _Int, class _Tp1, class _Tp2> constexpr const typename std::tuple_element<_Int, std::pair<_Tp1, _Tp2> >::type& std::get(const std::pair<_Tp1, _Tp2>&)[m[Kâ€™
[9.646s]   233 |     [01;36m[Kget[m[K(const pair<_Tp1, _Tp2>& __in) noexcept
[9.646s]       |     [01;36m[K^~~[m[K
[9.647s] [01m[K/usr/include/c++/11/utility:233:5:[m[K [01;36m[Knote: [m[K  template argument deduction/substitution failed:
[9.647s] [01m[K/home/gkasha/Documents/maae/src/auction/src/agent.cpp:97:28:[m[K [01;36m[Knote: [m[K  mismatched types â€˜[01m[Kconst std::pair<_Tp1, _Tp2>[m[Kâ€™ and â€˜[01m[Kstd::ios_base&(std::ios_base&)[m[Kâ€™
[9.648s]    97 |         {return [01;36m[Kstd::get<0>(left)[m[K < std::get<0>(right);};
[9.649s]       |                 [01;36m[K~~~~~~~~~~~^~~~~~[m[K
[9.649s] In file included from [01m[K/usr/include/c++/11/bits/unique_ptr.h:36[m[K,
[9.650s]                  from [01m[K/usr/include/c++/11/memory:76[m[K,
[9.651s]                  from [01m[K/home/gkasha/ros2_humble/install/rclcpp/include/rclcpp/rclcpp/rclcpp.hpp:153[m[K,
[9.651s]                  from [01m[K/home/gkasha/Documents/maae/src/auction/include/auction/agent.hpp:5[m[K,
[9.652s]                  from [01m[K/home/gkasha/Documents/maae/src/auction/src/agent.cpp:1[m[K:
[9.653s] [01m[K/usr/include/c++/11/utility:238:5:[m[K [01;36m[Knote: [m[Kcandidate: â€˜[01m[Ktemplate<long unsigned int _Int, class _Tp1, class _Tp2> constexpr const typename std::tuple_element<_Int, std::pair<_Tp1, _Tp2> >::type&& std::get(const std::pair<_Tp1, _Tp2>&&)[m[Kâ€™
[9.653s]   238 |     [01;36m[Kget[m[K(const pair<_Tp1, _Tp2>&& __in) noexcept
[9.654s]       |     [01;36m[K^~~[m[K
[9.655s] [01m[K/usr/include/c++/11/utility:238:5:[m[K [01;36m[Knote: [m[K  template argument deduction/substitution failed:
[9.655s] [01m[K/home/gkasha/Documents/maae/src/auction/src/agent.cpp:97:28:[m[K [01;36m[Knote: [m[K  mismatched types â€˜[01m[Kconst std::pair<_Tp1, _Tp2>[m[Kâ€™ and â€˜[01m[Kstd::ios_base&(std::ios_base&)[m[Kâ€™
[9.656s]    97 |         {return [01;36m[Kstd::get<0>(left)[m[K < std::get<0>(right);};
[9.656s]       |                 [01;36m[K~~~~~~~~~~~^~~~~~[m[K
[9.656s] In file included from [01m[K/usr/include/c++/11/bits/unique_ptr.h:36[m[K,
[9.657s]                  from [01m[K/usr/include/c++/11/memory:76[m[K,
[9.658s]                  from [01m[K/home/gkasha/ros2_humble/install/rclcpp/include/rclcpp/rclcpp/rclcpp.hpp:153[m[K,
[9.658s]                  from [01m[K/home/gkasha/Documents/maae/src/auction/include/auction/agent.hpp:5[m[K,
[9.659s]                  from [01m[K/home/gkasha/Documents/maae/src/auction/src/agent.cpp:1[m[K:
[9.660s] [01m[K/usr/include/c++/11/utility:247:5:[m[K [01;36m[Knote: [m[Kcandidate: â€˜[01m[Ktemplate<class _Tp, class _Up> constexpr _Tp& std::get(std::pair<_T1, _T2>&)[m[Kâ€™
[9.660s]   247 |     [01;36m[Kget[m[K(pair<_Tp, _Up>& __p) noexcept
[9.661s]       |     [01;36m[K^~~[m[K
[9.661s] [01m[K/usr/include/c++/11/utility:247:5:[m[K [01;36m[Knote: [m[K  template argument deduction/substitution failed:
[9.662s] [01m[K/home/gkasha/Documents/maae/src/auction/src/agent.cpp:97:28:[m[K [01;31m[Kerror: [m[Ktype/value mismatch at argument 1 in template parameter list for â€˜[01m[Ktemplate<class _Tp, class _Up> constexpr _Tp& std::get(std::pair<_T1, _T2>&)[m[Kâ€™
[9.662s]    97 |         {return [01;31m[Kstd::get<0>(left)[m[K < std::get<0>(right);};
[9.663s]       |                 [01;31m[K~~~~~~~~~~~^~~~~~[m[K
[9.663s] [01m[K/home/gkasha/Documents/maae/src/auction/src/agent.cpp:97:28:[m[K [01;36m[Knote: [m[K  expected a type, got â€˜[01m[K0[m[Kâ€™
[9.664s] In file included from [01m[K/usr/include/c++/11/bits/unique_ptr.h:36[m[K,
[9.677s]                  from [01m[K/usr/include/c++/11/memory:76[m[K,
[9.677s]                  from [01m[K/home/gkasha/ros2_humble/install/rclcpp/include/rclcpp/rclcpp/rclcpp.hpp:153[m[K,
[9.678s]                  from [01m[K/home/gkasha/Documents/maae/src/auction/include/auction/agent.hpp:5[m[K,
[9.679s]                  from [01m[K/home/gkasha/Documents/maae/src/auction/src/agent.cpp:1[m[K:
[9.679s] [01m[K/usr/include/c++/11/utility:252:5:[m[K [01;36m[Knote: [m[Kcandidate: â€˜[01m[Ktemplate<class _Tp, class _Up> constexpr const _Tp& std::get(const std::pair<_T1, _T2>&)[m[Kâ€™
[9.680s]   252 |     [01;36m[Kget[m[K(const pair<_Tp, _Up>& __p) noexcept
[9.681s]       |     [01;36m[K^~~[m[K
[9.682s] [01m[K/usr/include/c++/11/utility:252:5:[m[K [01;36m[Knote: [m[K  template argument deduction/substitution failed:
[9.683s] [01m[K/home/gkasha/Documents/maae/src/auction/src/agent.cpp:97:28:[m[K [01;31m[Kerror: [m[Ktype/value mismatch at argument 1 in template parameter list for â€˜[01m[Ktemplate<class _Tp, class _Up> constexpr const _Tp& std::get(const std::pair<_T1, _T2>&)[m[Kâ€™
[9.683s]    97 |         {return [01;31m[Kstd::get<0>(left)[m[K < std::get<0>(right);};
[9.684s]       |                 [01;31m[K~~~~~~~~~~~^~~~~~[m[K
[9.684s] [01m[K/home/gkasha/Documents/maae/src/auction/src/agent.cpp:97:28:[m[K [01;36m[Knote: [m[K  expected a type, got â€˜[01m[K0[m[Kâ€™
[9.685s] In file included from [01m[K/usr/include/c++/11/bits/unique_ptr.h:36[m[K,
[9.685s]                  from [01m[K/usr/include/c++/11/memory:76[m[K,
[9.686s]                  from [01m[K/home/gkasha/ros2_humble/install/rclcpp/include/rclcpp/rclcpp/rclcpp.hpp:153[m[K,
[9.686s]                  from [01m[K/home/gkasha/Documents/maae/src/auction/include/auction/agent.hpp:5[m[K,
[9.687s]                  from [01m[K/home/gkasha/Documents/maae/src/auction/src/agent.cpp:1[m[K:
[9.687s] [01m[K/usr/include/c++/11/utility:257:5:[m[K [01;36m[Knote: [m[Kcandidate: â€˜[01m[Ktemplate<class _Tp, class _Up> constexpr _Tp&& std::get(std::pair<_T1, _T2>&&)[m[Kâ€™
[9.688s]   257 |     [01;36m[Kget[m[K(pair<_Tp, _Up>&& __p) noexcept
[9.688s]       |     [01;36m[K^~~[m[K
[9.689s] [01m[K/usr/include/c++/11/utility:257:5:[m[K [01;36m[Knote: [m[K  template argument deduction/substitution failed:
[9.690s] [01m[K/home/gkasha/Documents/maae/src/auction/src/agent.cpp:97:28:[m[K [01;31m[Kerror: [m[Ktype/value mismatch at argument 1 in template parameter list for â€˜[01m[Ktemplate<class _Tp, class _Up> constexpr _Tp&& std::get(std::pair<_T1, _T2>&&)[m[Kâ€™
[9.690s]    97 |         {return [01;31m[Kstd::get<0>(left)[m[K < std::get<0>(right);};
[9.691s]       |                 [01;31m[K~~~~~~~~~~~^~~~~~[m[K
[9.691s] [01m[K/home/gkasha/Documents/maae/src/auction/src/agent.cpp:97:28:[m[K [01;36m[Knote: [m[K  expected a type, got â€˜[01m[K0[m[Kâ€™
[9.691s] In file included from [01m[K/usr/include/c++/11/bits/unique_ptr.h:36[m[K,
[9.693s]                  from [01m[K/usr/include/c++/11/memory:76[m[K,
[9.693s]                  from [01m[K/home/gkasha/ros2_humble/install/rclcpp/include/rclcpp/rclcpp/rclcpp.hpp:153[m[K,
[9.694s]                  from [01m[K/home/gkasha/Documents/maae/src/auction/include/auction/agent.hpp:5[m[K,
[9.694s]                  from [01m[K/home/gkasha/Documents/maae/src/auction/src/agent.cpp:1[m[K:
[9.695s] [01m[K/usr/include/c++/11/utility:262:5:[m[K [01;36m[Knote: [m[Kcandidate: â€˜[01m[Ktemplate<class _Tp, class _Up> constexpr const _Tp&& std::get(const std::pair<_T1, _T2>&&)[m[Kâ€™
[9.695s]   262 |     [01;36m[Kget[m[K(const pair<_Tp, _Up>&& __p) noexcept
[9.696s]       |     [01;36m[K^~~[m[K
[9.696s] [01m[K/usr/include/c++/11/utility:262:5:[m[K [01;36m[Knote: [m[K  template argument deduction/substitution failed:
[9.697s] [01m[K/home/gkasha/Documents/maae/src/auction/src/agent.cpp:97:28:[m[K [01;31m[Kerror: [m[Ktype/value mismatch at argument 1 in template parameter list for â€˜[01m[Ktemplate<class _Tp, class _Up> constexpr const _Tp&& std::get(const std::pair<_T1, _T2>&&)[m[Kâ€™
[9.697s]    97 |         {return [01;31m[Kstd::get<0>(left)[m[K < std::get<0>(right);};
[9.698s]       |                 [01;31m[K~~~~~~~~~~~^~~~~~[m[K
[9.699s] [01m[K/home/gkasha/Documents/maae/src/auction/src/agent.cpp:97:28:[m[K [01;36m[Knote: [m[K  expected a type, got â€˜[01m[K0[m[Kâ€™
[9.700s] In file included from [01m[K/usr/include/c++/11/bits/unique_ptr.h:36[m[K,
[9.700s]                  from [01m[K/usr/include/c++/11/memory:76[m[K,
[9.701s]                  from [01m[K/home/gkasha/ros2_humble/install/rclcpp/include/rclcpp/rclcpp/rclcpp.hpp:153[m[K,
[9.701s]                  from [01m[K/home/gkasha/Documents/maae/src/auction/include/auction/agent.hpp:5[m[K,
[9.702s]                  from [01m[K/home/gkasha/Documents/maae/src/auction/src/agent.cpp:1[m[K:
[9.702s] [01m[K/usr/include/c++/11/utility:267:5:[m[K [01;36m[Knote: [m[Kcandidate: â€˜[01m[Ktemplate<class _Tp, class _Up> constexpr _Tp& std::get(std::pair<_Up, _Tp>&)[m[Kâ€™
[9.703s]   267 |     [01;36m[Kget[m[K(pair<_Up, _Tp>& __p) noexcept
[9.703s]       |     [01;36m[K^~~[m[K
[9.704s] [01m[K/usr/include/c++/11/utility:267:5:[m[K [01;36m[Knote: [m[K  template argument deduction/substitution failed:
[9.704s] [01m[K/home/gkasha/Documents/maae/src/auction/src/agent.cpp:97:28:[m[K [01;31m[Kerror: [m[Ktype/value mismatch at argument 1 in template parameter list for â€˜[01m[Ktemplate<class _Tp, class _Up> constexpr _Tp& std::get(std::pair<_Up, _Tp>&)[m[Kâ€™
[9.705s]    97 |         {return [01;31m[Kstd::get<0>(left)[m[K < std::get<0>(right);};
[9.705s]       |                 [01;31m[K~~~~~~~~~~~^~~~~~[m[K
[9.706s] [01m[K/home/gkasha/Documents/maae/src/auction/src/agent.cpp:97:28:[m[K [01;36m[Knote: [m[K  expected a type, got â€˜[01m[K0[m[Kâ€™
[9.706s] In file included from [01m[K/usr/include/c++/11/bits/unique_ptr.h:36[m[K,
[9.707s]                  from [01m[K/usr/include/c++/11/memory:76[m[K,
[9.707s]                  from [01m[K/home/gkasha/ros2_humble/install/rclcpp/include/rclcpp/rclcpp/rclcpp.hpp:153[m[K,
[9.708s]                  from [01m[K/home/gkasha/Documents/maae/src/auction/include/auction/agent.hpp:5[m[K,
[9.708s]                  from [01m[K/home/gkasha/Documents/maae/src/auction/src/agent.cpp:1[m[K:
[9.709s] [01m[K/usr/include/c++/11/utility:272:5:[m[K [01;36m[Knote: [m[Kcandidate: â€˜[01m[Ktemplate<class _Tp, class _Up> constexpr const _Tp& std::get(const std::pair<_Up, _Tp>&)[m[Kâ€™
[9.709s]   272 |     [01;36m[Kget[m[K(const pair<_Up, _Tp>& __p) noexcept
[9.710s]       |     [01;36m[K^~~[m[K
[9.711s] [01m[K/usr/include/c++/11/utility:272:5:[m[K [01;36m[Knote: [m[K  template argument deduction/substitution failed:
[9.711s] [01m[K/home/gkasha/Documents/maae/src/auction/src/agent.cpp:97:28:[m[K [01;31m[Kerror: [m[Ktype/value mismatch at argument 1 in template parameter list for â€˜[01m[Ktemplate<class _Tp, class _Up> constexpr const _Tp& std::get(const std::pair<_Up, _Tp>&)[m[Kâ€™
[9.711s]    97 |         {return [01;31m[Kstd::get<0>(left)[m[K < std::get<0>(right);};
[9.712s]       |                 [01;31m[K~~~~~~~~~~~^~~~~~[m[K
[9.712s] [01m[K/home/gkasha/Documents/maae/src/auction/src/agent.cpp:97:28:[m[K [01;36m[Knote: [m[K  expected a type, got â€˜[01m[K0[m[Kâ€™
[9.713s] In file included from [01m[K/usr/include/c++/11/bits/unique_ptr.h:36[m[K,
[9.713s]                  from [01m[K/usr/include/c++/11/memory:76[m[K,
[9.714s]                  from [01m[K/home/gkasha/ros2_humble/install/rclcpp/include/rclcpp/rclcpp/rclcpp.hpp:153[m[K,
[9.715s]                  from [01m[K/home/gkasha/Documents/maae/src/auction/include/auction/agent.hpp:5[m[K,
[9.716s]                  from [01m[K/home/gkasha/Documents/maae/src/auction/src/agent.cpp:1[m[K:
[9.716s] [01m[K/usr/include/c++/11/utility:277:5:[m[K [01;36m[Knote: [m[Kcandidate: â€˜[01m[Ktemplate<class _Tp, class _Up> constexpr _Tp&& std::get(std::pair<_Up, _Tp>&&)[m[Kâ€™
[9.717s]   277 |     [01;36m[Kget[m[K(pair<_Up, _Tp>&& __p) noexcept
[9.717s]       |     [01;36m[K^~~[m[K
[9.719s] [01m[K/usr/include/c++/11/utility:277:5:[m[K [01;36m[Knote: [m[K  template argument deduction/substitution failed:
[9.719s] [01m[K/home/gkasha/Documents/maae/src/auction/src/agent.cpp:97:28:[m[K [01;31m[Kerror: [m[Ktype/value mismatch at argument 1 in template parameter list for â€˜[01m[Ktemplate<class _Tp, class _Up> constexpr _Tp&& std::get(std::pair<_Up, _Tp>&&)[m[Kâ€™
[9.720s]    97 |         {return [01;31m[Kstd::get<0>(left)[m[K < std::get<0>(right);};
[9.721s]       |                 [01;31m[K~~~~~~~~~~~^~~~~~[m[K
[9.722s] [01m[K/home/gkasha/Documents/maae/src/auction/src/agent.cpp:97:28:[m[K [01;36m[Knote: [m[K  expected a type, got â€˜[01m[K0[m[Kâ€™
[9.723s] In file included from [01m[K/usr/include/c++/11/bits/unique_ptr.h:36[m[K,
[9.723s]                  from [01m[K/usr/include/c++/11/memory:76[m[K,
[9.724s]                  from [01m[K/home/gkasha/ros2_humble/install/rclcpp/include/rclcpp/rclcpp/rclcpp.hpp:153[m[K,
[9.725s]                  from [01m[K/home/gkasha/Documents/maae/src/auction/include/auction/agent.hpp:5[m[K,
[9.726s]                  from [01m[K/home/gkasha/Documents/maae/src/auction/src/agent.cpp:1[m[K:
[9.727s] [01m[K/usr/include/c++/11/utility:282:5:[m[K [01;36m[Knote: [m[Kcandidate: â€˜[01m[Ktemplate<class _Tp, class _Up> constexpr const _Tp&& std::get(const std::pair<_Up, _Tp>&&)[m[Kâ€™
[9.728s]   282 |     [01;36m[Kget[m[K(const pair<_Up, _Tp>&& __p) noexcept
[9.729s]       |     [01;36m[K^~~[m[K
[9.730s] [01m[K/usr/include/c++/11/utility:282:5:[m[K [01;36m[Knote: [m[K  template argument deduction/substitution failed:
[9.731s] [01m[K/home/gkasha/Documents/maae/src/auction/src/agent.cpp:97:28:[m[K [01;31m[Kerror: [m[Ktype/value mismatch at argument 1 in template parameter list for â€˜[01m[Ktemplate<class _Tp, class _Up> constexpr const _Tp&& std::get(const std::pair<_Up, _Tp>&&)[m[Kâ€™
[9.732s]    97 |         {return [01;31m[Kstd::get<0>(left)[m[K < std::get<0>(right);};
[9.733s]       |                 [01;31m[K~~~~~~~~~~~^~~~~~[m[K
[9.734s] [01m[K/home/gkasha/Documents/maae/src/auction/src/agent.cpp:97:28:[m[K [01;36m[Knote: [m[K  expected a type, got â€˜[01m[K0[m[Kâ€™
[9.734s] In file included from [01m[K/usr/include/c++/11/tuple:39[m[K,
[9.735s]                  from [01m[K/usr/include/c++/11/bits/unique_ptr.h:37[m[K,
[9.735s]                  from [01m[K/usr/include/c++/11/memory:76[m[K,
[9.736s]                  from [01m[K/home/gkasha/ros2_humble/install/rclcpp/include/rclcpp/rclcpp/rclcpp.hpp:153[m[K,
[9.736s]                  from [01m[K/home/gkasha/Documents/maae/src/auction/include/auction/agent.hpp:5[m[K,
[9.737s]                  from [01m[K/home/gkasha/Documents/maae/src/auction/src/agent.cpp:1[m[K:
[9.737s] [01m[K/usr/include/c++/11/array:361:5:[m[K [01;36m[Knote: [m[Kcandidate: â€˜[01m[Ktemplate<long unsigned int _Int, class _Tp, long unsigned int _Nm> constexpr _Tp& std::get(std::array<_Tp, _Nm>&)[m[Kâ€™
[9.738s]   361 |     [01;36m[Kget[m[K(array<_Tp, _Nm>& __arr) noexcept
[9.739s]       |     [01;36m[K^~~[m[K
[9.749s] [01m[K/usr/include/c++/11/array:361:5:[m[K [01;36m[Knote: [m[K  template argument deduction/substitution failed:
[9.750s] [01m[K/home/gkasha/Documents/maae/src/auction/src/agent.cpp:97:28:[m[K [01;36m[Knote: [m[K  mismatched types â€˜[01m[Kstd::array<_Tp, _Nm>[m[Kâ€™ and â€˜[01m[Kstd::ios_base&(std::ios_base&)[m[Kâ€™
[9.751s]    97 |         {return [01;36m[Kstd::get<0>(left)[m[K < std::get<0>(right);};
[9.752s]       |                 [01;36m[K~~~~~~~~~~~^~~~~~[m[K
[9.752s] In file included from [01m[K/usr/include/c++/11/tuple:39[m[K,
[9.753s]                  from [01m[K/usr/include/c++/11/bits/unique_ptr.h:37[m[K,
[9.753s]                  from [01m[K/usr/include/c++/11/memory:76[m[K,
[9.754s]                  from [01m[K/home/gkasha/ros2_humble/install/rclcpp/include/rclcpp/rclcpp/rclcpp.hpp:153[m[K,
[9.754s]                  from [01m[K/home/gkasha/Documents/maae/src/auction/include/auction/agent.hpp:5[m[K,
[9.755s]                  from [01m[K/home/gkasha/Documents/maae/src/auction/src/agent.cpp:1[m[K:
[9.755s] [01m[K/usr/include/c++/11/array:369:5:[m[K [01;36m[Knote: [m[Kcandidate: â€˜[01m[Ktemplate<long unsigned int _Int, class _Tp, long unsigned int _Nm> constexpr _Tp&& std::get(std::array<_Tp, _Nm>&&)[m[Kâ€™
[9.756s]   369 |     [01;36m[Kget[m[K(array<_Tp, _Nm>&& __arr) noexcept
[9.756s]       |     [01;36m[K^~~[m[K
[9.756s] [01m[K/usr/include/c++/11/array:369:5:[m[K [01;36m[Knote: [m[K  template argument deduction/substitution failed:
[9.757s] [01m[K/home/gkasha/Documents/maae/src/auction/src/agent.cpp:97:28:[m[K [01;36m[Knote: [m[K  mismatched types â€˜[01m[Kstd::array<_Tp, _Nm>[m[Kâ€™ and â€˜[01m[Kstd::ios_base&(std::ios_base&)[m[Kâ€™
[9.758s]    97 |         {return [01;36m[Kstd::get<0>(left)[m[K < std::get<0>(right);};
[9.758s]       |                 [01;36m[K~~~~~~~~~~~^~~~~~[m[K
[9.759s] In file included from [01m[K/usr/include/c++/11/tuple:39[m[K,
[9.760s]                  from [01m[K/usr/include/c++/11/bits/unique_ptr.h:37[m[K,
[9.760s]                  from [01m[K/usr/include/c++/11/memory:76[m[K,
[9.761s]                  from [01m[K/home/gkasha/ros2_humble/install/rclcpp/include/rclcpp/rclcpp/rclcpp.hpp:153[m[K,
[9.762s]                  from [01m[K/home/gkasha/Documents/maae/src/auction/include/auction/agent.hpp:5[m[K,
[9.762s]                  from [01m[K/home/gkasha/Documents/maae/src/auction/src/agent.cpp:1[m[K:
[9.763s] [01m[K/usr/include/c++/11/array:377:5:[m[K [01;36m[Knote: [m[Kcandidate: â€˜[01m[Ktemplate<long unsigned int _Int, class _Tp, long unsigned int _Nm> constexpr const _Tp& std::get(const std::array<_Tp, _Nm>&)[m[Kâ€™
[9.764s]   377 |     [01;36m[Kget[m[K(const array<_Tp, _Nm>& __arr) noexcept
[9.764s]       |     [01;36m[K^~~[m[K
[9.765s] [01m[K/usr/include/c++/11/array:377:5:[m[K [01;36m[Knote: [m[K  template argument deduction/substitution failed:
[9.766s] [01m[K/home/gkasha/Documents/maae/src/auction/src/agent.cpp:97:28:[m[K [01;36m[Knote: [m[K  mismatched types â€˜[01m[Kconst std::array<_Tp, _Nm>[m[Kâ€™ and â€˜[01m[Kstd::ios_base&(std::ios_base&)[m[Kâ€™
[9.766s]    97 |         {return [01;36m[Kstd::get<0>(left)[m[K < std::get<0>(right);};
[9.767s]       |                 [01;36m[K~~~~~~~~~~~^~~~~~[m[K
[9.767s] In file included from [01m[K/usr/include/c++/11/tuple:39[m[K,
[9.768s]                  from [01m[K/usr/include/c++/11/bits/unique_ptr.h:37[m[K,
[9.768s]                  from [01m[K/usr/include/c++/11/memory:76[m[K,
[9.769s]                  from [01m[K/home/gkasha/ros2_humble/install/rclcpp/include/rclcpp/rclcpp/rclcpp.hpp:153[m[K,
[9.769s]                  from [01m[K/home/gkasha/Documents/maae/src/auction/include/auction/agent.hpp:5[m[K,
[9.770s]                  from [01m[K/home/gkasha/Documents/maae/src/auction/src/agent.cpp:1[m[K:
[9.770s] [01m[K/usr/include/c++/11/array:385:5:[m[K [01;36m[Knote: [m[Kcandidate: â€˜[01m[Ktemplate<long unsigned int _Int, class _Tp, long unsigned int _Nm> constexpr const _Tp&& std::get(const std::array<_Tp, _Nm>&&)[m[Kâ€™
[9.770s]   385 |     [01;36m[Kget[m[K(const array<_Tp, _Nm>&& __arr) noexcept
[9.771s]       |     [01;36m[K^~~[m[K
[9.771s] [01m[K/usr/include/c++/11/array:385:5:[m[K [01;36m[Knote: [m[K  template argument deduction/substitution failed:
[9.772s] [01m[K/home/gkasha/Documents/maae/src/auction/src/agent.cpp:97:28:[m[K [01;36m[Knote: [m[K  mismatched types â€˜[01m[Kconst std::array<_Tp, _Nm>[m[Kâ€™ and â€˜[01m[Kstd::ios_base&(std::ios_base&)[m[Kâ€™
[9.772s]    97 |         {return [01;36m[Kstd::get<0>(left)[m[K < std::get<0>(right);};
[9.773s]       |                 [01;36m[K~~~~~~~~~~~^~~~~~[m[K
[9.773s] In file included from [01m[K/usr/include/c++/11/bits/unique_ptr.h:37[m[K,
[9.774s]                  from [01m[K/usr/include/c++/11/memory:76[m[K,
[9.774s]                  from [01m[K/home/gkasha/ros2_humble/install/rclcpp/include/rclcpp/rclcpp/rclcpp.hpp:153[m[K,
[9.775s]                  from [01m[K/home/gkasha/Documents/maae/src/auction/include/auction/agent.hpp:5[m[K,
[9.776s]                  from [01m[K/home/gkasha/Documents/maae/src/auction/src/agent.cpp:1[m[K:
[9.776s] [01m[K/usr/include/c++/11/tuple:1397:5:[m[K [01;36m[Knote: [m[Kcandidate: â€˜[01m[Ktemplate<long unsigned int __i, class ... _Elements> constexpr std::__tuple_element_t<__i, std::tuple<_UTypes ...> >& std::get(std::tuple<_UTypes ...>&)[m[Kâ€™
[9.776s]  1397 |     [01;36m[Kget[m[K(tuple<_Elements...>& __t) noexcept
[9.784s]       |     [01;36m[K^~~[m[K
[9.784s] [01m[K/usr/include/c++/11/tuple:1397:5:[m[K [01;36m[Knote: [m[K  template argument deduction/substitution failed:
[9.785s] [01m[K/home/gkasha/Documents/maae/src/auction/src/agent.cpp:97:28:[m[K [01;36m[Knote: [m[K  mismatched types â€˜[01m[Kstd::tuple<_UTypes ...>[m[Kâ€™ and â€˜[01m[Kstd::ios_base&(std::ios_base&)[m[Kâ€™
[9.785s]    97 |         {return [01;36m[Kstd::get<0>(left)[m[K < std::get<0>(right);};
[9.785s]       |                 [01;36m[K~~~~~~~~~~~^~~~~~[m[K
[9.785s] In file included from [01m[K/usr/include/c++/11/bits/unique_ptr.h:37[m[K,
[9.785s]                  from [01m[K/usr/include/c++/11/memory:76[m[K,
[9.785s]                  from [01m[K/home/gkasha/ros2_humble/install/rclcpp/include/rclcpp/rclcpp/rclcpp.hpp:153[m[K,
[9.785s]                  from [01m[K/home/gkasha/Documents/maae/src/auction/include/auction/agent.hpp:5[m[K,
[9.785s]                  from [01m[K/home/gkasha/Documents/maae/src/auction/src/agent.cpp:1[m[K:
[9.785s] [01m[K/usr/include/c++/11/tuple:1403:5:[m[K [01;36m[Knote: [m[Kcandidate: â€˜[01m[Ktemplate<long unsigned int __i, class ... _Elements> constexpr std::__tuple_element_t<__i, std::tuple<_UTypes ...> >& std::get(const std::tuple<_UTypes ...>&)[m[Kâ€™
[9.786s]  1403 |     [01;36m[Kget[m[K(const tuple<_Elements...>& __t) noexcept
[9.786s]       |     [01;36m[K^~~[m[K
[9.786s] [01m[K/usr/include/c++/11/tuple:1403:5:[m[K [01;36m[Knote: [m[K  template argument deduction/substitution failed:
[9.786s] [01m[K/home/gkasha/Documents/maae/src/auction/src/agent.cpp:97:28:[m[K [01;36m[Knote: [m[K  mismatched types â€˜[01m[Kconst std::tuple<_UTypes ...>[m[Kâ€™ and â€˜[01m[Kstd::ios_base&(std::ios_base&)[m[Kâ€™
[9.786s]    97 |         {return [01;36m[Kstd::get<0>(left)[m[K < std::get<0>(right);};
[9.786s]       |                 [01;36m[K~~~~~~~~~~~^~~~~~[m[K
[9.786s] In file included from [01m[K/usr/include/c++/11/bits/unique_ptr.h:37[m[K,
[9.786s]                  from [01m[K/usr/include/c++/11/memory:76[m[K,
[9.786s]                  from [01m[K/home/gkasha/ros2_humble/install/rclcpp/include/rclcpp/rclcpp/rclcpp.hpp:153[m[K,
[9.786s]                  from [01m[K/home/gkasha/Documents/maae/src/auction/include/auction/agent.hpp:5[m[K,
[9.786s]                  from [01m[K/home/gkasha/Documents/maae/src/auction/src/agent.cpp:1[m[K:
[9.787s] [01m[K/usr/include/c++/11/tuple:1409:5:[m[K [01;36m[Knote: [m[Kcandidate: â€˜[01m[Ktemplate<long unsigned int __i, class ... _Elements> constexpr std::__tuple_element_t<__i, std::tuple<_UTypes ...> >&& std::get(std::tuple<_UTypes ...>&&)[m[Kâ€™
[9.787s]  1409 |     [01;36m[Kget[m[K(tuple<_Elements...>&& __t) noexcept
[9.787s]       |     [01;36m[K^~~[m[K
[9.787s] [01m[K/usr/include/c++/11/tuple:1409:5:[m[K [01;36m[Knote: [m[K  template argument deduction/substitution failed:
[9.787s] [01m[K/home/gkasha/Documents/maae/src/auction/src/agent.cpp:97:28:[m[K [01;36m[Knote: [m[K  mismatched types â€˜[01m[Kstd::tuple<_UTypes ...>[m[Kâ€™ and â€˜[01m[Kstd::ios_base&(std::ios_base&)[m[Kâ€™
[9.787s]    97 |         {return [01;36m[Kstd::get<0>(left)[m[K < std::get<0>(right);};
[9.787s]       |                 [01;36m[K~~~~~~~~~~~^~~~~~[m[K
[9.787s] In file included from [01m[K/usr/include/c++/11/bits/unique_ptr.h:37[m[K,
[9.787s]                  from [01m[K/usr/include/c++/11/memory:76[m[K,
[9.787s]                  from [01m[K/home/gkasha/ros2_humble/install/rclcpp/include/rclcpp/rclcpp/rclcpp.hpp:153[m[K,
[9.787s]                  from [01m[K/home/gkasha/Documents/maae/src/auction/include/auction/agent.hpp:5[m[K,
[9.787s]                  from [01m[K/home/gkasha/Documents/maae/src/auction/src/agent.cpp:1[m[K:
[9.788s] [01m[K/usr/include/c++/11/tuple:1418:5:[m[K [01;36m[Knote: [m[Kcandidate: â€˜[01m[Ktemplate<long unsigned int __i, class ... _Elements> constexpr std::__tuple_element_t<__i, std::tuple<_UTypes ...> >&& std::get(const std::tuple<_UTypes ...>&&)[m[Kâ€™
[9.788s]  1418 |     [01;36m[Kget[m[K(const tuple<_Elements...>&& __t) noexcept
[9.788s]       |     [01;36m[K^~~[m[K
[9.788s] [01m[K/usr/include/c++/11/tuple:1418:5:[m[K [01;36m[Knote: [m[K  template argument deduction/substitution failed:
[9.788s] [01m[K/home/gkasha/Documents/maae/src/auction/src/agent.cpp:97:28:[m[K [01;36m[Knote: [m[K  mismatched types â€˜[01m[Kconst std::tuple<_UTypes ...>[m[Kâ€™ and â€˜[01m[Kstd::ios_base&(std::ios_base&)[m[Kâ€™
[9.788s]    97 |         {return [01;36m[Kstd::get<0>(left)[m[K < std::get<0>(right);};
[9.788s]       |                 [01;36m[K~~~~~~~~~~~^~~~~~[m[K
[9.788s] In file included from [01m[K/usr/include/c++/11/bits/unique_ptr.h:37[m[K,
[9.788s]                  from [01m[K/usr/include/c++/11/memory:76[m[K,
[9.788s]                  from [01m[K/home/gkasha/ros2_humble/install/rclcpp/include/rclcpp/rclcpp/rclcpp.hpp:153[m[K,
[9.788s]                  from [01m[K/home/gkasha/Documents/maae/src/auction/include/auction/agent.hpp:5[m[K,
[9.788s]                  from [01m[K/home/gkasha/Documents/maae/src/auction/src/agent.cpp:1[m[K:
[9.789s] [01m[K/usr/include/c++/11/tuple:1453:5:[m[K [01;36m[Knote: [m[Kcandidate: â€˜[01m[Ktemplate<class _Tp, class ... _Types> constexpr _Tp& std::get(std::tuple<_UTypes ...>&)[m[Kâ€™
[9.789s]  1453 |     [01;36m[Kget[m[K(tuple<_Types...>& __t) noexcept
[9.789s]       |     [01;36m[K^~~[m[K
[9.789s] [01m[K/usr/include/c++/11/tuple:1453:5:[m[K [01;36m[Knote: [m[K  template argument deduction/substitution failed:
[9.789s] [01m[K/home/gkasha/Documents/maae/src/auction/src/agent.cpp:97:28:[m[K [01;31m[Kerror: [m[Ktype/value mismatch at argument 1 in template parameter list for â€˜[01m[Ktemplate<class _Tp, class ... _Types> constexpr _Tp& std::get(std::tuple<_UTypes ...>&)[m[Kâ€™
[9.789s]    97 |         {return [01;31m[Kstd::get<0>(left)[m[K < std::get<0>(right);};
[9.789s]       |                 [01;31m[K~~~~~~~~~~~^~~~~~[m[K
[9.789s] [01m[K/home/gkasha/Documents/maae/src/auction/src/agent.cpp:97:28:[m[K [01;36m[Knote: [m[K  expected a type, got â€˜[01m[K0[m[Kâ€™
[9.789s] In file included from [01m[K/usr/include/c++/11/bits/unique_ptr.h:37[m[K,
[9.790s]                  from [01m[K/usr/include/c++/11/memory:76[m[K,
[9.790s]                  from [01m[K/home/gkasha/ros2_humble/install/rclcpp/include/rclcpp/rclcpp/rclcpp.hpp:153[m[K,
[9.790s]                  from [01m[K/home/gkasha/Documents/maae/src/auction/include/auction/agent.hpp:5[m[K,
[9.790s]                  from [01m[K/home/gkasha/Documents/maae/src/auction/src/agent.cpp:1[m[K:
[9.790s] [01m[K/usr/include/c++/11/tuple:1464:5:[m[K [01;36m[Knote: [m[Kcandidate: â€˜[01m[Ktemplate<class _Tp, class ... _Types> constexpr _Tp&& std::get(std::tuple<_UTypes ...>&&)[m[Kâ€™
[9.790s]  1464 |     [01;36m[Kget[m[K(tuple<_Types...>&& __t) noexcept
[9.790s]       |     [01;36m[K^~~[m[K
[9.790s] [01m[K/usr/include/c++/11/tuple:1464:5:[m[K [01;36m[Knote: [m[K  template argument deduction/substitution failed:
[9.790s] [01m[K/home/gkasha/Documents/maae/src/auction/src/agent.cpp:97:28:[m[K [01;31m[Kerror: [m[Ktype/value mismatch at argument 1 in template parameter list for â€˜[01m[Ktemplate<class _Tp, class ... _Types> constexpr _Tp&& std::get(std::tuple<_UTypes ...>&&)[m[Kâ€™
[9.790s]    97 |         {return [01;31m[Kstd::get<0>(left)[m[K < std::get<0>(right);};
[9.790s]       |                 [01;31m[K~~~~~~~~~~~^~~~~~[m[K
[9.790s] [01m[K/home/gkasha/Documents/maae/src/auction/src/agent.cpp:97:28:[m[K [01;36m[Knote: [m[K  expected a type, got â€˜[01m[K0[m[Kâ€™
[9.790s] In file included from [01m[K/usr/include/c++/11/bits/unique_ptr.h:37[m[K,
[9.790s]                  from [01m[K/usr/include/c++/11/memory:76[m[K,
[9.790s]                  from [01m[K/home/gkasha/ros2_humble/install/rclcpp/include/rclcpp/rclcpp/rclcpp.hpp:153[m[K,
[9.790s]                  from [01m[K/home/gkasha/Documents/maae/src/auction/include/auction/agent.hpp:5[m[K,
[9.790s]                  from [01m[K/home/gkasha/Documents/maae/src/auction/src/agent.cpp:1[m[K:
[9.790s] [01m[K/usr/include/c++/11/tuple:1475:5:[m[K [01;36m[Knote: [m[Kcandidate: â€˜[01m[Ktemplate<class _Tp, class ... _Types> constexpr const _Tp& std::get(const std::tuple<_UTypes ...>&)[m[Kâ€™
[9.791s]  1475 |     [01;36m[Kget[m[K(const tuple<_Types...>& __t) noexcept
[9.791s]       |     [01;36m[K^~~[m[K
[9.791s] [01m[K/usr/include/c++/11/tuple:1475:5:[m[K [01;36m[Knote: [m[K  template argument deduction/substitution failed:
[9.791s] [01m[K/home/gkasha/Documents/maae/src/auction/src/agent.cpp:97:28:[m[K [01;31m[Kerror: [m[Ktype/value mismatch at argument 1 in template parameter list for â€˜[01m[Ktemplate<class _Tp, class ... _Types> constexpr const _Tp& std::get(const std::tuple<_UTypes ...>&)[m[Kâ€™
[9.791s]    97 |         {return [01;31m[Kstd::get<0>(left)[m[K < std::get<0>(right);};
[9.791s]       |                 [01;31m[K~~~~~~~~~~~^~~~~~[m[K
[9.791s] [01m[K/home/gkasha/Documents/maae/src/auction/src/agent.cpp:97:28:[m[K [01;36m[Knote: [m[K  expected a type, got â€˜[01m[K0[m[Kâ€™
[9.791s] In file included from [01m[K/usr/include/c++/11/bits/unique_ptr.h:37[m[K,
[9.791s]                  from [01m[K/usr/include/c++/11/memory:76[m[K,
[9.791s]                  from [01m[K/home/gkasha/ros2_humble/install/rclcpp/include/rclcpp/rclcpp/rclcpp.hpp:153[m[K,
[9.791s]                  from [01m[K/home/gkasha/Documents/maae/src/auction/include/auction/agent.hpp:5[m[K,
[9.791s]                  from [01m[K/home/gkasha/Documents/maae/src/auction/src/agent.cpp:1[m[K:
[9.791s] [01m[K/usr/include/c++/11/tuple:1487:5:[m[K [01;36m[Knote: [m[Kcandidate: â€˜[01m[Ktemplate<class _Tp, class ... _Types> constexpr const _Tp&& std::get(const std::tuple<_UTypes ...>&&)[m[Kâ€™
[9.791s]  1487 |     [01;36m[Kget[m[K(const tuple<_Types...>&& __t) noexcept
[9.791s]       |     [01;36m[K^~~[m[K
[9.791s] [01m[K/usr/include/c++/11/tuple:1487:5:[m[K [01;36m[Knote: [m[K  template argument deduction/substitution failed:
[9.791s] [01m[K/home/gkasha/Documents/maae/src/auction/src/agent.cpp:97:28:[m[K [01;31m[Kerror: [m[Ktype/value mismatch at argument 1 in template parameter list for â€˜[01m[Ktemplate<class _Tp, class ... _Types> constexpr const _Tp&& std::get(const std::tuple<_UTypes ...>&&)[m[Kâ€™
[9.791s]    97 |         {return [01;31m[Kstd::get<0>(left)[m[K < std::get<0>(right);};
[9.792s]       |                 [01;31m[K~~~~~~~~~~~^~~~~~[m[K
[9.792s] [01m[K/home/gkasha/Documents/maae/src/auction/src/agent.cpp:97:28:[m[K [01;36m[Knote: [m[K  expected a type, got â€˜[01m[K0[m[Kâ€™
[9.792s] In file included from [01m[K/home/gkasha/ros2_humble/install/rclcpp/include/rclcpp/rclcpp/client.hpp:28[m[K,
[9.792s]                  from [01m[K/home/gkasha/ros2_humble/install/rclcpp/include/rclcpp/rclcpp/callback_group.hpp:24[m[K,
[9.792s]                  from [01m[K/home/gkasha/ros2_humble/install/rclcpp/include/rclcpp/rclcpp/any_executable.hpp:20[m[K,
[9.792s]                  from [01m[K/home/gkasha/ros2_humble/install/rclcpp/include/rclcpp/rclcpp/memory_strategy.hpp:25[m[K,
[9.792s]                  from [01m[K/home/gkasha/ros2_humble/install/rclcpp/include/rclcpp/rclcpp/memory_strategies.hpp:18[m[K,
[9.792s]                  from [01m[K/home/gkasha/ros2_humble/install/rclcpp/include/rclcpp/rclcpp/executor_options.hpp:20[m[K,
[9.792s]                  from [01m[K/home/gkasha/ros2_humble/install/rclcpp/include/rclcpp/rclcpp/executor.hpp:37[m[K,
[9.792s]                  from [01m[K/home/gkasha/ros2_humble/install/rclcpp/include/rclcpp/rclcpp/executors/multi_threaded_executor.hpp:25[m[K,
[9.792s]                  from [01m[K/home/gkasha/ros2_humble/install/rclcpp/include/rclcpp/rclcpp/executors.hpp:21[m[K,
[9.792s]                  from [01m[K/home/gkasha/ros2_humble/install/rclcpp/include/rclcpp/rclcpp/rclcpp.hpp:155[m[K,
[9.792s]                  from [01m[K/home/gkasha/Documents/maae/src/auction/include/auction/agent.hpp:5[m[K,
[9.792s]                  from [01m[K/home/gkasha/Documents/maae/src/auction/src/agent.cpp:1[m[K:
[9.792s] [01m[K/usr/include/c++/11/variant:1710:5:[m[K [01;36m[Knote: [m[Kcandidate: â€˜[01m[Ktemplate<long unsigned int _Np, class ... _Types> constexpr std::variant_alternative_t<_Np, std::variant<_Types ...> >& std::get(std::variant<_Types ...>&)[m[Kâ€™
[9.792s]  1710 |     [01;36m[Kget[m[K(variant<_Types...>& __v)
[9.793s]       |     [01;36m[K^~~[m[K
[9.793s] [01m[K/usr/include/c++/11/variant:1710:5:[m[K [01;36m[Knote: [m[K  template argument deduction/substitution failed:
[9.793s] [01m[K/home/gkasha/Documents/maae/src/auction/src/agent.cpp:97:28:[m[K [01;36m[Knote: [m[K  mismatched types â€˜[01m[Kstd::variant<_Types ...>[m[Kâ€™ and â€˜[01m[Kstd::ios_base&(std::ios_base&)[m[Kâ€™
[9.793s]    97 |         {return [01;36m[Kstd::get<0>(left)[m[K < std::get<0>(right);};
[9.793s]       |                 [01;36m[K~~~~~~~~~~~^~~~~~[m[K
[9.793s] In file included from [01m[K/home/gkasha/ros2_humble/install/rclcpp/include/rclcpp/rclcpp/client.hpp:28[m[K,
[9.793s]                  from [01m[K/home/gkasha/ros2_humble/install/rclcpp/include/rclcpp/rclcpp/callback_group.hpp:24[m[K,
[9.793s]                  from [01m[K/home/gkasha/ros2_humble/install/rclcpp/include/rclcpp/rclcpp/any_executable.hpp:20[m[K,
[9.793s]                  from [01m[K/home/gkasha/ros2_humble/install/rclcpp/include/rclcpp/rclcpp/memory_strategy.hpp:25[m[K,
[9.793s]                  from [01m[K/home/gkasha/ros2_humble/install/rclcpp/include/rclcpp/rclcpp/memory_strategies.hpp:18[m[K,
[9.793s]                  from [01m[K/home/gkasha/ros2_humble/install/rclcpp/include/rclcpp/rclcpp/executor_options.hpp:20[m[K,
[9.793s]                  from [01m[K/home/gkasha/ros2_humble/install/rclcpp/include/rclcpp/rclcpp/executor.hpp:37[m[K,
[9.793s]                  from [01m[K/home/gkasha/ros2_humble/install/rclcpp/include/rclcpp/rclcpp/executors/multi_threaded_executor.hpp:25[m[K,
[9.793s]                  from [01m[K/home/gkasha/ros2_humble/install/rclcpp/include/rclcpp/rclcpp/executors.hpp:21[m[K,
[9.793s]                  from [01m[K/home/gkasha/ros2_humble/install/rclcpp/include/rclcpp/rclcpp/rclcpp.hpp:155[m[K,
[9.794s]                  from [01m[K/home/gkasha/Documents/maae/src/auction/include/auction/agent.hpp:5[m[K,
[9.794s]                  from [01m[K/home/gkasha/Documents/maae/src/auction/src/agent.cpp:1[m[K:
[9.794s] [01m[K/usr/include/c++/11/variant:1721:5:[m[K [01;36m[Knote: [m[Kcandidate: â€˜[01m[Ktemplate<long unsigned int _Np, class ... _Types> constexpr std::variant_alternative_t<_Np, std::variant<_Types ...> >&& std::get(std::variant<_Types ...>&&)[m[Kâ€™
[9.794s]  1721 |     [01;36m[Kget[m[K(variant<_Types...>&& __v)
[9.794s]       |     [01;36m[K^~~[m[K
[9.794s] [01m[K/usr/include/c++/11/variant:1721:5:[m[K [01;36m[Knote: [m[K  template argument deduction/substitution failed:
[9.794s] [01m[K/home/gkasha/Documents/maae/src/auction/src/agent.cpp:97:28:[m[K [01;36m[Knote: [m[K  mismatched types â€˜[01m[Kstd::variant<_Types ...>[m[Kâ€™ and â€˜[01m[Kstd::ios_base&(std::ios_base&)[m[Kâ€™
[9.794s]    97 |         {return [01;36m[Kstd::get<0>(left)[m[K < std::get<0>(right);};
[9.794s]       |                 [01;36m[K~~~~~~~~~~~^~~~~~[m[K
[9.794s] In file included from [01m[K/home/gkasha/ros2_humble/install/rclcpp/include/rclcpp/rclcpp/client.hpp:28[m[K,
[9.794s]                  from [01m[K/home/gkasha/ros2_humble/install/rclcpp/include/rclcpp/rclcpp/callback_group.hpp:24[m[K,
[9.794s]                  from [01m[K/home/gkasha/ros2_humble/install/rclcpp/include/rclcpp/rclcpp/any_executable.hpp:20[m[K,
[9.794s]                  from [01m[K/home/gkasha/ros2_humble/install/rclcpp/include/rclcpp/rclcpp/memory_strategy.hpp:25[m[K,
[9.794s]                  from [01m[K/home/gkasha/ros2_humble/install/rclcpp/include/rclcpp/rclcpp/memory_strategies.hpp:18[m[K,
[9.794s]                  from [01m[K/home/gkasha/ros2_humble/install/rclcpp/include/rclcpp/rclcpp/executor_options.hpp:20[m[K,
[9.794s]                  from [01m[K/home/gkasha/ros2_humble/install/rclcpp/include/rclcpp/rclcpp/executor.hpp:37[m[K,
[9.794s]                  from [01m[K/home/gkasha/ros2_humble/install/rclcpp/include/rclcpp/rclcpp/executors/multi_threaded_executor.hpp:25[m[K,
[9.794s]                  from [01m[K/home/gkasha/ros2_humble/install/rclcpp/include/rclcpp/rclcpp/executors.hpp:21[m[K,
[9.794s]                  from [01m[K/home/gkasha/ros2_humble/install/rclcpp/include/rclcpp/rclcpp/rclcpp.hpp:155[m[K,
[9.795s]                  from [01m[K/home/gkasha/Documents/maae/src/auction/include/auction/agent.hpp:5[m[K,
[9.795s]                  from [01m[K/home/gkasha/Documents/maae/src/auction/src/agent.cpp:1[m[K:
[9.795s] [01m[K/usr/include/c++/11/variant:1732:5:[m[K [01;36m[Knote: [m[Kcandidate: â€˜[01m[Ktemplate<long unsigned int _Np, class ... _Types> constexpr std::variant_alternative_t<_Np, std::variant<_Types ...> >& std::get(const std::variant<_Types ...>&)[m[Kâ€™
[9.795s]  1732 |     [01;36m[Kget[m[K(const variant<_Types...>& __v)
[9.795s]       |     [01;36m[K^~~[m[K
[9.795s] [01m[K/usr/include/c++/11/variant:1732:5:[m[K [01;36m[Knote: [m[K  template argument deduction/substitution failed:
[9.795s] [01m[K/home/gkasha/Documents/maae/src/auction/src/agent.cpp:97:28:[m[K [01;36m[Knote: [m[K  mismatched types â€˜[01m[Kconst std::variant<_Types ...>[m[Kâ€™ and â€˜[01m[Kstd::ios_base&(std::ios_base&)[m[Kâ€™
[9.795s]    97 |         {return [01;36m[Kstd::get<0>(left)[m[K < std::get<0>(right);};
[9.795s]       |                 [01;36m[K~~~~~~~~~~~^~~~~~[m[K
[9.795s] In file included from [01m[K/home/gkasha/ros2_humble/install/rclcpp/include/rclcpp/rclcpp/client.hpp:28[m[K,
[9.795s]                  from [01m[K/home/gkasha/ros2_humble/install/rclcpp/include/rclcpp/rclcpp/callback_group.hpp:24[m[K,
[9.795s]                  from [01m[K/home/gkasha/ros2_humble/install/rclcpp/include/rclcpp/rclcpp/any_executable.hpp:20[m[K,
[9.795s]                  from [01m[K/home/gkasha/ros2_humble/install/rclcpp/include/rclcpp/rclcpp/memory_strategy.hpp:25[m[K,
[9.795s]                  from [01m[K/home/gkasha/ros2_humble/install/rclcpp/include/rclcpp/rclcpp/memory_strategies.hpp:18[m[K,
[9.795s]                  from [01m[K/home/gkasha/ros2_humble/install/rclcpp/include/rclcpp/rclcpp/executor_options.hpp:20[m[K,
[9.795s]                  from [01m[K/home/gkasha/ros2_humble/install/rclcpp/include/rclcpp/rclcpp/executor.hpp:37[m[K,
[9.795s]                  from [01m[K/home/gkasha/ros2_humble/install/rclcpp/include/rclcpp/rclcpp/executors/multi_threaded_executor.hpp:25[m[K,
[9.795s]                  from [01m[K/home/gkasha/ros2_humble/install/rclcpp/include/rclcpp/rclcpp/executors.hpp:21[m[K,
[9.796s]                  from [01m[K/home/gkasha/ros2_humble/install/rclcpp/include/rclcpp/rclcpp/rclcpp.hpp:155[m[K,
[9.796s]                  from [01m[K/home/gkasha/Documents/maae/src/auction/include/auction/agent.hpp:5[m[K,
[9.796s]                  from [01m[K/home/gkasha/Documents/maae/src/auction/src/agent.cpp:1[m[K:
[9.796s] [01m[K/usr/include/c++/11/variant:1743:5:[m[K [01;36m[Knote: [m[Kcandidate: â€˜[01m[Ktemplate<long unsigned int _Np, class ... _Types> constexpr std::variant_alternative_t<_Np, std::variant<_Types ...> >&& std::get(const std::variant<_Types ...>&&)[m[Kâ€™
[9.796s]  1743 |     [01;36m[Kget[m[K(const variant<_Types...>&& __v)
[9.796s]       |     [01;36m[K^~~[m[K
[9.796s] [01m[K/usr/include/c++/11/variant:1743:5:[m[K [01;36m[Knote: [m[K  template argument deduction/substitution failed:
[9.796s] [01m[K/home/gkasha/Documents/maae/src/auction/src/agent.cpp:97:28:[m[K [01;36m[Knote: [m[K  mismatched types â€˜[01m[Kconst std::variant<_Types ...>[m[Kâ€™ and â€˜[01m[Kstd::ios_base&(std::ios_base&)[m[Kâ€™
[9.796s]    97 |         {return [01;36m[Kstd::get<0>(left)[m[K < std::get<0>(right);};
[9.796s]       |                 [01;36m[K~~~~~~~~~~~^~~~~~[m[K
[9.796s] In file included from [01m[K/home/gkasha/ros2_humble/install/rclcpp/include/rclcpp/rclcpp/client.hpp:28[m[K,
[9.796s]                  from [01m[K/home/gkasha/ros2_humble/install/rclcpp/include/rclcpp/rclcpp/callback_group.hpp:24[m[K,
[9.796s]                  from [01m[K/home/gkasha/ros2_humble/install/rclcpp/include/rclcpp/rclcpp/any_executable.hpp:20[m[K,
[9.796s]                  from [01m[K/home/gkasha/ros2_humble/install/rclcpp/include/rclcpp/rclcpp/memory_strategy.hpp:25[m[K,
[9.796s]                  from [01m[K/home/gkasha/ros2_humble/install/rclcpp/include/rclcpp/rclcpp/memory_strategies.hpp:18[m[K,
[9.796s]                  from [01m[K/home/gkasha/ros2_humble/install/rclcpp/include/rclcpp/rclcpp/executor_options.hpp:20[m[K,
[9.796s]                  from [01m[K/home/gkasha/ros2_humble/install/rclcpp/include/rclcpp/rclcpp/executor.hpp:37[m[K,
[9.796s]                  from [01m[K/home/gkasha/ros2_humble/install/rclcpp/include/rclcpp/rclcpp/executors/multi_threaded_executor.hpp:25[m[K,
[9.796s]                  from [01m[K/home/gkasha/ros2_humble/install/rclcpp/include/rclcpp/rclcpp/executors.hpp:21[m[K,
[9.796s]                  from [01m[K/home/gkasha/ros2_humble/install/rclcpp/include/rclcpp/rclcpp/rclcpp.hpp:155[m[K,
[9.813s]                  from [01m[K/home/gkasha/Documents/maae/src/auction/include/auction/agent.hpp:5[m[K,
[9.813s]                  from [01m[K/home/gkasha/Documents/maae/src/auction/src/agent.cpp:1[m[K:
[9.813s] [01m[K/usr/include/c++/11/variant:1134:20:[m[K [01;36m[Knote: [m[Kcandidate: â€˜[01m[Ktemplate<class _Tp, class ... _Types> constexpr _Tp& std::get(std::variant<_Types ...>&)[m[Kâ€™
[9.813s]  1134 |     constexpr _Tp& [01;36m[Kget[m[K(variant<_Types...>& __v)
[9.813s]       |                    [01;36m[K^~~[m[K
[9.813s] [01m[K/usr/include/c++/11/variant:1134:20:[m[K [01;36m[Knote: [m[K  template argument deduction/substitution failed:
[9.813s] [01m[K/home/gkasha/Documents/maae/src/auction/src/agent.cpp:97:28:[m[K [01;31m[Kerror: [m[Ktype/value mismatch at argument 1 in template parameter list for â€˜[01m[Ktemplate<class _Tp, class ... _Types> constexpr _Tp& std::get(std::variant<_Types ...>&)[m[Kâ€™
[9.813s]    97 |         {return [01;31m[Kstd::get<0>(left)[m[K < std::get<0>(right);};
[9.813s]       |                 [01;31m[K~~~~~~~~~~~^~~~~~[m[K
[9.814s] [01m[K/home/gkasha/Documents/maae/src/auction/src/agent.cpp:97:28:[m[K [01;36m[Knote: [m[K  expected a type, got â€˜[01m[K0[m[Kâ€™
[9.814s] In file included from [01m[K/home/gkasha/ros2_humble/install/rclcpp/include/rclcpp/rclcpp/client.hpp:28[m[K,
[9.814s]                  from [01m[K/home/gkasha/ros2_humble/install/rclcpp/include/rclcpp/rclcpp/callback_group.hpp:24[m[K,
[9.814s]                  from [01m[K/home/gkasha/ros2_humble/install/rclcpp/include/rclcpp/rclcpp/any_executable.hpp:20[m[K,
[9.814s]                  from [01m[K/home/gkasha/ros2_humble/install/rclcpp/include/rclcpp/rclcpp/memory_strategy.hpp:25[m[K,
[9.814s]                  from [01m[K/home/gkasha/ros2_humble/install/rclcpp/include/rclcpp/rclcpp/memory_strategies.hpp:18[m[K,
[9.814s]                  from [01m[K/home/gkasha/ros2_humble/install/rclcpp/include/rclcpp/rclcpp/executor_options.hpp:20[m[K,
[9.814s]                  from [01m[K/home/gkasha/ros2_humble/install/rclcpp/include/rclcpp/rclcpp/executor.hpp:37[m[K,
[9.814s]                  from [01m[K/home/gkasha/ros2_humble/install/rclcpp/include/rclcpp/rclcpp/executors/multi_threaded_executor.hpp:25[m[K,
[9.814s]                  from [01m[K/home/gkasha/ros2_humble/install/rclcpp/include/rclcpp/rclcpp/executors.hpp:21[m[K,
[9.814s]                  from [01m[K/home/gkasha/ros2_humble/install/rclcpp/include/rclcpp/rclcpp/rclcpp.hpp:155[m[K,
[9.814s]                  from [01m[K/home/gkasha/Documents/maae/src/auction/include/auction/agent.hpp:5[m[K,
[9.814s]                  from [01m[K/home/gkasha/Documents/maae/src/auction/src/agent.cpp:1[m[K:
[9.814s] [01m[K/usr/include/c++/11/variant:1143:21:[m[K [01;36m[Knote: [m[Kcandidate: â€˜[01m[Ktemplate<class _Tp, class ... _Types> constexpr _Tp&& std::get(std::variant<_Types ...>&&)[m[Kâ€™
[9.815s]  1143 |     constexpr _Tp&& [01;36m[Kget[m[K(variant<_Types...>&& __v)
[9.815s]       |                     [01;36m[K^~~[m[K
[9.815s] [01m[K/usr/include/c++/11/variant:1143:21:[m[K [01;36m[Knote: [m[K  template argument deduction/substitution failed:
[9.815s] [01m[K/home/gkasha/Documents/maae/src/auction/src/agent.cpp:97:28:[m[K [01;31m[Kerror: [m[Ktype/value mismatch at argument 1 in template parameter list for â€˜[01m[Ktemplate<class _Tp, class ... _Types> constexpr _Tp&& std::get(std::variant<_Types ...>&&)[m[Kâ€™
[9.815s]    97 |         {return [01;31m[Kstd::get<0>(left)[m[K < std::get<0>(right);};
[9.815s]       |                 [01;31m[K~~~~~~~~~~~^~~~~~[m[K
[9.815s] [01m[K/home/gkasha/Documents/maae/src/auction/src/agent.cpp:97:28:[m[K [01;36m[Knote: [m[K  expected a type, got â€˜[01m[K0[m[Kâ€™
[9.815s] In file included from [01m[K/home/gkasha/ros2_humble/install/rclcpp/include/rclcpp/rclcpp/client.hpp:28[m[K,
[9.815s]                  from [01m[K/home/gkasha/ros2_humble/install/rclcpp/include/rclcpp/rclcpp/callback_group.hpp:24[m[K,
[9.815s]                  from [01m[K/home/gkasha/ros2_humble/install/rclcpp/include/rclcpp/rclcpp/any_executable.hpp:20[m[K,
[9.815s]                  from [01m[K/home/gkasha/ros2_humble/install/rclcpp/include/rclcpp/rclcpp/memory_strategy.hpp:25[m[K,
[9.815s]                  from [01m[K/home/gkasha/ros2_humble/install/rclcpp/include/rclcpp/rclcpp/memory_strategies.hpp:18[m[K,
[9.815s]                  from [01m[K/home/gkasha/ros2_humble/install/rclcpp/include/rclcpp/rclcpp/executor_options.hpp:20[m[K,
[9.815s]                  from [01m[K/home/gkasha/ros2_humble/install/rclcpp/include/rclcpp/rclcpp/executor.hpp:37[m[K,
[9.815s]                  from [01m[K/home/gkasha/ros2_humble/install/rclcpp/include/rclcpp/rclcpp/executors/multi_threaded_executor.hpp:25[m[K,
[9.815s]                  from [01m[K/home/gkasha/ros2_humble/install/rclcpp/include/rclcpp/rclcpp/executors.hpp:21[m[K,
[9.816s]                  from [01m[K/home/gkasha/ros2_humble/install/rclcpp/include/rclcpp/rclcpp/rclcpp.hpp:155[m[K,
[9.816s]                  from [01m[K/home/gkasha/Documents/maae/src/auction/include/auction/agent.hpp:5[m[K,
[9.816s]                  from [01m[K/home/gkasha/Documents/maae/src/auction/src/agent.cpp:1[m[K:
[9.816s] [01m[K/usr/include/c++/11/variant:1153:26:[m[K [01;36m[Knote: [m[Kcandidate: â€˜[01m[Ktemplate<class _Tp, class ... _Types> constexpr const _Tp& std::get(const std::variant<_Types ...>&)[m[Kâ€™
[9.816s]  1153 |     constexpr const _Tp& [01;36m[Kget[m[K(const variant<_Types...>& __v)
[9.816s]       |                          [01;36m[K^~~[m[K
[9.816s] [01m[K/usr/include/c++/11/variant:1153:26:[m[K [01;36m[Knote: [m[K  template argument deduction/substitution failed:
[9.816s] [01m[K/home/gkasha/Documents/maae/src/auction/src/agent.cpp:97:28:[m[K [01;31m[Kerror: [m[Ktype/value mismatch at argument 1 in template parameter list for â€˜[01m[Ktemplate<class _Tp, class ... _Types> constexpr const _Tp& std::get(const std::variant<_Types ...>&)[m[Kâ€™
[9.816s]    97 |         {return [01;31m[Kstd::get<0>(left)[m[K < std::get<0>(right);};
[9.816s]       |                 [01;31m[K~~~~~~~~~~~^~~~~~[m[K
[9.816s] [01m[K/home/gkasha/Documents/maae/src/auction/src/agent.cpp:97:28:[m[K [01;36m[Knote: [m[K  expected a type, got â€˜[01m[K0[m[Kâ€™
[9.816s] In file included from [01m[K/home/gkasha/ros2_humble/install/rclcpp/include/rclcpp/rclcpp/client.hpp:28[m[K,
[9.816s]                  from [01m[K/home/gkasha/ros2_humble/install/rclcpp/include/rclcpp/rclcpp/callback_group.hpp:24[m[K,
[9.816s]                  from [01m[K/home/gkasha/ros2_humble/install/rclcpp/include/rclcpp/rclcpp/any_executable.hpp:20[m[K,
[9.816s]                  from [01m[K/home/gkasha/ros2_humble/install/rclcpp/include/rclcpp/rclcpp/memory_strategy.hpp:25[m[K,
[9.816s]                  from [01m[K/home/gkasha/ros2_humble/install/rclcpp/include/rclcpp/rclcpp/memory_strategies.hpp:18[m[K,
[9.816s]                  from [01m[K/home/gkasha/ros2_humble/install/rclcpp/include/rclcpp/rclcpp/executor_options.hpp:20[m[K,
[9.816s]                  from [01m[K/home/gkasha/ros2_humble/install/rclcpp/include/rclcpp/rclcpp/executor.hpp:37[m[K,
[9.816s]                  from [01m[K/home/gkasha/ros2_humble/install/rclcpp/include/rclcpp/rclcpp/executors/multi_threaded_executor.hpp:25[m[K,
[9.817s]                  from [01m[K/home/gkasha/ros2_humble/install/rclcpp/include/rclcpp/rclcpp/executors.hpp:21[m[K,
[9.817s]                  from [01m[K/home/gkasha/ros2_humble/install/rclcpp/include/rclcpp/rclcpp/rclcpp.hpp:155[m[K,
[9.817s]                  from [01m[K/home/gkasha/Documents/maae/src/auction/include/auction/agent.hpp:5[m[K,
[9.817s]                  from [01m[K/home/gkasha/Documents/maae/src/auction/src/agent.cpp:1[m[K:
[9.817s] [01m[K/usr/include/c++/11/variant:1162:27:[m[K [01;36m[Knote: [m[Kcandidate: â€˜[01m[Ktemplate<class _Tp, class ... _Types> constexpr const _Tp&& std::get(const std::variant<_Types ...>&&)[m[Kâ€™
[9.817s]  1162 |     constexpr const _Tp&& [01;36m[Kget[m[K(const variant<_Types...>&& __v)
[9.817s]       |                           [01;36m[K^~~[m[K
[9.817s] [01m[K/usr/include/c++/11/variant:1162:27:[m[K [01;36m[Knote: [m[K  template argument deduction/substitution failed:
[9.817s] [01m[K/home/gkasha/Documents/maae/src/auction/src/agent.cpp:97:28:[m[K [01;31m[Kerror: [m[Ktype/value mismatch at argument 1 in template parameter list for â€˜[01m[Ktemplate<class _Tp, class ... _Types> constexpr const _Tp&& std::get(const std::variant<_Types ...>&&)[m[Kâ€™
[9.817s]    97 |         {return [01;31m[Kstd::get<0>(left)[m[K < std::get<0>(right);};
[9.817s]       |                 [01;31m[K~~~~~~~~~~~^~~~~~[m[K
[9.817s] [01m[K/home/gkasha/Documents/maae/src/auction/src/agent.cpp:97:28:[m[K [01;36m[Knote: [m[K  expected a type, got â€˜[01m[K0[m[Kâ€™
[9.817s] [01m[K/home/gkasha/Documents/maae/src/auction/src/agent.cpp:97:48:[m[K [01;31m[Kerror: [m[Kno matching function for call to â€˜[01m[Kget<0>(std::ios_base& (&)(std::ios_base&))[m[Kâ€™
[9.817s]    97 |         {return std::get<0>(left) < [01;31m[Kstd::get<0>(right)[m[K;};
[9.817s]       |                                     [01;31m[K~~~~~~~~~~~^~~~~~~[m[K
[9.817s] In file included from [01m[K/usr/include/c++/11/bits/unique_ptr.h:36[m[K,
[9.828s]                  from [01m[K/usr/include/c++/11/memory:76[m[K,
[9.828s]                  from [01m[K/home/gkasha/ros2_humble/install/rclcpp/include/rclcpp/rclcpp/rclcpp.hpp:153[m[K,
[9.828s]                  from [01m[K/home/gkasha/Documents/maae/src/auction/include/auction/agent.hpp:5[m[K,
[9.828s]                  from [01m[K/home/gkasha/Documents/maae/src/auction/src/agent.cpp:1[m[K:
[9.828s] [01m[K/usr/include/c++/11/utility:223:5:[m[K [01;36m[Knote: [m[Kcandidate: â€˜[01m[Ktemplate<long unsigned int _Int, class _Tp1, class _Tp2> constexpr typename std::tuple_element<_Int, std::pair<_Tp1, _Tp2> >::type& std::get(std::pair<_Tp1, _Tp2>&)[m[Kâ€™
[9.828s]   223 |     [01;36m[Kget[m[K(pair<_Tp1, _Tp2>& __in) noexcept
[9.828s]       |     [01;36m[K^~~[m[K
[9.829s] [01m[K/usr/include/c++/11/utility:223:5:[m[K [01;36m[Knote: [m[K  template argument deduction/substitution failed:
[9.829s] [01m[K/home/gkasha/Documents/maae/src/auction/src/agent.cpp:97:48:[m[K [01;36m[Knote: [m[K  mismatched types â€˜[01m[Kstd::pair<_Tp1, _Tp2>[m[Kâ€™ and â€˜[01m[Kstd::ios_base&(std::ios_base&)[m[Kâ€™
[9.829s]    97 |         {return std::get<0>(left) < [01;36m[Kstd::get<0>(right)[m[K;};
[9.829s]       |                                     [01;36m[K~~~~~~~~~~~^~~~~~~[m[K
[9.829s] In file included from [01m[K/usr/include/c++/11/bits/unique_ptr.h:36[m[K,
[9.829s]                  from [01m[K/usr/include/c++/11/memory:76[m[K,
[9.829s]                  from [01m[K/home/gkasha/ros2_humble/install/rclcpp/include/rclcpp/rclcpp/rclcpp.hpp:153[m[K,
[9.829s]                  from [01m[K/home/gkasha/Documents/maae/src/auction/include/auction/agent.hpp:5[m[K,
[9.829s]                  from [01m[K/home/gkasha/Documents/maae/src/auction/src/agent.cpp:1[m[K:
[9.829s] [01m[K/usr/include/c++/11/utility:228:5:[m[K [01;36m[Knote: [m[Kcandidate: â€˜[01m[Ktemplate<long unsigned int _Int, class _Tp1, class _Tp2> constexpr typename std::tuple_element<_Int, std::pair<_Tp1, _Tp2> >::type&& std::get(std::pair<_Tp1, _Tp2>&&)[m[Kâ€™
[9.829s]   228 |     [01;36m[Kget[m[K(pair<_Tp1, _Tp2>&& __in) noexcept
[9.829s]       |     [01;36m[K^~~[m[K
[9.829s] [01m[K/usr/include/c++/11/utility:228:5:[m[K [01;36m[Knote: [m[K  template argument deduction/substitution failed:
[9.829s] [01m[K/home/gkasha/Documents/maae/src/auction/src/agent.cpp:97:48:[m[K [01;36m[Knote: [m[K  mismatched types â€˜[01m[Kstd::pair<_Tp1, _Tp2>[m[Kâ€™ and â€˜[01m[Kstd::ios_base&(std::ios_base&)[m[Kâ€™
[9.830s]    97 |         {return std::get<0>(left) < [01;36m[Kstd::get<0>(right)[m[K;};
[9.830s]       |                                     [01;36m[K~~~~~~~~~~~^~~~~~~[m[K
[9.830s] In file included from [01m[K/usr/include/c++/11/bits/unique_ptr.h:36[m[K,
[9.830s]                  from [01m[K/usr/include/c++/11/memory:76[m[K,
[9.830s]                  from [01m[K/home/gkasha/ros2_humble/install/rclcpp/include/rclcpp/rclcpp/rclcpp.hpp:153[m[K,
[9.830s]                  from [01m[K/home/gkasha/Documents/maae/src/auction/include/auction/agent.hpp:5[m[K,
[9.830s]                  from [01m[K/home/gkasha/Documents/maae/src/auction/src/agent.cpp:1[m[K:
[9.830s] [01m[K/usr/include/c++/11/utility:233:5:[m[K [01;36m[Knote: [m[Kcandidate: â€˜[01m[Ktemplate<long unsigned int _Int, class _Tp1, class _Tp2> constexpr const typename std::tuple_element<_Int, std::pair<_Tp1, _Tp2> >::type& std::get(const std::pair<_Tp1, _Tp2>&)[m[Kâ€™
[9.830s]   233 |     [01;36m[Kget[m[K(const pair<_Tp1, _Tp2>& __in) noexcept
[9.830s]       |     [01;36m[K^~~[m[K
[9.830s] [01m[K/usr/include/c++/11/utility:233:5:[m[K [01;36m[Knote: [m[K  template argument deduction/substitution failed:
[9.830s] [01m[K/home/gkasha/Documents/maae/src/auction/src/agent.cpp:97:48:[m[K [01;36m[Knote: [m[K  mismatched types â€˜[01m[Kconst std::pair<_Tp1, _Tp2>[m[Kâ€™ and â€˜[01m[Kstd::ios_base&(std::ios_base&)[m[Kâ€™
[9.830s]    97 |         {return std::get<0>(left) < [01;36m[Kstd::get<0>(right)[m[K;};
[9.830s]       |                                     [01;36m[K~~~~~~~~~~~^~~~~~~[m[K
[9.830s] In file included from [01m[K/usr/include/c++/11/bits/unique_ptr.h:36[m[K,
[9.830s]                  from [01m[K/usr/include/c++/11/memory:76[m[K,
[9.830s]                  from [01m[K/home/gkasha/ros2_humble/install/rclcpp/include/rclcpp/rclcpp/rclcpp.hpp:153[m[K,
[9.831s]                  from [01m[K/home/gkasha/Documents/maae/src/auction/include/auction/agent.hpp:5[m[K,
[9.831s]                  from [01m[K/home/gkasha/Documents/maae/src/auction/src/agent.cpp:1[m[K:
[9.831s] [01m[K/usr/include/c++/11/utility:238:5:[m[K [01;36m[Knote: [m[Kcandidate: â€˜[01m[Ktemplate<long unsigned int _Int, class _Tp1, class _Tp2> constexpr const typename std::tuple_element<_Int, std::pair<_Tp1, _Tp2> >::type&& std::get(const std::pair<_Tp1, _Tp2>&&)[m[Kâ€™
[9.831s]   238 |     [01;36m[Kget[m[K(const pair<_Tp1, _Tp2>&& __in) noexcept
[9.831s]       |     [01;36m[K^~~[m[K
[9.831s] [01m[K/usr/include/c++/11/utility:238:5:[m[K [01;36m[Knote: [m[K  template argument deduction/substitution failed:
[9.831s] [01m[K/home/gkasha/Documents/maae/src/auction/src/agent.cpp:97:48:[m[K [01;36m[Knote: [m[K  mismatched types â€˜[01m[Kconst std::pair<_Tp1, _Tp2>[m[Kâ€™ and â€˜[01m[Kstd::ios_base&(std::ios_base&)[m[Kâ€™
[9.832s]    97 |         {return std::get<0>(left) < [01;36m[Kstd::get<0>(right)[m[K;};
[9.832s]       |                                     [01;36m[K~~~~~~~~~~~^~~~~~~[m[K
[9.832s] In file included from [01m[K/usr/include/c++/11/bits/unique_ptr.h:36[m[K,
[9.832s]                  from [01m[K/usr/include/c++/11/memory:76[m[K,
[9.832s]                  from [01m[K/home/gkasha/ros2_humble/install/rclcpp/include/rclcpp/rclcpp/rclcpp.hpp:153[m[K,
[9.832s]                  from [01m[K/home/gkasha/Documents/maae/src/auction/include/auction/agent.hpp:5[m[K,
[9.832s]                  from [01m[K/home/gkasha/Documents/maae/src/auction/src/agent.cpp:1[m[K:
[9.832s] [01m[K/usr/include/c++/11/utility:247:5:[m[K [01;36m[Knote: [m[Kcandidate: â€˜[01m[Ktemplate<class _Tp, class _Up> constexpr _Tp& std::get(std::pair<_T1, _T2>&)[m[Kâ€™
[9.832s]   247 |     [01;36m[Kget[m[K(pair<_Tp, _Up>& __p) noexcept
[9.832s]       |     [01;36m[K^~~[m[K
[9.832s] [01m[K/usr/include/c++/11/utility:247:5:[m[K [01;36m[Knote: [m[K  template argument deduction/substitution failed:
[9.832s] [01m[K/home/gkasha/Documents/maae/src/auction/src/agent.cpp:97:48:[m[K [01;31m[Kerror: [m[Ktype/value mismatch at argument 1 in template parameter list for â€˜[01m[Ktemplate<class _Tp, class _Up> constexpr _Tp& std::get(std::pair<_T1, _T2>&)[m[Kâ€™
[9.832s]    97 |         {return std::get<0>(left) < [01;31m[Kstd::get<0>(right)[m[K;};
[9.832s]       |                                     [01;31m[K~~~~~~~~~~~^~~~~~~[m[K
[9.832s] [01m[K/home/gkasha/Documents/maae/src/auction/src/agent.cpp:97:48:[m[K [01;36m[Knote: [m[K  expected a type, got â€˜[01m[K0[m[Kâ€™
[9.832s] In file included from [01m[K/usr/include/c++/11/bits/unique_ptr.h:36[m[K,
[9.832s]                  from [01m[K/usr/include/c++/11/memory:76[m[K,
[9.833s]                  from [01m[K/home/gkasha/ros2_humble/install/rclcpp/include/rclcpp/rclcpp/rclcpp.hpp:153[m[K,
[9.833s]                  from [01m[K/home/gkasha/Documents/maae/src/auction/include/auction/agent.hpp:5[m[K,
[9.833s]                  from [01m[K/home/gkasha/Documents/maae/src/auction/src/agent.cpp:1[m[K:
[9.833s] [01m[K/usr/include/c++/11/utility:252:5:[m[K [01;36m[Knote: [m[Kcandidate: â€˜[01m[Ktemplate<class _Tp, class _Up> constexpr const _Tp& std::get(const std::pair<_T1, _T2>&)[m[Kâ€™
[9.833s]   252 |     [01;36m[Kget[m[K(const pair<_Tp, _Up>& __p) noexcept
[9.833s]       |     [01;36m[K^~~[m[K
[9.833s] [01m[K/usr/include/c++/11/utility:252:5:[m[K [01;36m[Knote: [m[K  template argument deduction/substitution failed:
[9.833s] [01m[K/home/gkasha/Documents/maae/src/auction/src/agent.cpp:97:48:[m[K [01;31m[Kerror: [m[Ktype/value mismatch at argument 1 in template parameter list for â€˜[01m[Ktemplate<class _Tp, class _Up> constexpr const _Tp& std::get(const std::pair<_T1, _T2>&)[m[Kâ€™
[9.833s]    97 |         {return std::get<0>(left) < [01;31m[Kstd::get<0>(right)[m[K;};
[9.833s]       |                                     [01;31m[K~~~~~~~~~~~^~~~~~~[m[K
[9.833s] [01m[K/home/gkasha/Documents/maae/src/auction/src/agent.cpp:97:48:[m[K [01;36m[Knote: [m[K  expected a type, got â€˜[01m[K0[m[Kâ€™
[9.833s] In file included from [01m[K/usr/include/c++/11/bits/unique_ptr.h:36[m[K,
[9.833s]                  from [01m[K/usr/include/c++/11/memory:76[m[K,
[9.834s]                  from [01m[K/home/gkasha/ros2_humble/install/rclcpp/include/rclcpp/rclcpp/rclcpp.hpp:153[m[K,
[9.834s]                  from [01m[K/home/gkasha/Documents/maae/src/auction/include/auction/agent.hpp:5[m[K,
[9.834s]                  from [01m[K/home/gkasha/Documents/maae/src/auction/src/agent.cpp:1[m[K:
[9.834s] [01m[K/usr/include/c++/11/utility:257:5:[m[K [01;36m[Knote: [m[Kcandidate: â€˜[01m[Ktemplate<class _Tp, class _Up> constexpr _Tp&& std::get(std::pair<_T1, _T2>&&)[m[Kâ€™
[9.834s]   257 |     [01;36m[Kget[m[K(pair<_Tp, _Up>&& __p) noexcept
[9.834s]       |     [01;36m[K^~~[m[K
[9.834s] [01m[K/usr/include/c++/11/utility:257:5:[m[K [01;36m[Knote: [m[K  template argument deduction/substitution failed:
[9.834s] [01m[K/home/gkasha/Documents/maae/src/auction/src/agent.cpp:97:48:[m[K [01;31m[Kerror: [m[Ktype/value mismatch at argument 1 in template parameter list for â€˜[01m[Ktemplate<class _Tp, class _Up> constexpr _Tp&& std::get(std::pair<_T1, _T2>&&)[m[Kâ€™
[9.834s]    97 |         {return std::get<0>(left) < [01;31m[Kstd::get<0>(right)[m[K;};
[9.834s]       |                                     [01;31m[K~~~~~~~~~~~^~~~~~~[m[K
[9.834s] [01m[K/home/gkasha/Documents/maae/src/auction/src/agent.cpp:97:48:[m[K [01;36m[Knote: [m[K  expected a type, got â€˜[01m[K0[m[Kâ€™
[9.834s] In file included from [01m[K/usr/include/c++/11/bits/unique_ptr.h:36[m[K,
[9.834s]                  from [01m[K/usr/include/c++/11/memory:76[m[K,
[9.834s]                  from [01m[K/home/gkasha/ros2_humble/install/rclcpp/include/rclcpp/rclcpp/rclcpp.hpp:153[m[K,
[9.834s]                  from [01m[K/home/gkasha/Documents/maae/src/auction/include/auction/agent.hpp:5[m[K,
[9.834s]                  from [01m[K/home/gkasha/Documents/maae/src/auction/src/agent.cpp:1[m[K:
[9.834s] [01m[K/usr/include/c++/11/utility:262:5:[m[K [01;36m[Knote: [m[Kcandidate: â€˜[01m[Ktemplate<class _Tp, class _Up> constexpr const _Tp&& std::get(const std::pair<_T1, _T2>&&)[m[Kâ€™
[9.834s]   262 |     [01;36m[Kget[m[K(const pair<_Tp, _Up>&& __p) noexcept
[9.834s]       |     [01;36m[K^~~[m[K
[9.835s] [01m[K/usr/include/c++/11/utility:262:5:[m[K [01;36m[Knote: [m[K  template argument deduction/substitution failed:
[9.835s] [01m[K/home/gkasha/Documents/maae/src/auction/src/agent.cpp:97:48:[m[K [01;31m[Kerror: [m[Ktype/value mismatch at argument 1 in template parameter list for â€˜[01m[Ktemplate<class _Tp, class _Up> constexpr const _Tp&& std::get(const std::pair<_T1, _T2>&&)[m[Kâ€™
[9.835s]    97 |         {return std::get<0>(left) < [01;31m[Kstd::get<0>(right)[m[K;};
[9.835s]       |                                     [01;31m[K~~~~~~~~~~~^~~~~~~[m[K
[9.835s] [01m[K/home/gkasha/Documents/maae/src/auction/src/agent.cpp:97:48:[m[K [01;36m[Knote: [m[K  expected a type, got â€˜[01m[K0[m[Kâ€™
[9.835s] In file included from [01m[K/usr/include/c++/11/bits/unique_ptr.h:36[m[K,
[9.835s]                  from [01m[K/usr/include/c++/11/memory:76[m[K,
[9.835s]                  from [01m[K/home/gkasha/ros2_humble/install/rclcpp/include/rclcpp/rclcpp/rclcpp.hpp:153[m[K,
[9.835s]                  from [01m[K/home/gkasha/Documents/maae/src/auction/include/auction/agent.hpp:5[m[K,
[9.835s]                  from [01m[K/home/gkasha/Documents/maae/src/auction/src/agent.cpp:1[m[K:
[9.835s] [01m[K/usr/include/c++/11/utility:267:5:[m[K [01;36m[Knote: [m[Kcandidate: â€˜[01m[Ktemplate<class _Tp, class _Up> constexpr _Tp& std::get(std::pair<_Up, _Tp>&)[m[Kâ€™
[9.835s]   267 |     [01;36m[Kget[m[K(pair<_Up, _Tp>& __p) noexcept
[9.835s]       |     [01;36m[K^~~[m[K
[9.835s] [01m[K/usr/include/c++/11/utility:267:5:[m[K [01;36m[Knote: [m[K  template argument deduction/substitution failed:
[9.835s] [01m[K/home/gkasha/Documents/maae/src/auction/src/agent.cpp:97:48:[m[K [01;31m[Kerror: [m[Ktype/value mismatch at argument 1 in template parameter list for â€˜[01m[Ktemplate<class _Tp, class _Up> constexpr _Tp& std::get(std::pair<_Up, _Tp>&)[m[Kâ€™
[9.835s]    97 |         {return std::get<0>(left) < [01;31m[Kstd::get<0>(right)[m[K;};
[9.835s]       |                                     [01;31m[K~~~~~~~~~~~^~~~~~~[m[K
[9.836s] [01m[K/home/gkasha/Documents/maae/src/auction/src/agent.cpp:97:48:[m[K [01;36m[Knote: [m[K  expected a type, got â€˜[01m[K0[m[Kâ€™
[9.836s] In file included from [01m[K/usr/include/c++/11/bits/unique_ptr.h:36[m[K,
[9.836s]                  from [01m[K/usr/include/c++/11/memory:76[m[K,
[9.836s]                  from [01m[K/home/gkasha/ros2_humble/install/rclcpp/include/rclcpp/rclcpp/rclcpp.hpp:153[m[K,
[9.836s]                  from [01m[K/home/gkasha/Documents/maae/src/auction/include/auction/agent.hpp:5[m[K,
[9.836s]                  from [01m[K/home/gkasha/Documents/maae/src/auction/src/agent.cpp:1[m[K:
[9.836s] [01m[K/usr/include/c++/11/utility:272:5:[m[K [01;36m[Knote: [m[Kcandidate: â€˜[01m[Ktemplate<class _Tp, class _Up> constexpr const _Tp& std::get(const std::pair<_Up, _Tp>&)[m[Kâ€™
[9.836s]   272 |     [01;36m[Kget[m[K(const pair<_Up, _Tp>& __p) noexcept
[9.836s]       |     [01;36m[K^~~[m[K
[9.836s] [01m[K/usr/include/c++/11/utility:272:5:[m[K [01;36m[Knote: [m[K  template argument deduction/substitution failed:
[9.836s] [01m[K/home/gkasha/Documents/maae/src/auction/src/agent.cpp:97:48:[m[K [01;31m[Kerror: [m[Ktype/value mismatch at argument 1 in template parameter list for â€˜[01m[Ktemplate<class _Tp, class _Up> constexpr const _Tp& std::get(const std::pair<_Up, _Tp>&)[m[Kâ€™
[9.836s]    97 |         {return std::get<0>(left) < [01;31m[Kstd::get<0>(right)[m[K;};
[9.836s]       |                                     [01;31m[K~~~~~~~~~~~^~~~~~~[m[K
[9.836s] [01m[K/home/gkasha/Documents/maae/src/auction/src/agent.cpp:97:48:[m[K [01;36m[Knote: [m[K  expected a type, got â€˜[01m[K0[m[Kâ€™
[9.836s] In file included from [01m[K/usr/include/c++/11/bits/unique_ptr.h:36[m[K,
[9.836s]                  from [01m[K/usr/include/c++/11/memory:76[m[K,
[9.836s]                  from [01m[K/home/gkasha/ros2_humble/install/rclcpp/include/rclcpp/rclcpp/rclcpp.hpp:153[m[K,
[9.837s]                  from [01m[K/home/gkasha/Documents/maae/src/auction/include/auction/agent.hpp:5[m[K,
[9.837s]                  from [01m[K/home/gkasha/Documents/maae/src/auction/src/agent.cpp:1[m[K:
[9.837s] [01m[K/usr/include/c++/11/utility:277:5:[m[K [01;36m[Knote: [m[Kcandidate: â€˜[01m[Ktemplate<class _Tp, class _Up> constexpr _Tp&& std::get(std::pair<_Up, _Tp>&&)[m[Kâ€™
[9.837s]   277 |     [01;36m[Kget[m[K(pair<_Up, _Tp>&& __p) noexcept
[9.837s]       |     [01;36m[K^~~[m[K
[9.837s] [01m[K/usr/include/c++/11/utility:277:5:[m[K [01;36m[Knote: [m[K  template argument deduction/substitution failed:
[9.837s] [01m[K/home/gkasha/Documents/maae/src/auction/src/agent.cpp:97:48:[m[K [01;31m[Kerror: [m[Ktype/value mismatch at argument 1 in template parameter list for â€˜[01m[Ktemplate<class _Tp, class _Up> constexpr _Tp&& std::get(std::pair<_Up, _Tp>&&)[m[Kâ€™
[9.837s]    97 |         {return std::get<0>(left) < [01;31m[Kstd::get<0>(right)[m[K;};
[9.837s]       |                                     [01;31m[K~~~~~~~~~~~^~~~~~~[m[K
[9.837s] [01m[K/home/gkasha/Documents/maae/src/auction/src/agent.cpp:97:48:[m[K [01;36m[Knote: [m[K  expected a type, got â€˜[01m[K0[m[Kâ€™
[9.837s] In file included from [01m[K/usr/include/c++/11/bits/unique_ptr.h:36[m[K,
[9.837s]                  from [01m[K/usr/include/c++/11/memory:76[m[K,
[9.838s]                  from [01m[K/home/gkasha/ros2_humble/install/rclcpp/include/rclcpp/rclcpp/rclcpp.hpp:153[m[K,
[9.838s]                  from [01m[K/home/gkasha/Documents/maae/src/auction/include/auction/agent.hpp:5[m[K,
[9.838s]                  from [01m[K/home/gkasha/Documents/maae/src/auction/src/agent.cpp:1[m[K:
[9.838s] [01m[K/usr/include/c++/11/utility:282:5:[m[K [01;36m[Knote: [m[Kcandidate: â€˜[01m[Ktemplate<class _Tp, class _Up> constexpr const _Tp&& std::get(const std::pair<_Up, _Tp>&&)[m[Kâ€™
[9.838s]   282 |     [01;36m[Kget[m[K(const pair<_Up, _Tp>&& __p) noexcept
[9.838s]       |     [01;36m[K^~~[m[K
[9.838s] [01m[K/usr/include/c++/11/utility:282:5:[m[K [01;36m[Knote: [m[K  template argument deduction/substitution failed:
[9.838s] [01m[K/home/gkasha/Documents/maae/src/auction/src/agent.cpp:97:48:[m[K [01;31m[Kerror: [m[Ktype/value mismatch at argument 1 in template parameter list for â€˜[01m[Ktemplate<class _Tp, class _Up> constexpr const _Tp&& std::get(const std::pair<_Up, _Tp>&&)[m[Kâ€™
[9.838s]    97 |         {return std::get<0>(left) < [01;31m[Kstd::get<0>(right)[m[K;};
[9.838s]       |                                     [01;31m[K~~~~~~~~~~~^~~~~~~[m[K
[9.838s] [01m[K/home/gkasha/Documents/maae/src/auction/src/agent.cpp:97:48:[m[K [01;36m[Knote: [m[K  expected a type, got â€˜[01m[K0[m[Kâ€™
[9.838s] In file included from [01m[K/usr/include/c++/11/tuple:39[m[K,
[9.838s]                  from [01m[K/usr/include/c++/11/bits/unique_ptr.h:37[m[K,
[9.838s]                  from [01m[K/usr/include/c++/11/memory:76[m[K,
[9.839s]                  from [01m[K/home/gkasha/ros2_humble/install/rclcpp/include/rclcpp/rclcpp/rclcpp.hpp:153[m[K,
[9.839s]                  from [01m[K/home/gkasha/Documents/maae/src/auction/include/auction/agent.hpp:5[m[K,
[9.839s]                  from [01m[K/home/gkasha/Documents/maae/src/auction/src/agent.cpp:1[m[K:
[9.839s] [01m[K/usr/include/c++/11/array:361:5:[m[K [01;36m[Knote: [m[Kcandidate: â€˜[01m[Ktemplate<long unsigned int _Int, class _Tp, long unsigned int _Nm> constexpr _Tp& std::get(std::array<_Tp, _Nm>&)[m[Kâ€™
[9.839s]   361 |     [01;36m[Kget[m[K(array<_Tp, _Nm>& __arr) noexcept
[9.839s]       |     [01;36m[K^~~[m[K
[9.839s] [01m[K/usr/include/c++/11/array:361:5:[m[K [01;36m[Knote: [m[K  template argument deduction/substitution failed:
[9.839s] [01m[K/home/gkasha/Documents/maae/src/auction/src/agent.cpp:97:48:[m[K [01;36m[Knote: [m[K  mismatched types â€˜[01m[Kstd::array<_Tp, _Nm>[m[Kâ€™ and â€˜[01m[Kstd::ios_base&(std::ios_base&)[m[Kâ€™
[9.839s]    97 |         {return std::get<0>(left) < [01;36m[Kstd::get<0>(right)[m[K;};
[9.839s]       |                                     [01;36m[K~~~~~~~~~~~^~~~~~~[m[K
[9.839s] In file included from [01m[K/usr/include/c++/11/tuple:39[m[K,
[9.839s]                  from [01m[K/usr/include/c++/11/bits/unique_ptr.h:37[m[K,
[9.839s]                  from [01m[K/usr/include/c++/11/memory:76[m[K,
[9.840s]                  from [01m[K/home/gkasha/ros2_humble/install/rclcpp/include/rclcpp/rclcpp/rclcpp.hpp:153[m[K,
[9.840s]                  from [01m[K/home/gkasha/Documents/maae/src/auction/include/auction/agent.hpp:5[m[K,
[9.840s]                  from [01m[K/home/gkasha/Documents/maae/src/auction/src/agent.cpp:1[m[K:
[9.840s] [01m[K/usr/include/c++/11/array:369:5:[m[K [01;36m[Knote: [m[Kcandidate: â€˜[01m[Ktemplate<long unsigned int _Int, class _Tp, long unsigned int _Nm> constexpr _Tp&& std::get(std::array<_Tp, _Nm>&&)[m[Kâ€™
[9.840s]   369 |     [01;36m[Kget[m[K(array<_Tp, _Nm>&& __arr) noexcept
[9.840s]       |     [01;36m[K^~~[m[K
[9.840s] [01m[K/usr/include/c++/11/array:369:5:[m[K [01;36m[Knote: [m[K  template argument deduction/substitution failed:
[9.840s] [01m[K/home/gkasha/Documents/maae/src/auction/src/agent.cpp:97:48:[m[K [01;36m[Knote: [m[K  mismatched types â€˜[01m[Kstd::array<_Tp, _Nm>[m[Kâ€™ and â€˜[01m[Kstd::ios_base&(std::ios_base&)[m[Kâ€™
[9.840s]    97 |         {return std::get<0>(left) < [01;36m[Kstd::get<0>(right)[m[K;};
[9.840s]       |                                     [01;36m[K~~~~~~~~~~~^~~~~~~[m[K
[9.840s] In file included from [01m[K/usr/include/c++/11/tuple:39[m[K,
[9.840s]                  from [01m[K/usr/include/c++/11/bits/unique_ptr.h:37[m[K,
[9.840s]                  from [01m[K/usr/include/c++/11/memory:76[m[K,
[9.840s]                  from [01m[K/home/gkasha/ros2_humble/install/rclcpp/include/rclcpp/rclcpp/rclcpp.hpp:153[m[K,
[9.840s]                  from [01m[K/home/gkasha/Documents/maae/src/auction/include/auction/agent.hpp:5[m[K,
[9.857s]                  from [01m[K/home/gkasha/Documents/maae/src/auction/src/agent.cpp:1[m[K:
[9.857s] [01m[K/usr/include/c++/11/array:377:5:[m[K [01;36m[Knote: [m[Kcandidate: â€˜[01m[Ktemplate<long unsigned int _Int, class _Tp, long unsigned int _Nm> constexpr const _Tp& std::get(const std::array<_Tp, _Nm>&)[m[Kâ€™
[9.857s]   377 |     [01;36m[Kget[m[K(const array<_Tp, _Nm>& __arr) noexcept
[9.857s]       |     [01;36m[K^~~[m[K
[9.857s] [01m[K/usr/include/c++/11/array:377:5:[m[K [01;36m[Knote: [m[K  template argument deduction/substitution failed:
[9.857s] [01m[K/home/gkasha/Documents/maae/src/auction/src/agent.cpp:97:48:[m[K [01;36m[Knote: [m[K  mismatched types â€˜[01m[Kconst std::array<_Tp, _Nm>[m[Kâ€™ and â€˜[01m[Kstd::ios_base&(std::ios_base&)[m[Kâ€™
[9.857s]    97 |         {return std::get<0>(left) < [01;36m[Kstd::get<0>(right)[m[K;};
[9.857s]       |                                     [01;36m[K~~~~~~~~~~~^~~~~~~[m[K
[9.857s] In file included from [01m[K/usr/include/c++/11/tuple:39[m[K,
[9.857s]                  from [01m[K/usr/include/c++/11/bits/unique_ptr.h:37[m[K,
[9.857s]                  from [01m[K/usr/include/c++/11/memory:76[m[K,
[9.857s]                  from [01m[K/home/gkasha/ros2_humble/install/rclcpp/include/rclcpp/rclcpp/rclcpp.hpp:153[m[K,
[9.858s]                  from [01m[K/home/gkasha/Documents/maae/src/auction/include/auction/agent.hpp:5[m[K,
[9.858s]                  from [01m[K/home/gkasha/Documents/maae/src/auction/src/agent.cpp:1[m[K:
[9.858s] [01m[K/usr/include/c++/11/array:385:5:[m[K [01;36m[Knote: [m[Kcandidate: â€˜[01m[Ktemplate<long unsigned int _Int, class _Tp, long unsigned int _Nm> constexpr const _Tp&& std::get(const std::array<_Tp, _Nm>&&)[m[Kâ€™
[9.858s]   385 |     [01;36m[Kget[m[K(const array<_Tp, _Nm>&& __arr) noexcept
[9.858s]       |     [01;36m[K^~~[m[K
[9.858s] [01m[K/usr/include/c++/11/array:385:5:[m[K [01;36m[Knote: [m[K  template argument deduction/substitution failed:
[9.858s] [01m[K/home/gkasha/Documents/maae/src/auction/src/agent.cpp:97:48:[m[K [01;36m[Knote: [m[K  mismatched types â€˜[01m[Kconst std::array<_Tp, _Nm>[m[Kâ€™ and â€˜[01m[Kstd::ios_base&(std::ios_base&)[m[Kâ€™
[9.858s]    97 |         {return std::get<0>(left) < [01;36m[Kstd::get<0>(right)[m[K;};
[9.858s]       |                                     [01;36m[K~~~~~~~~~~~^~~~~~~[m[K
[9.858s] In file included from [01m[K/usr/include/c++/11/bits/unique_ptr.h:37[m[K,
[9.858s]                  from [01m[K/usr/include/c++/11/memory:76[m[K,
[9.858s]                  from [01m[K/home/gkasha/ros2_humble/install/rclcpp/include/rclcpp/rclcpp/rclcpp.hpp:153[m[K,
[9.858s]                  from [01m[K/home/gkasha/Documents/maae/src/auction/include/auction/agent.hpp:5[m[K,
[9.858s]                  from [01m[K/home/gkasha/Documents/maae/src/auction/src/agent.cpp:1[m[K:
[9.859s] [01m[K/usr/include/c++/11/tuple:1397:5:[m[K [01;36m[Knote: [m[Kcandidate: â€˜[01m[Ktemplate<long unsigned int __i, class ... _Elements> constexpr std::__tuple_element_t<__i, std::tuple<_UTypes ...> >& std::get(std::tuple<_UTypes ...>&)[m[Kâ€™
[9.859s]  1397 |     [01;36m[Kget[m[K(tuple<_Elements...>& __t) noexcept
[9.859s]       |     [01;36m[K^~~[m[K
[9.859s] [01m[K/usr/include/c++/11/tuple:1397:5:[m[K [01;36m[Knote: [m[K  template argument deduction/substitution failed:
[9.859s] [01m[K/home/gkasha/Documents/maae/src/auction/src/agent.cpp:97:48:[m[K [01;36m[Knote: [m[K  mismatched types â€˜[01m[Kstd::tuple<_UTypes ...>[m[Kâ€™ and â€˜[01m[Kstd::ios_base&(std::ios_base&)[m[Kâ€™
[9.859s]    97 |         {return std::get<0>(left) < [01;36m[Kstd::get<0>(right)[m[K;};
[9.859s]       |                                     [01;36m[K~~~~~~~~~~~^~~~~~~[m[K
[9.859s] In file included from [01m[K/usr/include/c++/11/bits/unique_ptr.h:37[m[K,
[9.859s]                  from [01m[K/usr/include/c++/11/memory:76[m[K,
[9.859s]                  from [01m[K/home/gkasha/ros2_humble/install/rclcpp/include/rclcpp/rclcpp/rclcpp.hpp:153[m[K,
[9.859s]                  from [01m[K/home/gkasha/Documents/maae/src/auction/include/auction/agent.hpp:5[m[K,
[9.859s]                  from [01m[K/home/gkasha/Documents/maae/src/auction/src/agent.cpp:1[m[K:
[9.860s] [01m[K/usr/include/c++/11/tuple:1403:5:[m[K [01;36m[Knote: [m[Kcandidate: â€˜[01m[Ktemplate<long unsigned int __i, class ... _Elements> constexpr std::__tuple_element_t<__i, std::tuple<_UTypes ...> >& std::get(const std::tuple<_UTypes ...>&)[m[Kâ€™
[9.860s]  1403 |     [01;36m[Kget[m[K(const tuple<_Elements...>& __t) noexcept
[9.860s]       |     [01;36m[K^~~[m[K
[9.860s] [01m[K/usr/include/c++/11/tuple:1403:5:[m[K [01;36m[Knote: [m[K  template argument deduction/substitution failed:
[9.860s] [01m[K/home/gkasha/Documents/maae/src/auction/src/agent.cpp:97:48:[m[K [01;36m[Knote: [m[K  mismatched types â€˜[01m[Kconst std::tuple<_UTypes ...>[m[Kâ€™ and â€˜[01m[Kstd::ios_base&(std::ios_base&)[m[Kâ€™
[9.860s]    97 |         {return std::get<0>(left) < [01;36m[Kstd::get<0>(right)[m[K;};
[9.860s]       |                                     [01;36m[K~~~~~~~~~~~^~~~~~~[m[K
[9.860s] In file included from [01m[K/usr/include/c++/11/bits/unique_ptr.h:37[m[K,
[9.860s]                  from [01m[K/usr/include/c++/11/memory:76[m[K,
[9.860s]                  from [01m[K/home/gkasha/ros2_humble/install/rclcpp/include/rclcpp/rclcpp/rclcpp.hpp:153[m[K,
[9.860s]                  from [01m[K/home/gkasha/Documents/maae/src/auction/include/auction/agent.hpp:5[m[K,
[9.860s]                  from [01m[K/home/gkasha/Documents/maae/src/auction/src/agent.cpp:1[m[K:
[9.860s] [01m[K/usr/include/c++/11/tuple:1409:5:[m[K [01;36m[Knote: [m[Kcandidate: â€˜[01m[Ktemplate<long unsigned int __i, class ... _Elements> constexpr std::__tuple_element_t<__i, std::tuple<_UTypes ...> >&& std::get(std::tuple<_UTypes ...>&&)[m[Kâ€™
[9.860s]  1409 |     [01;36m[Kget[m[K(tuple<_Elements...>&& __t) noexcept
[9.861s]       |     [01;36m[K^~~[m[K
[9.861s] [01m[K/usr/include/c++/11/tuple:1409:5:[m[K [01;36m[Knote: [m[K  template argument deduction/substitution failed:
[9.861s] [01m[K/home/gkasha/Documents/maae/src/auction/src/agent.cpp:97:48:[m[K [01;36m[Knote: [m[K  mismatched types â€˜[01m[Kstd::tuple<_UTypes ...>[m[Kâ€™ and â€˜[01m[Kstd::ios_base&(std::ios_base&)[m[Kâ€™
[9.861s]    97 |         {return std::get<0>(left) < [01;36m[Kstd::get<0>(right)[m[K;};
[9.861s]       |                                     [01;36m[K~~~~~~~~~~~^~~~~~~[m[K
[9.861s] In file included from [01m[K/usr/include/c++/11/bits/unique_ptr.h:37[m[K,
[9.861s]                  from [01m[K/usr/include/c++/11/memory:76[m[K,
[9.861s]                  from [01m[K/home/gkasha/ros2_humble/install/rclcpp/include/rclcpp/rclcpp/rclcpp.hpp:153[m[K,
[9.862s]                  from [01m[K/home/gkasha/Documents/maae/src/auction/include/auction/agent.hpp:5[m[K,
[9.862s]                  from [01m[K/home/gkasha/Documents/maae/src/auction/src/agent.cpp:1[m[K:
[9.862s] [01m[K/usr/include/c++/11/tuple:1418:5:[m[K [01;36m[Knote: [m[Kcandidate: â€˜[01m[Ktemplate<long unsigned int __i, class ... _Elements> constexpr std::__tuple_element_t<__i, std::tuple<_UTypes ...> >&& std::get(const std::tuple<_UTypes ...>&&)[m[Kâ€™
[9.862s]  1418 |     [01;36m[Kget[m[K(const tuple<_Elements...>&& __t) noexcept
[9.862s]       |     [01;36m[K^~~[m[K
[9.862s] [01m[K/usr/include/c++/11/tuple:1418:5:[m[K [01;36m[Knote: [m[K  template argument deduction/substitution failed:
[9.862s] [01m[K/home/gkasha/Documents/maae/src/auction/src/agent.cpp:97:48:[m[K [01;36m[Knote: [m[K  mismatched types â€˜[01m[Kconst std::tuple<_UTypes ...>[m[Kâ€™ and â€˜[01m[Kstd::ios_base&(std::ios_base&)[m[Kâ€™
[9.862s]    97 |         {return std::get<0>(left) < [01;36m[Kstd::get<0>(right)[m[K;};
[9.862s]       |                                     [01;36m[K~~~~~~~~~~~^~~~~~~[m[K
[9.862s] In file included from [01m[K/usr/include/c++/11/bits/unique_ptr.h:37[m[K,
[9.862s]                  from [01m[K/usr/include/c++/11/memory:76[m[K,
[9.862s]                  from [01m[K/home/gkasha/ros2_humble/install/rclcpp/include/rclcpp/rclcpp/rclcpp.hpp:153[m[K,
[9.862s]                  from [01m[K/home/gkasha/Documents/maae/src/auction/include/auction/agent.hpp:5[m[K,
[9.862s]                  from [01m[K/home/gkasha/Documents/maae/src/auction/src/agent.cpp:1[m[K:
[9.862s] [01m[K/usr/include/c++/11/tuple:1453:5:[m[K [01;36m[Knote: [m[Kcandidate: â€˜[01m[Ktemplate<class _Tp, class ... _Types> constexpr _Tp& std::get(std::tuple<_UTypes ...>&)[m[Kâ€™
[9.862s]  1453 |     [01;36m[Kget[m[K(tuple<_Types...>& __t) noexcept
[9.863s]       |     [01;36m[K^~~[m[K
[9.863s] [01m[K/usr/include/c++/11/tuple:1453:5:[m[K [01;36m[Knote: [m[K  template argument deduction/substitution failed:
[9.863s] [01m[K/home/gkasha/Documents/maae/src/auction/src/agent.cpp:97:48:[m[K [01;31m[Kerror: [m[Ktype/value mismatch at argument 1 in template parameter list for â€˜[01m[Ktemplate<class _Tp, class ... _Types> constexpr _Tp& std::get(std::tuple<_UTypes ...>&)[m[Kâ€™
[9.863s]    97 |         {return std::get<0>(left) < [01;31m[Kstd::get<0>(right)[m[K;};
[9.863s]       |                                     [01;31m[K~~~~~~~~~~~^~~~~~~[m[K
[9.863s] [01m[K/home/gkasha/Documents/maae/src/auction/src/agent.cpp:97:48:[m[K [01;36m[Knote: [m[K  expected a type, got â€˜[01m[K0[m[Kâ€™
[9.863s] In file included from [01m[K/usr/include/c++/11/bits/unique_ptr.h:37[m[K,
[9.863s]                  from [01m[K/usr/include/c++/11/memory:76[m[K,
[9.863s]                  from [01m[K/home/gkasha/ros2_humble/install/rclcpp/include/rclcpp/rclcpp/rclcpp.hpp:153[m[K,
[9.863s]                  from [01m[K/home/gkasha/Documents/maae/src/auction/include/auction/agent.hpp:5[m[K,
[9.863s]                  from [01m[K/home/gkasha/Documents/maae/src/auction/src/agent.cpp:1[m[K:
[9.863s] [01m[K/usr/include/c++/11/tuple:1464:5:[m[K [01;36m[Knote: [m[Kcandidate: â€˜[01m[Ktemplate<class _Tp, class ... _Types> constexpr _Tp&& std::get(std::tuple<_UTypes ...>&&)[m[Kâ€™
[9.863s]  1464 |     [01;36m[Kget[m[K(tuple<_Types...>&& __t) noexcept
[9.863s]       |     [01;36m[K^~~[m[K
[9.863s] [01m[K/usr/include/c++/11/tuple:1464:5:[m[K [01;36m[Knote: [m[K  template argument deduction/substitution failed:
[9.863s] [01m[K/home/gkasha/Documents/maae/src/auction/src/agent.cpp:97:48:[m[K [01;31m[Kerror: [m[Ktype/value mismatch at argument 1 in template parameter list for â€˜[01m[Ktemplate<class _Tp, class ... _Types> constexpr _Tp&& std::get(std::tuple<_UTypes ...>&&)[m[Kâ€™
[9.864s]    97 |         {return std::get<0>(left) < [01;31m[Kstd::get<0>(right)[m[K;};
[9.864s]       |                                     [01;31m[K~~~~~~~~~~~^~~~~~~[m[K
[9.864s] [01m[K/home/gkasha/Documents/maae/src/auction/src/agent.cpp:97:48:[m[K [01;36m[Knote: [m[K  expected a type, got â€˜[01m[K0[m[Kâ€™
[9.864s] In file included from [01m[K/usr/include/c++/11/bits/unique_ptr.h:37[m[K,
[9.864s]                  from [01m[K/usr/include/c++/11/memory:76[m[K,
[9.864s]                  from [01m[K/home/gkasha/ros2_humble/install/rclcpp/include/rclcpp/rclcpp/rclcpp.hpp:153[m[K,
[9.864s]                  from [01m[K/home/gkasha/Documents/maae/src/auction/include/auction/agent.hpp:5[m[K,
[9.864s]                  from [01m[K/home/gkasha/Documents/maae/src/auction/src/agent.cpp:1[m[K:
[9.864s] [01m[K/usr/include/c++/11/tuple:1475:5:[m[K [01;36m[Knote: [m[Kcandidate: â€˜[01m[Ktemplate<class _Tp, class ... _Types> constexpr const _Tp& std::get(const std::tuple<_UTypes ...>&)[m[Kâ€™
[9.864s]  1475 |     [01;36m[Kget[m[K(const tuple<_Types...>& __t) noexcept
[9.864s]       |     [01;36m[K^~~[m[K
[9.865s] [01m[K/usr/include/c++/11/tuple:1475:5:[m[K [01;36m[Knote: [m[K  template argument deduction/substitution failed:
[9.865s] [01m[K/home/gkasha/Documents/maae/src/auction/src/agent.cpp:97:48:[m[K [01;31m[Kerror: [m[Ktype/value mismatch at argument 1 in template parameter list for â€˜[01m[Ktemplate<class _Tp, class ... _Types> constexpr const _Tp& std::get(const std::tuple<_UTypes ...>&)[m[Kâ€™
[9.865s]    97 |         {return std::get<0>(left) < [01;31m[Kstd::get<0>(right)[m[K;};
[9.865s]       |                                     [01;31m[K~~~~~~~~~~~^~~~~~~[m[K
[9.865s] [01m[K/home/gkasha/Documents/maae/src/auction/src/agent.cpp:97:48:[m[K [01;36m[Knote: [m[K  expected a type, got â€˜[01m[K0[m[Kâ€™
[9.865s] In file included from [01m[K/usr/include/c++/11/bits/unique_ptr.h:37[m[K,
[9.865s]                  from [01m[K/usr/include/c++/11/memory:76[m[K,
[9.865s]                  from [01m[K/home/gkasha/ros2_humble/install/rclcpp/include/rclcpp/rclcpp/rclcpp.hpp:153[m[K,
[9.865s]                  from [01m[K/home/gkasha/Documents/maae/src/auction/include/auction/agent.hpp:5[m[K,
[9.865s]                  from [01m[K/home/gkasha/Documents/maae/src/auction/src/agent.cpp:1[m[K:
[9.865s] [01m[K/usr/include/c++/11/tuple:1487:5:[m[K [01;36m[Knote: [m[Kcandidate: â€˜[01m[Ktemplate<class _Tp, class ... _Types> constexpr const _Tp&& std::get(const std::tuple<_UTypes ...>&&)[m[Kâ€™
[9.865s]  1487 |     [01;36m[Kget[m[K(const tuple<_Types...>&& __t) noexcept
[9.865s]       |     [01;36m[K^~~[m[K
[9.866s] [01m[K/usr/include/c++/11/tuple:1487:5:[m[K [01;36m[Knote: [m[K  template argument deduction/substitution failed:
[9.866s] [01m[K/home/gkasha/Documents/maae/src/auction/src/agent.cpp:97:48:[m[K [01;31m[Kerror: [m[Ktype/value mismatch at argument 1 in template parameter list for â€˜[01m[Ktemplate<class _Tp, class ... _Types> constexpr const _Tp&& std::get(const std::tuple<_UTypes ...>&&)[m[Kâ€™
[9.866s]    97 |         {return std::get<0>(left) < [01;31m[Kstd::get<0>(right)[m[K;};
[9.866s]       |                                     [01;31m[K~~~~~~~~~~~^~~~~~~[m[K
[9.866s] [01m[K/home/gkasha/Documents/maae/src/auction/src/agent.cpp:97:48:[m[K [01;36m[Knote: [m[K  expected a type, got â€˜[01m[K0[m[Kâ€™
[9.866s] In file included from [01m[K/home/gkasha/ros2_humble/install/rclcpp/include/rclcpp/rclcpp/client.hpp:28[m[K,
[9.866s]                  from [01m[K/home/gkasha/ros2_humble/install/rclcpp/include/rclcpp/rclcpp/callback_group.hpp:24[m[K,
[9.866s]                  from [01m[K/home/gkasha/ros2_humble/install/rclcpp/include/rclcpp/rclcpp/any_executable.hpp:20[m[K,
[9.866s]                  from [01m[K/home/gkasha/ros2_humble/install/rclcpp/include/rclcpp/rclcpp/memory_strategy.hpp:25[m[K,
[9.866s]                  from [01m[K/home/gkasha/ros2_humble/install/rclcpp/include/rclcpp/rclcpp/memory_strategies.hpp:18[m[K,
[9.866s]                  from [01m[K/home/gkasha/ros2_humble/install/rclcpp/include/rclcpp/rclcpp/executor_options.hpp:20[m[K,
[9.866s]                  from [01m[K/home/gkasha/ros2_humble/install/rclcpp/include/rclcpp/rclcpp/executor.hpp:37[m[K,
[9.866s]                  from [01m[K/home/gkasha/ros2_humble/install/rclcpp/include/rclcpp/rclcpp/executors/multi_threaded_executor.hpp:25[m[K,
[9.866s]                  from [01m[K/home/gkasha/ros2_humble/install/rclcpp/include/rclcpp/rclcpp/executors.hpp:21[m[K,
[9.866s]                  from [01m[K/home/gkasha/ros2_humble/install/rclcpp/include/rclcpp/rclcpp/rclcpp.hpp:155[m[K,
[9.866s]                  from [01m[K/home/gkasha/Documents/maae/src/auction/include/auction/agent.hpp:5[m[K,
[9.867s]                  from [01m[K/home/gkasha/Documents/maae/src/auction/src/agent.cpp:1[m[K:
[9.867s] [01m[K/usr/include/c++/11/variant:1710:5:[m[K [01;36m[Knote: [m[Kcandidate: â€˜[01m[Ktemplate<long unsigned int _Np, class ... _Types> constexpr std::variant_alternative_t<_Np, std::variant<_Types ...> >& std::get(std::variant<_Types ...>&)[m[Kâ€™
[9.867s]  1710 |     [01;36m[Kget[m[K(variant<_Types...>& __v)
[9.867s]       |     [01;36m[K^~~[m[K
[9.867s] [01m[K/usr/include/c++/11/variant:1710:5:[m[K [01;36m[Knote: [m[K  template argument deduction/substitution failed:
[9.867s] [01m[K/home/gkasha/Documents/maae/src/auction/src/agent.cpp:97:48:[m[K [01;36m[Knote: [m[K  mismatched types â€˜[01m[Kstd::variant<_Types ...>[m[Kâ€™ and â€˜[01m[Kstd::ios_base&(std::ios_base&)[m[Kâ€™
[9.867s]    97 |         {return std::get<0>(left) < [01;36m[Kstd::get<0>(right)[m[K;};
[9.867s]       |                                     [01;36m[K~~~~~~~~~~~^~~~~~~[m[K
[9.867s] In file included from [01m[K/home/gkasha/ros2_humble/install/rclcpp/include/rclcpp/rclcpp/client.hpp:28[m[K,
[9.867s]                  from [01m[K/home/gkasha/ros2_humble/install/rclcpp/include/rclcpp/rclcpp/callback_group.hpp:24[m[K,
[9.867s]                  from [01m[K/home/gkasha/ros2_humble/install/rclcpp/include/rclcpp/rclcpp/any_executable.hpp:20[m[K,
[9.867s]                  from [01m[K/home/gkasha/ros2_humble/install/rclcpp/include/rclcpp/rclcpp/memory_strategy.hpp:25[m[K,
[9.867s]                  from [01m[K/home/gkasha/ros2_humble/install/rclcpp/include/rclcpp/rclcpp/memory_strategies.hpp:18[m[K,
[9.867s]                  from [01m[K/home/gkasha/ros2_humble/install/rclcpp/include/rclcpp/rclcpp/executor_options.hpp:20[m[K,
[9.867s]                  from [01m[K/home/gkasha/ros2_humble/install/rclcpp/include/rclcpp/rclcpp/executor.hpp:37[m[K,
[9.867s]                  from [01m[K/home/gkasha/ros2_humble/install/rclcpp/include/rclcpp/rclcpp/executors/multi_threaded_executor.hpp:25[m[K,
[9.868s]                  from [01m[K/home/gkasha/ros2_humble/install/rclcpp/include/rclcpp/rclcpp/executors.hpp:21[m[K,
[9.868s]                  from [01m[K/home/gkasha/ros2_humble/install/rclcpp/include/rclcpp/rclcpp/rclcpp.hpp:155[m[K,
[9.868s]                  from [01m[K/home/gkasha/Documents/maae/src/auction/include/auction/agent.hpp:5[m[K,
[9.868s]                  from [01m[K/home/gkasha/Documents/maae/src/auction/src/agent.cpp:1[m[K:
[9.868s] [01m[K/usr/include/c++/11/variant:1721:5:[m[K [01;36m[Knote: [m[Kcandidate: â€˜[01m[Ktemplate<long unsigned int _Np, class ... _Types> constexpr std::variant_alternative_t<_Np, std::variant<_Types ...> >&& std::get(std::variant<_Types ...>&&)[m[Kâ€™
[9.868s]  1721 |     [01;36m[Kget[m[K(variant<_Types...>&& __v)
[9.868s]       |     [01;36m[K^~~[m[K
[9.868s] [01m[K/usr/include/c++/11/variant:1721:5:[m[K [01;36m[Knote: [m[K  template argument deduction/substitution failed:
[9.868s] [01m[K/home/gkasha/Documents/maae/src/auction/src/agent.cpp:97:48:[m[K [01;36m[Knote: [m[K  mismatched types â€˜[01m[Kstd::variant<_Types ...>[m[Kâ€™ and â€˜[01m[Kstd::ios_base&(std::ios_base&)[m[Kâ€™
[9.868s]    97 |         {return std::get<0>(left) < [01;36m[Kstd::get<0>(right)[m[K;};
[9.868s]       |                                     [01;36m[K~~~~~~~~~~~^~~~~~~[m[K
[9.881s] In file included from [01m[K/home/gkasha/ros2_humble/install/rclcpp/include/rclcpp/rclcpp/client.hpp:28[m[K,
[9.881s]                  from [01m[K/home/gkasha/ros2_humble/install/rclcpp/include/rclcpp/rclcpp/callback_group.hpp:24[m[K,
[9.881s]                  from [01m[K/home/gkasha/ros2_humble/install/rclcpp/include/rclcpp/rclcpp/any_executable.hpp:20[m[K,
[9.881s]                  from [01m[K/home/gkasha/ros2_humble/install/rclcpp/include/rclcpp/rclcpp/memory_strategy.hpp:25[m[K,
[9.881s]                  from [01m[K/home/gkasha/ros2_humble/install/rclcpp/include/rclcpp/rclcpp/memory_strategies.hpp:18[m[K,
[9.881s]                  from [01m[K/home/gkasha/ros2_humble/install/rclcpp/include/rclcpp/rclcpp/executor_options.hpp:20[m[K,
[9.881s]                  from [01m[K/home/gkasha/ros2_humble/install/rclcpp/include/rclcpp/rclcpp/executor.hpp:37[m[K,
[9.882s]                  from [01m[K/home/gkasha/ros2_humble/install/rclcpp/include/rclcpp/rclcpp/executors/multi_threaded_executor.hpp:25[m[K,
[9.882s]                  from [01m[K/home/gkasha/ros2_humble/install/rclcpp/include/rclcpp/rclcpp/executors.hpp:21[m[K,
[9.882s]                  from [01m[K/home/gkasha/ros2_humble/install/rclcpp/include/rclcpp/rclcpp/rclcpp.hpp:155[m[K,
[9.882s]                  from [01m[K/home/gkasha/Documents/maae/src/auction/include/auction/agent.hpp:5[m[K,
[9.882s]                  from [01m[K/home/gkasha/Documents/maae/src/auction/src/agent.cpp:1[m[K:
[9.882s] [01m[K/usr/include/c++/11/variant:1732:5:[m[K [01;36m[Knote: [m[Kcandidate: â€˜[01m[Ktemplate<long unsigned int _Np, class ... _Types> constexpr std::variant_alternative_t<_Np, std::variant<_Types ...> >& std::get(const std::variant<_Types ...>&)[m[Kâ€™
[9.882s]  1732 |     [01;36m[Kget[m[K(const variant<_Types...>& __v)
[9.882s]       |     [01;36m[K^~~[m[K
[9.882s] [01m[K/usr/include/c++/11/variant:1732:5:[m[K [01;36m[Knote: [m[K  template argument deduction/substitution failed:
[9.882s] [01m[K/home/gkasha/Documents/maae/src/auction/src/agent.cpp:97:48:[m[K [01;36m[Knote: [m[K  mismatched types â€˜[01m[Kconst std::variant<_Types ...>[m[Kâ€™ and â€˜[01m[Kstd::ios_base&(std::ios_base&)[m[Kâ€™
[9.882s]    97 |         {return std::get<0>(left) < [01;36m[Kstd::get<0>(right)[m[K;};
[9.882s]       |                                     [01;36m[K~~~~~~~~~~~^~~~~~~[m[K
[9.882s] In file included from [01m[K/home/gkasha/ros2_humble/install/rclcpp/include/rclcpp/rclcpp/client.hpp:28[m[K,
[9.882s]                  from [01m[K/home/gkasha/ros2_humble/install/rclcpp/include/rclcpp/rclcpp/callback_group.hpp:24[m[K,
[9.883s]                  from [01m[K/home/gkasha/ros2_humble/install/rclcpp/include/rclcpp/rclcpp/any_executable.hpp:20[m[K,
[9.883s]                  from [01m[K/home/gkasha/ros2_humble/install/rclcpp/include/rclcpp/rclcpp/memory_strategy.hpp:25[m[K,
[9.883s]                  from [01m[K/home/gkasha/ros2_humble/install/rclcpp/include/rclcpp/rclcpp/memory_strategies.hpp:18[m[K,
[9.883s]                  from [01m[K/home/gkasha/ros2_humble/install/rclcpp/include/rclcpp/rclcpp/executor_options.hpp:20[m[K,
[9.883s]                  from [01m[K/home/gkasha/ros2_humble/install/rclcpp/include/rclcpp/rclcpp/executor.hpp:37[m[K,
[9.883s]                  from [01m[K/home/gkasha/ros2_humble/install/rclcpp/include/rclcpp/rclcpp/executors/multi_threaded_executor.hpp:25[m[K,
[9.883s]                  from [01m[K/home/gkasha/ros2_humble/install/rclcpp/include/rclcpp/rclcpp/executors.hpp:21[m[K,
[9.883s]                  from [01m[K/home/gkasha/ros2_humble/install/rclcpp/include/rclcpp/rclcpp/rclcpp.hpp:155[m[K,
[9.883s]                  from [01m[K/home/gkasha/Documents/maae/src/auction/include/auction/agent.hpp:5[m[K,
[9.883s]                  from [01m[K/home/gkasha/Documents/maae/src/auction/src/agent.cpp:1[m[K:
[9.883s] [01m[K/usr/include/c++/11/variant:1743:5:[m[K [01;36m[Knote: [m[Kcandidate: â€˜[01m[Ktemplate<long unsigned int _Np, class ... _Types> constexpr std::variant_alternative_t<_Np, std::variant<_Types ...> >&& std::get(const std::variant<_Types ...>&&)[m[Kâ€™
[9.883s]  1743 |     [01;36m[Kget[m[K(const variant<_Types...>&& __v)
[9.883s]       |     [01;36m[K^~~[m[K
[9.883s] [01m[K/usr/include/c++/11/variant:1743:5:[m[K [01;36m[Knote: [m[K  template argument deduction/substitution failed:
[9.883s] [01m[K/home/gkasha/Documents/maae/src/auction/src/agent.cpp:97:48:[m[K [01;36m[Knote: [m[K  mismatched types â€˜[01m[Kconst std::variant<_Types ...>[m[Kâ€™ and â€˜[01m[Kstd::ios_base&(std::ios_base&)[m[Kâ€™
[9.884s]    97 |         {return std::get<0>(left) < [01;36m[Kstd::get<0>(right)[m[K;};
[9.884s]       |                                     [01;36m[K~~~~~~~~~~~^~~~~~~[m[K
[9.884s] In file included from [01m[K/home/gkasha/ros2_humble/install/rclcpp/include/rclcpp/rclcpp/client.hpp:28[m[K,
[9.884s]                  from [01m[K/home/gkasha/ros2_humble/install/rclcpp/include/rclcpp/rclcpp/callback_group.hpp:24[m[K,
[9.884s]                  from [01m[K/home/gkasha/ros2_humble/install/rclcpp/include/rclcpp/rclcpp/any_executable.hpp:20[m[K,
[9.884s]                  from [01m[K/home/gkasha/ros2_humble/install/rclcpp/include/rclcpp/rclcpp/memory_strategy.hpp:25[m[K,
[9.884s]                  from [01m[K/home/gkasha/ros2_humble/install/rclcpp/include/rclcpp/rclcpp/memory_strategies.hpp:18[m[K,
[9.884s]                  from [01m[K/home/gkasha/ros2_humble/install/rclcpp/include/rclcpp/rclcpp/executor_options.hpp:20[m[K,
[9.884s]                  from [01m[K/home/gkasha/ros2_humble/install/rclcpp/include/rclcpp/rclcpp/executor.hpp:37[m[K,
[9.884s]                  from [01m[K/home/gkasha/ros2_humble/install/rclcpp/include/rclcpp/rclcpp/executors/multi_threaded_executor.hpp:25[m[K,
[9.884s]                  from [01m[K/home/gkasha/ros2_humble/install/rclcpp/include/rclcpp/rclcpp/executors.hpp:21[m[K,
[9.884s]                  from [01m[K/home/gkasha/ros2_humble/install/rclcpp/include/rclcpp/rclcpp/rclcpp.hpp:155[m[K,
[9.884s]                  from [01m[K/home/gkasha/Documents/maae/src/auction/include/auction/agent.hpp:5[m[K,
[9.884s]                  from [01m[K/home/gkasha/Documents/maae/src/auction/src/agent.cpp:1[m[K:
[9.884s] [01m[K/usr/include/c++/11/variant:1134:20:[m[K [01;36m[Knote: [m[Kcandidate: â€˜[01m[Ktemplate<class _Tp, class ... _Types> constexpr _Tp& std::get(std::variant<_Types ...>&)[m[Kâ€™
[9.884s]  1134 |     constexpr _Tp& [01;36m[Kget[m[K(variant<_Types...>& __v)
[9.885s]       |                    [01;36m[K^~~[m[K
[9.885s] [01m[K/usr/include/c++/11/variant:1134:20:[m[K [01;36m[Knote: [m[K  template argument deduction/substitution failed:
[9.885s] [01m[K/home/gkasha/Documents/maae/src/auction/src/agent.cpp:97:48:[m[K [01;31m[Kerror: [m[Ktype/value mismatch at argument 1 in template parameter list for â€˜[01m[Ktemplate<class _Tp, class ... _Types> constexpr _Tp& std::get(std::variant<_Types ...>&)[m[Kâ€™
[9.885s]    97 |         {return std::get<0>(left) < [01;31m[Kstd::get<0>(right)[m[K;};
[9.885s]       |                                     [01;31m[K~~~~~~~~~~~^~~~~~~[m[K
[9.885s] [01m[K/home/gkasha/Documents/maae/src/auction/src/agent.cpp:97:48:[m[K [01;36m[Knote: [m[K  expected a type, got â€˜[01m[K0[m[Kâ€™
[9.885s] In file included from [01m[K/home/gkasha/ros2_humble/install/rclcpp/include/rclcpp/rclcpp/client.hpp:28[m[K,
[9.885s]                  from [01m[K/home/gkasha/ros2_humble/install/rclcpp/include/rclcpp/rclcpp/callback_group.hpp:24[m[K,
[9.885s]                  from [01m[K/home/gkasha/ros2_humble/install/rclcpp/include/rclcpp/rclcpp/any_executable.hpp:20[m[K,
[9.885s]                  from [01m[K/home/gkasha/ros2_humble/install/rclcpp/include/rclcpp/rclcpp/memory_strategy.hpp:25[m[K,
[9.885s]                  from [01m[K/home/gkasha/ros2_humble/install/rclcpp/include/rclcpp/rclcpp/memory_strategies.hpp:18[m[K,
[9.886s]                  from [01m[K/home/gkasha/ros2_humble/install/rclcpp/include/rclcpp/rclcpp/executor_options.hpp:20[m[K,
[9.886s]                  from [01m[K/home/gkasha/ros2_humble/install/rclcpp/include/rclcpp/rclcpp/executor.hpp:37[m[K,
[9.886s]                  from [01m[K/home/gkasha/ros2_humble/install/rclcpp/include/rclcpp/rclcpp/executors/multi_threaded_executor.hpp:25[m[K,
[9.886s]                  from [01m[K/home/gkasha/ros2_humble/install/rclcpp/include/rclcpp/rclcpp/executors.hpp:21[m[K,
[9.886s]                  from [01m[K/home/gkasha/ros2_humble/install/rclcpp/include/rclcpp/rclcpp/rclcpp.hpp:155[m[K,
[9.886s]                  from [01m[K/home/gkasha/Documents/maae/src/auction/include/auction/agent.hpp:5[m[K,
[9.886s]                  from [01m[K/home/gkasha/Documents/maae/src/auction/src/agent.cpp:1[m[K:
[9.886s] [01m[K/usr/include/c++/11/variant:1143:21:[m[K [01;36m[Knote: [m[Kcandidate: â€˜[01m[Ktemplate<class _Tp, class ... _Types> constexpr _Tp&& std::get(std::variant<_Types ...>&&)[m[Kâ€™
[9.887s]  1143 |     constexpr _Tp&& [01;36m[Kget[m[K(variant<_Types...>&& __v)
[9.887s]       |                     [01;36m[K^~~[m[K
[9.887s] [01m[K/usr/include/c++/11/variant:1143:21:[m[K [01;36m[Knote: [m[K  template argument deduction/substitution failed:
[9.887s] [01m[K/home/gkasha/Documents/maae/src/auction/src/agent.cpp:97:48:[m[K [01;31m[Kerror: [m[Ktype/value mismatch at argument 1 in template parameter list for â€˜[01m[Ktemplate<class _Tp, class ... _Types> constexpr _Tp&& std::get(std::variant<_Types ...>&&)[m[Kâ€™
[9.887s]    97 |         {return std::get<0>(left) < [01;31m[Kstd::get<0>(right)[m[K;};
[9.887s]       |                                     [01;31m[K~~~~~~~~~~~^~~~~~~[m[K
[9.887s] [01m[K/home/gkasha/Documents/maae/src/auction/src/agent.cpp:97:48:[m[K [01;36m[Knote: [m[K  expected a type, got â€˜[01m[K0[m[Kâ€™
[9.887s] In file included from [01m[K/home/gkasha/ros2_humble/install/rclcpp/include/rclcpp/rclcpp/client.hpp:28[m[K,
[9.887s]                  from [01m[K/home/gkasha/ros2_humble/install/rclcpp/include/rclcpp/rclcpp/callback_group.hpp:24[m[K,
[9.888s]                  from [01m[K/home/gkasha/ros2_humble/install/rclcpp/include/rclcpp/rclcpp/any_executable.hpp:20[m[K,
[9.888s]                  from [01m[K/home/gkasha/ros2_humble/install/rclcpp/include/rclcpp/rclcpp/memory_strategy.hpp:25[m[K,
[9.888s]                  from [01m[K/home/gkasha/ros2_humble/install/rclcpp/include/rclcpp/rclcpp/memory_strategies.hpp:18[m[K,
[9.888s]                  from [01m[K/home/gkasha/ros2_humble/install/rclcpp/include/rclcpp/rclcpp/executor_options.hpp:20[m[K,
[9.888s]                  from [01m[K/home/gkasha/ros2_humble/install/rclcpp/include/rclcpp/rclcpp/executor.hpp:37[m[K,
[9.888s]                  from [01m[K/home/gkasha/ros2_humble/install/rclcpp/include/rclcpp/rclcpp/executors/multi_threaded_executor.hpp:25[m[K,
[9.888s]                  from [01m[K/home/gkasha/ros2_humble/install/rclcpp/include/rclcpp/rclcpp/executors.hpp:21[m[K,
[9.888s]                  from [01m[K/home/gkasha/ros2_humble/install/rclcpp/include/rclcpp/rclcpp/rclcpp.hpp:155[m[K,
[9.888s]                  from [01m[K/home/gkasha/Documents/maae/src/auction/include/auction/agent.hpp:5[m[K,
[9.888s]                  from [01m[K/home/gkasha/Documents/maae/src/auction/src/agent.cpp:1[m[K:
[9.888s] [01m[K/usr/include/c++/11/variant:1153:26:[m[K [01;36m[Knote: [m[Kcandidate: â€˜[01m[Ktemplate<class _Tp, class ... _Types> constexpr const _Tp& std::get(const std::variant<_Types ...>&)[m[Kâ€™
[9.888s]  1153 |     constexpr const _Tp& [01;36m[Kget[m[K(const variant<_Types...>& __v)
[9.888s]       |                          [01;36m[K^~~[m[K
[9.888s] [01m[K/usr/include/c++/11/variant:1153:26:[m[K [01;36m[Knote: [m[K  template argument deduction/substitution failed:
[9.888s] [01m[K/home/gkasha/Documents/maae/src/auction/src/agent.cpp:97:48:[m[K [01;31m[Kerror: [m[Ktype/value mismatch at argument 1 in template parameter list for â€˜[01m[Ktemplate<class _Tp, class ... _Types> constexpr const _Tp& std::get(const std::variant<_Types ...>&)[m[Kâ€™
[9.888s]    97 |         {return std::get<0>(left) < [01;31m[Kstd::get<0>(right)[m[K;};
[9.889s]       |                                     [01;31m[K~~~~~~~~~~~^~~~~~~[m[K
[9.889s] [01m[K/home/gkasha/Documents/maae/src/auction/src/agent.cpp:97:48:[m[K [01;36m[Knote: [m[K  expected a type, got â€˜[01m[K0[m[Kâ€™
[9.889s] In file included from [01m[K/home/gkasha/ros2_humble/install/rclcpp/include/rclcpp/rclcpp/client.hpp:28[m[K,
[9.889s]                  from [01m[K/home/gkasha/ros2_humble/install/rclcpp/include/rclcpp/rclcpp/callback_group.hpp:24[m[K,
[9.889s]                  from [01m[K/home/gkasha/ros2_humble/install/rclcpp/include/rclcpp/rclcpp/any_executable.hpp:20[m[K,
[9.889s]                  from [01m[K/home/gkasha/ros2_humble/install/rclcpp/include/rclcpp/rclcpp/memory_strategy.hpp:25[m[K,
[9.889s]                  from [01m[K/home/gkasha/ros2_humble/install/rclcpp/include/rclcpp/rclcpp/memory_strategies.hpp:18[m[K,
[9.889s]                  from [01m[K/home/gkasha/ros2_humble/install/rclcpp/include/rclcpp/rclcpp/executor_options.hpp:20[m[K,
[9.889s]                  from [01m[K/home/gkasha/ros2_humble/install/rclcpp/include/rclcpp/rclcpp/executor.hpp:37[m[K,
[9.889s]                  from [01m[K/home/gkasha/ros2_humble/install/rclcpp/include/rclcpp/rclcpp/executors/multi_threaded_executor.hpp:25[m[K,
[9.889s]                  from [01m[K/home/gkasha/ros2_humble/install/rclcpp/include/rclcpp/rclcpp/executors.hpp:21[m[K,
[9.889s]                  from [01m[K/home/gkasha/ros2_humble/install/rclcpp/include/rclcpp/rclcpp/rclcpp.hpp:155[m[K,
[9.889s]                  from [01m[K/home/gkasha/Documents/maae/src/auction/include/auction/agent.hpp:5[m[K,
[9.889s]                  from [01m[K/home/gkasha/Documents/maae/src/auction/src/agent.cpp:1[m[K:
[9.889s] [01m[K/usr/include/c++/11/variant:1162:27:[m[K [01;36m[Knote: [m[Kcandidate: â€˜[01m[Ktemplate<class _Tp, class ... _Types> constexpr const _Tp&& std::get(const std::variant<_Types ...>&&)[m[Kâ€™
[9.890s]  1162 |     constexpr const _Tp&& [01;36m[Kget[m[K(const variant<_Types...>&& __v)
[9.890s]       |                           [01;36m[K^~~[m[K
[9.890s] [01m[K/usr/include/c++/11/variant:1162:27:[m[K [01;36m[Knote: [m[K  template argument deduction/substitution failed:
[9.890s] [01m[K/home/gkasha/Documents/maae/src/auction/src/agent.cpp:97:48:[m[K [01;31m[Kerror: [m[Ktype/value mismatch at argument 1 in template parameter list for â€˜[01m[Ktemplate<class _Tp, class ... _Types> constexpr const _Tp&& std::get(const std::variant<_Types ...>&&)[m[Kâ€™
[9.890s]    97 |         {return std::get<0>(left) < [01;31m[Kstd::get<0>(right)[m[K;};
[9.890s]       |                                     [01;31m[K~~~~~~~~~~~^~~~~~~[m[K
[9.890s] [01m[K/home/gkasha/Documents/maae/src/auction/src/agent.cpp:97:48:[m[K [01;36m[Knote: [m[K  expected a type, got â€˜[01m[K0[m[Kâ€™
[9.890s] [01m[K/home/gkasha/Documents/maae/src/auction/src/agent.cpp:[m[K In function â€˜[01m[Kstd::vector<ma_interfaces::msg::Bid_<std::allocator<void> > > choose_winners(ma_interfaces::msg::Task, int)[m[Kâ€™:
[9.890s] [01m[K/home/gkasha/Documents/maae/src/auction/src/agent.cpp:102:5:[m[K [01;31m[Kerror: [m[Kâ€˜[01m[Kwinner_map[m[Kâ€™ was not declared in this scope
[9.890s]   102 |     [01;31m[Kwinner_map[m[K[task.id] = overlaps;
[9.890s]       |     [01;31m[K^~~~~~~~~~[m[K
[9.890s] [01m[K/home/gkasha/Documents/maae/src/auction/src/agent.cpp:103:5:[m[K [01;31m[Kerror: [m[Kâ€˜[01m[Kbid_map[m[Kâ€™ was not declared in this scope
[9.890s]   103 |     [01;31m[Kbid_map[m[K.erase(task_id);
[9.890s]       |     [01;31m[K^~~~~~~[m[K
[9.890s] [01m[K/home/gkasha/Documents/maae/src/auction/src/agent.cpp:103:19:[m[K [01;31m[Kerror: [m[Kâ€˜[01m[Ktask_id[m[Kâ€™ was not declared in this scope; did you mean â€˜[01m[Ktask[m[Kâ€™?
[9.890s]   103 |     bid_map.erase([01;31m[Ktask_id[m[K);
[9.891s]       |                   [01;31m[K^~~~~~~[m[K
[9.891s]       |                   [32m[Ktask[m[K
[9.891s] [01m[K/home/gkasha/Documents/maae/src/auction/src/agent.cpp:61:88:[m[K [01;35m[Kwarning: [m[Kunused parameter â€˜[01m[Kn[m[Kâ€™ [[01;35m[K]8;;https://gcc.gnu.org/onlinedocs/gcc/Warning-Options.html#index-Wunused-parameter-Wunused-parameter]8;;[m[K]
[9.891s]    61 | std::vector<ma_interfaces::msg::Bid> choose_winners(ma_interfaces::msg::Task task, [01;35m[Kint n[m[K) {
[9.891s]       |                                                                                    [01;35m[K~~~~^[m[K
[9.891s] [01m[K/home/gkasha/Documents/maae/src/auction/src/agent.cpp:[m[K In member function â€˜[01m[Kvoid Agent::new_goals_cb(ma_interfaces::msg::Goal)[m[Kâ€™:
[9.891s] [01m[K/home/gkasha/Documents/maae/src/auction/src/agent.cpp:135:75:[m[K [01;31m[Kerror: [m[Ktoo few arguments to function â€˜[01m[Kstd::vector<ma_interfaces::msg::Bid_<std::allocator<void> > > choose_winners(ma_interfaces::msg::Task, int)[m[Kâ€™
[9.891s]   135 |         std::vector<ma_interfaces::msg::Bid> winning_bids = [01;31m[Kchoose_winners(task)[m[K;
[9.891s]       |                                                             [01;31m[K~~~~~~~~~~~~~~^~~~~~[m[K
[9.891s] [01m[K/home/gkasha/Documents/maae/src/auction/src/agent.cpp:61:38:[m[K [01;36m[Knote: [m[Kdeclared here
[9.891s]    61 | std::vector<ma_interfaces::msg::Bid> [01;36m[Kchoose_winners[m[K(ma_interfaces::msg::Task task, int n) {
[9.891s]       |                                      [01;36m[K^~~~~~~~~~~~~~[m[K
[9.891s] In file included from [01m[K/home/gkasha/ros2_humble/build/rclcpp/include/rclcpp/logging.hpp:24[m[K,
[9.891s]                  from [01m[K/home/gkasha/ros2_humble/install/rclcpp/include/rclcpp/rclcpp/client.hpp:40[m[K,
[9.891s]                  from [01m[K/home/gkasha/ros2_humble/install/rclcpp/include/rclcpp/rclcpp/callback_group.hpp:24[m[K,
[9.891s]                  from [01m[K/home/gkasha/ros2_humble/install/rclcpp/include/rclcpp/rclcpp/any_executable.hpp:20[m[K,
[9.891s]                  from [01m[K/home/gkasha/ros2_humble/install/rclcpp/include/rclcpp/rclcpp/memory_strategy.hpp:25[m[K,
[9.891s]                  from [01m[K/home/gkasha/ros2_humble/install/rclcpp/include/rclcpp/rclcpp/memory_strategies.hpp:18[m[K,
[9.892s]                  from [01m[K/home/gkasha/ros2_humble/install/rclcpp/include/rclcpp/rclcpp/executor_options.hpp:20[m[K,
[9.892s]                  from [01m[K/home/gkasha/ros2_humble/install/rclcpp/include/rclcpp/rclcpp/executor.hpp:37[m[K,
[9.892s]                  from [01m[K/home/gkasha/ros2_humble/install/rclcpp/include/rclcpp/rclcpp/executors/multi_threaded_executor.hpp:25[m[K,
[9.892s]                  from [01m[K/home/gkasha/ros2_humble/install/rclcpp/include/rclcpp/rclcpp/executors.hpp:21[m[K,
[9.892s]                  from [01m[K/home/gkasha/ros2_humble/install/rclcpp/include/rclcpp/rclcpp/rclcpp.hpp:155[m[K,
[9.892s]                  from [01m[K/home/gkasha/Documents/maae/src/auction/include/auction/agent.hpp:5[m[K,
[9.892s]                  from [01m[K/home/gkasha/Documents/maae/src/auction/src/agent.cpp:1[m[K:
[9.892s] [01m[K/home/gkasha/Documents/maae/src/auction/src/agent.cpp:143:139:[m[K [01;31m[Kerror: [m[Kâ€˜[01m[Kwinning_bid[m[Kâ€™ was not declared in this scope; did you mean â€˜[01m[Kwinning_bids[m[Kâ€™?
[9.892s]   143 |             if (agent_verbose_1) RCLCPP_INFO(rclcpp::get_logger("rclcpp"), "Publishing winner for auction %s: agent %s", task.id.c_str(), [01;31m[Kwinning_bid[m[K.agent_id.c_str());
[9.905s]       |                                                                                                                                           [01;31m[K^~~~~~~~~~~[m[K
[9.905s] [01m[K/home/gkasha/Documents/maae/src/auction/src/agent.cpp:[m[K In member function â€˜[01m[Kstd::vector<TNode*> Agent::find_slots(int)[m[Kâ€™:
[9.905s] [01m[K/home/gkasha/Documents/maae/src/auction/src/agent.cpp:155:9:[m[K [01;31m[Kerror: [m[Kâ€˜[01m[Kverbose_1[m[Kâ€™ was not declared in this scope
[9.905s]   155 |     if ([01;31m[Kverbose_1[m[K) print_timeline();
[9.905s]       |         [01;31m[K^~~~~~~~~[m[K
[9.905s] [01m[K/home/gkasha/Documents/maae/src/auction/src/agent.cpp:[m[K At global scope:
[9.905s] [01m[K/home/gkasha/Documents/maae/src/auction/src/agent.cpp:190:6:[m[K [01;31m[Kerror: [m[Kno declaration matches â€˜[01m[Kbool Agent::schedule_task(ma_interfaces::msg::Task)[m[Kâ€™
[9.905s]   190 | bool [01;31m[KAgent[m[K::schedule_task(ma_interfaces::msg::Task task) {
[9.905s]       |      [01;31m[K^~~~~[m[K
[9.905s] [01m[K/home/gkasha/Documents/maae/src/auction/src/agent.cpp:190:6:[m[K [01;36m[Knote: [m[Kno functions named â€˜[01m[Kbool Agent::schedule_task(ma_interfaces::msg::Task)[m[Kâ€™
[9.905s] In file included from [01m[K/home/gkasha/Documents/maae/src/auction/src/agent.cpp:1[m[K:
[9.905s] [01m[K/home/gkasha/Documents/maae/src/auction/include/auction/agent.hpp:43:7:[m[K [01;36m[Knote: [m[Kâ€˜[01m[Kclass Agent[m[Kâ€™ defined here
[9.906s]    43 | class [01;36m[KAgent[m[K : public rclcpp::Node
[9.906s]       |       [01;36m[K^~~~~[m[K
[9.906s] [01m[K/home/gkasha/Documents/maae/src/auction/src/agent.cpp:[m[K In member function â€˜[01m[Kvoid Agent::new_tasks_cb(ma_interfaces::msg::Task)[m[Kâ€™:
[9.906s] [01m[K/home/gkasha/Documents/maae/src/auction/src/agent.cpp:255:64:[m[K [01;31m[Kerror: [m[Kâ€˜[01m[Kslot_head[m[Kâ€™ was not declared in this scope
[9.906s]   255 |             double st = -1*std::get<0>(stn.get_feasible_values([01;31m[Kslot_head[m[K->etp_));
[9.906s]       |                                                                [01;31m[K^~~~~~~~~[m[K
[9.906s] [01m[K/home/gkasha/Documents/maae/src/auction/src/agent.cpp:254:21:[m[K [01;35m[Kwarning: [m[Kunused variable â€˜[01m[Kslot[m[Kâ€™ [[01;35m[K]8;;https://gcc.gnu.org/onlinedocs/gcc/Warning-Options.html#index-Wunused-variable-Wunused-variable]8;;[m[K]
[9.906s]   254 |         for (TNode* [01;35m[Kslot[m[K : slots) {
[9.906s]       |                     [01;35m[K^~~~[m[K
[9.906s] [01m[K/home/gkasha/Documents/maae/src/auction/src/agent.cpp:268:13:[m[K [01;31m[Kerror: [m[Kâ€˜[01m[Kschedule_task[m[Kâ€™ was not declared in this scope
[9.906s]   268 |         if ([01;31m[Kschedule_task[m[K(task)) {
[9.906s]       |             [01;31m[K^~~~~~~~~~~~~[m[K
[9.906s] [01m[K/home/gkasha/Documents/maae/src/auction/src/agent.cpp:[m[K In member function â€˜[01m[Kvoid Agent::new_bids_cb(ma_interfaces::msg::Bid)[m[Kâ€™:
[9.906s] [01m[K/home/gkasha/Documents/maae/src/auction/src/agent.cpp:346:41:[m[K [01;31m[Kerror: [m[Kâ€˜[01m[Kstd::map<std::__cxx11::basic_string<char>, std::vector<ma_interfaces::msg::Bid_<std::allocator<void> > > >::mapped_type[m[Kâ€™ {aka â€˜[01m[Kclass std::vector<ma_interfaces::msg::Bid_<std::allocator<void> > >[m[Kâ€™} has no member named â€˜[01m[Kfind[m[Kâ€™
[9.906s]   346 |             if (bid_map[bid.auction_id].[01;31m[Kfind[m[K(bid.agent_id) == bid_map.end()) {
[9.907s]       |                                         [01;31m[K^~~~[m[K
[9.907s] [01m[K/home/gkasha/Documents/maae/src/auction/src/agent.cpp:347:29:[m[K [01;31m[Kerror: [m[Kâ€˜[01m[Kconst Bid[m[Kâ€™ {aka â€˜[01m[Kconst struct ma_interfaces::msg::Bid_<std::allocator<void> >[m[Kâ€™} has no member named â€˜[01m[Kactuion_id[m[Kâ€™; did you mean â€˜[01m[Kauction_id[m[Kâ€™?
[9.907s]   347 |                 bid_map[bid.[01;31m[Kactuion_id[m[K][bid.agent_id] = std::vector<ma_interfaces::msg::Bid>();
[9.907s]       |                             [01;31m[K^~~~~~~~~~[m[K
[9.907s]       |                             [32m[Kauction_id[m[K
[9.907s] [01m[K/home/gkasha/Documents/maae/src/auction/src/agent.cpp:349:36:[m[K [01;31m[Kerror: [m[Kno match for â€˜[01m[Koperator[][m[Kâ€™ (operand types are â€˜[01m[Kstd::map<std::__cxx11::basic_string<char>, std::vector<ma_interfaces::msg::Bid_<std::allocator<void> > > >::mapped_type[m[Kâ€™ {aka â€˜[01m[Kstd::vector<ma_interfaces::msg::Bid_<std::allocator<void> > >[m[Kâ€™} and â€˜[01m[Kconst _agent_id_type[m[Kâ€™ {aka â€˜[01m[Kconst std::__cxx11::basic_string<char>[m[Kâ€™})
[9.907s]   349 |             bid_map[bid.auction_id][01;31m[K[[m[Kbid.agent_id].push_back(bid);
[9.907s]       |                                    [01;31m[K^[m[K
[9.907s] In file included from [01m[K/usr/include/c++/11/vector:67[m[K,
[9.907s]                  from [01m[K/usr/include/c++/11/functional:62[m[K,
[9.907s]                  from [01m[K/usr/include/c++/11/pstl/glue_algorithm_defs.h:13[m[K,
[9.907s]                  from [01m[K/usr/include/c++/11/algorithm:74[m[K,
[9.907s]                  from [01m[K/home/gkasha/ros2_humble/install/rclcpp/include/rclcpp/rclcpp/executor.hpp:18[m[K,
[9.907s]                  from [01m[K/home/gkasha/ros2_humble/install/rclcpp/include/rclcpp/rclcpp/executors/multi_threaded_executor.hpp:25[m[K,
[9.907s]                  from [01m[K/home/gkasha/ros2_humble/install/rclcpp/include/rclcpp/rclcpp/executors.hpp:21[m[K,
[9.907s]                  from [01m[K/home/gkasha/ros2_humble/install/rclcpp/include/rclcpp/rclcpp/rclcpp.hpp:155[m[K,
[9.908s]                  from [01m[K/home/gkasha/Documents/maae/src/auction/include/auction/agent.hpp:5[m[K,
[9.908s]                  from [01m[K/home/gkasha/Documents/maae/src/auction/src/agent.cpp:1[m[K:
[9.908s] [01m[K/usr/include/c++/11/bits/stl_vector.h:1043:7:[m[K [01;36m[Knote: [m[Kcandidate: â€˜[01m[Kstd::vector<_Tp, _Alloc>::reference std::vector<_Tp, _Alloc>::operator[](std::vector<_Tp, _Alloc>::size_type) [with _Tp = ma_interfaces::msg::Bid_<std::allocator<void> >; _Alloc = std::allocator<ma_interfaces::msg::Bid_<std::allocator<void> > >; std::vector<_Tp, _Alloc>::reference = ma_interfaces::msg::Bid_<std::allocator<void> >&; std::vector<_Tp, _Alloc>::size_type = long unsigned int][m[Kâ€™
[9.908s]  1043 |       [01;36m[Koperator[m[K[](size_type __n) _GLIBCXX_NOEXCEPT
[9.908s]       |       [01;36m[K^~~~~~~~[m[K
[9.908s] [01m[K/usr/include/c++/11/bits/stl_vector.h:1043:28:[m[K [01;36m[Knote: [m[K  no known conversion for argument 1 from â€˜[01m[Kconst _agent_id_type[m[Kâ€™ {aka â€˜[01m[Kconst std::__cxx11::basic_string<char>[m[Kâ€™} to â€˜[01m[Kstd::vector<ma_interfaces::msg::Bid_<std::allocator<void> > >::size_type[m[Kâ€™ {aka â€˜[01m[Klong unsigned int[m[Kâ€™}
[9.908s]  1043 |       operator[]([01;36m[Ksize_type __n[m[K) _GLIBCXX_NOEXCEPT
[9.908s]       |                  [01;36m[K~~~~~~~~~~^~~[m[K
[9.908s] [01m[K/usr/include/c++/11/bits/stl_vector.h:1061:7:[m[K [01;36m[Knote: [m[Kcandidate: â€˜[01m[Kstd::vector<_Tp, _Alloc>::const_reference std::vector<_Tp, _Alloc>::operator[](std::vector<_Tp, _Alloc>::size_type) const [with _Tp = ma_interfaces::msg::Bid_<std::allocator<void> >; _Alloc = std::allocator<ma_interfaces::msg::Bid_<std::allocator<void> > >; std::vector<_Tp, _Alloc>::const_reference = const ma_interfaces::msg::Bid_<std::allocator<void> >&; std::vector<_Tp, _Alloc>::size_type = long unsigned int][m[Kâ€™
[9.908s]  1061 |       [01;36m[Koperator[m[K[](size_type __n) const _GLIBCXX_NOEXCEPT
[9.908s]       |       [01;36m[K^~~~~~~~[m[K
[9.908s] [01m[K/usr/include/c++/11/bits/stl_vector.h:1061:28:[m[K [01;36m[Knote: [m[K  no known conversion for argument 1 from â€˜[01m[Kconst _agent_id_type[m[Kâ€™ {aka â€˜[01m[Kconst std::__cxx11::basic_string<char>[m[Kâ€™} to â€˜[01m[Kstd::vector<ma_interfaces::msg::Bid_<std::allocator<void> > >::size_type[m[Kâ€™ {aka â€˜[01m[Klong unsigned int[m[Kâ€™}
[9.909s]  1061 |       operator[]([01;36m[Ksize_type __n[m[K) const _GLIBCXX_NOEXCEPT
[9.909s]       |                  [01;36m[K~~~~~~~~~~^~~[m[K
[13.193s] [ 55%] [32m[1mLinking CXX executable client[0m
[14.210s] [ 55%] Built target client
[21.277s] gmake[2]: *** [CMakeFiles/agent.dir/build.make:76: CMakeFiles/agent.dir/src/agent.cpp.o] Error 1
[21.277s] gmake[1]: *** [CMakeFiles/Makefile2:195: CMakeFiles/agent.dir/all] Error 2
[21.277s] gmake[1]: *** Waiting for unfinished jobs....
[23.793s] [ 66%] [32m[1mLinking CXX executable execution_interface[0m
[23.937s] [ 77%] [32m[1mLinking CXX executable goal_manager[0m
[25.144s] [ 77%] Built target execution_interface
[25.255s] [ 77%] Built target goal_manager
[25.257s] gmake: *** [Makefile:146: all] Error 2
[25.261s] Invoked command in '/home/gkasha/Documents/maae/build/auction' returned '2': AMENT_PREFIX_PATH=/home/gkasha/Documents/maae/install/ma_interfaces:${AMENT_PREFIX_PATH} CMAKE_PREFIX_PATH=/home/gkasha/Documents/maae/install/ma_interfaces:/home/gkasha/ros2_humble/install/rosbag2_storage_mcap:/home/gkasha/ros2_humble/install/rosbag2:/home/gkasha/ros2_humble/install/rosbag2_compression_zstd:/home/gkasha/ros2_humble/install/mcap_vendor:/home/gkasha/ros2_humble/install/zstd_vendor:/home/gkasha/ros2_humble/install/rviz_visual_testing_framework:/home/gkasha/ros2_humble/install/rviz2:/home/gkasha/ros2_humble/install/rviz_default_plugins:/home/gkasha/ros2_humble/install/rviz_common:/home/gkasha/ros2_humble/install/rosbag2_py:/home/gkasha/ros2_humble/install/rosbag2_transport:/home/gkasha/ros2_humble/install/rosbag2_performance_benchmarking:/home/gkasha/ros2_humble/install/rosbag2_compression:/home/gkasha/ros2_humble/install/rosbag2_cpp:/home/gkasha/ros2_humble/install/rosbag2_storage_default_plugins:/home/gkasha/ros2_humble/install/rosbag2_storage:/home/gkasha/ros2_humble/install/image_common:/home/gkasha/ros2_humble/install/camera_info_manager:/home/gkasha/ros2_humble/install/camera_calibration_parsers:/home/gkasha/ros2_humble/install/yaml_cpp_vendor:/home/gkasha/ros2_humble/install/interactive_markers:/home/gkasha/ros2_humble/install/common_interfaces:/home/gkasha/ros2_humble/install/visualization_msgs:/home/gkasha/ros2_humble/install/dummy_robot_bringup:/home/gkasha/ros2_humble/install/robot_state_publisher:/home/gkasha/ros2_humble/install/kdl_parser:/home/gkasha/ros2_humble/install/urdf:/home/gkasha/ros2_humble/install/urdfdom:/home/gkasha/ros2_humble/install/urdf_parser_plugin:/home/gkasha/ros2_humble/install/urdfdom_headers:/home/gkasha/ros2_humble/install/turtlesim:/home/gkasha/ros2_humble/install/geometry2:/home/gkasha/ros2_humble/install/tf2_sensor_msgs:/home/gkasha/ros2_humble/install/test_tf2:/home/gkasha/ros2_humble/install/tf2_kdl:/home/gkasha/ros2_humble/install/tf2_geometry_msgs:/home/gkasha/ros2_humble/install/tf2_eigen:/home/gkasha/ros2_humble/install/tf2_bullet:/home/gkasha/ros2_humble/install/tf2_ros:/home/gkasha/ros2_humble/install/tf2_py:/home/gkasha/ros2_humble/install/tf2_msgs:/home/gkasha/ros2_humble/install/test_msgs:/home/gkasha/ros2_humble/install/sros2_cmake:/home/gkasha/ros2_humble/install/ros2cli_common_extensions:/home/gkasha/ros2_humble/install/rqt_py_common:/home/gkasha/ros2_humble/install/ros_testing:/home/gkasha/ros2_humble/install/ros2cli_test_interfaces:/home/gkasha/ros2_humble/install/quality_of_service_demo_cpp:/home/gkasha/ros2_humble/install/image_transport:/home/gkasha/ros2_humble/install/message_filters:/home/gkasha/ros2_humble/install/demo_nodes_cpp:/home/gkasha/ros2_humble/install/composition:/home/gkasha/ros2_humble/install/laser_geometry:/home/gkasha/ros2_humble/install/rclpy:/home/gkasha/ros2_humble/install/examples_rclcpp_minimal_action_server:/home/gkasha/ros2_humble/install/examples_rclcpp_minimal_action_client:/home/gkasha/ros2_humble/install/action_tutorials_cpp:/home/gkasha/ros2_humble/install/rclcpp_action:/home/gkasha/ros2_humble/install/rcl_action:/home/gkasha/ros2_humble/install/examples_rclcpp_wait_set:/home/gkasha/ros2_humble/install/examples_rclcpp_minimal_service:/home/gkasha/ros2_humble/install/examples_rclcpp_minimal_client:/home/gkasha/ros2_humble/install/examples_rclcpp_async_client:/home/gkasha/ros2_humble/install/example_interfaces:/home/gkasha/ros2_humble/install/action_tutorials_interfaces:/home/gkasha/ros2_humble/install/action_msgs:/home/gkasha/ros2_humble/install/unique_identifier_msgs:/home/gkasha/ros2_humble/install/ament_lint_common:/home/gkasha/ros2_humble/install/ament_cmake_uncrustify:/home/gkasha/ros2_humble/install/uncrustify_vendor:/home/gkasha/ros2_humble/install/trajectory_msgs:/home/gkasha/ros2_humble/install/topic_statistics_demo:/home/gkasha/ros2_humble/install/pendulum_control:/home/gkasha/ros2_humble/install/tlsf_cpp:/home/gkasha/ros2_humble/install/test_tracetools:/home/gkasha/ros2_humble/install/rqt_gui_cpp:/home/gkasha/ros2_humble/install/rosbag2_test_common:/home/gkasha/ros2_humble/install/ros2lifecycle_test_fixtures:/home/gkasha/ros2_humble/install/lifecycle:/home/gkasha/ros2_humble/install/rclcpp_lifecycle:/home/gkasha/ros2_humble/install/logging_demo:/home/gkasha/ros2_humble/install/image_tools:/home/gkasha/ros2_humble/install/examples_rclcpp_minimal_subscriber:/home/gkasha/ros2_humble/install/examples_rclcpp_minimal_composition:/home/gkasha/ros2_humble/install/demo_nodes_cpp_native:/home/gkasha/ros2_humble/install/rclcpp_components:/home/gkasha/ros2_humble/install/intra_process_demo:/home/gkasha/ros2_humble/install/examples_rclcpp_multithreaded_executor:/home/gkasha/ros2_humble/install/examples_rclcpp_minimal_timer:/home/gkasha/ros2_humble/install/examples_rclcpp_minimal_publisher:/home/gkasha/ros2_humble/install/examples_rclcpp_cbg_executor:/home/gkasha/ros2_humble/install/dummy_sensors:/home/gkasha/ros2_humble/install/dummy_map_server:/home/gkasha/ros2_humble/install/rclcpp:/home/gkasha/ros2_humble/install/rcl_lifecycle:/home/gkasha/ros2_humble/install/libstatistics_collector:/home/gkasha/ros2_humble/install/rcl:/home/gkasha/ros2_humble/install/rmw_implementation:/home/gkasha/ros2_humble/install/rmw_fastrtps_dynamic_cpp:/home/gkasha/ros2_humble/install/rmw_fastrtps_cpp:/home/gkasha/ros2_humble/install/rmw_fastrtps_shared_cpp:/home/gkasha/ros2_humble/install/rmw_cyclonedds_cpp:/home/gkasha/ros2_humble/install/tracetools:/home/gkasha/ros2_humble/install/tlsf:/home/gkasha/ros2_humble/install/tinyxml_vendor:/home/gkasha/ros2_humble/install/qt_gui_core:/home/gkasha/ros2_humble/install/qt_gui_cpp:/home/gkasha/ros2_humble/install/pluginlib:/home/gkasha/ros2_humble/install/tinyxml2_vendor:/home/gkasha/ros2_humble/install/tf2_eigen_kdl:/home/gkasha/ros2_humble/install/tf2:/home/gkasha/ros2_humble/install/test_security:/home/gkasha/ros2_humble/install/test_rmw_implementation:/home/gkasha/ros2_humble/install/test_rclcpp:/home/gkasha/ros2_humble/install/test_quality_of_service:/home/gkasha/ros2_humble/install/test_launch_testing:/home/gkasha/ros2_humble/install/test_interface_files:/home/gkasha/ros2_humble/install/test_communication:/home/gkasha/ros2_humble/install/test_cli_remapping:/home/gkasha/ros2_humble/install/test_cli:/home/gkasha/ros2_humble/install/qt_gui_app:/home/gkasha/ros2_humble/install/qt_gui:/home/gkasha/ros2_humble/install/tango_icons_vendor:/home/gkasha/ros2_humble/install/stereo_msgs:/home/gkasha/ros2_humble/install/std_srvs:/home/gkasha/ros2_humble/install/shape_msgs:/home/gkasha/ros2_humble/install/map_msgs:/home/gkasha/ros2_humble/install/sensor_msgs:/home/gkasha/ros2_humble/install/nav_msgs:/home/gkasha/ros2_humble/install/diagnostic_msgs:/home/gkasha/ros2_humble/install/geometry_msgs:/home/gkasha/ros2_humble/install/actionlib_msgs:/home/gkasha/ros2_humble/install/std_msgs:/home/gkasha/ros2_humble/install/statistics_msgs:/home/gkasha/ros2_humble/install/sqlite3_vendor:/home/gkasha/ros2_humble/install/rcl_logging_spdlog:/home/gkasha/ros2_humble/install/spdlog_vendor:/home/gkasha/ros2_humble/install/shared_queues_vendor:/home/gkasha/ros2_humble/install/rviz_rendering_tests:/home/gkasha/ros2_humble/install/rviz_rendering:/home/gkasha/ros2_humble/install/rviz_ogre_vendor:/home/gkasha/ros2_humble/install/rviz_assimp_vendor:/home/gkasha/ros2_humble/install/rttest:/home/gkasha/ros2_humble/install/rmw_connextddsmicro:/home/gkasha/ros2_humble/install/rmw_connextdds:/home/gkasha/ros2_humble/install/rmw_connextdds_common:/home/gkasha/ros2_humble/install/rti_connext_dds_cmake_module:/home/gkasha/ros2_humble/install/rosgraph_msgs:/home/gkasha/ros2_humble/install/rosbag2_interfaces:/home/gkasha/ros2_humble/install/rmw_dds_common:/home/gkasha/ros2_humble/install/composition_interfaces:/home/gkasha/ros2_humble/install/rcl_interfaces:/home/gkasha/ros2_humble/install/pendulum_msgs:/home/gkasha/ros2_humble/install/lifecycle_msgs:/home/gkasha/ros2_humble/install/builtin_interfaces:/home/gkasha/ros2_humble/install/rosidl_default_runtime:/home/gkasha/ros2_humble/install/rosidl_default_generators:/home/gkasha/ros2_humble/install/rosidl_generator_py:/home/gkasha/ros2_humble/install/rosidl_typesupport_introspection_tests:/home/gkasha/ros2_humble/install/rosidl_typesupport_cpp:/home/gkasha/ros2_humble/install/rosidl_typesupport_introspection_cpp:/home/gkasha/ros2_humble/install/rosidl_typesupport_c:/home/gkasha/ros2_humble/install/rosidl_typesupport_introspection_c:/home/gkasha/ros2_humble/install/rosidl_typesupport_fastrtps_c:/home/gkasha/ros2_humble/install/rosidl_typesupport_fastrtps_cpp:/home/gkasha/ros2_humble/install/rosidl_generator_cpp:/home/gkasha/ros2_humble/install/rosidl_runtime_cpp:/home/gkasha/ros2_humble/install/rcl_yaml_param_parser:/home/gkasha/ros2_humble/install/rmw:/home/gkasha/ros2_humble/install/rosidl_runtime_c:/home/gkasha/ros2_humble/install/rosidl_generator_c:/home/gkasha/ros2_humble/install/rosidl_typesupport_interface:/home/gkasha/ros2_humble/install/rosidl_generator_dds_idl:/home/gkasha/ros2_humble/install/rosidl_cmake:/home/gkasha/ros2_humble/install/rosidl_parser:/home/gkasha/ros2_humble/install/rosidl_adapter:/home/gkasha/ros2_humble/install/rosbag2_tests:/home/gkasha/ros2_humble/install/rosbag2_storage_mcap_testdata:/home/gkasha/ros2_humble/install/ros_environment:/home/gkasha/ros2_humble/install/rmw_implementation_cmake:/home/gkasha/ros2_humble/install/resource_retriever:/home/gkasha/ros2_humble/install/class_loader:/home/gkasha/ros2_humble/install/rcpputils:/home/gkasha/ros2_humble/install/rcl_logging_noop:/home/gkasha/ros2_humble/install/rcl_logging_interface:/home/gkasha/ros2_humble/install/rcutils:/home/gkasha/ros2_humble/install/qt_gui_py_common:/home/gkasha/ros2_humble/install/qt_dotgraph:/home/gkasha/ros2_humble/install/python_qt_binding:/home/gkasha/ros2_humble/install/python_orocos_kdl_vendor:/home/gkasha/ros2_humble/install/launch_testing_ament_cmake:/home/gkasha/ros2_humble/install/python_cmake_module:/home/gkasha/ros2_humble/install/pybind11_vendor:/home/gkasha/ros2_humble/install/performance_test_fixture:/home/gkasha/ros2_humble/install/osrf_testing_tools_cpp:/home/gkasha/ros2_humble/install/orocos_kdl_vendor:/home/gkasha/ros2_humble/install/mimick_vendor:/home/gkasha/ros2_humble/install/libyaml_vendor:/home/gkasha/ros2_humble/install/libcurl_vendor:/home/gkasha/ros2_humble/install/keyboard_handler:/home/gkasha/ros2_humble/install/cyclonedds:/home/gkasha/ros2_humble/install/iceoryx_posh:/home/gkasha/ros2_humble/install/iceoryx_hoofs:/home/gkasha/ros2_humble/install/iceoryx_binding_c:/home/gkasha/ros2_humble/install/ament_cmake_ros:/home/gkasha/ros2_humble/install/ament_cmake_gmock:/home/gkasha/ros2_humble/install/gmock_vendor:/home/gkasha/ros2_humble/install/ament_cmake_auto:/home/gkasha/ros2_humble/install/ament_cmake_gtest:/home/gkasha/ros2_humble/install/gtest_vendor:/home/gkasha/ros2_humble/install/ament_cmake_google_benchmark:/home/gkasha/ros2_humble/install/google_benchmark_vendor:/home/gkasha/ros2_humble/install/fastrtps:/home/gkasha/ros2_humble/install/foonathan_memory_vendor:/home/gkasha/ros2_humble/install/fastrtps_cmake_module:/home/gkasha/ros2_humble/install/fastcdr:/home/gkasha/ros2_humble/install/eigen3_cmake_module:/home/gkasha/ros2_humble/install/console_bridge_vendor:/home/gkasha/ros2_humble/install/ament_cmake_xmllint:/home/gkasha/ros2_humble/install/ament_cmake_pyflakes:/home/gkasha/ros2_humble/install/ament_cmake_pycodestyle:/home/gkasha/ros2_humble/install/ament_cmake_pep257:/home/gkasha/ros2_humble/install/ament_cmake_pclint:/home/gkasha/ros2_humble/install/ament_lint_auto:/home/gkasha/ros2_humble/install/ament_cmake:/home/gkasha/ros2_humble/install/ament_cmake_version:/home/gkasha/ros2_humble/install/ament_cmake_pytest:/home/gkasha/ros2_humble/install/ament_cmake_nose:/home/gkasha/ros2_humble/install/ament_cmake_mypy:/home/gkasha/ros2_humble/install/ament_cmake_lint_cmake:/home/gkasha/ros2_humble/install/ament_cmake_flake8:/home/gkasha/ros2_humble/install/ament_cmake_cpplint:/home/gkasha/ros2_humble/install/ament_cmake_cppcheck:/home/gkasha/ros2_humble/install/ament_cmake_copyright:/home/gkasha/ros2_humble/install/ament_cmake_clang_tidy:/home/gkasha/ros2_humble/install/ament_cmake_clang_format:/home/gkasha/ros2_humble/install/ament_cmake_test:/home/gkasha/ros2_humble/install/ament_cmake_target_dependencies:/home/gkasha/ros2_humble/install/ament_cmake_python:/home/gkasha/ros2_humble/install/ament_cmake_export_dependencies:/home/gkasha/ros2_humble/install/ament_cmake_libraries:/home/gkasha/ros2_humble/install/ament_cmake_include_directories:/home/gkasha/ros2_humble/install/ament_cmake_gen_version_h:/home/gkasha/ros2_humble/install/ament_cmake_export_targets:/home/gkasha/ros2_humble/install/ament_cmake_export_link_flags:/home/gkasha/ros2_humble/install/ament_cmake_export_interfaces:/home/gkasha/ros2_humble/install/ament_cmake_export_libraries:/home/gkasha/ros2_humble/install/ament_cmake_export_include_directories:/home/gkasha/ros2_humble/install/ament_cmake_export_definitions:/home/gkasha/ros2_humble/install/ament_cmake_core:/home/gkasha/ros2_humble/install/ament_index_cpp:/home/gkasha/ros2_humble/install/rqt_bag_plugins:/home/gkasha/ros2_humble/install/rqt_bag:/home/gkasha/ros2_humble/install/ros2bag:/home/gkasha/ros2_humble/install/tracetools_test:/home/gkasha/ros2_humble/install/tracetools_launch:/home/gkasha/ros2_humble/install/topic_monitor:/home/gkasha/ros2_humble/install/tf2_tools:/home/gkasha/ros2_humble/install/examples_tf2_py:/home/gkasha/ros2_humble/install/tf2_ros_py:/home/gkasha/ros2_humble/install/sros2:/home/gkasha/ros2_humble/install/rqt_topic:/home/gkasha/ros2_humble/install/rqt_srv:/home/gkasha/ros2_humble/install/rqt_shell:/home/gkasha/ros2_humble/install/rqt_service_caller:/home/gkasha/ros2_humble/install/rqt_reconfigure:/home/gkasha/ros2_humble/install/rqt_py_console:/home/gkasha/ros2_humble/install/rqt_publisher:/home/gkasha/ros2_humble/install/rqt_plot:/home/gkasha/ros2_humble/install/rqt_action:/home/gkasha/ros2_humble/install/rqt_msg:/home/gkasha/ros2_humble/install/rqt_console:/home/gkasha/ros2_humble/install/rqt:/home/gkasha/ros2_humble/install/rqt_graph:/home/gkasha/ros2_humble/install/rqt_gui_py:/home/gkasha/ros2_humble/install/rqt_gui:/home/gkasha/ros2_humble/install/ros2trace:/home/gkasha/ros2_humble/install/ros2topic:/home/gkasha/ros2_humble/install/ros2test:/home/gkasha/ros2_humble/install/ros2component:/home/gkasha/ros2_humble/install/ros2param:/home/gkasha/ros2_humble/install/ros2lifecycle:/home/gkasha/ros2_humble/install/ros2service:/home/gkasha/ros2_humble/install/ros2run:/home/gkasha/ros2_humble/install/ros2launch:/home/gkasha/ros2_humble/install/ros2pkg:/home/gkasha/ros2_humble/install/ros2node:/home/gkasha/ros2_humble/install/ros2multicast:/home/gkasha/ros2_humble/install/ros2interface:/home/gkasha/ros2_humble/install/ros2doctor:/home/gkasha/ros2_humble/install/ros2action:/home/gkasha/ros2_humble/install/ros2cli:/home/gkasha/ros2_humble/install/quality_of_service_demo_py:/home/gkasha/ros2_humble/install/lifecycle_py:/home/gkasha/ros2_humble/install/launch_testing_ros:/home/gkasha/ros2_humble/install/launch_ros:/home/gkasha/ros2_humble/install/examples_rclpy_pointcloud_publisher:/home/gkasha/ros2_humble/install/examples_rclpy_minimal_subscriber:/home/gkasha/ros2_humble/install/examples_rclpy_minimal_service:/home/gkasha/ros2_humble/install/examples_rclpy_minimal_publisher:/home/gkasha/ros2_humble/install/examples_rclpy_minimal_client:/home/gkasha/ros2_humble/install/examples_rclpy_minimal_action_server:/home/gkasha/ros2_humble/install/examples_rclpy_minimal_action_client:/home/gkasha/ros2_humble/install/examples_rclpy_guard_conditions:/home/gkasha/ros2_humble/install/examples_rclpy_executors:/home/gkasha/ros2_humble/install/demo_nodes_py:/home/gkasha/ros2_humble/install/action_tutorials_py:/home/gkasha/ros2_humble/install/ament_uncrustify:/home/gkasha/ros2_humble/install/tracetools_trace:/home/gkasha/ros2_humble/install/tracetools_read:/home/gkasha/ros2_humble/install/test_tracetools_launch:/home/gkasha/ros2_humble/install/test_launch_ros:/home/gkasha/ros2_humble/install/sensor_msgs_py:/home/gkasha/ros2_humble/install/rpyutils:/home/gkasha/ros2_humble/install/rosidl_runtime_py:/home/gkasha/ros2_humble/install/rosidl_cli:/home/gkasha/ros2_humble/install/launch_pytest:/home/gkasha/ros2_humble/install/launch_testing:/home/gkasha/ros2_humble/install/launch_yaml:/home/gkasha/ros2_humble/install/launch_xml:/home/gkasha/ros2_humble/install/launch:/home/gkasha/ros2_humble/install/osrf_pycommon:/home/gkasha/ros2_humble/install/launch_testing_examples:/home/gkasha/ros2_humble/install/domain_coordinator:/home/gkasha/ros2_humble/install/ament_xmllint:/home/gkasha/ros2_humble/install/ament_pyflakes:/home/gkasha/ros2_humble/install/ament_pycodestyle:/home/gkasha/ros2_humble/install/ament_pep257:/home/gkasha/ros2_humble/install/ament_pclint:/home/gkasha/ros2_humble/install/ament_package:/home/gkasha/ros2_humble/install/ament_mypy:/home/gkasha/ros2_humble/install/ament_lint_cmake:/home/gkasha/ros2_humble/install/ament_flake8:/home/gkasha/ros2_humble/install/ament_copyright:/home/gkasha/ros2_humble/install/ament_lint:/home/gkasha/ros2_humble/install/ament_index_python:/home/gkasha/ros2_humble/install/ament_cpplint:/home/gkasha/ros2_humble/install/ament_cppcheck:/home/gkasha/ros2_humble/install/ament_clang_tidy:/home/gkasha/ros2_humble/install/ament_clang_format LD_LIBRARY_PATH=/home/gkasha/Documents/maae/install/ma_interfaces/lib:${LD_LIBRARY_PATH} PYTHONPATH=/home/gkasha/Documents/maae/install/ma_interfaces/local/lib/python3.10/dist-packages:${PYTHONPATH} /usr/bin/cmake --build /home/gkasha/Documents/maae/build/auction -- -j4 -l4
