-- Found ament_cmake: 1.3.3 (/home/gkasha/ros2_humble/install/ament_cmake/share/ament_cmake/cmake)
-- Found rclcpp: 16.0.3 (/home/gkasha/ros2_humble/install/rclcpp/share/rclcpp/cmake)
-- Found rosidl_generator_c: 3.1.4 (/home/gkasha/ros2_humble/install/rosidl_generator_c/share/rosidl_generator_c/cmake)
-- Found rosidl_adapter: 3.1.4 (/home/gkasha/ros2_humble/install/rosidl_adapter/share/rosidl_adapter/cmake)
-- Found rosidl_generator_cpp: 3.1.4 (/home/gkasha/ros2_humble/install/rosidl_generator_cpp/share/rosidl_generator_cpp/cmake)
-- Using all available rosidl_typesupport_c: rosidl_typesupport_introspection_c;rosidl_typesupport_fastrtps_c
-- Using all available rosidl_typesupport_cpp: rosidl_typesupport_introspection_cpp;rosidl_typesupport_fastrtps_cpp
-- Found rmw_implementation_cmake: 6.1.1 (/home/gkasha/ros2_humble/install/rmw_implementation_cmake/share/rmw_implementation_cmake/cmake)
-- Found rmw_fastrtps_cpp: 6.2.2 (/home/gkasha/ros2_humble/install/rmw_fastrtps_cpp/share/rmw_fastrtps_cpp/cmake)
-- Using RMW implementation 'rmw_fastrtps_cpp' as default
-- Found ma_interfaces: 0.0.0 (/home/gkasha/Documents/maae/install/ma_interfaces/share/ma_interfaces/cmake)
-- Found ament_lint_auto: 0.12.5 (/home/gkasha/ros2_humble/install/ament_lint_auto/share/ament_lint_auto/cmake)
-- Added test 'cppcheck' to perform static code analysis on C / C++ code
-- Configured cppcheck include dirs: /home/gkasha/Documents/maae/src/auction/include
-- Configured cppcheck exclude dirs and/or files: 
-- Added test 'lint_cmake' to check CMake code style
-- Added test 'uncrustify' to check C / C++ code style
-- Configured uncrustify additional arguments: 
-- Added test 'xmllint' to check XML markup files
-- Configuring done
-- Generating done
-- Build files have been written to: /home/gkasha/Documents/maae/build/auction
[35m[1mConsolidate compiler generated dependencies of target server[0m
[35m[1mConsolidate compiler generated dependencies of target client[0m
[35m[1mConsolidate compiler generated dependencies of target goal_manager[0m
[35m[1mConsolidate compiler generated dependencies of target agent[0m
[ 12%] [32mBuilding CXX object CMakeFiles/client.dir/src/client.cpp.o[0m
[ 25%] [32mBuilding CXX object CMakeFiles/goal_manager.dir/src/goal_manager.cpp.o[0m
[ 37%] [32mBuilding CXX object CMakeFiles/server.dir/src/auctioneer.cpp.o[0m
[ 50%] [32mBuilding CXX object CMakeFiles/agent.dir/src/agent.cpp.o[0m
[01m[K/home/gkasha/Documents/maae/src/auction/src/auctioneer.cpp:[m[K In function â€˜[01m[Kvoid start_auction(std::shared_ptr<ma_interfaces::srv::AuctionSrv_Request_<std::allocator<void> > >, std::shared_ptr<ma_interfaces::srv::AuctionSrv_Response_<std::allocator<void> > >)[m[Kâ€™:
[01m[K/home/gkasha/Documents/maae/src/auction/src/auctioneer.cpp:27:72:[m[K [01;35m[Kwarning: [m[Kunused parameter â€˜[01m[Kreq[m[Kâ€™ [[01;35m[K]8;;https://gcc.gnu.org/onlinedocs/gcc/Warning-Options.html#index-Wunused-parameter-Wunused-parameter]8;;[m[K]
   27 |         [01;35m[Kconst std::shared_ptr<ma_interfaces::srv::AuctionSrv::Request> req[m[K,
      |         [01;35m[K~~~~~~~~~~~~~~~~~~~~~~~~~~~~~~~~~~~~~~~~~~~~~~~~~~~~~~~~~~~~~~~^~~[m[K
[01m[K/home/gkasha/Documents/maae/src/auction/src/auctioneer.cpp:28:67:[m[K [01;35m[Kwarning: [m[Kunused parameter â€˜[01m[Krep[m[Kâ€™ [[01;35m[K]8;;https://gcc.gnu.org/onlinedocs/gcc/Warning-Options.html#index-Wunused-parameter-Wunused-parameter]8;;[m[K]
   28 |         [01;35m[Kstd::shared_ptr<ma_interfaces::srv::AuctionSrv::Response> rep[m[K)
      |         [01;35m[K~~~~~~~~~~~~~~~~~~~~~~~~~~~~~~~~~~~~~~~~~~~~~~~~~~~~~~~~~~^~~[m[K
[01m[K/home/gkasha/Documents/maae/src/auction/src/agent.cpp:129:30:[m[K [01;31m[Kerror: [m[Kâ€˜[01m[KTnode[m[Kâ€™ was not declared in this scope; did you mean â€˜[01m[KTNode[m[Kâ€™?
  129 |         std::map<std::string,[01;31m[KTnode[m[K*> task_map;
      |                              [01;31m[K^~~~~[m[K
      |                              [32m[KTNode[m[K
[01m[K/home/gkasha/Documents/maae/src/auction/src/agent.cpp:129:36:[m[K [01;31m[Kerror: [m[Ktemplate argument 2 is invalid
  129 |         std::map<std::string,Tnode*[01;31m[K>[m[K task_map;
      |                                    [01;31m[K^[m[K
[01m[K/home/gkasha/Documents/maae/src/auction/src/agent.cpp:129:36:[m[K [01;31m[Kerror: [m[Ktemplate argument 4 is invalid
[01m[K/home/gkasha/Documents/maae/src/auction/src/agent.cpp:[m[K In constructor â€˜[01m[KAgent::Agent(std::string)[m[Kâ€™:
[01m[K/home/gkasha/Documents/maae/src/auction/src/agent.cpp:112:13:[m[K [01;31m[Kerror: [m[Kâ€˜[01m[Ktail[m[Kâ€™ was not declared in this scope; did you mean â€˜[01m[Ktanl[m[Kâ€™?
  112 |             [01;31m[Ktail[m[K = new TNode("tail", "end", "end");
      |             [01;31m[K^~~~[m[K
      |             [32m[Ktanl[m[K
[01m[K/home/gkasha/Documents/maae/src/auction/src/agent.cpp:[m[K In member function â€˜[01m[KTNode* Agent::find_slot(int)[m[Kâ€™:
[01m[K/home/gkasha/Documents/maae/src/auction/src/agent.cpp:182:32:[m[K [01;31m[Kerror: [m[Kâ€˜[01m[Kclass TNode[m[Kâ€™ has no member named â€˜[01m[Kname[m[Kâ€™; did you mean â€˜[01m[Kname_[m[Kâ€™?
  182 |             while (curr->next->[01;31m[Kname[m[K != "tail") {
      |                                [01;31m[K^~~~[m[K
      |                                [32m[Kname_[m[K
[01m[K/home/gkasha/Documents/maae/src/auction/src/agent.cpp:183:74:[m[K [01;31m[Kerror: [m[Kâ€˜[01m[Kclass TNode[m[Kâ€™ has no member named â€˜[01m[Ketp[m[Kâ€™; did you mean â€˜[01m[Ketp_[m[Kâ€™?
  183 |                 tuple<double,double> st = stn->get_feasible_values(curr->[01;31m[Ketp[m[K);
      |                                                                          [01;31m[K^~~[m[K
      |                                                                          [32m[Ketp_[m[K
[01m[K/home/gkasha/Documents/maae/src/auction/src/agent.cpp:184:80:[m[K [01;31m[Kerror: [m[Kâ€˜[01m[Kclass TNode[m[Kâ€™ has no member named â€˜[01m[Kstp[m[Kâ€™; did you mean â€˜[01m[Kstp_[m[Kâ€™?
  184 |                 tuple<double,double> et = stn->get_feasible_values(curr->next->[01;31m[Kstp[m[K);
      |                                                                                [01;31m[K^~~[m[K
      |                                                                                [32m[Kstp_[m[K
[01m[K/home/gkasha/Documents/maae/src/auction/src/agent.cpp:[m[K In member function â€˜[01m[Kvoid Agent::new_tasks_cb(ma_interfaces::msg::Task)[m[Kâ€™:
[01m[K/home/gkasha/Documents/maae/src/auction/src/agent.cpp:202:79:[m[K [01;31m[Kerror: [m[Kâ€˜[01m[Kclass TNode[m[Kâ€™ has no member named â€˜[01m[Ketp[m[Kâ€™; did you mean â€˜[01m[Ketp_[m[Kâ€™?
  202 |                 int st = (int)std::get<0>(stn->get_feasible_values(slot_head->[01;31m[Ketp[m[K);
      |                                                                               [01;31m[K^~~[m[K
      |                                                                               [32m[Ketp_[m[K
[01m[K/home/gkasha/Documents/maae/src/auction/src/agent.cpp:203:25:[m[K [01;31m[Kerror: [m[Kno match for â€˜[01m[Koperator[][m[Kâ€™ (operand types are â€˜[01m[Kint[m[Kâ€™ and â€˜[01m[Kconst _id_type[m[Kâ€™ {aka â€˜[01m[Kconst std::__cxx11::basic_string<char>[m[Kâ€™})
  203 |                 task_map[01;31m[K[[m[Ktask.id] = slot_head;
      |                         [01;31m[K^[m[K
[01m[K/home/gkasha/Documents/maae/src/auction/src/agent.cpp:216:44:[m[K [01;31m[Kerror: [m[Kno match for â€˜[01m[Koperator[][m[Kâ€™ (operand types are â€˜[01m[Kint[m[Kâ€™ and â€˜[01m[Kconst _id_type[m[Kâ€™ {aka â€˜[01m[Kconst std::__cxx11::basic_string<char>[m[Kâ€™})
  216 |                 TNode* slot_head = task_map[01;31m[K[[m[Ktask.id];
      |                                            [01;31m[K^[m[K
[01m[K/home/gkasha/Documents/maae/src/auction/src/agent.cpp:221:50:[m[K [01;31m[Kerror: [m[Kâ€˜[01m[Kclass TNode[m[Kâ€™ has no member named â€˜[01m[Ketp[m[Kâ€™; did you mean â€˜[01m[Ketp_[m[Kâ€™?
  221 |                 std::string slot_st = slot_head->[01;31m[Ketp[m[K;
      |                                                  [01;31m[K^~~[m[K
      |                                                  [32m[Ketp_[m[K
[01m[K/home/gkasha/Documents/maae/src/auction/src/agent.cpp:222:56:[m[K [01;31m[Kerror: [m[Kâ€˜[01m[Kclass TNode[m[Kâ€™ has no member named â€˜[01m[Kstp[m[Kâ€™; did you mean â€˜[01m[Kstp_[m[Kâ€™?
  222 |                 std::string slot_et = slot_head->next->[01;31m[Kstp[m[K;
      |                                                        [01;31m[K^~~[m[K
      |                                                        [32m[Kstp_[m[K
[ 62%] [32m[1mLinking CXX executable server[0m
[ 62%] Built target server
[ 75%] [32m[1mLinking CXX executable client[0m
[ 75%] Built target client
gmake[2]: *** [CMakeFiles/agent.dir/build.make:76: CMakeFiles/agent.dir/src/agent.cpp.o] Error 1
gmake[1]: *** [CMakeFiles/Makefile2:195: CMakeFiles/agent.dir/all] Error 2
gmake[1]: *** Waiting for unfinished jobs....
[ 87%] [32m[1mLinking CXX executable goal_manager[0m
[ 87%] Built target goal_manager
gmake: *** [Makefile:146: all] Error 2
