[35m[1mConsolidate compiler generated dependencies of target execution_interface[0m
[ 22%] Built target goal_manager
[ 55%] Built target agent
[ 77%] Built target client
[ 88%] [32mBuilding CXX object CMakeFiles/execution_interface.dir/src/execution_interface.cpp.o[0m
In file included from [01m[K/home/gkasha/Documents/maae/src/auction/src/execution_interface.cpp:1[m[K:
[01m[K/home/gkasha/Documents/maae/src/auction/include/auction/execution_interface.hpp:[m[K In lambda function:
[01m[K/home/gkasha/Documents/maae/src/auction/include/auction/execution_interface.hpp:106:48:[m[K [01;31m[Kerror: [m[Kno match for â€˜[01m[Koperator>=[m[Kâ€™ (operand types are â€˜[01m[Kstd::chrono::duration<double>[m[Kâ€™ and â€˜[01m[Kfloat[m[Kâ€™)
  106 |                             if ([32m[Kexecution_span[m[K [01;31m[K>=[m[K [34m[Kaction->get_duration()[m[K) {
      |                                 [32m[K~~~~~~~~~~~~~~[m[K [01;31m[K^~[m[K [34m[K~~~~~~~~~~~~~~~~~~~~~~[m[K
      |                                 [32m[K|[m[K                                     [34m[K|[m[K
      |                                 [32m[Kstd::chrono::duration<double>[m[K         [34m[Kfloat[m[K
In file included from [01m[K/usr/include/c++/11/bits/stl_algobase.h:64[m[K,
                 from [01m[K/usr/include/c++/11/memory:63[m[K,
                 from [01m[K/home/gkasha/ros2_humble/install/rclcpp/include/rclcpp/rclcpp/rclcpp.hpp:153[m[K,
                 from [01m[K/home/gkasha/Documents/maae/src/auction/include/auction/execution_interface.hpp:5[m[K,
                 from [01m[K/home/gkasha/Documents/maae/src/auction/src/execution_interface.cpp:1[m[K:
[01m[K/usr/include/c++/11/bits/stl_pair.h:514:5:[m[K [01;36m[Knote: [m[Kcandidate: â€˜[01m[Ktemplate<class _T1, class _T2> constexpr bool std::operator>=(const std::pair<_T1, _T2>&, const std::pair<_T1, _T2>&)[m[Kâ€™
  514 |     [01;36m[Koperator[m[K>=(const pair<_T1, _T2>& __x, const pair<_T1, _T2>& __y)
      |     [01;36m[K^~~~~~~~[m[K
[01m[K/usr/include/c++/11/bits/stl_pair.h:514:5:[m[K [01;36m[Knote: [m[K  template argument deduction/substitution failed:
In file included from [01m[K/home/gkasha/Documents/maae/src/auction/src/execution_interface.cpp:1[m[K:
[01m[K/home/gkasha/Documents/maae/src/auction/include/auction/execution_interface.hpp:106:72:[m[K [01;36m[Knote: [m[K  â€˜[01m[Kstd::chrono::duration<double>[m[Kâ€™ is not derived from â€˜[01m[Kconst std::pair<_T1, _T2>[m[Kâ€™
  106 |                            if (execution_span >= action->get_duration([01;36m[K)[m[K) {
      |                                                                       [01;36m[K^[m[K

In file included from [01m[K/usr/include/c++/11/bits/stl_algobase.h:67[m[K,
                 from [01m[K/usr/include/c++/11/memory:63[m[K,
                 from [01m[K/home/gkasha/ros2_humble/install/rclcpp/include/rclcpp/rclcpp/rclcpp.hpp:153[m[K,
                 from [01m[K/home/gkasha/Documents/maae/src/auction/include/auction/execution_interface.hpp:5[m[K,
                 from [01m[K/home/gkasha/Documents/maae/src/auction/src/execution_interface.cpp:1[m[K:
[01m[K/usr/include/c++/11/bits/stl_iterator.h:449:5:[m[K [01;36m[Knote: [m[Kcandidate: â€˜[01m[Ktemplate<class _Iterator> constexpr bool std::operator>=(const std::reverse_iterator<_Iterator>&, const std::reverse_iterator<_Iterator>&)[m[Kâ€™
  449 |     [01;36m[Koperator[m[K>=(const reverse_iterator<_Iterator>& __x,
      |     [01;36m[K^~~~~~~~[m[K
[01m[K/usr/include/c++/11/bits/stl_iterator.h:449:5:[m[K [01;36m[Knote: [m[K  template argument deduction/substitution failed:
In file included from [01m[K/home/gkasha/Documents/maae/src/auction/src/execution_interface.cpp:1[m[K:
[01m[K/home/gkasha/Documents/maae/src/auction/include/auction/execution_interface.hpp:106:72:[m[K [01;36m[Knote: [m[K  â€˜[01m[Kstd::chrono::duration<double>[m[Kâ€™ is not derived from â€˜[01m[Kconst std::reverse_iterator<_Iterator>[m[Kâ€™
  106 |                            if (execution_span >= action->get_duration([01;36m[K)[m[K) {
      |                                                                       [01;36m[K^[m[K

In file included from [01m[K/usr/include/c++/11/bits/stl_algobase.h:67[m[K,
                 from [01m[K/usr/include/c++/11/memory:63[m[K,
                 from [01m[K/home/gkasha/ros2_humble/install/rclcpp/include/rclcpp/rclcpp/rclcpp.hpp:153[m[K,
                 from [01m[K/home/gkasha/Documents/maae/src/auction/include/auction/execution_interface.hpp:5[m[K,
                 from [01m[K/home/gkasha/Documents/maae/src/auction/src/execution_interface.cpp:1[m[K:
[01m[K/usr/include/c++/11/bits/stl_iterator.h:488:5:[m[K [01;36m[Knote: [m[Kcandidate: â€˜[01m[Ktemplate<class _IteratorL, class _IteratorR> constexpr bool std::operator>=(const std::reverse_iterator<_Iterator>&, const std::reverse_iterator<_IteratorR>&)[m[Kâ€™
  488 |     [01;36m[Koperator[m[K>=(const reverse_iterator<_IteratorL>& __x,
      |     [01;36m[K^~~~~~~~[m[K
[01m[K/usr/include/c++/11/bits/stl_iterator.h:488:5:[m[K [01;36m[Knote: [m[K  template argument deduction/substitution failed:
In file included from [01m[K/home/gkasha/Documents/maae/src/auction/src/execution_interface.cpp:1[m[K:
[01m[K/home/gkasha/Documents/maae/src/auction/include/auction/execution_interface.hpp:106:72:[m[K [01;36m[Knote: [m[K  â€˜[01m[Kstd::chrono::duration<double>[m[Kâ€™ is not derived from â€˜[01m[Kconst std::reverse_iterator<_Iterator>[m[Kâ€™
  106 |                            if (execution_span >= action->get_duration([01;36m[K)[m[K) {
      |                                                                       [01;36m[K^[m[K

In file included from [01m[K/usr/include/c++/11/bits/stl_algobase.h:67[m[K,
                 from [01m[K/usr/include/c++/11/memory:63[m[K,
                 from [01m[K/home/gkasha/ros2_humble/install/rclcpp/include/rclcpp/rclcpp/rclcpp.hpp:153[m[K,
                 from [01m[K/home/gkasha/Documents/maae/src/auction/include/auction/execution_interface.hpp:5[m[K,
                 from [01m[K/home/gkasha/Documents/maae/src/auction/src/execution_interface.cpp:1[m[K:
[01m[K/usr/include/c++/11/bits/stl_iterator.h:1584:5:[m[K [01;36m[Knote: [m[Kcandidate: â€˜[01m[Ktemplate<class _IteratorL, class _IteratorR> constexpr bool std::operator>=(const std::move_iterator<_IteratorL>&, const std::move_iterator<_IteratorR>&)[m[Kâ€™
 1584 |     [01;36m[Koperator[m[K>=(const move_iterator<_IteratorL>& __x,
      |     [01;36m[K^~~~~~~~[m[K
[01m[K/usr/include/c++/11/bits/stl_iterator.h:1584:5:[m[K [01;36m[Knote: [m[K  template argument deduction/substitution failed:
In file included from [01m[K/home/gkasha/Documents/maae/src/auction/src/execution_interface.cpp:1[m[K:
[01m[K/home/gkasha/Documents/maae/src/auction/include/auction/execution_interface.hpp:106:72:[m[K [01;36m[Knote: [m[K  â€˜[01m[Kstd::chrono::duration<double>[m[Kâ€™ is not derived from â€˜[01m[Kconst std::move_iterator<_IteratorL>[m[Kâ€™
  106 |                            if (execution_span >= action->get_duration([01;36m[K)[m[K) {
      |                                                                       [01;36m[K^[m[K

In file included from [01m[K/usr/include/c++/11/bits/stl_algobase.h:67[m[K,
                 from [01m[K/usr/include/c++/11/memory:63[m[K,
                 from [01m[K/home/gkasha/ros2_humble/install/rclcpp/include/rclcpp/rclcpp/rclcpp.hpp:153[m[K,
                 from [01m[K/home/gkasha/Documents/maae/src/auction/include/auction/execution_interface.hpp:5[m[K,
                 from [01m[K/home/gkasha/Documents/maae/src/auction/src/execution_interface.cpp:1[m[K:
[01m[K/usr/include/c++/11/bits/stl_iterator.h:1631:5:[m[K [01;36m[Knote: [m[Kcandidate: â€˜[01m[Ktemplate<class _Iterator> constexpr bool std::operator>=(const std::move_iterator<_IteratorL>&, const std::move_iterator<_IteratorL>&)[m[Kâ€™
 1631 |     [01;36m[Koperator[m[K>=(const move_iterator<_Iterator>& __x,
      |     [01;36m[K^~~~~~~~[m[K
[01m[K/usr/include/c++/11/bits/stl_iterator.h:1631:5:[m[K [01;36m[Knote: [m[K  template argument deduction/substitution failed:
In file included from [01m[K/home/gkasha/Documents/maae/src/auction/src/execution_interface.cpp:1[m[K:
[01m[K/home/gkasha/Documents/maae/src/auction/include/auction/execution_interface.hpp:106:72:[m[K [01;36m[Knote: [m[K  â€˜[01m[Kstd::chrono::duration<double>[m[Kâ€™ is not derived from â€˜[01m[Kconst std::move_iterator<_IteratorL>[m[Kâ€™
  106 |                            if (execution_span >= action->get_duration([01;36m[K)[m[K) {
      |                                                                       [01;36m[K^[m[K

In file included from [01m[K/usr/include/c++/11/tuple:39[m[K,
                 from [01m[K/usr/include/c++/11/bits/unique_ptr.h:37[m[K,
                 from [01m[K/usr/include/c++/11/memory:76[m[K,
                 from [01m[K/home/gkasha/ros2_humble/install/rclcpp/include/rclcpp/rclcpp/rclcpp.hpp:153[m[K,
                 from [01m[K/home/gkasha/Documents/maae/src/auction/include/auction/execution_interface.hpp:5[m[K,
                 from [01m[K/home/gkasha/Documents/maae/src/auction/src/execution_interface.cpp:1[m[K:
[01m[K/usr/include/c++/11/array:332:5:[m[K [01;36m[Knote: [m[Kcandidate: â€˜[01m[Ktemplate<class _Tp, long unsigned int _Nm> bool std::operator>=(const std::array<_Tp, _Nm>&, const std::array<_Tp, _Nm>&)[m[Kâ€™
  332 |     [01;36m[Koperator[m[K>=(const array<_Tp, _Nm>& __one, const array<_Tp, _Nm>& __two)
      |     [01;36m[K^~~~~~~~[m[K
[01m[K/usr/include/c++/11/array:332:5:[m[K [01;36m[Knote: [m[K  template argument deduction/substitution failed:
In file included from [01m[K/home/gkasha/Documents/maae/src/auction/src/execution_interface.cpp:1[m[K:
[01m[K/home/gkasha/Documents/maae/src/auction/include/auction/execution_interface.hpp:106:72:[m[K [01;36m[Knote: [m[K  â€˜[01m[Kstd::chrono::duration<double>[m[Kâ€™ is not derived from â€˜[01m[Kconst std::array<_Tp, _Nm>[m[Kâ€™
  106 |                            if (execution_span >= action->get_duration([01;36m[K)[m[K) {
      |                                                                       [01;36m[K^[m[K

In file included from [01m[K/usr/include/c++/11/bits/unique_ptr.h:37[m[K,
                 from [01m[K/usr/include/c++/11/memory:76[m[K,
                 from [01m[K/home/gkasha/ros2_humble/install/rclcpp/include/rclcpp/rclcpp/rclcpp.hpp:153[m[K,
                 from [01m[K/home/gkasha/Documents/maae/src/auction/include/auction/execution_interface.hpp:5[m[K,
                 from [01m[K/home/gkasha/Documents/maae/src/auction/src/execution_interface.cpp:1[m[K:
[01m[K/usr/include/c++/11/tuple:1601:5:[m[K [01;36m[Knote: [m[Kcandidate: â€˜[01m[Ktemplate<class ... _TElements, class ... _UElements> constexpr bool std::operator>=(const std::tuple<_Tps ...>&, const std::tuple<_UTypes ...>&)[m[Kâ€™
 1601 |     [01;36m[Koperator[m[K>=(const tuple<_TElements...>& __t,
      |     [01;36m[K^~~~~~~~[m[K
[01m[K/usr/include/c++/11/tuple:1601:5:[m[K [01;36m[Knote: [m[K  template argument deduction/substitution failed:
In file included from [01m[K/home/gkasha/Documents/maae/src/auction/src/execution_interface.cpp:1[m[K:
[01m[K/home/gkasha/Documents/maae/src/auction/include/auction/execution_interface.hpp:106:72:[m[K [01;36m[Knote: [m[K  â€˜[01m[Kstd::chrono::duration<double>[m[Kâ€™ is not derived from â€˜[01m[Kconst std::tuple<_Tps ...>[m[Kâ€™
  106 |                            if (execution_span >= action->get_duration([01;36m[K)[m[K) {
      |                                                                       [01;36m[K^[m[K

In file included from [01m[K/usr/include/c++/11/memory:76[m[K,
                 from [01m[K/home/gkasha/ros2_humble/install/rclcpp/include/rclcpp/rclcpp/rclcpp.hpp:153[m[K,
                 from [01m[K/home/gkasha/Documents/maae/src/auction/include/auction/execution_interface.hpp:5[m[K,
                 from [01m[K/home/gkasha/Documents/maae/src/auction/src/execution_interface.cpp:1[m[K:
[01m[K/usr/include/c++/11/bits/unique_ptr.h:872:5:[m[K [01;36m[Knote: [m[Kcandidate: â€˜[01m[Ktemplate<class _Tp, class _Dp, class _Up, class _Ep> bool std::operator>=(const std::unique_ptr<_Tp, _Dp>&, const std::unique_ptr<_Up, _Ep>&)[m[Kâ€™
  872 |     [01;36m[Koperator[m[K>=(const unique_ptr<_Tp, _Dp>& __x,
      |     [01;36m[K^~~~~~~~[m[K
[01m[K/usr/include/c++/11/bits/unique_ptr.h:872:5:[m[K [01;36m[Knote: [m[K  template argument deduction/substitution failed:
In file included from [01m[K/home/gkasha/Documents/maae/src/auction/src/execution_interface.cpp:1[m[K:
[01m[K/home/gkasha/Documents/maae/src/auction/include/auction/execution_interface.hpp:106:72:[m[K [01;36m[Knote: [m[K  â€˜[01m[Kstd::chrono::duration<double>[m[Kâ€™ is not derived from â€˜[01m[Kconst std::unique_ptr<_Tp, _Dp>[m[Kâ€™
  106 |                            if (execution_span >= action->get_duration([01;36m[K)[m[K) {
      |                                                                       [01;36m[K^[m[K

In file included from [01m[K/usr/include/c++/11/memory:76[m[K,
                 from [01m[K/home/gkasha/ros2_humble/install/rclcpp/include/rclcpp/rclcpp/rclcpp.hpp:153[m[K,
                 from [01m[K/home/gkasha/Documents/maae/src/auction/include/auction/execution_interface.hpp:5[m[K,
                 from [01m[K/home/gkasha/Documents/maae/src/auction/src/execution_interface.cpp:1[m[K:
[01m[K/usr/include/c++/11/bits/unique_ptr.h:879:5:[m[K [01;36m[Knote: [m[Kcandidate: â€˜[01m[Ktemplate<class _Tp, class _Dp> bool std::operator>=(const std::unique_ptr<_Tp, _Dp>&, std::nullptr_t)[m[Kâ€™
  879 |     [01;36m[Koperator[m[K>=(const unique_ptr<_Tp, _Dp>& __x, nullptr_t)
      |     [01;36m[K^~~~~~~~[m[K
[01m[K/usr/include/c++/11/bits/unique_ptr.h:879:5:[m[K [01;36m[Knote: [m[K  template argument deduction/substitution failed:
In file included from [01m[K/home/gkasha/Documents/maae/src/auction/src/execution_interface.cpp:1[m[K:
[01m[K/home/gkasha/Documents/maae/src/auction/include/auction/execution_interface.hpp:106:72:[m[K [01;36m[Knote: [m[K  â€˜[01m[Kstd::chrono::duration<double>[m[Kâ€™ is not derived from â€˜[01m[Kconst std::unique_ptr<_Tp, _Dp>[m[Kâ€™
  106 |                            if (execution_span >= action->get_duration([01;36m[K)[m[K) {
      |                                                                       [01;36m[K^[m[K

In file included from [01m[K/usr/include/c++/11/memory:76[m[K,
                 from [01m[K/home/gkasha/ros2_humble/install/rclcpp/include/rclcpp/rclcpp/rclcpp.hpp:153[m[K,
                 from [01m[K/home/gkasha/Documents/maae/src/auction/include/auction/execution_interface.hpp:5[m[K,
                 from [01m[K/home/gkasha/Documents/maae/src/auction/src/execution_interface.cpp:1[m[K:
[01m[K/usr/include/c++/11/bits/unique_ptr.h:885:5:[m[K [01;36m[Knote: [m[Kcandidate: â€˜[01m[Ktemplate<class _Tp, class _Dp> bool std::operator>=(std::nullptr_t, const std::unique_ptr<_Tp, _Dp>&)[m[Kâ€™
  885 |     [01;36m[Koperator[m[K>=(nullptr_t, const unique_ptr<_Tp, _Dp>& __x)
      |     [01;36m[K^~~~~~~~[m[K
[01m[K/usr/include/c++/11/bits/unique_ptr.h:885:5:[m[K [01;36m[Knote: [m[K  template argument deduction/substitution failed:
In file included from [01m[K/home/gkasha/Documents/maae/src/auction/src/execution_interface.cpp:1[m[K:
[01m[K/home/gkasha/Documents/maae/src/auction/include/auction/execution_interface.hpp:106:72:[m[K [01;36m[Knote: [m[K  mismatched types â€˜[01m[Kconst std::unique_ptr<_Tp, _Dp>[m[Kâ€™ and â€˜[01m[Kfloat[m[Kâ€™
  106 |                            if (execution_span >= action->get_duration([01;36m[K)[m[K) {
      |                                                                       [01;36m[K^[m[K

In file included from [01m[K/usr/include/c++/11/bits/shared_ptr.h:53[m[K,
                 from [01m[K/usr/include/c++/11/memory:77[m[K,
                 from [01m[K/home/gkasha/ros2_humble/install/rclcpp/include/rclcpp/rclcpp/rclcpp.hpp:153[m[K,
                 from [01m[K/home/gkasha/Documents/maae/src/auction/include/auction/execution_interface.hpp:5[m[K,
                 from [01m[K/home/gkasha/Documents/maae/src/auction/src/execution_interface.cpp:1[m[K:
[01m[K/usr/include/c++/11/bits/shared_ptr_base.h:1516:5:[m[K [01;36m[Knote: [m[Kcandidate: â€˜[01m[Ktemplate<class _Tp1, class _Tp2, __gnu_cxx::_Lock_policy _Lp> bool std::operator>=(const std::__shared_ptr<_Tp1, _Lp>&, const std::__shared_ptr<_Tp2, _Lp>&)[m[Kâ€™
 1516 |     [01;36m[Koperator[m[K>=(const __shared_ptr<_Tp1, _Lp>& __a,
      |     [01;36m[K^~~~~~~~[m[K
[01m[K/usr/include/c++/11/bits/shared_ptr_base.h:1516:5:[m[K [01;36m[Knote: [m[K  template argument deduction/substitution failed:
In file included from [01m[K/home/gkasha/Documents/maae/src/auction/src/execution_interface.cpp:1[m[K:
[01m[K/home/gkasha/Documents/maae/src/auction/include/auction/execution_interface.hpp:106:72:[m[K [01;36m[Knote: [m[K  â€˜[01m[Kstd::chrono::duration<double>[m[Kâ€™ is not derived from â€˜[01m[Kconst std::__shared_ptr<_Tp1, _Lp>[m[Kâ€™
  106 |                            if (execution_span >= action->get_duration([01;36m[K)[m[K) {
      |                                                                       [01;36m[K^[m[K

In file included from [01m[K/usr/include/c++/11/bits/shared_ptr.h:53[m[K,
                 from [01m[K/usr/include/c++/11/memory:77[m[K,
                 from [01m[K/home/gkasha/ros2_humble/install/rclcpp/include/rclcpp/rclcpp/rclcpp.hpp:153[m[K,
                 from [01m[K/home/gkasha/Documents/maae/src/auction/include/auction/execution_interface.hpp:5[m[K,
                 from [01m[K/home/gkasha/Documents/maae/src/auction/src/execution_interface.cpp:1[m[K:
[01m[K/usr/include/c++/11/bits/shared_ptr_base.h:1522:5:[m[K [01;36m[Knote: [m[Kcandidate: â€˜[01m[Ktemplate<class _Tp, __gnu_cxx::_Lock_policy _Lp> bool std::operator>=(const std::__shared_ptr<_Tp, _Lp>&, std::nullptr_t)[m[Kâ€™
 1522 |     [01;36m[Koperator[m[K>=(const __shared_ptr<_Tp, _Lp>& __a, nullptr_t) noexcept
      |     [01;36m[K^~~~~~~~[m[K
[01m[K/usr/include/c++/11/bits/shared_ptr_base.h:1522:5:[m[K [01;36m[Knote: [m[K  template argument deduction/substitution failed:
In file included from [01m[K/home/gkasha/Documents/maae/src/auction/src/execution_interface.cpp:1[m[K:
[01m[K/home/gkasha/Documents/maae/src/auction/include/auction/execution_interface.hpp:106:72:[m[K [01;36m[Knote: [m[K  â€˜[01m[Kstd::chrono::duration<double>[m[Kâ€™ is not derived from â€˜[01m[Kconst std::__shared_ptr<_Tp, _Lp>[m[Kâ€™
  106 |                            if (execution_span >= action->get_duration([01;36m[K)[m[K) {
      |                                                                       [01;36m[K^[m[K

In file included from [01m[K/usr/include/c++/11/bits/shared_ptr.h:53[m[K,
                 from [01m[K/usr/include/c++/11/memory:77[m[K,
                 from [01m[K/home/gkasha/ros2_humble/install/rclcpp/include/rclcpp/rclcpp/rclcpp.hpp:153[m[K,
                 from [01m[K/home/gkasha/Documents/maae/src/auction/include/auction/execution_interface.hpp:5[m[K,
                 from [01m[K/home/gkasha/Documents/maae/src/auction/src/execution_interface.cpp:1[m[K:
[01m[K/usr/include/c++/11/bits/shared_ptr_base.h:1527:5:[m[K [01;36m[Knote: [m[Kcandidate: â€˜[01m[Ktemplate<class _Tp, __gnu_cxx::_Lock_policy _Lp> bool std::operator>=(std::nullptr_t, const std::__shared_ptr<_Tp, _Lp>&)[m[Kâ€™
 1527 |     [01;36m[Koperator[m[K>=(nullptr_t, const __shared_ptr<_Tp, _Lp>& __a) noexcept
      |     [01;36m[K^~~~~~~~[m[K
[01m[K/usr/include/c++/11/bits/shared_ptr_base.h:1527:5:[m[K [01;36m[Knote: [m[K  template argument deduction/substitution failed:
In file included from [01m[K/home/gkasha/Documents/maae/src/auction/src/execution_interface.cpp:1[m[K:
[01m[K/home/gkasha/Documents/maae/src/auction/include/auction/execution_interface.hpp:106:72:[m[K [01;36m[Knote: [m[K  mismatched types â€˜[01m[Kconst std::__shared_ptr<_Tp, _Lp>[m[Kâ€™ and â€˜[01m[Kfloat[m[Kâ€™
  106 |                            if (execution_span >= action->get_duration([01;36m[K)[m[K) {
      |                                                                       [01;36m[K^[m[K

In file included from [01m[K/usr/include/c++/11/memory:77[m[K,
                 from [01m[K/home/gkasha/ros2_humble/install/rclcpp/include/rclcpp/rclcpp/rclcpp.hpp:153[m[K,
                 from [01m[K/home/gkasha/Documents/maae/src/auction/include/auction/execution_interface.hpp:5[m[K,
                 from [01m[K/home/gkasha/Documents/maae/src/auction/src/execution_interface.cpp:1[m[K:
[01m[K/usr/include/c++/11/bits/shared_ptr.h:553:5:[m[K [01;36m[Knote: [m[Kcandidate: â€˜[01m[Ktemplate<class _Tp, class _Up> bool std::operator>=(const std::shared_ptr<_Tp>&, const std::shared_ptr<_Tp>&)[m[Kâ€™
  553 |     [01;36m[Koperator[m[K>=(const shared_ptr<_Tp>& __a, const shared_ptr<_Up>& __b) noexcept
      |     [01;36m[K^~~~~~~~[m[K
[01m[K/usr/include/c++/11/bits/shared_ptr.h:553:5:[m[K [01;36m[Knote: [m[K  template argument deduction/substitution failed:
In file included from [01m[K/home/gkasha/Documents/maae/src/auction/src/execution_interface.cpp:1[m[K:
[01m[K/home/gkasha/Documents/maae/src/auction/include/auction/execution_interface.hpp:106:72:[m[K [01;36m[Knote: [m[K  â€˜[01m[Kstd::chrono::duration<double>[m[Kâ€™ is not derived from â€˜[01m[Kconst std::shared_ptr<_Tp>[m[Kâ€™
  106 |                            if (execution_span >= action->get_duration([01;36m[K)[m[K) {
      |                                                                       [01;36m[K^[m[K

In file included from [01m[K/usr/include/c++/11/memory:77[m[K,
                 from [01m[K/home/gkasha/ros2_humble/install/rclcpp/include/rclcpp/rclcpp/rclcpp.hpp:153[m[K,
                 from [01m[K/home/gkasha/Documents/maae/src/auction/include/auction/execution_interface.hpp:5[m[K,
                 from [01m[K/home/gkasha/Documents/maae/src/auction/src/execution_interface.cpp:1[m[K:
[01m[K/usr/include/c++/11/bits/shared_ptr.h:559:5:[m[K [01;36m[Knote: [m[Kcandidate: â€˜[01m[Ktemplate<class _Tp> bool std::operator>=(const std::shared_ptr<_Tp>&, std::nullptr_t)[m[Kâ€™
  559 |     [01;36m[Koperator[m[K>=(const shared_ptr<_Tp>& __a, nullptr_t) noexcept
      |     [01;36m[K^~~~~~~~[m[K
[01m[K/usr/include/c++/11/bits/shared_ptr.h:559:5:[m[K [01;36m[Knote: [m[K  template argument deduction/substitution failed:
In file included from [01m[K/home/gkasha/Documents/maae/src/auction/src/execution_interface.cpp:1[m[K:
[01m[K/home/gkasha/Documents/maae/src/auction/include/auction/execution_interface.hpp:106:72:[m[K [01;36m[Knote: [m[K  â€˜[01m[Kstd::chrono::duration<double>[m[Kâ€™ is not derived from â€˜[01m[Kconst std::shared_ptr<_Tp>[m[Kâ€™
  106 |                            if (execution_span >= action->get_duration([01;36m[K)[m[K) {
      |                                                                       [01;36m[K^[m[K

In file included from [01m[K/usr/include/c++/11/memory:77[m[K,
                 from [01m[K/home/gkasha/ros2_humble/install/rclcpp/include/rclcpp/rclcpp/rclcpp.hpp:153[m[K,
                 from [01m[K/home/gkasha/Documents/maae/src/auction/include/auction/execution_interface.hpp:5[m[K,
                 from [01m[K/home/gkasha/Documents/maae/src/auction/src/execution_interface.cpp:1[m[K:
[01m[K/usr/include/c++/11/bits/shared_ptr.h:565:5:[m[K [01;36m[Knote: [m[Kcandidate: â€˜[01m[Ktemplate<class _Tp> bool std::operator>=(std::nullptr_t, const std::shared_ptr<_Tp>&)[m[Kâ€™
  565 |     [01;36m[Koperator[m[K>=(nullptr_t, const shared_ptr<_Tp>& __a) noexcept
      |     [01;36m[K^~~~~~~~[m[K
[01m[K/usr/include/c++/11/bits/shared_ptr.h:565:5:[m[K [01;36m[Knote: [m[K  template argument deduction/substitution failed:
In file included from [01m[K/home/gkasha/Documents/maae/src/auction/src/execution_interface.cpp:1[m[K:
[01m[K/home/gkasha/Documents/maae/src/auction/include/auction/execution_interface.hpp:106:72:[m[K [01;36m[Knote: [m[K  mismatched types â€˜[01m[Kconst std::shared_ptr<_Tp>[m[Kâ€™ and â€˜[01m[Kfloat[m[Kâ€™
  106 |                            if (execution_span >= action->get_duration([01;36m[K)[m[K) {
      |                                                                       [01;36m[K^[m[K

In file included from [01m[K/usr/include/c++/11/bits/basic_string.h:48[m[K,
                 from [01m[K/usr/include/c++/11/string:55[m[K,
                 from [01m[K/usr/include/c++/11/stdexcept:39[m[K,
                 from [01m[K/usr/include/c++/11/system_error:41[m[K,
                 from [01m[K/usr/include/c++/11/mutex:42[m[K,
                 from [01m[K/usr/include/c++/11/future:38[m[K,
                 from [01m[K/home/gkasha/ros2_humble/install/rclcpp/include/rclcpp/rclcpp/executors.hpp:18[m[K,
                 from [01m[K/home/gkasha/ros2_humble/install/rclcpp/include/rclcpp/rclcpp/rclcpp.hpp:155[m[K,
                 from [01m[K/home/gkasha/Documents/maae/src/auction/include/auction/execution_interface.hpp:5[m[K,
                 from [01m[K/home/gkasha/Documents/maae/src/auction/src/execution_interface.cpp:1[m[K:
[01m[K/usr/include/c++/11/string_view:646:5:[m[K [01;36m[Knote: [m[Kcandidate: â€˜[01m[Ktemplate<class _CharT, class _Traits> constexpr bool std::operator>=(std::basic_string_view<_CharT, _Traits>, std::basic_string_view<_CharT, _Traits>)[m[Kâ€™
  646 |     [01;36m[Koperator[m[K>=(basic_string_view<_CharT, _Traits> __x,
      |     [01;36m[K^~~~~~~~[m[K
[01m[K/usr/include/c++/11/string_view:646:5:[m[K [01;36m[Knote: [m[K  template argument deduction/substitution failed:
In file included from [01m[K/home/gkasha/Documents/maae/src/auction/src/execution_interface.cpp:1[m[K:
[01m[K/home/gkasha/Documents/maae/src/auction/include/auction/execution_interface.hpp:106:72:[m[K [01;36m[Knote: [m[K  â€˜[01m[Kstd::chrono::duration<double>[m[Kâ€™ is not derived from â€˜[01m[Kstd::basic_string_view<_CharT, _Traits>[m[Kâ€™
  106 |                            if (execution_span >= action->get_duration([01;36m[K)[m[K) {
      |                                                                       [01;36m[K^[m[K

In file included from [01m[K/usr/include/c++/11/bits/basic_string.h:48[m[K,
                 from [01m[K/usr/include/c++/11/string:55[m[K,
                 from [01m[K/usr/include/c++/11/stdexcept:39[m[K,
                 from [01m[K/usr/include/c++/11/system_error:41[m[K,
                 from [01m[K/usr/include/c++/11/mutex:42[m[K,
                 from [01m[K/usr/include/c++/11/future:38[m[K,
                 from [01m[K/home/gkasha/ros2_humble/install/rclcpp/include/rclcpp/rclcpp/executors.hpp:18[m[K,
                 from [01m[K/home/gkasha/ros2_humble/install/rclcpp/include/rclcpp/rclcpp/rclcpp.hpp:155[m[K,
                 from [01m[K/home/gkasha/Documents/maae/src/auction/include/auction/execution_interface.hpp:5[m[K,
                 from [01m[K/home/gkasha/Documents/maae/src/auction/src/execution_interface.cpp:1[m[K:
[01m[K/usr/include/c++/11/string_view:652:5:[m[K [01;36m[Knote: [m[Kcandidate: â€˜[01m[Ktemplate<class _CharT, class _Traits> constexpr bool std::operator>=(std::basic_string_view<_CharT, _Traits>, std::__type_identity_t<std::basic_string_view<_CharT, _Traits> >)[m[Kâ€™
  652 |     [01;36m[Koperator[m[K>=(basic_string_view<_CharT, _Traits> __x,
      |     [01;36m[K^~~~~~~~[m[K
[01m[K/usr/include/c++/11/string_view:652:5:[m[K [01;36m[Knote: [m[K  template argument deduction/substitution failed:
In file included from [01m[K/home/gkasha/Documents/maae/src/auction/src/execution_interface.cpp:1[m[K:
[01m[K/home/gkasha/Documents/maae/src/auction/include/auction/execution_interface.hpp:106:72:[m[K [01;36m[Knote: [m[K  â€˜[01m[Kstd::chrono::duration<double>[m[Kâ€™ is not derived from â€˜[01m[Kstd::basic_string_view<_CharT, _Traits>[m[Kâ€™
  106 |                            if (execution_span >= action->get_duration([01;36m[K)[m[K) {
      |                                                                       [01;36m[K^[m[K

In file included from [01m[K/usr/include/c++/11/bits/basic_string.h:48[m[K,
                 from [01m[K/usr/include/c++/11/string:55[m[K,
                 from [01m[K/usr/include/c++/11/stdexcept:39[m[K,
                 from [01m[K/usr/include/c++/11/system_error:41[m[K,
                 from [01m[K/usr/include/c++/11/mutex:42[m[K,
                 from [01m[K/usr/include/c++/11/future:38[m[K,
                 from [01m[K/home/gkasha/ros2_humble/install/rclcpp/include/rclcpp/rclcpp/executors.hpp:18[m[K,
                 from [01m[K/home/gkasha/ros2_humble/install/rclcpp/include/rclcpp/rclcpp/rclcpp.hpp:155[m[K,
                 from [01m[K/home/gkasha/Documents/maae/src/auction/include/auction/execution_interface.hpp:5[m[K,
                 from [01m[K/home/gkasha/Documents/maae/src/auction/src/execution_interface.cpp:1[m[K:
[01m[K/usr/include/c++/11/string_view:659:5:[m[K [01;36m[Knote: [m[Kcandidate: â€˜[01m[Ktemplate<class _CharT, class _Traits> constexpr bool std::operator>=(std::__type_identity_t<std::basic_string_view<_CharT, _Traits> >, std::basic_string_view<_CharT, _Traits>)[m[Kâ€™
  659 |     [01;36m[Koperator[m[K>=(__type_identity_t<basic_string_view<_CharT, _Traits>> __x,
      |     [01;36m[K^~~~~~~~[m[K
[01m[K/usr/include/c++/11/string_view:659:5:[m[K [01;36m[Knote: [m[K  template argument deduction/substitution failed:
In file included from [01m[K/home/gkasha/Documents/maae/src/auction/src/execution_interface.cpp:1[m[K:
[01m[K/home/gkasha/Documents/maae/src/auction/include/auction/execution_interface.hpp:106:72:[m[K [01;36m[Knote: [m[K  mismatched types â€˜[01m[Kstd::basic_string_view<_CharT, _Traits>[m[Kâ€™ and â€˜[01m[Kfloat[m[Kâ€™
  106 |                            if (execution_span >= action->get_duration([01;36m[K)[m[K) {
      |                                                                       [01;36m[K^[m[K

In file included from [01m[K/usr/include/c++/11/string:55[m[K,
                 from [01m[K/usr/include/c++/11/stdexcept:39[m[K,
                 from [01m[K/usr/include/c++/11/system_error:41[m[K,
                 from [01m[K/usr/include/c++/11/mutex:42[m[K,
                 from [01m[K/usr/include/c++/11/future:38[m[K,
                 from [01m[K/home/gkasha/ros2_humble/install/rclcpp/include/rclcpp/rclcpp/executors.hpp:18[m[K,
                 from [01m[K/home/gkasha/ros2_humble/install/rclcpp/include/rclcpp/rclcpp/rclcpp.hpp:155[m[K,
                 from [01m[K/home/gkasha/Documents/maae/src/auction/include/auction/execution_interface.hpp:5[m[K,
                 from [01m[K/home/gkasha/Documents/maae/src/auction/src/execution_interface.cpp:1[m[K:
[01m[K/usr/include/c++/11/bits/basic_string.h:6454:5:[m[K [01;36m[Knote: [m[Kcandidate: â€˜[01m[Ktemplate<class _CharT, class _Traits, class _Alloc> bool std::operator>=(const std::__cxx11::basic_string<_CharT, _Traits, _Allocator>&, const std::__cxx11::basic_string<_CharT, _Traits, _Allocator>&)[m[Kâ€™
 6454 |     [01;36m[Koperator[m[K>=(const basic_string<_CharT, _Traits, _Alloc>& __lhs,
      |     [01;36m[K^~~~~~~~[m[K
[01m[K/usr/include/c++/11/bits/basic_string.h:6454:5:[m[K [01;36m[Knote: [m[K  template argument deduction/substitution failed:
In file included from [01m[K/home/gkasha/Documents/maae/src/auction/src/execution_interface.cpp:1[m[K:
[01m[K/home/gkasha/Documents/maae/src/auction/include/auction/execution_interface.hpp:106:72:[m[K [01;36m[Knote: [m[K  â€˜[01m[Kstd::chrono::duration<double>[m[Kâ€™ is not derived from â€˜[01m[Kconst std::__cxx11::basic_string<_CharT, _Traits, _Allocator>[m[Kâ€™
  106 |                            if (execution_span >= action->get_duration([01;36m[K)[m[K) {
      |                                                                       [01;36m[K^[m[K

In file included from [01m[K/usr/include/c++/11/string:55[m[K,
                 from [01m[K/usr/include/c++/11/stdexcept:39[m[K,
                 from [01m[K/usr/include/c++/11/system_error:41[m[K,
                 from [01m[K/usr/include/c++/11/mutex:42[m[K,
                 from [01m[K/usr/include/c++/11/future:38[m[K,
                 from [01m[K/home/gkasha/ros2_humble/install/rclcpp/include/rclcpp/rclcpp/executors.hpp:18[m[K,
                 from [01m[K/home/gkasha/ros2_humble/install/rclcpp/include/rclcpp/rclcpp/rclcpp.hpp:155[m[K,
                 from [01m[K/home/gkasha/Documents/maae/src/auction/include/auction/execution_interface.hpp:5[m[K,
                 from [01m[K/home/gkasha/Documents/maae/src/auction/src/execution_interface.cpp:1[m[K:
[01m[K/usr/include/c++/11/bits/basic_string.h:6467:5:[m[K [01;36m[Knote: [m[Kcandidate: â€˜[01m[Ktemplate<class _CharT, class _Traits, class _Alloc> bool std::operator>=(const std::__cxx11::basic_string<_CharT, _Traits, _Allocator>&, const _CharT*)[m[Kâ€™
 6467 |     [01;36m[Koperator[m[K>=(const basic_string<_CharT, _Traits, _Alloc>& __lhs,
      |     [01;36m[K^~~~~~~~[m[K
[01m[K/usr/include/c++/11/bits/basic_string.h:6467:5:[m[K [01;36m[Knote: [m[K  template argument deduction/substitution failed:
In file included from [01m[K/home/gkasha/Documents/maae/src/auction/src/execution_interface.cpp:1[m[K:
[01m[K/home/gkasha/Documents/maae/src/auction/include/auction/execution_interface.hpp:106:72:[m[K [01;36m[Knote: [m[K  â€˜[01m[Kstd::chrono::duration<double>[m[Kâ€™ is not derived from â€˜[01m[Kconst std::__cxx11::basic_string<_CharT, _Traits, _Allocator>[m[Kâ€™
  106 |                            if (execution_span >= action->get_duration([01;36m[K)[m[K) {
      |                                                                       [01;36m[K^[m[K

In file included from [01m[K/usr/include/c++/11/string:55[m[K,
                 from [01m[K/usr/include/c++/11/stdexcept:39[m[K,
                 from [01m[K/usr/include/c++/11/system_error:41[m[K,
                 from [01m[K/usr/include/c++/11/mutex:42[m[K,
                 from [01m[K/usr/include/c++/11/future:38[m[K,
                 from [01m[K/home/gkasha/ros2_humble/install/rclcpp/include/rclcpp/rclcpp/executors.hpp:18[m[K,
                 from [01m[K/home/gkasha/ros2_humble/install/rclcpp/include/rclcpp/rclcpp/rclcpp.hpp:155[m[K,
                 from [01m[K/home/gkasha/Documents/maae/src/auction/include/auction/execution_interface.hpp:5[m[K,
                 from [01m[K/home/gkasha/Documents/maae/src/auction/src/execution_interface.cpp:1[m[K:
[01m[K/usr/include/c++/11/bits/basic_string.h:6479:5:[m[K [01;36m[Knote: [m[Kcandidate: â€˜[01m[Ktemplate<class _CharT, class _Traits, class _Alloc> bool std::operator>=(const _CharT*, const std::__cxx11::basic_string<_CharT, _Traits, _Allocator>&)[m[Kâ€™
 6479 |     [01;36m[Koperator[m[K>=(const _CharT* __lhs,
      |     [01;36m[K^~~~~~~~[m[K
[01m[K/usr/include/c++/11/bits/basic_string.h:6479:5:[m[K [01;36m[Knote: [m[K  template argument deduction/substitution failed:
In file included from [01m[K/home/gkasha/Documents/maae/src/auction/src/execution_interface.cpp:1[m[K:
[01m[K/home/gkasha/Documents/maae/src/auction/include/auction/execution_interface.hpp:106:72:[m[K [01;36m[Knote: [m[K  mismatched types â€˜[01m[Kconst _CharT*[m[Kâ€™ and â€˜[01m[Kstd::chrono::duration<double>[m[Kâ€™
  106 |                            if (execution_span >= action->get_duration([01;36m[K)[m[K) {
      |                                                                       [01;36m[K^[m[K

In file included from [01m[K/usr/include/c++/11/set:61[m[K,
                 from [01m[K/home/gkasha/ros2_humble/install/rclcpp/include/rclcpp/rclcpp/executors/multi_threaded_executor.hpp:21[m[K,
                 from [01m[K/home/gkasha/ros2_humble/install/rclcpp/include/rclcpp/rclcpp/executors.hpp:21[m[K,
                 from [01m[K/home/gkasha/ros2_humble/install/rclcpp/include/rclcpp/rclcpp/rclcpp.hpp:155[m[K,
                 from [01m[K/home/gkasha/Documents/maae/src/auction/include/auction/execution_interface.hpp:5[m[K,
                 from [01m[K/home/gkasha/Documents/maae/src/auction/src/execution_interface.cpp:1[m[K:
[01m[K/usr/include/c++/11/bits/stl_set.h:1051:5:[m[K [01;36m[Knote: [m[Kcandidate: â€˜[01m[Ktemplate<class _Key, class _Compare, class _Alloc> bool std::operator>=(const std::set<_Key, _Compare, _Allocator>&, const std::set<_Key, _Compare, _Allocator>&)[m[Kâ€™
 1051 |     [01;36m[Koperator[m[K>=(const set<_Key, _Compare, _Alloc>& __x,
      |     [01;36m[K^~~~~~~~[m[K
[01m[K/usr/include/c++/11/bits/stl_set.h:1051:5:[m[K [01;36m[Knote: [m[K  template argument deduction/substitution failed:
In file included from [01m[K/home/gkasha/Documents/maae/src/auction/src/execution_interface.cpp:1[m[K:
[01m[K/home/gkasha/Documents/maae/src/auction/include/auction/execution_interface.hpp:106:72:[m[K [01;36m[Knote: [m[K  â€˜[01m[Kstd::chrono::duration<double>[m[Kâ€™ is not derived from â€˜[01m[Kconst std::set<_Key, _Compare, _Allocator>[m[Kâ€™
  106 |                            if (execution_span >= action->get_duration([01;36m[K)[m[K) {
      |                                                                       [01;36m[K^[m[K

In file included from [01m[K/usr/include/c++/11/set:62[m[K,
                 from [01m[K/home/gkasha/ros2_humble/install/rclcpp/include/rclcpp/rclcpp/executors/multi_threaded_executor.hpp:21[m[K,
                 from [01m[K/home/gkasha/ros2_humble/install/rclcpp/include/rclcpp/rclcpp/executors.hpp:21[m[K,
                 from [01m[K/home/gkasha/ros2_humble/install/rclcpp/include/rclcpp/rclcpp/rclcpp.hpp:155[m[K,
                 from [01m[K/home/gkasha/Documents/maae/src/auction/include/auction/execution_interface.hpp:5[m[K,
                 from [01m[K/home/gkasha/Documents/maae/src/auction/src/execution_interface.cpp:1[m[K:
[01m[K/usr/include/c++/11/bits/stl_multiset.h:1037:5:[m[K [01;36m[Knote: [m[Kcandidate: â€˜[01m[Ktemplate<class _Key, class _Compare, class _Alloc> bool std::operator>=(const std::multiset<_Key, _Compare, _Allocator>&, const std::multiset<_Key, _Compare, _Allocator>&)[m[Kâ€™
 1037 |     [01;36m[Koperator[m[K>=(const multiset<_Key, _Compare, _Alloc>& __x,
      |     [01;36m[K^~~~~~~~[m[K
[01m[K/usr/include/c++/11/bits/stl_multiset.h:1037:5:[m[K [01;36m[Knote: [m[K  template argument deduction/substitution failed:
In file included from [01m[K/home/gkasha/Documents/maae/src/auction/src/execution_interface.cpp:1[m[K:
[01m[K/home/gkasha/Documents/maae/src/auction/include/auction/execution_interface.hpp:106:72:[m[K [01;36m[Knote: [m[K  â€˜[01m[Kstd::chrono::duration<double>[m[Kâ€™ is not derived from â€˜[01m[Kconst std::multiset<_Key, _Compare, _Allocator>[m[Kâ€™
  106 |                            if (execution_span >= action->get_duration([01;36m[K)[m[K) {
      |                                                                       [01;36m[K^[m[K

In file included from [01m[K/usr/include/c++/11/vector:67[m[K,
                 from [01m[K/usr/include/c++/11/functional:62[m[K,
                 from [01m[K/usr/include/c++/11/pstl/glue_algorithm_defs.h:13[m[K,
                 from [01m[K/usr/include/c++/11/algorithm:74[m[K,
                 from [01m[K/home/gkasha/ros2_humble/install/rclcpp/include/rclcpp/rclcpp/executor.hpp:18[m[K,
                 from [01m[K/home/gkasha/ros2_humble/install/rclcpp/include/rclcpp/rclcpp/executors/multi_threaded_executor.hpp:25[m[K,
                 from [01m[K/home/gkasha/ros2_humble/install/rclcpp/include/rclcpp/rclcpp/executors.hpp:21[m[K,
                 from [01m[K/home/gkasha/ros2_humble/install/rclcpp/include/rclcpp/rclcpp/rclcpp.hpp:155[m[K,
                 from [01m[K/home/gkasha/Documents/maae/src/auction/include/auction/execution_interface.hpp:5[m[K,
                 from [01m[K/home/gkasha/Documents/maae/src/auction/src/execution_interface.cpp:1[m[K:
[01m[K/usr/include/c++/11/bits/stl_vector.h:1955:5:[m[K [01;36m[Knote: [m[Kcandidate: â€˜[01m[Ktemplate<class _Tp, class _Alloc> bool std::operator>=(const std::vector<_Tp, _Alloc>&, const std::vector<_Tp, _Alloc>&)[m[Kâ€™
 1955 |     [01;36m[Koperator[m[K>=(const vector<_Tp, _Alloc>& __x, const vector<_Tp, _Alloc>& __y)
      |     [01;36m[K^~~~~~~~[m[K
[01m[K/usr/include/c++/11/bits/stl_vector.h:1955:5:[m[K [01;36m[Knote: [m[K  template argument deduction/substitution failed:
In file included from [01m[K/home/gkasha/Documents/maae/src/auction/src/execution_interface.cpp:1[m[K:
[01m[K/home/gkasha/Documents/maae/src/auction/include/auction/execution_interface.hpp:106:72:[m[K [01;36m[Knote: [m[K  â€˜[01m[Kstd::chrono::duration<double>[m[Kâ€™ is not derived from â€˜[01m[Kconst std::vector<_Tp, _Alloc>[m[Kâ€™
  106 |                            if (execution_span >= action->get_duration([01;36m[K)[m[K) {
      |                                                                       [01;36m[K^[m[K

In file included from [01m[K/usr/include/c++/11/list:63[m[K,
                 from [01m[K/home/gkasha/ros2_humble/install/rclcpp/include/rclcpp/rclcpp/executor.hpp:23[m[K,
                 from [01m[K/home/gkasha/ros2_humble/install/rclcpp/include/rclcpp/rclcpp/executors/multi_threaded_executor.hpp:25[m[K,
                 from [01m[K/home/gkasha/ros2_humble/install/rclcpp/include/rclcpp/rclcpp/executors.hpp:21[m[K,
                 from [01m[K/home/gkasha/ros2_humble/install/rclcpp/include/rclcpp/rclcpp/rclcpp.hpp:155[m[K,
                 from [01m[K/home/gkasha/Documents/maae/src/auction/include/auction/execution_interface.hpp:5[m[K,
                 from [01m[K/home/gkasha/Documents/maae/src/auction/src/execution_interface.cpp:1[m[K:
[01m[K/usr/include/c++/11/bits/stl_list.h:2075:5:[m[K [01;36m[Knote: [m[Kcandidate: â€˜[01m[Ktemplate<class _Tp, class _Alloc> bool std::operator>=(const std::__cxx11::list<_Tp, _Alloc>&, const std::__cxx11::list<_Tp, _Alloc>&)[m[Kâ€™
 2075 |     [01;36m[Koperator[m[K>=(const list<_Tp, _Alloc>& __x, const list<_Tp, _Alloc>& __y)
      |     [01;36m[K^~~~~~~~[m[K
[01m[K/usr/include/c++/11/bits/stl_list.h:2075:5:[m[K [01;36m[Knote: [m[K  template argument deduction/substitution failed:
In file included from [01m[K/home/gkasha/Documents/maae/src/auction/src/execution_interface.cpp:1[m[K:
[01m[K/home/gkasha/Documents/maae/src/auction/include/auction/execution_interface.hpp:106:72:[m[K [01;36m[Knote: [m[K  â€˜[01m[Kstd::chrono::duration<double>[m[Kâ€™ is not derived from â€˜[01m[Kconst std::__cxx11::list<_Tp, _Alloc>[m[Kâ€™
  106 |                            if (execution_span >= action->get_duration([01;36m[K)[m[K) {
      |                                                                       [01;36m[K^[m[K

In file included from [01m[K/usr/include/c++/11/map:61[m[K,
                 from [01m[K/home/gkasha/ros2_humble/install/rclcpp/include/rclcpp/rclcpp/executor.hpp:24[m[K,
                 from [01m[K/home/gkasha/ros2_humble/install/rclcpp/include/rclcpp/rclcpp/executors/multi_threaded_executor.hpp:25[m[K,
                 from [01m[K/home/gkasha/ros2_humble/install/rclcpp/include/rclcpp/rclcpp/executors.hpp:21[m[K,
                 from [01m[K/home/gkasha/ros2_humble/install/rclcpp/include/rclcpp/rclcpp/rclcpp.hpp:155[m[K,
                 from [01m[K/home/gkasha/Documents/maae/src/auction/include/auction/execution_interface.hpp:5[m[K,
                 from [01m[K/home/gkasha/Documents/maae/src/auction/src/execution_interface.cpp:1[m[K:
[01m[K/usr/include/c++/11/bits/stl_map.h:1529:5:[m[K [01;36m[Knote: [m[Kcandidate: â€˜[01m[Ktemplate<class _Key, class _Tp, class _Compare, class _Alloc> bool std::operator>=(const std::map<_Key, _Tp, _Compare, _Allocator>&, const std::map<_Key, _Tp, _Compare, _Allocator>&)[m[Kâ€™
 1529 |     [01;36m[Koperator[m[K>=(const map<_Key, _Tp, _Compare, _Alloc>& __x,
      |     [01;36m[K^~~~~~~~[m[K
[01m[K/usr/include/c++/11/bits/stl_map.h:1529:5:[m[K [01;36m[Knote: [m[K  template argument deduction/substitution failed:
In file included from [01m[K/home/gkasha/Documents/maae/src/auction/src/execution_interface.cpp:1[m[K:
[01m[K/home/gkasha/Documents/maae/src/auction/include/auction/execution_interface.hpp:106:72:[m[K [01;36m[Knote: [m[K  â€˜[01m[Kstd::chrono::duration<double>[m[Kâ€™ is not derived from â€˜[01m[Kconst std::map<_Key, _Tp, _Compare, _Allocator>[m[Kâ€™
  106 |                            if (execution_span >= action->get_duration([01;36m[K)[m[K) {
      |                                                                       [01;36m[K^[m[K

In file included from [01m[K/usr/include/c++/11/map:62[m[K,
                 from [01m[K/home/gkasha/ros2_humble/install/rclcpp/include/rclcpp/rclcpp/executor.hpp:24[m[K,
                 from [01m[K/home/gkasha/ros2_humble/install/rclcpp/include/rclcpp/rclcpp/executors/multi_threaded_executor.hpp:25[m[K,
                 from [01m[K/home/gkasha/ros2_humble/install/rclcpp/include/rclcpp/rclcpp/executors.hpp:21[m[K,
                 from [01m[K/home/gkasha/ros2_humble/install/rclcpp/include/rclcpp/rclcpp/rclcpp.hpp:155[m[K,
                 from [01m[K/home/gkasha/Documents/maae/src/auction/include/auction/execution_interface.hpp:5[m[K,
                 from [01m[K/home/gkasha/Documents/maae/src/auction/src/execution_interface.cpp:1[m[K:
[01m[K/usr/include/c++/11/bits/stl_multimap.h:1194:5:[m[K [01;36m[Knote: [m[Kcandidate: â€˜[01m[Ktemplate<class _Key, class _Tp, class _Compare, class _Alloc> bool std::operator>=(const std::multimap<_Key, _Tp, _Compare, _Allocator>&, const std::multimap<_Key, _Tp, _Compare, _Allocator>&)[m[Kâ€™
 1194 |     [01;36m[Koperator[m[K>=(const multimap<_Key, _Tp, _Compare, _Alloc>& __x,
      |     [01;36m[K^~~~~~~~[m[K
[01m[K/usr/include/c++/11/bits/stl_multimap.h:1194:5:[m[K [01;36m[Knote: [m[K  template argument deduction/substitution failed:
In file included from [01m[K/home/gkasha/Documents/maae/src/auction/src/execution_interface.cpp:1[m[K:
[01m[K/home/gkasha/Documents/maae/src/auction/include/auction/execution_interface.hpp:106:72:[m[K [01;36m[Knote: [m[K  â€˜[01m[Kstd::chrono::duration<double>[m[Kâ€™ is not derived from â€˜[01m[Kconst std::multimap<_Key, _Tp, _Compare, _Allocator>[m[Kâ€™
  106 |                            if (execution_span >= action->get_duration([01;36m[K)[m[K) {
      |                                                                       [01;36m[K^[m[K

In file included from [01m[K/home/gkasha/ros2_humble/install/rclcpp/include/rclcpp/rclcpp/client.hpp:23[m[K,
                 from [01m[K/home/gkasha/ros2_humble/install/rclcpp/include/rclcpp/rclcpp/callback_group.hpp:24[m[K,
                 from [01m[K/home/gkasha/ros2_humble/install/rclcpp/include/rclcpp/rclcpp/any_executable.hpp:20[m[K,
                 from [01m[K/home/gkasha/ros2_humble/install/rclcpp/include/rclcpp/rclcpp/memory_strategy.hpp:25[m[K,
                 from [01m[K/home/gkasha/ros2_humble/install/rclcpp/include/rclcpp/rclcpp/memory_strategies.hpp:18[m[K,
                 from [01m[K/home/gkasha/ros2_humble/install/rclcpp/include/rclcpp/rclcpp/executor_options.hpp:20[m[K,
                 from [01m[K/home/gkasha/ros2_humble/install/rclcpp/include/rclcpp/rclcpp/executor.hpp:37[m[K,
                 from [01m[K/home/gkasha/ros2_humble/install/rclcpp/include/rclcpp/rclcpp/executors/multi_threaded_executor.hpp:25[m[K,
                 from [01m[K/home/gkasha/ros2_humble/install/rclcpp/include/rclcpp/rclcpp/executors.hpp:21[m[K,
                 from [01m[K/home/gkasha/ros2_humble/install/rclcpp/include/rclcpp/rclcpp/rclcpp.hpp:155[m[K,
                 from [01m[K/home/gkasha/Documents/maae/src/auction/include/auction/execution_interface.hpp:5[m[K,
                 from [01m[K/home/gkasha/Documents/maae/src/auction/src/execution_interface.cpp:1[m[K:
[01m[K/usr/include/c++/11/optional:1087:5:[m[K [01;36m[Knote: [m[Kcandidate: â€˜[01m[Ktemplate<class _Tp, class _Up> constexpr std::__optional_ge_t<_Tp, _Up> std::operator>=(const std::optional<_Tp>&, const std::optional<_Up>&)[m[Kâ€™
 1087 |     [01;36m[Koperator[m[K>=(const optional<_Tp>& __lhs, const optional<_Up>& __rhs)
      |     [01;36m[K^~~~~~~~[m[K
[01m[K/usr/include/c++/11/optional:1087:5:[m[K [01;36m[Knote: [m[K  template argument deduction/substitution failed:
In file included from [01m[K/home/gkasha/Documents/maae/src/auction/src/execution_interface.cpp:1[m[K:
[01m[K/home/gkasha/Documents/maae/src/auction/include/auction/execution_interface.hpp:106:72:[m[K [01;36m[Knote: [m[K  â€˜[01m[Kstd::chrono::duration<double>[m[Kâ€™ is not derived from â€˜[01m[Kconst std::optional<_Tp>[m[Kâ€™
  106 |                            if (execution_span >= action->get_duration([01;36m[K)[m[K) {
      |                                                                       [01;36m[K^[m[K

In file included from [01m[K/home/gkasha/ros2_humble/install/rclcpp/include/rclcpp/rclcpp/client.hpp:23[m[K,
                 from [01m[K/home/gkasha/ros2_humble/install/rclcpp/include/rclcpp/rclcpp/callback_group.hpp:24[m[K,
                 from [01m[K/home/gkasha/ros2_humble/install/rclcpp/include/rclcpp/rclcpp/any_executable.hpp:20[m[K,
                 from [01m[K/home/gkasha/ros2_humble/install/rclcpp/include/rclcpp/rclcpp/memory_strategy.hpp:25[m[K,
                 from [01m[K/home/gkasha/ros2_humble/install/rclcpp/include/rclcpp/rclcpp/memory_strategies.hpp:18[m[K,
                 from [01m[K/home/gkasha/ros2_humble/install/rclcpp/include/rclcpp/rclcpp/executor_options.hpp:20[m[K,
                 from [01m[K/home/gkasha/ros2_humble/install/rclcpp/include/rclcpp/rclcpp/executor.hpp:37[m[K,
                 from [01m[K/home/gkasha/ros2_humble/install/rclcpp/include/rclcpp/rclcpp/executors/multi_threaded_executor.hpp:25[m[K,
                 from [01m[K/home/gkasha/ros2_humble/install/rclcpp/include/rclcpp/rclcpp/executors.hpp:21[m[K,
                 from [01m[K/home/gkasha/ros2_humble/install/rclcpp/include/rclcpp/rclcpp/rclcpp.hpp:155[m[K,
                 from [01m[K/home/gkasha/Documents/maae/src/auction/include/auction/execution_interface.hpp:5[m[K,
                 from [01m[K/home/gkasha/Documents/maae/src/auction/src/execution_interface.cpp:1[m[K:
[01m[K/usr/include/c++/11/optional:1161:5:[m[K [01;36m[Knote: [m[Kcandidate: â€˜[01m[Ktemplate<class _Tp> constexpr bool std::operator>=(const std::optional<_Tp>&, std::nullopt_t)[m[Kâ€™
 1161 |     [01;36m[Koperator[m[K>=(const optional<_Tp>& /* __lhs */, nullopt_t) noexcept
      |     [01;36m[K^~~~~~~~[m[K
[01m[K/usr/include/c++/11/optional:1161:5:[m[K [01;36m[Knote: [m[K  template argument deduction/substitution failed:
In file included from [01m[K/home/gkasha/Documents/maae/src/auction/src/execution_interface.cpp:1[m[K:
[01m[K/home/gkasha/Documents/maae/src/auction/include/auction/execution_interface.hpp:106:72:[m[K [01;36m[Knote: [m[K  â€˜[01m[Kstd::chrono::duration<double>[m[Kâ€™ is not derived from â€˜[01m[Kconst std::optional<_Tp>[m[Kâ€™
  106 |                            if (execution_span >= action->get_duration([01;36m[K)[m[K) {
      |                                                                       [01;36m[K^[m[K

In file included from [01m[K/home/gkasha/ros2_humble/install/rclcpp/include/rclcpp/rclcpp/client.hpp:23[m[K,
                 from [01m[K/home/gkasha/ros2_humble/install/rclcpp/include/rclcpp/rclcpp/callback_group.hpp:24[m[K,
                 from [01m[K/home/gkasha/ros2_humble/install/rclcpp/include/rclcpp/rclcpp/any_executable.hpp:20[m[K,
                 from [01m[K/home/gkasha/ros2_humble/install/rclcpp/include/rclcpp/rclcpp/memory_strategy.hpp:25[m[K,
                 from [01m[K/home/gkasha/ros2_humble/install/rclcpp/include/rclcpp/rclcpp/memory_strategies.hpp:18[m[K,
                 from [01m[K/home/gkasha/ros2_humble/install/rclcpp/include/rclcpp/rclcpp/executor_options.hpp:20[m[K,
                 from [01m[K/home/gkasha/ros2_humble/install/rclcpp/include/rclcpp/rclcpp/executor.hpp:37[m[K,
                 from [01m[K/home/gkasha/ros2_humble/install/rclcpp/include/rclcpp/rclcpp/executors/multi_threaded_executor.hpp:25[m[K,
                 from [01m[K/home/gkasha/ros2_humble/install/rclcpp/include/rclcpp/rclcpp/executors.hpp:21[m[K,
                 from [01m[K/home/gkasha/ros2_humble/install/rclcpp/include/rclcpp/rclcpp/rclcpp.hpp:155[m[K,
                 from [01m[K/home/gkasha/Documents/maae/src/auction/include/auction/execution_interface.hpp:5[m[K,
                 from [01m[K/home/gkasha/Documents/maae/src/auction/src/execution_interface.cpp:1[m[K:
[01m[K/usr/include/c++/11/optional:1166:5:[m[K [01;36m[Knote: [m[Kcandidate: â€˜[01m[Ktemplate<class _Tp> constexpr bool std::operator>=(std::nullopt_t, const std::optional<_Tp>&)[m[Kâ€™
 1166 |     [01;36m[Koperator[m[K>=(nullopt_t, const optional<_Tp>& __rhs) noexcept
      |     [01;36m[K^~~~~~~~[m[K
[01m[K/usr/include/c++/11/optional:1166:5:[m[K [01;36m[Knote: [m[K  template argument deduction/substitution failed:
In file included from [01m[K/home/gkasha/Documents/maae/src/auction/src/execution_interface.cpp:1[m[K:
[01m[K/home/gkasha/Documents/maae/src/auction/include/auction/execution_interface.hpp:106:72:[m[K [01;36m[Knote: [m[K  mismatched types â€˜[01m[Kconst std::optional<_Tp>[m[Kâ€™ and â€˜[01m[Kfloat[m[Kâ€™
  106 |                            if (execution_span >= action->get_duration([01;36m[K)[m[K) {
      |                                                                       [01;36m[K^[m[K

In file included from [01m[K/home/gkasha/ros2_humble/install/rclcpp/include/rclcpp/rclcpp/client.hpp:23[m[K,
                 from [01m[K/home/gkasha/ros2_humble/install/rclcpp/include/rclcpp/rclcpp/callback_group.hpp:24[m[K,
                 from [01m[K/home/gkasha/ros2_humble/install/rclcpp/include/rclcpp/rclcpp/any_executable.hpp:20[m[K,
                 from [01m[K/home/gkasha/ros2_humble/install/rclcpp/include/rclcpp/rclcpp/memory_strategy.hpp:25[m[K,
                 from [01m[K/home/gkasha/ros2_humble/install/rclcpp/include/rclcpp/rclcpp/memory_strategies.hpp:18[m[K,
                 from [01m[K/home/gkasha/ros2_humble/install/rclcpp/include/rclcpp/rclcpp/executor_options.hpp:20[m[K,
                 from [01m[K/home/gkasha/ros2_humble/install/rclcpp/include/rclcpp/rclcpp/executor.hpp:37[m[K,
                 from [01m[K/home/gkasha/ros2_humble/install/rclcpp/include/rclcpp/rclcpp/executors/multi_threaded_executor.hpp:25[m[K,
                 from [01m[K/home/gkasha/ros2_humble/install/rclcpp/include/rclcpp/rclcpp/executors.hpp:21[m[K,
                 from [01m[K/home/gkasha/ros2_humble/install/rclcpp/include/rclcpp/rclcpp/rclcpp.hpp:155[m[K,
                 from [01m[K/home/gkasha/Documents/maae/src/auction/include/auction/execution_interface.hpp:5[m[K,
                 from [01m[K/home/gkasha/Documents/maae/src/auction/src/execution_interface.cpp:1[m[K:
[01m[K/usr/include/c++/11/optional:1233:5:[m[K [01;36m[Knote: [m[Kcandidate: â€˜[01m[Ktemplate<class _Tp, class _Up> constexpr std::__optional_ge_t<_Tp, _Up> std::operator>=(const std::optional<_Tp>&, const _Up&)[m[Kâ€™
 1233 |     [01;36m[Koperator[m[K>=(const optional<_Tp>& __lhs, const _Up& __rhs)
      |     [01;36m[K^~~~~~~~[m[K
[01m[K/usr/include/c++/11/optional:1233:5:[m[K [01;36m[Knote: [m[K  template argument deduction/substitution failed:
In file included from [01m[K/home/gkasha/Documents/maae/src/auction/src/execution_interface.cpp:1[m[K:
[01m[K/home/gkasha/Documents/maae/src/auction/include/auction/execution_interface.hpp:106:72:[m[K [01;36m[Knote: [m[K  â€˜[01m[Kstd::chrono::duration<double>[m[Kâ€™ is not derived from â€˜[01m[Kconst std::optional<_Tp>[m[Kâ€™
  106 |                            if (execution_span >= action->get_duration([01;36m[K)[m[K) {
      |                                                                       [01;36m[K^[m[K

In file included from [01m[K/home/gkasha/ros2_humble/install/rclcpp/include/rclcpp/rclcpp/client.hpp:23[m[K,
                 from [01m[K/home/gkasha/ros2_humble/install/rclcpp/include/rclcpp/rclcpp/callback_group.hpp:24[m[K,
                 from [01m[K/home/gkasha/ros2_humble/install/rclcpp/include/rclcpp/rclcpp/any_executable.hpp:20[m[K,
                 from [01m[K/home/gkasha/ros2_humble/install/rclcpp/include/rclcpp/rclcpp/memory_strategy.hpp:25[m[K,
                 from [01m[K/home/gkasha/ros2_humble/install/rclcpp/include/rclcpp/rclcpp/memory_strategies.hpp:18[m[K,
                 from [01m[K/home/gkasha/ros2_humble/install/rclcpp/include/rclcpp/rclcpp/executor_options.hpp:20[m[K,
                 from [01m[K/home/gkasha/ros2_humble/install/rclcpp/include/rclcpp/rclcpp/executor.hpp:37[m[K,
                 from [01m[K/home/gkasha/ros2_humble/install/rclcpp/include/rclcpp/rclcpp/executors/multi_threaded_executor.hpp:25[m[K,
                 from [01m[K/home/gkasha/ros2_humble/install/rclcpp/include/rclcpp/rclcpp/executors.hpp:21[m[K,
                 from [01m[K/home/gkasha/ros2_humble/install/rclcpp/include/rclcpp/rclcpp/rclcpp.hpp:155[m[K,
                 from [01m[K/home/gkasha/Documents/maae/src/auction/include/auction/execution_interface.hpp:5[m[K,
                 from [01m[K/home/gkasha/Documents/maae/src/auction/src/execution_interface.cpp:1[m[K:
[01m[K/usr/include/c++/11/optional:1239:5:[m[K [01;36m[Knote: [m[Kcandidate: â€˜[01m[Ktemplate<class _Tp, class _Up> constexpr std::__optional_ge_t<_Up, _Tp> std::operator>=(const _Up&, const std::optional<_Tp>&)[m[Kâ€™
 1239 |     [01;36m[Koperator[m[K>=(const _Up& __lhs, const optional<_Tp>& __rhs)
      |     [01;36m[K^~~~~~~~[m[K
[01m[K/usr/include/c++/11/optional:1239:5:[m[K [01;36m[Knote: [m[K  template argument deduction/substitution failed:
In file included from [01m[K/home/gkasha/Documents/maae/src/auction/src/execution_interface.cpp:1[m[K:
[01m[K/home/gkasha/Documents/maae/src/auction/include/auction/execution_interface.hpp:106:72:[m[K [01;36m[Knote: [m[K  mismatched types â€˜[01m[Kconst std::optional<_Tp>[m[Kâ€™ and â€˜[01m[Kfloat[m[Kâ€™
  106 |                            if (execution_span >= action->get_duration([01;36m[K)[m[K) {
      |                                                                       [01;36m[K^[m[K

In file included from [01m[K/home/gkasha/ros2_humble/install/rclcpp/include/rclcpp/rclcpp/client.hpp:28[m[K,
                 from [01m[K/home/gkasha/ros2_humble/install/rclcpp/include/rclcpp/rclcpp/callback_group.hpp:24[m[K,
                 from [01m[K/home/gkasha/ros2_humble/install/rclcpp/include/rclcpp/rclcpp/any_executable.hpp:20[m[K,
                 from [01m[K/home/gkasha/ros2_humble/install/rclcpp/include/rclcpp/rclcpp/memory_strategy.hpp:25[m[K,
                 from [01m[K/home/gkasha/ros2_humble/install/rclcpp/include/rclcpp/rclcpp/memory_strategies.hpp:18[m[K,
                 from [01m[K/home/gkasha/ros2_humble/install/rclcpp/include/rclcpp/rclcpp/executor_options.hpp:20[m[K,
                 from [01m[K/home/gkasha/ros2_humble/install/rclcpp/include/rclcpp/rclcpp/executor.hpp:37[m[K,
                 from [01m[K/home/gkasha/ros2_humble/install/rclcpp/include/rclcpp/rclcpp/executors/multi_threaded_executor.hpp:25[m[K,
                 from [01m[K/home/gkasha/ros2_humble/install/rclcpp/include/rclcpp/rclcpp/executors.hpp:21[m[K,
                 from [01m[K/home/gkasha/ros2_humble/install/rclcpp/include/rclcpp/rclcpp/rclcpp.hpp:155[m[K,
                 from [01m[K/home/gkasha/Documents/maae/src/auction/include/auction/execution_interface.hpp:5[m[K,
                 from [01m[K/home/gkasha/Documents/maae/src/auction/src/execution_interface.cpp:1[m[K:
[01m[K/usr/include/c++/11/variant:1251:3:[m[K [01;36m[Knote: [m[Kcandidate: â€˜[01m[Ktemplate<class ... _Types> constexpr bool std::operator>=(const std::variant<_Types ...>&, const std::variant<_Types ...>&)[m[Kâ€™
 1251 |   [01;36m[K_VARIANT_RELATION_FUNCTION_TEMPLATE[m[K(>=, greater_equal)
      |   [01;36m[K^~~~~~~~~~~~~~~~~~~~~~~~~~~~~~~~~~~[m[K
[01m[K/usr/include/c++/11/variant:1251:3:[m[K [01;36m[Knote: [m[K  template argument deduction/substitution failed:
In file included from [01m[K/home/gkasha/Documents/maae/src/auction/src/execution_interface.cpp:1[m[K:
[01m[K/home/gkasha/Documents/maae/src/auction/include/auction/execution_interface.hpp:106:72:[m[K [01;36m[Knote: [m[K  â€˜[01m[Kstd::chrono::duration<double>[m[Kâ€™ is not derived from â€˜[01m[Kconst std::variant<_Types ...>[m[Kâ€™
  106 |                            if (execution_span >= action->get_duration([01;36m[K)[m[K) {
      |                                                                       [01;36m[K^[m[K

In file included from [01m[K/usr/include/c++/11/mutex:39[m[K,
                 from [01m[K/usr/include/c++/11/future:38[m[K,
                 from [01m[K/home/gkasha/ros2_humble/install/rclcpp/include/rclcpp/rclcpp/executors.hpp:18[m[K,
                 from [01m[K/home/gkasha/ros2_humble/install/rclcpp/include/rclcpp/rclcpp/rclcpp.hpp:155[m[K,
                 from [01m[K/home/gkasha/Documents/maae/src/auction/include/auction/execution_interface.hpp:5[m[K,
                 from [01m[K/home/gkasha/Documents/maae/src/auction/src/execution_interface.cpp:1[m[K:
[01m[K/usr/include/c++/11/chrono:819:7:[m[K [01;36m[Knote: [m[Kcandidate: â€˜[01m[Ktemplate<class _Rep1, class _Period1, class _Rep2, class _Period2> constexpr bool std::chrono::operator>=(const std::chrono::duration<_Rep1, _Period1>&, const std::chrono::duration<_Rep2, _Period2>&)[m[Kâ€™
  819 |       [01;36m[Koperator[m[K>=(const duration<_Rep1, _Period1>& __lhs,
      |       [01;36m[K^~~~~~~~[m[K
[01m[K/usr/include/c++/11/chrono:819:7:[m[K [01;36m[Knote: [m[K  template argument deduction/substitution failed:
In file included from [01m[K/home/gkasha/Documents/maae/src/auction/src/execution_interface.cpp:1[m[K:
[01m[K/home/gkasha/Documents/maae/src/auction/include/auction/execution_interface.hpp:106:72:[m[K [01;36m[Knote: [m[K  mismatched types â€˜[01m[Kconst std::chrono::duration<_Rep2, _Period2>[m[Kâ€™ and â€˜[01m[Kfloat[m[Kâ€™
  106 |                            if (execution_span >= action->get_duration([01;36m[K)[m[K) {
      |                                                                       [01;36m[K^[m[K

In file included from [01m[K/usr/include/c++/11/mutex:39[m[K,
                 from [01m[K/usr/include/c++/11/future:38[m[K,
                 from [01m[K/home/gkasha/ros2_humble/install/rclcpp/include/rclcpp/rclcpp/executors.hpp:18[m[K,
                 from [01m[K/home/gkasha/ros2_humble/install/rclcpp/include/rclcpp/rclcpp/rclcpp.hpp:155[m[K,
                 from [01m[K/home/gkasha/Documents/maae/src/auction/include/auction/execution_interface.hpp:5[m[K,
                 from [01m[K/home/gkasha/Documents/maae/src/auction/src/execution_interface.cpp:1[m[K:
[01m[K/usr/include/c++/11/chrono:1093:7:[m[K [01;36m[Knote: [m[Kcandidate: â€˜[01m[Ktemplate<class _Clock, class _Dur1, class _Dur2> constexpr bool std::chrono::operator>=(const std::chrono::time_point<_Clock, _Duration1>&, const std::chrono::time_point<_Clock, _Duration2>&)[m[Kâ€™
 1093 |       [01;36m[Koperator[m[K>=(const time_point<_Clock, _Dur1>& __lhs,
      |       [01;36m[K^~~~~~~~[m[K
[01m[K/usr/include/c++/11/chrono:1093:7:[m[K [01;36m[Knote: [m[K  template argument deduction/substitution failed:
In file included from [01m[K/home/gkasha/Documents/maae/src/auction/src/execution_interface.cpp:1[m[K:
[01m[K/home/gkasha/Documents/maae/src/auction/include/auction/execution_interface.hpp:106:72:[m[K [01;36m[Knote: [m[K  â€˜[01m[Kstd::chrono::duration<double>[m[Kâ€™ is not derived from â€˜[01m[Kconst std::chrono::time_point<_Clock, _Duration1>[m[Kâ€™
  106 |                            if (execution_span >= action->get_duration([01;36m[K)[m[K) {
      |                                                                       [01;36m[K^[m[K

In file included from [01m[K/home/gkasha/ros2_humble/install/rclcpp/include/rclcpp/rclcpp/executors/multi_threaded_executor.hpp:22[m[K,
                 from [01m[K/home/gkasha/ros2_humble/install/rclcpp/include/rclcpp/rclcpp/executors.hpp:21[m[K,
                 from [01m[K/home/gkasha/ros2_humble/install/rclcpp/include/rclcpp/rclcpp/rclcpp.hpp:155[m[K,
                 from [01m[K/home/gkasha/Documents/maae/src/auction/include/auction/execution_interface.hpp:5[m[K,
                 from [01m[K/home/gkasha/Documents/maae/src/auction/src/execution_interface.cpp:1[m[K:
[01m[K/usr/include/c++/11/thread:86:3:[m[K [01;36m[Knote: [m[Kcandidate: â€˜[01m[Kbool std::operator>=(std::thread::id, std::thread::id)[m[Kâ€™
   86 |   [01;36m[Koperator[m[K>=(thread::id __x, thread::id __y) noexcept
      |   [01;36m[K^~~~~~~~[m[K
[01m[K/usr/include/c++/11/thread:86:25:[m[K [01;36m[Knote: [m[K  no known conversion for argument 1 from â€˜[01m[Kstd::chrono::duration<double>[m[Kâ€™ to â€˜[01m[Kstd::thread::id[m[Kâ€™
   86 |   operator>=([01;36m[Kthread::id __x[m[K, thread::id __y) noexcept
      |              [01;36m[K~~~~~~~~~~~^~~[m[K
In file included from [01m[K/home/gkasha/ros2_humble/install/rclcpp/include/rclcpp/rclcpp/client.hpp:28[m[K,
                 from [01m[K/home/gkasha/ros2_humble/install/rclcpp/include/rclcpp/rclcpp/callback_group.hpp:24[m[K,
                 from [01m[K/home/gkasha/ros2_humble/install/rclcpp/include/rclcpp/rclcpp/any_executable.hpp:20[m[K,
                 from [01m[K/home/gkasha/ros2_humble/install/rclcpp/include/rclcpp/rclcpp/memory_strategy.hpp:25[m[K,
                 from [01m[K/home/gkasha/ros2_humble/install/rclcpp/include/rclcpp/rclcpp/memory_strategies.hpp:18[m[K,
                 from [01m[K/home/gkasha/ros2_humble/install/rclcpp/include/rclcpp/rclcpp/executor_options.hpp:20[m[K,
                 from [01m[K/home/gkasha/ros2_humble/install/rclcpp/include/rclcpp/rclcpp/executor.hpp:37[m[K,
                 from [01m[K/home/gkasha/ros2_humble/install/rclcpp/include/rclcpp/rclcpp/executors/multi_threaded_executor.hpp:25[m[K,
                 from [01m[K/home/gkasha/ros2_humble/install/rclcpp/include/rclcpp/rclcpp/executors.hpp:21[m[K,
                 from [01m[K/home/gkasha/ros2_humble/install/rclcpp/include/rclcpp/rclcpp/rclcpp.hpp:155[m[K,
                 from [01m[K/home/gkasha/Documents/maae/src/auction/include/auction/execution_interface.hpp:5[m[K,
                 from [01m[K/home/gkasha/Documents/maae/src/auction/src/execution_interface.cpp:1[m[K:
[01m[K/usr/include/c++/11/variant:1292:18:[m[K [01;36m[Knote: [m[Kcandidate: â€˜[01m[Kconstexpr bool std::operator>=(std::monostate, std::monostate)[m[Kâ€™
 1292 |   constexpr bool [01;36m[Koperator[m[K>=(monostate, monostate) noexcept { return true; }
      |                  [01;36m[K^~~~~~~~[m[K
[01m[K/usr/include/c++/11/variant:1292:29:[m[K [01;36m[Knote: [m[K  no known conversion for argument 1 from â€˜[01m[Kstd::chrono::duration<double>[m[Kâ€™ to â€˜[01m[Kstd::monostate[m[Kâ€™
 1292 |   constexpr bool operator>=([01;36m[Kmonostate[m[K, monostate) noexcept { return true; }
      |                             [01;36m[K^~~~~~~~~[m[K
In file included from [01m[K/home/gkasha/Documents/maae/src/auction/src/execution_interface.cpp:1[m[K:
[01m[K/home/gkasha/Documents/maae/src/auction/include/auction/execution_interface.hpp:108:41:[m[K [01;31m[Kerror: [m[Kâ€˜[01m[Kclass ActionNode[m[Kâ€™ has no member named â€˜[01m[Kstatus[m[Kâ€™; did you mean â€˜[01m[KActionNode::ActionStatus ActionNode::status_[m[Kâ€™? (accessible via â€˜[01m[KActionNode::ActionStatus ActionNode::get_status()[m[Kâ€™)
  108 |                                 action->[01;31m[Kstatus[m[K = ActionStatus::COMPLETE
      |                                         [01;31m[K^~~~~~[m[K
      |                                         [32m[Kget_status()[m[K
[01m[K/home/gkasha/Documents/maae/src/auction/include/auction/execution_interface.hpp:108:50:[m[K [01;31m[Kerror: [m[Kâ€˜[01m[KActionStatus[m[Kâ€™ has not been declared
  108 |                                 action->status = [01;31m[KActionStatus[m[K::COMPLETE
      |                                                  [01;31m[K^~~~~~~~~~~~[m[K
[01m[K/home/gkasha/Documents/maae/src/auction/include/auction/execution_interface.hpp:116:48:[m[K [01;31m[Kerror: [m[Kâ€˜[01m[KActionStatus[m[Kâ€™ has not been declared
  116 |                             action->set_status([01;31m[KActionStatus[m[K::EXECUTING);
      |                                                [01;31m[K^~~~~~~~~~~~[m[K
[01m[K/home/gkasha/Documents/maae/src/auction/include/auction/execution_interface.hpp:[m[K In constructor â€˜[01m[KExecutor::Executor()[m[Kâ€™:
[01m[K/home/gkasha/Documents/maae/src/auction/include/auction/execution_interface.hpp:140:13:[m[K [01;31m[Kerror: [m[Kâ€˜[01m[Kcbgs_action_dispatch_[m[Kâ€™ was not declared in this scope; did you mean â€˜[01m[Kaction_dispatch_cb[m[Kâ€™?
  140 |             [01;31m[Kcbgs_action_dispatch_[m[K = this->create_callback_group(
      |             [01;31m[K^~~~~~~~~~~~~~~~~~~~~[m[K
      |             [32m[Kaction_dispatch_cb[m[K
[01m[K/home/gkasha/Documents/maae/src/auction/include/auction/execution_interface.hpp:146:13:[m[K [01;31m[Kerror: [m[Kâ€˜[01m[Kaction_dispatch_[m[Kâ€™ was not declared in this scope; did you mean â€˜[01m[Kaction_dispatch_cb[m[Kâ€™?
  146 |             [01;31m[Kaction_dispatch_[m[K = this->create_subscription<ma_interfaces::msg::Goal>(
      |             [01;31m[K^~~~~~~~~~~~~~~~[m[K
      |             [32m[Kaction_dispatch_cb[m[K
[01m[K/home/gkasha/Documents/maae/src/auction/include/auction/execution_interface.hpp:146:78:[m[K [01;31m[Kerror: [m[Kâ€˜[01m[KGoal[m[Kâ€™ is not a member of â€˜[01m[Kma_interfaces::msg[m[Kâ€™
  146 |    action_dispatch_ = this->create_subscription<ma_interfaces::msg::[01;31m[KGoal[m[K>(
      |                                                                     [01;31m[K^~~~[m[K

[01m[K/home/gkasha/Documents/maae/src/auction/include/auction/execution_interface.hpp:146:83:[m[K [01;31m[Kerror: [m[Kno matching function for call to â€˜[01m[KExecutor::create_subscription<<expression error> >(const char [22], rclcpp::QoS, std::_Bind_helper<false, void (Executor::*)(ma_interfaces::msg::ActionDispatch_<std::allocator<void> >), Executor*, const std::_Placeholder<1>&>::type, rclcpp::SubscriptionOptionsWithAllocator<std::allocator<void> >&)[m[Kâ€™
  146 |    action_dispatch_ = [01;31m[Kthis->create_subscription<ma_interfaces::msg::Goal>([m[K
      |                       [01;31m[K~~~~~~~~~~~~~~~~~~~~~~~~~~~~~~~~~~~~~~~~~~~~~~~~~~~^[m[K

  147 | [01;31m[K           "action_dispatch_topic",[m[K
      |            [01;31m[K~~~~~~~~~~~~~~~~~~~~~~~~[m[K                                       

  148 | [01;31m[K           rclcpp::QoS(10),[m[K
      |            [01;31m[K~~~~~~~~~~~~~~~~[m[K                                               

  149 | [01;31m[K           std::bind([m[K
      |            [01;31m[K~~~~~~~~~~[m[K                                                     

  150 | [01;31m[K               &Executor::action_dispatch_cb,[m[K
      |                [01;31m[K~~~~~~~~~~~~~~~~~~~~~~~~~~~~~~[m[K                             

  151 | [01;31m[K               this,[m[K
      |                [01;31m[K~~~~~[m[K                                                      

  152 | [01;31m[K               std::placeholders::_1),[m[K
      |                [01;31m[K~~~~~~~~~~~~~~~~~~~~~~~[m[K                                    

  153 | [01;31m[K           action_dispatch_opt)[m[K;
      |            [01;31m[K~~~~~~~~~~~~~~~~~~~~[m[K                                           

In file included from [01m[K/home/gkasha/ros2_humble/install/rclcpp/include/rclcpp/rclcpp/executors/single_threaded_executor.hpp:28[m[K,
                 from [01m[K/home/gkasha/ros2_humble/install/rclcpp/include/rclcpp/rclcpp/executors.hpp:22[m[K,
                 from [01m[K/home/gkasha/ros2_humble/install/rclcpp/include/rclcpp/rclcpp/rclcpp.hpp:155[m[K,
                 from [01m[K/home/gkasha/Documents/maae/src/auction/include/auction/execution_interface.hpp:5[m[K,
                 from [01m[K/home/gkasha/Documents/maae/src/auction/src/execution_interface.cpp:1[m[K:
[01m[K/home/gkasha/ros2_humble/install/rclcpp/include/rclcpp/rclcpp/node.hpp:219:3:[m[K [01;36m[Knote: [m[Kcandidate: â€˜[01m[Ktemplate<class MessageT, class CallbackT, class AllocatorT, class SubscriptionT, class MessageMemoryStrategyT> std::shared_ptr<ROSMessageT> rclcpp::Node::create_subscription(const string&, const rclcpp::QoS&, CallbackT&&, const rclcpp::SubscriptionOptionsWithAllocator<AllocatorT>&, typename MessageMemoryStrategyT::SharedPtr)[m[Kâ€™
  219 |   [01;36m[Kcreate_subscription[m[K(
      |   [01;36m[K^~~~~~~~~~~~~~~~~~~[m[K
[01m[K/home/gkasha/ros2_humble/install/rclcpp/include/rclcpp/rclcpp/node.hpp:219:3:[m[K [01;36m[Knote: [m[K  template argument deduction/substitution failed:
In file included from [01m[K/home/gkasha/Documents/maae/src/auction/src/execution_interface.cpp:1[m[K:
[01m[K/home/gkasha/Documents/maae/src/auction/include/auction/execution_interface.hpp:146:83:[m[K [01;31m[Kerror: [m[Ktemplate argument 1 is invalid
  146 |    action_dispatch_ = [01;31m[Kthis->create_subscription<ma_interfaces::msg::Goal>([m[K
      |                       [01;31m[K~~~~~~~~~~~~~~~~~~~~~~~~~~~~~~~~~~~~~~~~~~~~~~~~~~~^[m[K

  147 | [01;31m[K           "action_dispatch_topic",[m[K
      |            [01;31m[K~~~~~~~~~~~~~~~~~~~~~~~~[m[K                                       

  148 | [01;31m[K           rclcpp::QoS(10),[m[K
      |            [01;31m[K~~~~~~~~~~~~~~~~[m[K                                               

  149 | [01;31m[K           std::bind([m[K
      |            [01;31m[K~~~~~~~~~~[m[K                                                     

  150 | [01;31m[K               &Executor::action_dispatch_cb,[m[K
      |                [01;31m[K~~~~~~~~~~~~~~~~~~~~~~~~~~~~~~[m[K                             

  151 | [01;31m[K               this,[m[K
      |                [01;31m[K~~~~~[m[K                                                      

  152 | [01;31m[K               std::placeholders::_1),[m[K
      |                [01;31m[K~~~~~~~~~~~~~~~~~~~~~~~[m[K                                    

  153 | [01;31m[K           action_dispatch_opt)[m[K;
      |            [01;31m[K~~~~~~~~~~~~~~~~~~~~[m[K                                           

In file included from [01m[K/home/gkasha/ros2_humble/install/rclcpp/include/rclcpp/rclcpp/client.hpp:40[m[K,
                 from [01m[K/home/gkasha/ros2_humble/install/rclcpp/include/rclcpp/rclcpp/callback_group.hpp:24[m[K,
                 from [01m[K/home/gkasha/ros2_humble/install/rclcpp/include/rclcpp/rclcpp/any_executable.hpp:20[m[K,
                 from [01m[K/home/gkasha/ros2_humble/install/rclcpp/include/rclcpp/rclcpp/memory_strategy.hpp:25[m[K,
                 from [01m[K/home/gkasha/ros2_humble/install/rclcpp/include/rclcpp/rclcpp/memory_strategies.hpp:18[m[K,
                 from [01m[K/home/gkasha/ros2_humble/install/rclcpp/include/rclcpp/rclcpp/executor_options.hpp:20[m[K,
                 from [01m[K/home/gkasha/ros2_humble/install/rclcpp/include/rclcpp/rclcpp/executor.hpp:37[m[K,
                 from [01m[K/home/gkasha/ros2_humble/install/rclcpp/include/rclcpp/rclcpp/executors/multi_threaded_executor.hpp:25[m[K,
                 from [01m[K/home/gkasha/ros2_humble/install/rclcpp/include/rclcpp/rclcpp/executors.hpp:21[m[K,
                 from [01m[K/home/gkasha/ros2_humble/install/rclcpp/include/rclcpp/rclcpp/rclcpp.hpp:155[m[K,
                 from [01m[K/home/gkasha/Documents/maae/src/auction/include/auction/execution_interface.hpp:5[m[K,
                 from [01m[K/home/gkasha/Documents/maae/src/auction/src/execution_interface.cpp:1[m[K:
[01m[K/home/gkasha/Documents/maae/src/auction/src/execution_interface.cpp:[m[K In function â€˜[01m[Kvoid action_dispatch_cb(ma_interfaces::msg::ActionDispatch)[m[Kâ€™:
[01m[K/home/gkasha/Documents/maae/src/auction/src/execution_interface.cpp:8:17:[m[K [01;31m[Kerror: [m[Kinvalid use of â€˜[01m[Kthis[m[Kâ€™ in non-member function
    8 |     RCLCPP_INFO([01;31m[Kthis[m[K->get_logger(), "Added action to map: %s", a_node->to_string().c_str());
      |                 [01;31m[K^~~~[m[K
[01m[K/home/gkasha/Documents/maae/src/auction/src/execution_interface.cpp:8:17:[m[K [01;31m[Kerror: [m[Kinvalid use of â€˜[01m[Kthis[m[Kâ€™ in non-member function
[01m[K/home/gkasha/Documents/maae/src/auction/src/execution_interface.cpp:8:5:[m[K [01;31m[Kerror: [m[Ktemplate argument 1 is invalid
    8 |     [01;31m[KRCLCPP_INFO[m[K(this->get_logger(), "Added action to map: %s", a_node->to_string().c_str());
      |     [01;31m[K^~~~~~~~~~~[m[K
[01m[K/home/gkasha/Documents/maae/src/auction/src/execution_interface.cpp:8:5:[m[K [01;31m[Kerror: [m[Kâ€˜[01m[K<declaration error>[m[Kâ€™ is not a template [[01;31m[K]8;;https://gcc.gnu.org/onlinedocs/gcc/Warning-Options.html#index-fpermissive-fpermissive]8;;[m[K]
    8 |     [01;31m[KRCLCPP_INFO[m[K(this->get_logger(), "Added action to map: %s", a_node->to_string().c_str());
      |     [01;31m[K^~~~~~~~~~~[m[K
[01m[K/home/gkasha/Documents/maae/src/auction/src/execution_interface.cpp:8:5:[m[K [01;31m[Kerror: [m[Ktemplate argument 1 is invalid
    8 |     [01;31m[KRCLCPP_INFO[m[K(this->get_logger(), "Added action to map: %s", a_node->to_string().c_str());
      |     [01;31m[K^~~~~~~~~~~[m[K
[01m[K/home/gkasha/Documents/maae/src/auction/src/execution_interface.cpp:8:5:[m[K [01;31m[Kerror: [m[Kâ€˜[01m[K<declaration error>[m[Kâ€™ is not a template [[01;31m[K]8;;https://gcc.gnu.org/onlinedocs/gcc/Warning-Options.html#index-fpermissive-fpermissive]8;;[m[K]
    8 |     [01;31m[KRCLCPP_INFO[m[K(this->get_logger(), "Added action to map: %s", a_node->to_string().c_str());
      |     [01;31m[K^~~~~~~~~~~[m[K
[01m[K/home/gkasha/Documents/maae/src/auction/src/execution_interface.cpp:8:5:[m[K [01;31m[Kerror: [m[Ktemplate argument 1 is invalid
    8 |     [01;31m[KRCLCPP_INFO[m[K(this->get_logger(), "Added action to map: %s", a_node->to_string().c_str());
      |     [01;31m[K^~~~~~~~~~~[m[K
In file included from [01m[K/home/gkasha/ros2_humble/build/rclcpp/include/rclcpp/logging.hpp:24[m[K,
                 from [01m[K/home/gkasha/ros2_humble/install/rclcpp/include/rclcpp/rclcpp/client.hpp:40[m[K,
                 from [01m[K/home/gkasha/ros2_humble/install/rclcpp/include/rclcpp/rclcpp/callback_group.hpp:24[m[K,
                 from [01m[K/home/gkasha/ros2_humble/install/rclcpp/include/rclcpp/rclcpp/any_executable.hpp:20[m[K,
                 from [01m[K/home/gkasha/ros2_humble/install/rclcpp/include/rclcpp/rclcpp/memory_strategy.hpp:25[m[K,
                 from [01m[K/home/gkasha/ros2_humble/install/rclcpp/include/rclcpp/rclcpp/memory_strategies.hpp:18[m[K,
                 from [01m[K/home/gkasha/ros2_humble/install/rclcpp/include/rclcpp/rclcpp/executor_options.hpp:20[m[K,
                 from [01m[K/home/gkasha/ros2_humble/install/rclcpp/include/rclcpp/rclcpp/executor.hpp:37[m[K,
                 from [01m[K/home/gkasha/ros2_humble/install/rclcpp/include/rclcpp/rclcpp/executors/multi_threaded_executor.hpp:25[m[K,
                 from [01m[K/home/gkasha/ros2_humble/install/rclcpp/include/rclcpp/rclcpp/executors.hpp:21[m[K,
                 from [01m[K/home/gkasha/ros2_humble/install/rclcpp/include/rclcpp/rclcpp/rclcpp.hpp:155[m[K,
                 from [01m[K/home/gkasha/Documents/maae/src/auction/include/auction/execution_interface.hpp:5[m[K,
                 from [01m[K/home/gkasha/Documents/maae/src/auction/src/execution_interface.cpp:1[m[K:
[01m[K/home/gkasha/Documents/maae/src/auction/src/execution_interface.cpp:8:17:[m[K [01;31m[Kerror: [m[Kinvalid use of â€˜[01m[Kthis[m[Kâ€™ in non-member function
    8 |     RCLCPP_INFO([01;31m[Kthis[m[K->get_logger(), "Added action to map: %s", a_node->to_string().c_str());
      |                 [01;31m[K^~~~[m[K
[01m[K/home/gkasha/Documents/maae/src/auction/src/execution_interface.cpp:8:17:[m[K [01;31m[Kerror: [m[Kinvalid use of â€˜[01m[Kthis[m[Kâ€™ in non-member function
    8 |     RCLCPP_INFO([01;31m[Kthis[m[K->get_logger(), "Added action to map: %s", a_node->to_string().c_str());
      |                 [01;31m[K^~~~[m[K
gmake[2]: *** [CMakeFiles/execution_interface.dir/build.make:76: CMakeFiles/execution_interface.dir/src/execution_interface.cpp.o] Error 1
gmake[1]: *** [CMakeFiles/Makefile2:143: CMakeFiles/execution_interface.dir/all] Error 2
gmake: *** [Makefile:146: all] Error 2
