[0.061s] Invoking command in '/home/gkasha/Documents/maae/build/auction': AMENT_PREFIX_PATH=/home/gkasha/Documents/maae/install/ma_interfaces:${AMENT_PREFIX_PATH} CMAKE_PREFIX_PATH=/home/gkasha/Documents/maae/install/ma_interfaces:/home/gkasha/ros2_humble/install/rosbag2_storage_mcap:/home/gkasha/ros2_humble/install/rosbag2:/home/gkasha/ros2_humble/install/rosbag2_compression_zstd:/home/gkasha/ros2_humble/install/mcap_vendor:/home/gkasha/ros2_humble/install/zstd_vendor:/home/gkasha/ros2_humble/install/rviz_visual_testing_framework:/home/gkasha/ros2_humble/install/rviz2:/home/gkasha/ros2_humble/install/rviz_default_plugins:/home/gkasha/ros2_humble/install/rviz_common:/home/gkasha/ros2_humble/install/rosbag2_py:/home/gkasha/ros2_humble/install/rosbag2_transport:/home/gkasha/ros2_humble/install/rosbag2_performance_benchmarking:/home/gkasha/ros2_humble/install/rosbag2_compression:/home/gkasha/ros2_humble/install/rosbag2_cpp:/home/gkasha/ros2_humble/install/rosbag2_storage_default_plugins:/home/gkasha/ros2_humble/install/rosbag2_storage:/home/gkasha/ros2_humble/install/image_common:/home/gkasha/ros2_humble/install/camera_info_manager:/home/gkasha/ros2_humble/install/camera_calibration_parsers:/home/gkasha/ros2_humble/install/yaml_cpp_vendor:/home/gkasha/ros2_humble/install/interactive_markers:/home/gkasha/ros2_humble/install/common_interfaces:/home/gkasha/ros2_humble/install/visualization_msgs:/home/gkasha/ros2_humble/install/dummy_robot_bringup:/home/gkasha/ros2_humble/install/robot_state_publisher:/home/gkasha/ros2_humble/install/kdl_parser:/home/gkasha/ros2_humble/install/urdf:/home/gkasha/ros2_humble/install/urdfdom:/home/gkasha/ros2_humble/install/urdf_parser_plugin:/home/gkasha/ros2_humble/install/urdfdom_headers:/home/gkasha/ros2_humble/install/turtlesim:/home/gkasha/ros2_humble/install/geometry2:/home/gkasha/ros2_humble/install/tf2_sensor_msgs:/home/gkasha/ros2_humble/install/test_tf2:/home/gkasha/ros2_humble/install/tf2_kdl:/home/gkasha/ros2_humble/install/tf2_geometry_msgs:/home/gkasha/ros2_humble/install/tf2_eigen:/home/gkasha/ros2_humble/install/tf2_bullet:/home/gkasha/ros2_humble/install/tf2_ros:/home/gkasha/ros2_humble/install/tf2_py:/home/gkasha/ros2_humble/install/tf2_msgs:/home/gkasha/ros2_humble/install/test_msgs:/home/gkasha/ros2_humble/install/sros2_cmake:/home/gkasha/ros2_humble/install/ros2cli_common_extensions:/home/gkasha/ros2_humble/install/rqt_py_common:/home/gkasha/ros2_humble/install/ros_testing:/home/gkasha/ros2_humble/install/ros2cli_test_interfaces:/home/gkasha/ros2_humble/install/quality_of_service_demo_cpp:/home/gkasha/ros2_humble/install/image_transport:/home/gkasha/ros2_humble/install/message_filters:/home/gkasha/ros2_humble/install/demo_nodes_cpp:/home/gkasha/ros2_humble/install/composition:/home/gkasha/ros2_humble/install/laser_geometry:/home/gkasha/ros2_humble/install/rclpy:/home/gkasha/ros2_humble/install/examples_rclcpp_minimal_action_server:/home/gkasha/ros2_humble/install/examples_rclcpp_minimal_action_client:/home/gkasha/ros2_humble/install/action_tutorials_cpp:/home/gkasha/ros2_humble/install/rclcpp_action:/home/gkasha/ros2_humble/install/rcl_action:/home/gkasha/ros2_humble/install/examples_rclcpp_wait_set:/home/gkasha/ros2_humble/install/examples_rclcpp_minimal_service:/home/gkasha/ros2_humble/install/examples_rclcpp_minimal_client:/home/gkasha/ros2_humble/install/examples_rclcpp_async_client:/home/gkasha/ros2_humble/install/example_interfaces:/home/gkasha/ros2_humble/install/action_tutorials_interfaces:/home/gkasha/ros2_humble/install/action_msgs:/home/gkasha/ros2_humble/install/unique_identifier_msgs:/home/gkasha/ros2_humble/install/ament_lint_common:/home/gkasha/ros2_humble/install/ament_cmake_uncrustify:/home/gkasha/ros2_humble/install/uncrustify_vendor:/home/gkasha/ros2_humble/install/trajectory_msgs:/home/gkasha/ros2_humble/install/topic_statistics_demo:/home/gkasha/ros2_humble/install/pendulum_control:/home/gkasha/ros2_humble/install/tlsf_cpp:/home/gkasha/ros2_humble/install/test_tracetools:/home/gkasha/ros2_humble/install/rqt_gui_cpp:/home/gkasha/ros2_humble/install/rosbag2_test_common:/home/gkasha/ros2_humble/install/ros2lifecycle_test_fixtures:/home/gkasha/ros2_humble/install/lifecycle:/home/gkasha/ros2_humble/install/rclcpp_lifecycle:/home/gkasha/ros2_humble/install/logging_demo:/home/gkasha/ros2_humble/install/image_tools:/home/gkasha/ros2_humble/install/examples_rclcpp_minimal_subscriber:/home/gkasha/ros2_humble/install/examples_rclcpp_minimal_composition:/home/gkasha/ros2_humble/install/demo_nodes_cpp_native:/home/gkasha/ros2_humble/install/rclcpp_components:/home/gkasha/ros2_humble/install/intra_process_demo:/home/gkasha/ros2_humble/install/examples_rclcpp_multithreaded_executor:/home/gkasha/ros2_humble/install/examples_rclcpp_minimal_timer:/home/gkasha/ros2_humble/install/examples_rclcpp_minimal_publisher:/home/gkasha/ros2_humble/install/examples_rclcpp_cbg_executor:/home/gkasha/ros2_humble/install/dummy_sensors:/home/gkasha/ros2_humble/install/dummy_map_server:/home/gkasha/ros2_humble/install/rclcpp:/home/gkasha/ros2_humble/install/rcl_lifecycle:/home/gkasha/ros2_humble/install/libstatistics_collector:/home/gkasha/ros2_humble/install/rcl:/home/gkasha/ros2_humble/install/rmw_implementation:/home/gkasha/ros2_humble/install/rmw_fastrtps_dynamic_cpp:/home/gkasha/ros2_humble/install/rmw_fastrtps_cpp:/home/gkasha/ros2_humble/install/rmw_fastrtps_shared_cpp:/home/gkasha/ros2_humble/install/rmw_cyclonedds_cpp:/home/gkasha/ros2_humble/install/tracetools:/home/gkasha/ros2_humble/install/tlsf:/home/gkasha/ros2_humble/install/tinyxml_vendor:/home/gkasha/ros2_humble/install/qt_gui_core:/home/gkasha/ros2_humble/install/qt_gui_cpp:/home/gkasha/ros2_humble/install/pluginlib:/home/gkasha/ros2_humble/install/tinyxml2_vendor:/home/gkasha/ros2_humble/install/tf2_eigen_kdl:/home/gkasha/ros2_humble/install/tf2:/home/gkasha/ros2_humble/install/test_security:/home/gkasha/ros2_humble/install/test_rmw_implementation:/home/gkasha/ros2_humble/install/test_rclcpp:/home/gkasha/ros2_humble/install/test_quality_of_service:/home/gkasha/ros2_humble/install/test_launch_testing:/home/gkasha/ros2_humble/install/test_interface_files:/home/gkasha/ros2_humble/install/test_communication:/home/gkasha/ros2_humble/install/test_cli_remapping:/home/gkasha/ros2_humble/install/test_cli:/home/gkasha/ros2_humble/install/qt_gui_app:/home/gkasha/ros2_humble/install/qt_gui:/home/gkasha/ros2_humble/install/tango_icons_vendor:/home/gkasha/ros2_humble/install/stereo_msgs:/home/gkasha/ros2_humble/install/std_srvs:/home/gkasha/ros2_humble/install/shape_msgs:/home/gkasha/ros2_humble/install/map_msgs:/home/gkasha/ros2_humble/install/sensor_msgs:/home/gkasha/ros2_humble/install/nav_msgs:/home/gkasha/ros2_humble/install/diagnostic_msgs:/home/gkasha/ros2_humble/install/geometry_msgs:/home/gkasha/ros2_humble/install/actionlib_msgs:/home/gkasha/ros2_humble/install/std_msgs:/home/gkasha/ros2_humble/install/statistics_msgs:/home/gkasha/ros2_humble/install/sqlite3_vendor:/home/gkasha/ros2_humble/install/rcl_logging_spdlog:/home/gkasha/ros2_humble/install/spdlog_vendor:/home/gkasha/ros2_humble/install/shared_queues_vendor:/home/gkasha/ros2_humble/install/rviz_rendering_tests:/home/gkasha/ros2_humble/install/rviz_rendering:/home/gkasha/ros2_humble/install/rviz_ogre_vendor:/home/gkasha/ros2_humble/install/rviz_assimp_vendor:/home/gkasha/ros2_humble/install/rttest:/home/gkasha/ros2_humble/install/rmw_connextddsmicro:/home/gkasha/ros2_humble/install/rmw_connextdds:/home/gkasha/ros2_humble/install/rmw_connextdds_common:/home/gkasha/ros2_humble/install/rti_connext_dds_cmake_module:/home/gkasha/ros2_humble/install/rosgraph_msgs:/home/gkasha/ros2_humble/install/rosbag2_interfaces:/home/gkasha/ros2_humble/install/rmw_dds_common:/home/gkasha/ros2_humble/install/composition_interfaces:/home/gkasha/ros2_humble/install/rcl_interfaces:/home/gkasha/ros2_humble/install/pendulum_msgs:/home/gkasha/ros2_humble/install/lifecycle_msgs:/home/gkasha/ros2_humble/install/builtin_interfaces:/home/gkasha/ros2_humble/install/rosidl_default_runtime:/home/gkasha/ros2_humble/install/rosidl_default_generators:/home/gkasha/ros2_humble/install/rosidl_generator_py:/home/gkasha/ros2_humble/install/rosidl_typesupport_introspection_tests:/home/gkasha/ros2_humble/install/rosidl_typesupport_cpp:/home/gkasha/ros2_humble/install/rosidl_typesupport_introspection_cpp:/home/gkasha/ros2_humble/install/rosidl_typesupport_c:/home/gkasha/ros2_humble/install/rosidl_typesupport_introspection_c:/home/gkasha/ros2_humble/install/rosidl_typesupport_fastrtps_c:/home/gkasha/ros2_humble/install/rosidl_typesupport_fastrtps_cpp:/home/gkasha/ros2_humble/install/rosidl_generator_cpp:/home/gkasha/ros2_humble/install/rosidl_runtime_cpp:/home/gkasha/ros2_humble/install/rcl_yaml_param_parser:/home/gkasha/ros2_humble/install/rmw:/home/gkasha/ros2_humble/install/rosidl_runtime_c:/home/gkasha/ros2_humble/install/rosidl_generator_c:/home/gkasha/ros2_humble/install/rosidl_typesupport_interface:/home/gkasha/ros2_humble/install/rosidl_generator_dds_idl:/home/gkasha/ros2_humble/install/rosidl_cmake:/home/gkasha/ros2_humble/install/rosidl_parser:/home/gkasha/ros2_humble/install/rosidl_adapter:/home/gkasha/ros2_humble/install/rosbag2_tests:/home/gkasha/ros2_humble/install/rosbag2_storage_mcap_testdata:/home/gkasha/ros2_humble/install/ros_environment:/home/gkasha/ros2_humble/install/rmw_implementation_cmake:/home/gkasha/ros2_humble/install/resource_retriever:/home/gkasha/ros2_humble/install/class_loader:/home/gkasha/ros2_humble/install/rcpputils:/home/gkasha/ros2_humble/install/rcl_logging_noop:/home/gkasha/ros2_humble/install/rcl_logging_interface:/home/gkasha/ros2_humble/install/rcutils:/home/gkasha/ros2_humble/install/qt_gui_py_common:/home/gkasha/ros2_humble/install/qt_dotgraph:/home/gkasha/ros2_humble/install/python_qt_binding:/home/gkasha/ros2_humble/install/python_orocos_kdl_vendor:/home/gkasha/ros2_humble/install/launch_testing_ament_cmake:/home/gkasha/ros2_humble/install/python_cmake_module:/home/gkasha/ros2_humble/install/pybind11_vendor:/home/gkasha/ros2_humble/install/performance_test_fixture:/home/gkasha/ros2_humble/install/osrf_testing_tools_cpp:/home/gkasha/ros2_humble/install/orocos_kdl_vendor:/home/gkasha/ros2_humble/install/mimick_vendor:/home/gkasha/ros2_humble/install/libyaml_vendor:/home/gkasha/ros2_humble/install/libcurl_vendor:/home/gkasha/ros2_humble/install/keyboard_handler:/home/gkasha/ros2_humble/install/cyclonedds:/home/gkasha/ros2_humble/install/iceoryx_posh:/home/gkasha/ros2_humble/install/iceoryx_hoofs:/home/gkasha/ros2_humble/install/iceoryx_binding_c:/home/gkasha/ros2_humble/install/ament_cmake_ros:/home/gkasha/ros2_humble/install/ament_cmake_gmock:/home/gkasha/ros2_humble/install/gmock_vendor:/home/gkasha/ros2_humble/install/ament_cmake_auto:/home/gkasha/ros2_humble/install/ament_cmake_gtest:/home/gkasha/ros2_humble/install/gtest_vendor:/home/gkasha/ros2_humble/install/ament_cmake_google_benchmark:/home/gkasha/ros2_humble/install/google_benchmark_vendor:/home/gkasha/ros2_humble/install/fastrtps:/home/gkasha/ros2_humble/install/foonathan_memory_vendor:/home/gkasha/ros2_humble/install/fastrtps_cmake_module:/home/gkasha/ros2_humble/install/fastcdr:/home/gkasha/ros2_humble/install/eigen3_cmake_module:/home/gkasha/ros2_humble/install/console_bridge_vendor:/home/gkasha/ros2_humble/install/ament_cmake_xmllint:/home/gkasha/ros2_humble/install/ament_cmake_pyflakes:/home/gkasha/ros2_humble/install/ament_cmake_pycodestyle:/home/gkasha/ros2_humble/install/ament_cmake_pep257:/home/gkasha/ros2_humble/install/ament_cmake_pclint:/home/gkasha/ros2_humble/install/ament_lint_auto:/home/gkasha/ros2_humble/install/ament_cmake:/home/gkasha/ros2_humble/install/ament_cmake_version:/home/gkasha/ros2_humble/install/ament_cmake_pytest:/home/gkasha/ros2_humble/install/ament_cmake_nose:/home/gkasha/ros2_humble/install/ament_cmake_mypy:/home/gkasha/ros2_humble/install/ament_cmake_lint_cmake:/home/gkasha/ros2_humble/install/ament_cmake_flake8:/home/gkasha/ros2_humble/install/ament_cmake_cpplint:/home/gkasha/ros2_humble/install/ament_cmake_cppcheck:/home/gkasha/ros2_humble/install/ament_cmake_copyright:/home/gkasha/ros2_humble/install/ament_cmake_clang_tidy:/home/gkasha/ros2_humble/install/ament_cmake_clang_format:/home/gkasha/ros2_humble/install/ament_cmake_test:/home/gkasha/ros2_humble/install/ament_cmake_target_dependencies:/home/gkasha/ros2_humble/install/ament_cmake_python:/home/gkasha/ros2_humble/install/ament_cmake_export_dependencies:/home/gkasha/ros2_humble/install/ament_cmake_libraries:/home/gkasha/ros2_humble/install/ament_cmake_include_directories:/home/gkasha/ros2_humble/install/ament_cmake_gen_version_h:/home/gkasha/ros2_humble/install/ament_cmake_export_targets:/home/gkasha/ros2_humble/install/ament_cmake_export_link_flags:/home/gkasha/ros2_humble/install/ament_cmake_export_interfaces:/home/gkasha/ros2_humble/install/ament_cmake_export_libraries:/home/gkasha/ros2_humble/install/ament_cmake_export_include_directories:/home/gkasha/ros2_humble/install/ament_cmake_export_definitions:/home/gkasha/ros2_humble/install/ament_cmake_core:/home/gkasha/ros2_humble/install/ament_index_cpp:/home/gkasha/ros2_humble/install/rqt_bag_plugins:/home/gkasha/ros2_humble/install/rqt_bag:/home/gkasha/ros2_humble/install/ros2bag:/home/gkasha/ros2_humble/install/tracetools_test:/home/gkasha/ros2_humble/install/tracetools_launch:/home/gkasha/ros2_humble/install/topic_monitor:/home/gkasha/ros2_humble/install/tf2_tools:/home/gkasha/ros2_humble/install/examples_tf2_py:/home/gkasha/ros2_humble/install/tf2_ros_py:/home/gkasha/ros2_humble/install/sros2:/home/gkasha/ros2_humble/install/rqt_topic:/home/gkasha/ros2_humble/install/rqt_srv:/home/gkasha/ros2_humble/install/rqt_shell:/home/gkasha/ros2_humble/install/rqt_service_caller:/home/gkasha/ros2_humble/install/rqt_reconfigure:/home/gkasha/ros2_humble/install/rqt_py_console:/home/gkasha/ros2_humble/install/rqt_publisher:/home/gkasha/ros2_humble/install/rqt_plot:/home/gkasha/ros2_humble/install/rqt_action:/home/gkasha/ros2_humble/install/rqt_msg:/home/gkasha/ros2_humble/install/rqt_console:/home/gkasha/ros2_humble/install/rqt:/home/gkasha/ros2_humble/install/rqt_graph:/home/gkasha/ros2_humble/install/rqt_gui_py:/home/gkasha/ros2_humble/install/rqt_gui:/home/gkasha/ros2_humble/install/ros2trace:/home/gkasha/ros2_humble/install/ros2topic:/home/gkasha/ros2_humble/install/ros2test:/home/gkasha/ros2_humble/install/ros2component:/home/gkasha/ros2_humble/install/ros2param:/home/gkasha/ros2_humble/install/ros2lifecycle:/home/gkasha/ros2_humble/install/ros2service:/home/gkasha/ros2_humble/install/ros2run:/home/gkasha/ros2_humble/install/ros2launch:/home/gkasha/ros2_humble/install/ros2pkg:/home/gkasha/ros2_humble/install/ros2node:/home/gkasha/ros2_humble/install/ros2multicast:/home/gkasha/ros2_humble/install/ros2interface:/home/gkasha/ros2_humble/install/ros2doctor:/home/gkasha/ros2_humble/install/ros2action:/home/gkasha/ros2_humble/install/ros2cli:/home/gkasha/ros2_humble/install/quality_of_service_demo_py:/home/gkasha/ros2_humble/install/lifecycle_py:/home/gkasha/ros2_humble/install/launch_testing_ros:/home/gkasha/ros2_humble/install/launch_ros:/home/gkasha/ros2_humble/install/examples_rclpy_pointcloud_publisher:/home/gkasha/ros2_humble/install/examples_rclpy_minimal_subscriber:/home/gkasha/ros2_humble/install/examples_rclpy_minimal_service:/home/gkasha/ros2_humble/install/examples_rclpy_minimal_publisher:/home/gkasha/ros2_humble/install/examples_rclpy_minimal_client:/home/gkasha/ros2_humble/install/examples_rclpy_minimal_action_server:/home/gkasha/ros2_humble/install/examples_rclpy_minimal_action_client:/home/gkasha/ros2_humble/install/examples_rclpy_guard_conditions:/home/gkasha/ros2_humble/install/examples_rclpy_executors:/home/gkasha/ros2_humble/install/demo_nodes_py:/home/gkasha/ros2_humble/install/action_tutorials_py:/home/gkasha/ros2_humble/install/ament_uncrustify:/home/gkasha/ros2_humble/install/tracetools_trace:/home/gkasha/ros2_humble/install/tracetools_read:/home/gkasha/ros2_humble/install/test_tracetools_launch:/home/gkasha/ros2_humble/install/test_launch_ros:/home/gkasha/ros2_humble/install/sensor_msgs_py:/home/gkasha/ros2_humble/install/rpyutils:/home/gkasha/ros2_humble/install/rosidl_runtime_py:/home/gkasha/ros2_humble/install/rosidl_cli:/home/gkasha/ros2_humble/install/launch_pytest:/home/gkasha/ros2_humble/install/launch_testing:/home/gkasha/ros2_humble/install/launch_yaml:/home/gkasha/ros2_humble/install/launch_xml:/home/gkasha/ros2_humble/install/launch:/home/gkasha/ros2_humble/install/osrf_pycommon:/home/gkasha/ros2_humble/install/launch_testing_examples:/home/gkasha/ros2_humble/install/domain_coordinator:/home/gkasha/ros2_humble/install/ament_xmllint:/home/gkasha/ros2_humble/install/ament_pyflakes:/home/gkasha/ros2_humble/install/ament_pycodestyle:/home/gkasha/ros2_humble/install/ament_pep257:/home/gkasha/ros2_humble/install/ament_pclint:/home/gkasha/ros2_humble/install/ament_package:/home/gkasha/ros2_humble/install/ament_mypy:/home/gkasha/ros2_humble/install/ament_lint_cmake:/home/gkasha/ros2_humble/install/ament_flake8:/home/gkasha/ros2_humble/install/ament_copyright:/home/gkasha/ros2_humble/install/ament_lint:/home/gkasha/ros2_humble/install/ament_index_python:/home/gkasha/ros2_humble/install/ament_cpplint:/home/gkasha/ros2_humble/install/ament_cppcheck:/home/gkasha/ros2_humble/install/ament_clang_tidy:/home/gkasha/ros2_humble/install/ament_clang_format LD_LIBRARY_PATH=/home/gkasha/Documents/maae/install/ma_interfaces/lib:${LD_LIBRARY_PATH} PYTHONPATH=/home/gkasha/Documents/maae/install/ma_interfaces/local/lib/python3.10/dist-packages:${PYTHONPATH} /usr/bin/cmake --build /home/gkasha/Documents/maae/build/auction -- -j4 -l4
[0.202s] [35m[1mConsolidate compiler generated dependencies of target execution_interface[0m
[0.243s] [ 22%] Built target goal_manager
[0.243s] [ 55%] Built target agent
[0.248s] [ 77%] Built target client
[0.248s] [ 88%] [32mBuilding CXX object CMakeFiles/execution_interface.dir/src/execution_interface.cpp.o[0m
[2.661s] In file included from [01m[K/home/gkasha/Documents/maae/src/auction/src/execution_interface.cpp:1[m[K:
[2.662s] [01m[K/home/gkasha/Documents/maae/src/auction/include/auction/execution_interface.hpp:[m[K In lambda function:
[2.662s] [01m[K/home/gkasha/Documents/maae/src/auction/include/auction/execution_interface.hpp:106:48:[m[K [01;31m[Kerror: [m[Kno match for â€˜[01m[Koperator>=[m[Kâ€™ (operand types are â€˜[01m[Kstd::chrono::duration<double>[m[Kâ€™ and â€˜[01m[Kfloat[m[Kâ€™)
[2.662s]   106 |                             if ([32m[Kexecution_span[m[K [01;31m[K>=[m[K [34m[Kaction->get_duration()[m[K) {
[2.662s]       |                                 [32m[K~~~~~~~~~~~~~~[m[K [01;31m[K^~[m[K [34m[K~~~~~~~~~~~~~~~~~~~~~~[m[K
[2.663s]       |                                 [32m[K|[m[K                                     [34m[K|[m[K
[2.663s]       |                                 [32m[Kstd::chrono::duration<double>[m[K         [34m[Kfloat[m[K
[2.664s] In file included from [01m[K/usr/include/c++/11/bits/stl_algobase.h:64[m[K,
[2.664s]                  from [01m[K/usr/include/c++/11/memory:63[m[K,
[2.664s]                  from [01m[K/home/gkasha/ros2_humble/install/rclcpp/include/rclcpp/rclcpp/rclcpp.hpp:153[m[K,
[2.664s]                  from [01m[K/home/gkasha/Documents/maae/src/auction/include/auction/execution_interface.hpp:5[m[K,
[2.665s]                  from [01m[K/home/gkasha/Documents/maae/src/auction/src/execution_interface.cpp:1[m[K:
[2.665s] [01m[K/usr/include/c++/11/bits/stl_pair.h:514:5:[m[K [01;36m[Knote: [m[Kcandidate: â€˜[01m[Ktemplate<class _T1, class _T2> constexpr bool std::operator>=(const std::pair<_T1, _T2>&, const std::pair<_T1, _T2>&)[m[Kâ€™
[2.666s]   514 |     [01;36m[Koperator[m[K>=(const pair<_T1, _T2>& __x, const pair<_T1, _T2>& __y)
[2.666s]       |     [01;36m[K^~~~~~~~[m[K
[2.666s] [01m[K/usr/include/c++/11/bits/stl_pair.h:514:5:[m[K [01;36m[Knote: [m[K  template argument deduction/substitution failed:
[2.666s] In file included from [01m[K/home/gkasha/Documents/maae/src/auction/src/execution_interface.cpp:1[m[K:
[2.666s] [01m[K/home/gkasha/Documents/maae/src/auction/include/auction/execution_interface.hpp:106:72:[m[K [01;36m[Knote: [m[K  â€˜[01m[Kstd::chrono::duration<double>[m[Kâ€™ is not derived from â€˜[01m[Kconst std::pair<_T1, _T2>[m[Kâ€™
[2.666s]   106 |                            if (execution_span >= action->get_duration([01;36m[K)[m[K) {
[2.666s]       |                                                                       [01;36m[K^[m[K
[2.666s] 
[2.667s] In file included from [01m[K/usr/include/c++/11/bits/stl_algobase.h:67[m[K,
[2.667s]                  from [01m[K/usr/include/c++/11/memory:63[m[K,
[2.667s]                  from [01m[K/home/gkasha/ros2_humble/install/rclcpp/include/rclcpp/rclcpp/rclcpp.hpp:153[m[K,
[2.667s]                  from [01m[K/home/gkasha/Documents/maae/src/auction/include/auction/execution_interface.hpp:5[m[K,
[2.667s]                  from [01m[K/home/gkasha/Documents/maae/src/auction/src/execution_interface.cpp:1[m[K:
[2.667s] [01m[K/usr/include/c++/11/bits/stl_iterator.h:449:5:[m[K [01;36m[Knote: [m[Kcandidate: â€˜[01m[Ktemplate<class _Iterator> constexpr bool std::operator>=(const std::reverse_iterator<_Iterator>&, const std::reverse_iterator<_Iterator>&)[m[Kâ€™
[2.667s]   449 |     [01;36m[Koperator[m[K>=(const reverse_iterator<_Iterator>& __x,
[2.668s]       |     [01;36m[K^~~~~~~~[m[K
[2.668s] [01m[K/usr/include/c++/11/bits/stl_iterator.h:449:5:[m[K [01;36m[Knote: [m[K  template argument deduction/substitution failed:
[2.668s] In file included from [01m[K/home/gkasha/Documents/maae/src/auction/src/execution_interface.cpp:1[m[K:
[2.668s] [01m[K/home/gkasha/Documents/maae/src/auction/include/auction/execution_interface.hpp:106:72:[m[K [01;36m[Knote: [m[K  â€˜[01m[Kstd::chrono::duration<double>[m[Kâ€™ is not derived from â€˜[01m[Kconst std::reverse_iterator<_Iterator>[m[Kâ€™
[2.668s]   106 |                            if (execution_span >= action->get_duration([01;36m[K)[m[K) {
[2.668s]       |                                                                       [01;36m[K^[m[K
[2.668s] 
[2.669s] In file included from [01m[K/usr/include/c++/11/bits/stl_algobase.h:67[m[K,
[2.669s]                  from [01m[K/usr/include/c++/11/memory:63[m[K,
[2.669s]                  from [01m[K/home/gkasha/ros2_humble/install/rclcpp/include/rclcpp/rclcpp/rclcpp.hpp:153[m[K,
[2.669s]                  from [01m[K/home/gkasha/Documents/maae/src/auction/include/auction/execution_interface.hpp:5[m[K,
[2.669s]                  from [01m[K/home/gkasha/Documents/maae/src/auction/src/execution_interface.cpp:1[m[K:
[2.669s] [01m[K/usr/include/c++/11/bits/stl_iterator.h:488:5:[m[K [01;36m[Knote: [m[Kcandidate: â€˜[01m[Ktemplate<class _IteratorL, class _IteratorR> constexpr bool std::operator>=(const std::reverse_iterator<_Iterator>&, const std::reverse_iterator<_IteratorR>&)[m[Kâ€™
[2.669s]   488 |     [01;36m[Koperator[m[K>=(const reverse_iterator<_IteratorL>& __x,
[2.669s]       |     [01;36m[K^~~~~~~~[m[K
[2.669s] [01m[K/usr/include/c++/11/bits/stl_iterator.h:488:5:[m[K [01;36m[Knote: [m[K  template argument deduction/substitution failed:
[2.669s] In file included from [01m[K/home/gkasha/Documents/maae/src/auction/src/execution_interface.cpp:1[m[K:
[2.669s] [01m[K/home/gkasha/Documents/maae/src/auction/include/auction/execution_interface.hpp:106:72:[m[K [01;36m[Knote: [m[K  â€˜[01m[Kstd::chrono::duration<double>[m[Kâ€™ is not derived from â€˜[01m[Kconst std::reverse_iterator<_Iterator>[m[Kâ€™
[2.669s]   106 |                            if (execution_span >= action->get_duration([01;36m[K)[m[K) {
[2.670s]       |                                                                       [01;36m[K^[m[K
[2.670s] 
[2.670s] In file included from [01m[K/usr/include/c++/11/bits/stl_algobase.h:67[m[K,
[2.670s]                  from [01m[K/usr/include/c++/11/memory:63[m[K,
[2.670s]                  from [01m[K/home/gkasha/ros2_humble/install/rclcpp/include/rclcpp/rclcpp/rclcpp.hpp:153[m[K,
[2.670s]                  from [01m[K/home/gkasha/Documents/maae/src/auction/include/auction/execution_interface.hpp:5[m[K,
[2.670s]                  from [01m[K/home/gkasha/Documents/maae/src/auction/src/execution_interface.cpp:1[m[K:
[2.670s] [01m[K/usr/include/c++/11/bits/stl_iterator.h:1584:5:[m[K [01;36m[Knote: [m[Kcandidate: â€˜[01m[Ktemplate<class _IteratorL, class _IteratorR> constexpr bool std::operator>=(const std::move_iterator<_IteratorL>&, const std::move_iterator<_IteratorR>&)[m[Kâ€™
[2.670s]  1584 |     [01;36m[Koperator[m[K>=(const move_iterator<_IteratorL>& __x,
[2.670s]       |     [01;36m[K^~~~~~~~[m[K
[2.670s] [01m[K/usr/include/c++/11/bits/stl_iterator.h:1584:5:[m[K [01;36m[Knote: [m[K  template argument deduction/substitution failed:
[2.670s] In file included from [01m[K/home/gkasha/Documents/maae/src/auction/src/execution_interface.cpp:1[m[K:
[2.670s] [01m[K/home/gkasha/Documents/maae/src/auction/include/auction/execution_interface.hpp:106:72:[m[K [01;36m[Knote: [m[K  â€˜[01m[Kstd::chrono::duration<double>[m[Kâ€™ is not derived from â€˜[01m[Kconst std::move_iterator<_IteratorL>[m[Kâ€™
[2.670s]   106 |                            if (execution_span >= action->get_duration([01;36m[K)[m[K) {
[2.670s]       |                                                                       [01;36m[K^[m[K
[2.671s] 
[2.671s] In file included from [01m[K/usr/include/c++/11/bits/stl_algobase.h:67[m[K,
[2.671s]                  from [01m[K/usr/include/c++/11/memory:63[m[K,
[2.671s]                  from [01m[K/home/gkasha/ros2_humble/install/rclcpp/include/rclcpp/rclcpp/rclcpp.hpp:153[m[K,
[2.671s]                  from [01m[K/home/gkasha/Documents/maae/src/auction/include/auction/execution_interface.hpp:5[m[K,
[2.671s]                  from [01m[K/home/gkasha/Documents/maae/src/auction/src/execution_interface.cpp:1[m[K:
[2.671s] [01m[K/usr/include/c++/11/bits/stl_iterator.h:1631:5:[m[K [01;36m[Knote: [m[Kcandidate: â€˜[01m[Ktemplate<class _Iterator> constexpr bool std::operator>=(const std::move_iterator<_IteratorL>&, const std::move_iterator<_IteratorL>&)[m[Kâ€™
[2.671s]  1631 |     [01;36m[Koperator[m[K>=(const move_iterator<_Iterator>& __x,
[2.671s]       |     [01;36m[K^~~~~~~~[m[K
[2.671s] [01m[K/usr/include/c++/11/bits/stl_iterator.h:1631:5:[m[K [01;36m[Knote: [m[K  template argument deduction/substitution failed:
[2.671s] In file included from [01m[K/home/gkasha/Documents/maae/src/auction/src/execution_interface.cpp:1[m[K:
[2.671s] [01m[K/home/gkasha/Documents/maae/src/auction/include/auction/execution_interface.hpp:106:72:[m[K [01;36m[Knote: [m[K  â€˜[01m[Kstd::chrono::duration<double>[m[Kâ€™ is not derived from â€˜[01m[Kconst std::move_iterator<_IteratorL>[m[Kâ€™
[2.671s]   106 |                            if (execution_span >= action->get_duration([01;36m[K)[m[K) {
[2.671s]       |                                                                       [01;36m[K^[m[K
[2.671s] 
[2.671s] In file included from [01m[K/usr/include/c++/11/tuple:39[m[K,
[2.671s]                  from [01m[K/usr/include/c++/11/bits/unique_ptr.h:37[m[K,
[2.671s]                  from [01m[K/usr/include/c++/11/memory:76[m[K,
[2.671s]                  from [01m[K/home/gkasha/ros2_humble/install/rclcpp/include/rclcpp/rclcpp/rclcpp.hpp:153[m[K,
[2.671s]                  from [01m[K/home/gkasha/Documents/maae/src/auction/include/auction/execution_interface.hpp:5[m[K,
[2.671s]                  from [01m[K/home/gkasha/Documents/maae/src/auction/src/execution_interface.cpp:1[m[K:
[2.672s] [01m[K/usr/include/c++/11/array:332:5:[m[K [01;36m[Knote: [m[Kcandidate: â€˜[01m[Ktemplate<class _Tp, long unsigned int _Nm> bool std::operator>=(const std::array<_Tp, _Nm>&, const std::array<_Tp, _Nm>&)[m[Kâ€™
[2.672s]   332 |     [01;36m[Koperator[m[K>=(const array<_Tp, _Nm>& __one, const array<_Tp, _Nm>& __two)
[2.672s]       |     [01;36m[K^~~~~~~~[m[K
[2.672s] [01m[K/usr/include/c++/11/array:332:5:[m[K [01;36m[Knote: [m[K  template argument deduction/substitution failed:
[2.672s] In file included from [01m[K/home/gkasha/Documents/maae/src/auction/src/execution_interface.cpp:1[m[K:
[2.672s] [01m[K/home/gkasha/Documents/maae/src/auction/include/auction/execution_interface.hpp:106:72:[m[K [01;36m[Knote: [m[K  â€˜[01m[Kstd::chrono::duration<double>[m[Kâ€™ is not derived from â€˜[01m[Kconst std::array<_Tp, _Nm>[m[Kâ€™
[2.672s]   106 |                            if (execution_span >= action->get_duration([01;36m[K)[m[K) {
[2.672s]       |                                                                       [01;36m[K^[m[K
[2.672s] 
[2.672s] In file included from [01m[K/usr/include/c++/11/bits/unique_ptr.h:37[m[K,
[2.672s]                  from [01m[K/usr/include/c++/11/memory:76[m[K,
[2.672s]                  from [01m[K/home/gkasha/ros2_humble/install/rclcpp/include/rclcpp/rclcpp/rclcpp.hpp:153[m[K,
[2.672s]                  from [01m[K/home/gkasha/Documents/maae/src/auction/include/auction/execution_interface.hpp:5[m[K,
[2.673s]                  from [01m[K/home/gkasha/Documents/maae/src/auction/src/execution_interface.cpp:1[m[K:
[2.673s] [01m[K/usr/include/c++/11/tuple:1601:5:[m[K [01;36m[Knote: [m[Kcandidate: â€˜[01m[Ktemplate<class ... _TElements, class ... _UElements> constexpr bool std::operator>=(const std::tuple<_Tps ...>&, const std::tuple<_UTypes ...>&)[m[Kâ€™
[2.673s]  1601 |     [01;36m[Koperator[m[K>=(const tuple<_TElements...>& __t,
[2.673s]       |     [01;36m[K^~~~~~~~[m[K
[2.673s] [01m[K/usr/include/c++/11/tuple:1601:5:[m[K [01;36m[Knote: [m[K  template argument deduction/substitution failed:
[2.673s] In file included from [01m[K/home/gkasha/Documents/maae/src/auction/src/execution_interface.cpp:1[m[K:
[2.673s] [01m[K/home/gkasha/Documents/maae/src/auction/include/auction/execution_interface.hpp:106:72:[m[K [01;36m[Knote: [m[K  â€˜[01m[Kstd::chrono::duration<double>[m[Kâ€™ is not derived from â€˜[01m[Kconst std::tuple<_Tps ...>[m[Kâ€™
[2.673s]   106 |                            if (execution_span >= action->get_duration([01;36m[K)[m[K) {
[2.673s]       |                                                                       [01;36m[K^[m[K
[2.673s] 
[2.674s] In file included from [01m[K/usr/include/c++/11/memory:76[m[K,
[2.674s]                  from [01m[K/home/gkasha/ros2_humble/install/rclcpp/include/rclcpp/rclcpp/rclcpp.hpp:153[m[K,
[2.674s]                  from [01m[K/home/gkasha/Documents/maae/src/auction/include/auction/execution_interface.hpp:5[m[K,
[2.674s]                  from [01m[K/home/gkasha/Documents/maae/src/auction/src/execution_interface.cpp:1[m[K:
[2.674s] [01m[K/usr/include/c++/11/bits/unique_ptr.h:872:5:[m[K [01;36m[Knote: [m[Kcandidate: â€˜[01m[Ktemplate<class _Tp, class _Dp, class _Up, class _Ep> bool std::operator>=(const std::unique_ptr<_Tp, _Dp>&, const std::unique_ptr<_Up, _Ep>&)[m[Kâ€™
[2.674s]   872 |     [01;36m[Koperator[m[K>=(const unique_ptr<_Tp, _Dp>& __x,
[2.674s]       |     [01;36m[K^~~~~~~~[m[K
[2.674s] [01m[K/usr/include/c++/11/bits/unique_ptr.h:872:5:[m[K [01;36m[Knote: [m[K  template argument deduction/substitution failed:
[2.675s] In file included from [01m[K/home/gkasha/Documents/maae/src/auction/src/execution_interface.cpp:1[m[K:
[2.675s] [01m[K/home/gkasha/Documents/maae/src/auction/include/auction/execution_interface.hpp:106:72:[m[K [01;36m[Knote: [m[K  â€˜[01m[Kstd::chrono::duration<double>[m[Kâ€™ is not derived from â€˜[01m[Kconst std::unique_ptr<_Tp, _Dp>[m[Kâ€™
[2.675s]   106 |                            if (execution_span >= action->get_duration([01;36m[K)[m[K) {
[2.675s]       |                                                                       [01;36m[K^[m[K
[2.675s] 
[2.675s] In file included from [01m[K/usr/include/c++/11/memory:76[m[K,
[2.675s]                  from [01m[K/home/gkasha/ros2_humble/install/rclcpp/include/rclcpp/rclcpp/rclcpp.hpp:153[m[K,
[2.675s]                  from [01m[K/home/gkasha/Documents/maae/src/auction/include/auction/execution_interface.hpp:5[m[K,
[2.676s]                  from [01m[K/home/gkasha/Documents/maae/src/auction/src/execution_interface.cpp:1[m[K:
[2.676s] [01m[K/usr/include/c++/11/bits/unique_ptr.h:879:5:[m[K [01;36m[Knote: [m[Kcandidate: â€˜[01m[Ktemplate<class _Tp, class _Dp> bool std::operator>=(const std::unique_ptr<_Tp, _Dp>&, std::nullptr_t)[m[Kâ€™
[2.676s]   879 |     [01;36m[Koperator[m[K>=(const unique_ptr<_Tp, _Dp>& __x, nullptr_t)
[2.676s]       |     [01;36m[K^~~~~~~~[m[K
[2.676s] [01m[K/usr/include/c++/11/bits/unique_ptr.h:879:5:[m[K [01;36m[Knote: [m[K  template argument deduction/substitution failed:
[2.676s] In file included from [01m[K/home/gkasha/Documents/maae/src/auction/src/execution_interface.cpp:1[m[K:
[2.676s] [01m[K/home/gkasha/Documents/maae/src/auction/include/auction/execution_interface.hpp:106:72:[m[K [01;36m[Knote: [m[K  â€˜[01m[Kstd::chrono::duration<double>[m[Kâ€™ is not derived from â€˜[01m[Kconst std::unique_ptr<_Tp, _Dp>[m[Kâ€™
[2.676s]   106 |                            if (execution_span >= action->get_duration([01;36m[K)[m[K) {
[2.676s]       |                                                                       [01;36m[K^[m[K
[2.677s] 
[2.677s] In file included from [01m[K/usr/include/c++/11/memory:76[m[K,
[2.677s]                  from [01m[K/home/gkasha/ros2_humble/install/rclcpp/include/rclcpp/rclcpp/rclcpp.hpp:153[m[K,
[2.677s]                  from [01m[K/home/gkasha/Documents/maae/src/auction/include/auction/execution_interface.hpp:5[m[K,
[2.677s]                  from [01m[K/home/gkasha/Documents/maae/src/auction/src/execution_interface.cpp:1[m[K:
[2.677s] [01m[K/usr/include/c++/11/bits/unique_ptr.h:885:5:[m[K [01;36m[Knote: [m[Kcandidate: â€˜[01m[Ktemplate<class _Tp, class _Dp> bool std::operator>=(std::nullptr_t, const std::unique_ptr<_Tp, _Dp>&)[m[Kâ€™
[2.677s]   885 |     [01;36m[Koperator[m[K>=(nullptr_t, const unique_ptr<_Tp, _Dp>& __x)
[2.677s]       |     [01;36m[K^~~~~~~~[m[K
[2.677s] [01m[K/usr/include/c++/11/bits/unique_ptr.h:885:5:[m[K [01;36m[Knote: [m[K  template argument deduction/substitution failed:
[2.678s] In file included from [01m[K/home/gkasha/Documents/maae/src/auction/src/execution_interface.cpp:1[m[K:
[2.678s] [01m[K/home/gkasha/Documents/maae/src/auction/include/auction/execution_interface.hpp:106:72:[m[K [01;36m[Knote: [m[K  mismatched types â€˜[01m[Kconst std::unique_ptr<_Tp, _Dp>[m[Kâ€™ and â€˜[01m[Kfloat[m[Kâ€™
[2.678s]   106 |                            if (execution_span >= action->get_duration([01;36m[K)[m[K) {
[2.678s]       |                                                                       [01;36m[K^[m[K
[2.678s] 
[2.678s] In file included from [01m[K/usr/include/c++/11/bits/shared_ptr.h:53[m[K,
[2.678s]                  from [01m[K/usr/include/c++/11/memory:77[m[K,
[2.679s]                  from [01m[K/home/gkasha/ros2_humble/install/rclcpp/include/rclcpp/rclcpp/rclcpp.hpp:153[m[K,
[2.679s]                  from [01m[K/home/gkasha/Documents/maae/src/auction/include/auction/execution_interface.hpp:5[m[K,
[2.679s]                  from [01m[K/home/gkasha/Documents/maae/src/auction/src/execution_interface.cpp:1[m[K:
[2.679s] [01m[K/usr/include/c++/11/bits/shared_ptr_base.h:1516:5:[m[K [01;36m[Knote: [m[Kcandidate: â€˜[01m[Ktemplate<class _Tp1, class _Tp2, __gnu_cxx::_Lock_policy _Lp> bool std::operator>=(const std::__shared_ptr<_Tp1, _Lp>&, const std::__shared_ptr<_Tp2, _Lp>&)[m[Kâ€™
[2.679s]  1516 |     [01;36m[Koperator[m[K>=(const __shared_ptr<_Tp1, _Lp>& __a,
[2.679s]       |     [01;36m[K^~~~~~~~[m[K
[2.680s] [01m[K/usr/include/c++/11/bits/shared_ptr_base.h:1516:5:[m[K [01;36m[Knote: [m[K  template argument deduction/substitution failed:
[2.680s] In file included from [01m[K/home/gkasha/Documents/maae/src/auction/src/execution_interface.cpp:1[m[K:
[2.680s] [01m[K/home/gkasha/Documents/maae/src/auction/include/auction/execution_interface.hpp:106:72:[m[K [01;36m[Knote: [m[K  â€˜[01m[Kstd::chrono::duration<double>[m[Kâ€™ is not derived from â€˜[01m[Kconst std::__shared_ptr<_Tp1, _Lp>[m[Kâ€™
[2.680s]   106 |                            if (execution_span >= action->get_duration([01;36m[K)[m[K) {
[2.680s]       |                                                                       [01;36m[K^[m[K
[2.680s] 
[2.680s] In file included from [01m[K/usr/include/c++/11/bits/shared_ptr.h:53[m[K,
[2.680s]                  from [01m[K/usr/include/c++/11/memory:77[m[K,
[2.680s]                  from [01m[K/home/gkasha/ros2_humble/install/rclcpp/include/rclcpp/rclcpp/rclcpp.hpp:153[m[K,
[2.680s]                  from [01m[K/home/gkasha/Documents/maae/src/auction/include/auction/execution_interface.hpp:5[m[K,
[2.680s]                  from [01m[K/home/gkasha/Documents/maae/src/auction/src/execution_interface.cpp:1[m[K:
[2.681s] [01m[K/usr/include/c++/11/bits/shared_ptr_base.h:1522:5:[m[K [01;36m[Knote: [m[Kcandidate: â€˜[01m[Ktemplate<class _Tp, __gnu_cxx::_Lock_policy _Lp> bool std::operator>=(const std::__shared_ptr<_Tp, _Lp>&, std::nullptr_t)[m[Kâ€™
[2.681s]  1522 |     [01;36m[Koperator[m[K>=(const __shared_ptr<_Tp, _Lp>& __a, nullptr_t) noexcept
[2.681s]       |     [01;36m[K^~~~~~~~[m[K
[2.681s] [01m[K/usr/include/c++/11/bits/shared_ptr_base.h:1522:5:[m[K [01;36m[Knote: [m[K  template argument deduction/substitution failed:
[2.681s] In file included from [01m[K/home/gkasha/Documents/maae/src/auction/src/execution_interface.cpp:1[m[K:
[2.681s] [01m[K/home/gkasha/Documents/maae/src/auction/include/auction/execution_interface.hpp:106:72:[m[K [01;36m[Knote: [m[K  â€˜[01m[Kstd::chrono::duration<double>[m[Kâ€™ is not derived from â€˜[01m[Kconst std::__shared_ptr<_Tp, _Lp>[m[Kâ€™
[2.681s]   106 |                            if (execution_span >= action->get_duration([01;36m[K)[m[K) {
[2.681s]       |                                                                       [01;36m[K^[m[K
[2.681s] 
[2.681s] In file included from [01m[K/usr/include/c++/11/bits/shared_ptr.h:53[m[K,
[2.681s]                  from [01m[K/usr/include/c++/11/memory:77[m[K,
[2.681s]                  from [01m[K/home/gkasha/ros2_humble/install/rclcpp/include/rclcpp/rclcpp/rclcpp.hpp:153[m[K,
[2.681s]                  from [01m[K/home/gkasha/Documents/maae/src/auction/include/auction/execution_interface.hpp:5[m[K,
[2.681s]                  from [01m[K/home/gkasha/Documents/maae/src/auction/src/execution_interface.cpp:1[m[K:
[2.681s] [01m[K/usr/include/c++/11/bits/shared_ptr_base.h:1527:5:[m[K [01;36m[Knote: [m[Kcandidate: â€˜[01m[Ktemplate<class _Tp, __gnu_cxx::_Lock_policy _Lp> bool std::operator>=(std::nullptr_t, const std::__shared_ptr<_Tp, _Lp>&)[m[Kâ€™
[2.681s]  1527 |     [01;36m[Koperator[m[K>=(nullptr_t, const __shared_ptr<_Tp, _Lp>& __a) noexcept
[2.682s]       |     [01;36m[K^~~~~~~~[m[K
[2.682s] [01m[K/usr/include/c++/11/bits/shared_ptr_base.h:1527:5:[m[K [01;36m[Knote: [m[K  template argument deduction/substitution failed:
[2.682s] In file included from [01m[K/home/gkasha/Documents/maae/src/auction/src/execution_interface.cpp:1[m[K:
[2.682s] [01m[K/home/gkasha/Documents/maae/src/auction/include/auction/execution_interface.hpp:106:72:[m[K [01;36m[Knote: [m[K  mismatched types â€˜[01m[Kconst std::__shared_ptr<_Tp, _Lp>[m[Kâ€™ and â€˜[01m[Kfloat[m[Kâ€™
[2.682s]   106 |                            if (execution_span >= action->get_duration([01;36m[K)[m[K) {
[2.682s]       |                                                                       [01;36m[K^[m[K
[2.682s] 
[2.683s] In file included from [01m[K/usr/include/c++/11/memory:77[m[K,
[2.683s]                  from [01m[K/home/gkasha/ros2_humble/install/rclcpp/include/rclcpp/rclcpp/rclcpp.hpp:153[m[K,
[2.683s]                  from [01m[K/home/gkasha/Documents/maae/src/auction/include/auction/execution_interface.hpp:5[m[K,
[2.683s]                  from [01m[K/home/gkasha/Documents/maae/src/auction/src/execution_interface.cpp:1[m[K:
[2.683s] [01m[K/usr/include/c++/11/bits/shared_ptr.h:553:5:[m[K [01;36m[Knote: [m[Kcandidate: â€˜[01m[Ktemplate<class _Tp, class _Up> bool std::operator>=(const std::shared_ptr<_Tp>&, const std::shared_ptr<_Tp>&)[m[Kâ€™
[2.683s]   553 |     [01;36m[Koperator[m[K>=(const shared_ptr<_Tp>& __a, const shared_ptr<_Up>& __b) noexcept
[2.683s]       |     [01;36m[K^~~~~~~~[m[K
[2.683s] [01m[K/usr/include/c++/11/bits/shared_ptr.h:553:5:[m[K [01;36m[Knote: [m[K  template argument deduction/substitution failed:
[2.684s] In file included from [01m[K/home/gkasha/Documents/maae/src/auction/src/execution_interface.cpp:1[m[K:
[2.684s] [01m[K/home/gkasha/Documents/maae/src/auction/include/auction/execution_interface.hpp:106:72:[m[K [01;36m[Knote: [m[K  â€˜[01m[Kstd::chrono::duration<double>[m[Kâ€™ is not derived from â€˜[01m[Kconst std::shared_ptr<_Tp>[m[Kâ€™
[2.684s]   106 |                            if (execution_span >= action->get_duration([01;36m[K)[m[K) {
[2.684s]       |                                                                       [01;36m[K^[m[K
[2.684s] 
[2.684s] In file included from [01m[K/usr/include/c++/11/memory:77[m[K,
[2.684s]                  from [01m[K/home/gkasha/ros2_humble/install/rclcpp/include/rclcpp/rclcpp/rclcpp.hpp:153[m[K,
[2.684s]                  from [01m[K/home/gkasha/Documents/maae/src/auction/include/auction/execution_interface.hpp:5[m[K,
[2.685s]                  from [01m[K/home/gkasha/Documents/maae/src/auction/src/execution_interface.cpp:1[m[K:
[2.685s] [01m[K/usr/include/c++/11/bits/shared_ptr.h:559:5:[m[K [01;36m[Knote: [m[Kcandidate: â€˜[01m[Ktemplate<class _Tp> bool std::operator>=(const std::shared_ptr<_Tp>&, std::nullptr_t)[m[Kâ€™
[2.685s]   559 |     [01;36m[Koperator[m[K>=(const shared_ptr<_Tp>& __a, nullptr_t) noexcept
[2.685s]       |     [01;36m[K^~~~~~~~[m[K
[2.685s] [01m[K/usr/include/c++/11/bits/shared_ptr.h:559:5:[m[K [01;36m[Knote: [m[K  template argument deduction/substitution failed:
[2.685s] In file included from [01m[K/home/gkasha/Documents/maae/src/auction/src/execution_interface.cpp:1[m[K:
[2.685s] [01m[K/home/gkasha/Documents/maae/src/auction/include/auction/execution_interface.hpp:106:72:[m[K [01;36m[Knote: [m[K  â€˜[01m[Kstd::chrono::duration<double>[m[Kâ€™ is not derived from â€˜[01m[Kconst std::shared_ptr<_Tp>[m[Kâ€™
[2.685s]   106 |                            if (execution_span >= action->get_duration([01;36m[K)[m[K) {
[2.685s]       |                                                                       [01;36m[K^[m[K
[2.685s] 
[2.685s] In file included from [01m[K/usr/include/c++/11/memory:77[m[K,
[2.685s]                  from [01m[K/home/gkasha/ros2_humble/install/rclcpp/include/rclcpp/rclcpp/rclcpp.hpp:153[m[K,
[2.685s]                  from [01m[K/home/gkasha/Documents/maae/src/auction/include/auction/execution_interface.hpp:5[m[K,
[2.685s]                  from [01m[K/home/gkasha/Documents/maae/src/auction/src/execution_interface.cpp:1[m[K:
[2.685s] [01m[K/usr/include/c++/11/bits/shared_ptr.h:565:5:[m[K [01;36m[Knote: [m[Kcandidate: â€˜[01m[Ktemplate<class _Tp> bool std::operator>=(std::nullptr_t, const std::shared_ptr<_Tp>&)[m[Kâ€™
[2.685s]   565 |     [01;36m[Koperator[m[K>=(nullptr_t, const shared_ptr<_Tp>& __a) noexcept
[2.685s]       |     [01;36m[K^~~~~~~~[m[K
[2.685s] [01m[K/usr/include/c++/11/bits/shared_ptr.h:565:5:[m[K [01;36m[Knote: [m[K  template argument deduction/substitution failed:
[2.686s] In file included from [01m[K/home/gkasha/Documents/maae/src/auction/src/execution_interface.cpp:1[m[K:
[2.686s] [01m[K/home/gkasha/Documents/maae/src/auction/include/auction/execution_interface.hpp:106:72:[m[K [01;36m[Knote: [m[K  mismatched types â€˜[01m[Kconst std::shared_ptr<_Tp>[m[Kâ€™ and â€˜[01m[Kfloat[m[Kâ€™
[2.686s]   106 |                            if (execution_span >= action->get_duration([01;36m[K)[m[K) {
[2.686s]       |                                                                       [01;36m[K^[m[K
[2.686s] 
[2.686s] In file included from [01m[K/usr/include/c++/11/bits/basic_string.h:48[m[K,
[2.686s]                  from [01m[K/usr/include/c++/11/string:55[m[K,
[2.686s]                  from [01m[K/usr/include/c++/11/stdexcept:39[m[K,
[2.686s]                  from [01m[K/usr/include/c++/11/system_error:41[m[K,
[2.686s]                  from [01m[K/usr/include/c++/11/mutex:42[m[K,
[2.686s]                  from [01m[K/usr/include/c++/11/future:38[m[K,
[2.686s]                  from [01m[K/home/gkasha/ros2_humble/install/rclcpp/include/rclcpp/rclcpp/executors.hpp:18[m[K,
[2.686s]                  from [01m[K/home/gkasha/ros2_humble/install/rclcpp/include/rclcpp/rclcpp/rclcpp.hpp:155[m[K,
[2.686s]                  from [01m[K/home/gkasha/Documents/maae/src/auction/include/auction/execution_interface.hpp:5[m[K,
[2.686s]                  from [01m[K/home/gkasha/Documents/maae/src/auction/src/execution_interface.cpp:1[m[K:
[2.686s] [01m[K/usr/include/c++/11/string_view:646:5:[m[K [01;36m[Knote: [m[Kcandidate: â€˜[01m[Ktemplate<class _CharT, class _Traits> constexpr bool std::operator>=(std::basic_string_view<_CharT, _Traits>, std::basic_string_view<_CharT, _Traits>)[m[Kâ€™
[2.686s]   646 |     [01;36m[Koperator[m[K>=(basic_string_view<_CharT, _Traits> __x,
[2.686s]       |     [01;36m[K^~~~~~~~[m[K
[2.686s] [01m[K/usr/include/c++/11/string_view:646:5:[m[K [01;36m[Knote: [m[K  template argument deduction/substitution failed:
[2.686s] In file included from [01m[K/home/gkasha/Documents/maae/src/auction/src/execution_interface.cpp:1[m[K:
[2.686s] [01m[K/home/gkasha/Documents/maae/src/auction/include/auction/execution_interface.hpp:106:72:[m[K [01;36m[Knote: [m[K  â€˜[01m[Kstd::chrono::duration<double>[m[Kâ€™ is not derived from â€˜[01m[Kstd::basic_string_view<_CharT, _Traits>[m[Kâ€™
[2.687s]   106 |                            if (execution_span >= action->get_duration([01;36m[K)[m[K) {
[2.687s]       |                                                                       [01;36m[K^[m[K
[2.687s] 
[2.687s] In file included from [01m[K/usr/include/c++/11/bits/basic_string.h:48[m[K,
[2.687s]                  from [01m[K/usr/include/c++/11/string:55[m[K,
[2.687s]                  from [01m[K/usr/include/c++/11/stdexcept:39[m[K,
[2.687s]                  from [01m[K/usr/include/c++/11/system_error:41[m[K,
[2.687s]                  from [01m[K/usr/include/c++/11/mutex:42[m[K,
[2.687s]                  from [01m[K/usr/include/c++/11/future:38[m[K,
[2.687s]                  from [01m[K/home/gkasha/ros2_humble/install/rclcpp/include/rclcpp/rclcpp/executors.hpp:18[m[K,
[2.687s]                  from [01m[K/home/gkasha/ros2_humble/install/rclcpp/include/rclcpp/rclcpp/rclcpp.hpp:155[m[K,
[2.687s]                  from [01m[K/home/gkasha/Documents/maae/src/auction/include/auction/execution_interface.hpp:5[m[K,
[2.687s]                  from [01m[K/home/gkasha/Documents/maae/src/auction/src/execution_interface.cpp:1[m[K:
[2.687s] [01m[K/usr/include/c++/11/string_view:652:5:[m[K [01;36m[Knote: [m[Kcandidate: â€˜[01m[Ktemplate<class _CharT, class _Traits> constexpr bool std::operator>=(std::basic_string_view<_CharT, _Traits>, std::__type_identity_t<std::basic_string_view<_CharT, _Traits> >)[m[Kâ€™
[2.688s]   652 |     [01;36m[Koperator[m[K>=(basic_string_view<_CharT, _Traits> __x,
[2.688s]       |     [01;36m[K^~~~~~~~[m[K
[2.688s] [01m[K/usr/include/c++/11/string_view:652:5:[m[K [01;36m[Knote: [m[K  template argument deduction/substitution failed:
[2.689s] In file included from [01m[K/home/gkasha/Documents/maae/src/auction/src/execution_interface.cpp:1[m[K:
[2.689s] [01m[K/home/gkasha/Documents/maae/src/auction/include/auction/execution_interface.hpp:106:72:[m[K [01;36m[Knote: [m[K  â€˜[01m[Kstd::chrono::duration<double>[m[Kâ€™ is not derived from â€˜[01m[Kstd::basic_string_view<_CharT, _Traits>[m[Kâ€™
[2.689s]   106 |                            if (execution_span >= action->get_duration([01;36m[K)[m[K) {
[2.689s]       |                                                                       [01;36m[K^[m[K
[2.689s] 
[2.689s] In file included from [01m[K/usr/include/c++/11/bits/basic_string.h:48[m[K,
[2.689s]                  from [01m[K/usr/include/c++/11/string:55[m[K,
[2.690s]                  from [01m[K/usr/include/c++/11/stdexcept:39[m[K,
[2.690s]                  from [01m[K/usr/include/c++/11/system_error:41[m[K,
[2.690s]                  from [01m[K/usr/include/c++/11/mutex:42[m[K,
[2.690s]                  from [01m[K/usr/include/c++/11/future:38[m[K,
[2.690s]                  from [01m[K/home/gkasha/ros2_humble/install/rclcpp/include/rclcpp/rclcpp/executors.hpp:18[m[K,
[2.690s]                  from [01m[K/home/gkasha/ros2_humble/install/rclcpp/include/rclcpp/rclcpp/rclcpp.hpp:155[m[K,
[2.690s]                  from [01m[K/home/gkasha/Documents/maae/src/auction/include/auction/execution_interface.hpp:5[m[K,
[2.690s]                  from [01m[K/home/gkasha/Documents/maae/src/auction/src/execution_interface.cpp:1[m[K:
[2.690s] [01m[K/usr/include/c++/11/string_view:659:5:[m[K [01;36m[Knote: [m[Kcandidate: â€˜[01m[Ktemplate<class _CharT, class _Traits> constexpr bool std::operator>=(std::__type_identity_t<std::basic_string_view<_CharT, _Traits> >, std::basic_string_view<_CharT, _Traits>)[m[Kâ€™
[2.690s]   659 |     [01;36m[Koperator[m[K>=(__type_identity_t<basic_string_view<_CharT, _Traits>> __x,
[2.690s]       |     [01;36m[K^~~~~~~~[m[K
[2.690s] [01m[K/usr/include/c++/11/string_view:659:5:[m[K [01;36m[Knote: [m[K  template argument deduction/substitution failed:
[2.691s] In file included from [01m[K/home/gkasha/Documents/maae/src/auction/src/execution_interface.cpp:1[m[K:
[2.691s] [01m[K/home/gkasha/Documents/maae/src/auction/include/auction/execution_interface.hpp:106:72:[m[K [01;36m[Knote: [m[K  mismatched types â€˜[01m[Kstd::basic_string_view<_CharT, _Traits>[m[Kâ€™ and â€˜[01m[Kfloat[m[Kâ€™
[2.691s]   106 |                            if (execution_span >= action->get_duration([01;36m[K)[m[K) {
[2.691s]       |                                                                       [01;36m[K^[m[K
[2.691s] 
[2.691s] In file included from [01m[K/usr/include/c++/11/string:55[m[K,
[2.691s]                  from [01m[K/usr/include/c++/11/stdexcept:39[m[K,
[2.691s]                  from [01m[K/usr/include/c++/11/system_error:41[m[K,
[2.691s]                  from [01m[K/usr/include/c++/11/mutex:42[m[K,
[2.691s]                  from [01m[K/usr/include/c++/11/future:38[m[K,
[2.691s]                  from [01m[K/home/gkasha/ros2_humble/install/rclcpp/include/rclcpp/rclcpp/executors.hpp:18[m[K,
[2.691s]                  from [01m[K/home/gkasha/ros2_humble/install/rclcpp/include/rclcpp/rclcpp/rclcpp.hpp:155[m[K,
[2.691s]                  from [01m[K/home/gkasha/Documents/maae/src/auction/include/auction/execution_interface.hpp:5[m[K,
[2.691s]                  from [01m[K/home/gkasha/Documents/maae/src/auction/src/execution_interface.cpp:1[m[K:
[2.691s] [01m[K/usr/include/c++/11/bits/basic_string.h:6454:5:[m[K [01;36m[Knote: [m[Kcandidate: â€˜[01m[Ktemplate<class _CharT, class _Traits, class _Alloc> bool std::operator>=(const std::__cxx11::basic_string<_CharT, _Traits, _Allocator>&, const std::__cxx11::basic_string<_CharT, _Traits, _Allocator>&)[m[Kâ€™
[2.691s]  6454 |     [01;36m[Koperator[m[K>=(const basic_string<_CharT, _Traits, _Alloc>& __lhs,
[2.691s]       |     [01;36m[K^~~~~~~~[m[K
[2.691s] [01m[K/usr/include/c++/11/bits/basic_string.h:6454:5:[m[K [01;36m[Knote: [m[K  template argument deduction/substitution failed:
[2.691s] In file included from [01m[K/home/gkasha/Documents/maae/src/auction/src/execution_interface.cpp:1[m[K:
[2.692s] [01m[K/home/gkasha/Documents/maae/src/auction/include/auction/execution_interface.hpp:106:72:[m[K [01;36m[Knote: [m[K  â€˜[01m[Kstd::chrono::duration<double>[m[Kâ€™ is not derived from â€˜[01m[Kconst std::__cxx11::basic_string<_CharT, _Traits, _Allocator>[m[Kâ€™
[2.692s]   106 |                            if (execution_span >= action->get_duration([01;36m[K)[m[K) {
[2.692s]       |                                                                       [01;36m[K^[m[K
[2.692s] 
[2.692s] In file included from [01m[K/usr/include/c++/11/string:55[m[K,
[2.692s]                  from [01m[K/usr/include/c++/11/stdexcept:39[m[K,
[2.692s]                  from [01m[K/usr/include/c++/11/system_error:41[m[K,
[2.692s]                  from [01m[K/usr/include/c++/11/mutex:42[m[K,
[2.692s]                  from [01m[K/usr/include/c++/11/future:38[m[K,
[2.692s]                  from [01m[K/home/gkasha/ros2_humble/install/rclcpp/include/rclcpp/rclcpp/executors.hpp:18[m[K,
[2.692s]                  from [01m[K/home/gkasha/ros2_humble/install/rclcpp/include/rclcpp/rclcpp/rclcpp.hpp:155[m[K,
[2.692s]                  from [01m[K/home/gkasha/Documents/maae/src/auction/include/auction/execution_interface.hpp:5[m[K,
[2.692s]                  from [01m[K/home/gkasha/Documents/maae/src/auction/src/execution_interface.cpp:1[m[K:
[2.692s] [01m[K/usr/include/c++/11/bits/basic_string.h:6467:5:[m[K [01;36m[Knote: [m[Kcandidate: â€˜[01m[Ktemplate<class _CharT, class _Traits, class _Alloc> bool std::operator>=(const std::__cxx11::basic_string<_CharT, _Traits, _Allocator>&, const _CharT*)[m[Kâ€™
[2.692s]  6467 |     [01;36m[Koperator[m[K>=(const basic_string<_CharT, _Traits, _Alloc>& __lhs,
[2.692s]       |     [01;36m[K^~~~~~~~[m[K
[2.692s] [01m[K/usr/include/c++/11/bits/basic_string.h:6467:5:[m[K [01;36m[Knote: [m[K  template argument deduction/substitution failed:
[2.692s] In file included from [01m[K/home/gkasha/Documents/maae/src/auction/src/execution_interface.cpp:1[m[K:
[2.693s] [01m[K/home/gkasha/Documents/maae/src/auction/include/auction/execution_interface.hpp:106:72:[m[K [01;36m[Knote: [m[K  â€˜[01m[Kstd::chrono::duration<double>[m[Kâ€™ is not derived from â€˜[01m[Kconst std::__cxx11::basic_string<_CharT, _Traits, _Allocator>[m[Kâ€™
[2.693s]   106 |                            if (execution_span >= action->get_duration([01;36m[K)[m[K) {
[2.693s]       |                                                                       [01;36m[K^[m[K
[2.693s] 
[2.693s] In file included from [01m[K/usr/include/c++/11/string:55[m[K,
[2.693s]                  from [01m[K/usr/include/c++/11/stdexcept:39[m[K,
[2.693s]                  from [01m[K/usr/include/c++/11/system_error:41[m[K,
[2.693s]                  from [01m[K/usr/include/c++/11/mutex:42[m[K,
[2.693s]                  from [01m[K/usr/include/c++/11/future:38[m[K,
[2.693s]                  from [01m[K/home/gkasha/ros2_humble/install/rclcpp/include/rclcpp/rclcpp/executors.hpp:18[m[K,
[2.693s]                  from [01m[K/home/gkasha/ros2_humble/install/rclcpp/include/rclcpp/rclcpp/rclcpp.hpp:155[m[K,
[2.693s]                  from [01m[K/home/gkasha/Documents/maae/src/auction/include/auction/execution_interface.hpp:5[m[K,
[2.693s]                  from [01m[K/home/gkasha/Documents/maae/src/auction/src/execution_interface.cpp:1[m[K:
[2.693s] [01m[K/usr/include/c++/11/bits/basic_string.h:6479:5:[m[K [01;36m[Knote: [m[Kcandidate: â€˜[01m[Ktemplate<class _CharT, class _Traits, class _Alloc> bool std::operator>=(const _CharT*, const std::__cxx11::basic_string<_CharT, _Traits, _Allocator>&)[m[Kâ€™
[2.693s]  6479 |     [01;36m[Koperator[m[K>=(const _CharT* __lhs,
[2.693s]       |     [01;36m[K^~~~~~~~[m[K
[2.693s] [01m[K/usr/include/c++/11/bits/basic_string.h:6479:5:[m[K [01;36m[Knote: [m[K  template argument deduction/substitution failed:
[2.693s] In file included from [01m[K/home/gkasha/Documents/maae/src/auction/src/execution_interface.cpp:1[m[K:
[2.693s] [01m[K/home/gkasha/Documents/maae/src/auction/include/auction/execution_interface.hpp:106:72:[m[K [01;36m[Knote: [m[K  mismatched types â€˜[01m[Kconst _CharT*[m[Kâ€™ and â€˜[01m[Kstd::chrono::duration<double>[m[Kâ€™
[2.693s]   106 |                            if (execution_span >= action->get_duration([01;36m[K)[m[K) {
[2.694s]       |                                                                       [01;36m[K^[m[K
[2.694s] 
[2.694s] In file included from [01m[K/usr/include/c++/11/set:61[m[K,
[2.694s]                  from [01m[K/home/gkasha/ros2_humble/install/rclcpp/include/rclcpp/rclcpp/executors/multi_threaded_executor.hpp:21[m[K,
[2.694s]                  from [01m[K/home/gkasha/ros2_humble/install/rclcpp/include/rclcpp/rclcpp/executors.hpp:21[m[K,
[2.694s]                  from [01m[K/home/gkasha/ros2_humble/install/rclcpp/include/rclcpp/rclcpp/rclcpp.hpp:155[m[K,
[2.694s]                  from [01m[K/home/gkasha/Documents/maae/src/auction/include/auction/execution_interface.hpp:5[m[K,
[2.694s]                  from [01m[K/home/gkasha/Documents/maae/src/auction/src/execution_interface.cpp:1[m[K:
[2.694s] [01m[K/usr/include/c++/11/bits/stl_set.h:1051:5:[m[K [01;36m[Knote: [m[Kcandidate: â€˜[01m[Ktemplate<class _Key, class _Compare, class _Alloc> bool std::operator>=(const std::set<_Key, _Compare, _Allocator>&, const std::set<_Key, _Compare, _Allocator>&)[m[Kâ€™
[2.694s]  1051 |     [01;36m[Koperator[m[K>=(const set<_Key, _Compare, _Alloc>& __x,
[2.695s]       |     [01;36m[K^~~~~~~~[m[K
[2.695s] [01m[K/usr/include/c++/11/bits/stl_set.h:1051:5:[m[K [01;36m[Knote: [m[K  template argument deduction/substitution failed:
[2.695s] In file included from [01m[K/home/gkasha/Documents/maae/src/auction/src/execution_interface.cpp:1[m[K:
[2.695s] [01m[K/home/gkasha/Documents/maae/src/auction/include/auction/execution_interface.hpp:106:72:[m[K [01;36m[Knote: [m[K  â€˜[01m[Kstd::chrono::duration<double>[m[Kâ€™ is not derived from â€˜[01m[Kconst std::set<_Key, _Compare, _Allocator>[m[Kâ€™
[2.695s]   106 |                            if (execution_span >= action->get_duration([01;36m[K)[m[K) {
[2.695s]       |                                                                       [01;36m[K^[m[K
[2.695s] 
[2.695s] In file included from [01m[K/usr/include/c++/11/set:62[m[K,
[2.695s]                  from [01m[K/home/gkasha/ros2_humble/install/rclcpp/include/rclcpp/rclcpp/executors/multi_threaded_executor.hpp:21[m[K,
[2.695s]                  from [01m[K/home/gkasha/ros2_humble/install/rclcpp/include/rclcpp/rclcpp/executors.hpp:21[m[K,
[2.695s]                  from [01m[K/home/gkasha/ros2_humble/install/rclcpp/include/rclcpp/rclcpp/rclcpp.hpp:155[m[K,
[2.695s]                  from [01m[K/home/gkasha/Documents/maae/src/auction/include/auction/execution_interface.hpp:5[m[K,
[2.695s]                  from [01m[K/home/gkasha/Documents/maae/src/auction/src/execution_interface.cpp:1[m[K:
[2.695s] [01m[K/usr/include/c++/11/bits/stl_multiset.h:1037:5:[m[K [01;36m[Knote: [m[Kcandidate: â€˜[01m[Ktemplate<class _Key, class _Compare, class _Alloc> bool std::operator>=(const std::multiset<_Key, _Compare, _Allocator>&, const std::multiset<_Key, _Compare, _Allocator>&)[m[Kâ€™
[2.696s]  1037 |     [01;36m[Koperator[m[K>=(const multiset<_Key, _Compare, _Alloc>& __x,
[2.696s]       |     [01;36m[K^~~~~~~~[m[K
[2.696s] [01m[K/usr/include/c++/11/bits/stl_multiset.h:1037:5:[m[K [01;36m[Knote: [m[K  template argument deduction/substitution failed:
[2.696s] In file included from [01m[K/home/gkasha/Documents/maae/src/auction/src/execution_interface.cpp:1[m[K:
[2.696s] [01m[K/home/gkasha/Documents/maae/src/auction/include/auction/execution_interface.hpp:106:72:[m[K [01;36m[Knote: [m[K  â€˜[01m[Kstd::chrono::duration<double>[m[Kâ€™ is not derived from â€˜[01m[Kconst std::multiset<_Key, _Compare, _Allocator>[m[Kâ€™
[2.696s]   106 |                            if (execution_span >= action->get_duration([01;36m[K)[m[K) {
[2.696s]       |                                                                       [01;36m[K^[m[K
[2.696s] 
[2.696s] In file included from [01m[K/usr/include/c++/11/vector:67[m[K,
[2.696s]                  from [01m[K/usr/include/c++/11/functional:62[m[K,
[2.696s]                  from [01m[K/usr/include/c++/11/pstl/glue_algorithm_defs.h:13[m[K,
[2.696s]                  from [01m[K/usr/include/c++/11/algorithm:74[m[K,
[2.696s]                  from [01m[K/home/gkasha/ros2_humble/install/rclcpp/include/rclcpp/rclcpp/executor.hpp:18[m[K,
[2.696s]                  from [01m[K/home/gkasha/ros2_humble/install/rclcpp/include/rclcpp/rclcpp/executors/multi_threaded_executor.hpp:25[m[K,
[2.696s]                  from [01m[K/home/gkasha/ros2_humble/install/rclcpp/include/rclcpp/rclcpp/executors.hpp:21[m[K,
[2.696s]                  from [01m[K/home/gkasha/ros2_humble/install/rclcpp/include/rclcpp/rclcpp/rclcpp.hpp:155[m[K,
[2.696s]                  from [01m[K/home/gkasha/Documents/maae/src/auction/include/auction/execution_interface.hpp:5[m[K,
[2.696s]                  from [01m[K/home/gkasha/Documents/maae/src/auction/src/execution_interface.cpp:1[m[K:
[2.696s] [01m[K/usr/include/c++/11/bits/stl_vector.h:1955:5:[m[K [01;36m[Knote: [m[Kcandidate: â€˜[01m[Ktemplate<class _Tp, class _Alloc> bool std::operator>=(const std::vector<_Tp, _Alloc>&, const std::vector<_Tp, _Alloc>&)[m[Kâ€™
[2.697s]  1955 |     [01;36m[Koperator[m[K>=(const vector<_Tp, _Alloc>& __x, const vector<_Tp, _Alloc>& __y)
[2.697s]       |     [01;36m[K^~~~~~~~[m[K
[2.697s] [01m[K/usr/include/c++/11/bits/stl_vector.h:1955:5:[m[K [01;36m[Knote: [m[K  template argument deduction/substitution failed:
[2.697s] In file included from [01m[K/home/gkasha/Documents/maae/src/auction/src/execution_interface.cpp:1[m[K:
[2.697s] [01m[K/home/gkasha/Documents/maae/src/auction/include/auction/execution_interface.hpp:106:72:[m[K [01;36m[Knote: [m[K  â€˜[01m[Kstd::chrono::duration<double>[m[Kâ€™ is not derived from â€˜[01m[Kconst std::vector<_Tp, _Alloc>[m[Kâ€™
[2.697s]   106 |                            if (execution_span >= action->get_duration([01;36m[K)[m[K) {
[2.697s]       |                                                                       [01;36m[K^[m[K
[2.697s] 
[2.697s] In file included from [01m[K/usr/include/c++/11/list:63[m[K,
[2.697s]                  from [01m[K/home/gkasha/ros2_humble/install/rclcpp/include/rclcpp/rclcpp/executor.hpp:23[m[K,
[2.697s]                  from [01m[K/home/gkasha/ros2_humble/install/rclcpp/include/rclcpp/rclcpp/executors/multi_threaded_executor.hpp:25[m[K,
[2.697s]                  from [01m[K/home/gkasha/ros2_humble/install/rclcpp/include/rclcpp/rclcpp/executors.hpp:21[m[K,
[2.697s]                  from [01m[K/home/gkasha/ros2_humble/install/rclcpp/include/rclcpp/rclcpp/rclcpp.hpp:155[m[K,
[2.697s]                  from [01m[K/home/gkasha/Documents/maae/src/auction/include/auction/execution_interface.hpp:5[m[K,
[2.697s]                  from [01m[K/home/gkasha/Documents/maae/src/auction/src/execution_interface.cpp:1[m[K:
[2.697s] [01m[K/usr/include/c++/11/bits/stl_list.h:2075:5:[m[K [01;36m[Knote: [m[Kcandidate: â€˜[01m[Ktemplate<class _Tp, class _Alloc> bool std::operator>=(const std::__cxx11::list<_Tp, _Alloc>&, const std::__cxx11::list<_Tp, _Alloc>&)[m[Kâ€™
[2.697s]  2075 |     [01;36m[Koperator[m[K>=(const list<_Tp, _Alloc>& __x, const list<_Tp, _Alloc>& __y)
[2.697s]       |     [01;36m[K^~~~~~~~[m[K
[2.697s] [01m[K/usr/include/c++/11/bits/stl_list.h:2075:5:[m[K [01;36m[Knote: [m[K  template argument deduction/substitution failed:
[2.697s] In file included from [01m[K/home/gkasha/Documents/maae/src/auction/src/execution_interface.cpp:1[m[K:
[2.698s] [01m[K/home/gkasha/Documents/maae/src/auction/include/auction/execution_interface.hpp:106:72:[m[K [01;36m[Knote: [m[K  â€˜[01m[Kstd::chrono::duration<double>[m[Kâ€™ is not derived from â€˜[01m[Kconst std::__cxx11::list<_Tp, _Alloc>[m[Kâ€™
[2.698s]   106 |                            if (execution_span >= action->get_duration([01;36m[K)[m[K) {
[2.698s]       |                                                                       [01;36m[K^[m[K
[2.698s] 
[2.698s] In file included from [01m[K/usr/include/c++/11/map:61[m[K,
[2.698s]                  from [01m[K/home/gkasha/ros2_humble/install/rclcpp/include/rclcpp/rclcpp/executor.hpp:24[m[K,
[2.698s]                  from [01m[K/home/gkasha/ros2_humble/install/rclcpp/include/rclcpp/rclcpp/executors/multi_threaded_executor.hpp:25[m[K,
[2.698s]                  from [01m[K/home/gkasha/ros2_humble/install/rclcpp/include/rclcpp/rclcpp/executors.hpp:21[m[K,
[2.698s]                  from [01m[K/home/gkasha/ros2_humble/install/rclcpp/include/rclcpp/rclcpp/rclcpp.hpp:155[m[K,
[2.698s]                  from [01m[K/home/gkasha/Documents/maae/src/auction/include/auction/execution_interface.hpp:5[m[K,
[2.698s]                  from [01m[K/home/gkasha/Documents/maae/src/auction/src/execution_interface.cpp:1[m[K:
[2.698s] [01m[K/usr/include/c++/11/bits/stl_map.h:1529:5:[m[K [01;36m[Knote: [m[Kcandidate: â€˜[01m[Ktemplate<class _Key, class _Tp, class _Compare, class _Alloc> bool std::operator>=(const std::map<_Key, _Tp, _Compare, _Allocator>&, const std::map<_Key, _Tp, _Compare, _Allocator>&)[m[Kâ€™
[2.698s]  1529 |     [01;36m[Koperator[m[K>=(const map<_Key, _Tp, _Compare, _Alloc>& __x,
[2.698s]       |     [01;36m[K^~~~~~~~[m[K
[2.698s] [01m[K/usr/include/c++/11/bits/stl_map.h:1529:5:[m[K [01;36m[Knote: [m[K  template argument deduction/substitution failed:
[2.698s] In file included from [01m[K/home/gkasha/Documents/maae/src/auction/src/execution_interface.cpp:1[m[K:
[2.698s] [01m[K/home/gkasha/Documents/maae/src/auction/include/auction/execution_interface.hpp:106:72:[m[K [01;36m[Knote: [m[K  â€˜[01m[Kstd::chrono::duration<double>[m[Kâ€™ is not derived from â€˜[01m[Kconst std::map<_Key, _Tp, _Compare, _Allocator>[m[Kâ€™
[2.698s]   106 |                            if (execution_span >= action->get_duration([01;36m[K)[m[K) {
[2.699s]       |                                                                       [01;36m[K^[m[K
[2.699s] 
[2.699s] In file included from [01m[K/usr/include/c++/11/map:62[m[K,
[2.699s]                  from [01m[K/home/gkasha/ros2_humble/install/rclcpp/include/rclcpp/rclcpp/executor.hpp:24[m[K,
[2.699s]                  from [01m[K/home/gkasha/ros2_humble/install/rclcpp/include/rclcpp/rclcpp/executors/multi_threaded_executor.hpp:25[m[K,
[2.699s]                  from [01m[K/home/gkasha/ros2_humble/install/rclcpp/include/rclcpp/rclcpp/executors.hpp:21[m[K,
[2.699s]                  from [01m[K/home/gkasha/ros2_humble/install/rclcpp/include/rclcpp/rclcpp/rclcpp.hpp:155[m[K,
[2.699s]                  from [01m[K/home/gkasha/Documents/maae/src/auction/include/auction/execution_interface.hpp:5[m[K,
[2.699s]                  from [01m[K/home/gkasha/Documents/maae/src/auction/src/execution_interface.cpp:1[m[K:
[2.699s] [01m[K/usr/include/c++/11/bits/stl_multimap.h:1194:5:[m[K [01;36m[Knote: [m[Kcandidate: â€˜[01m[Ktemplate<class _Key, class _Tp, class _Compare, class _Alloc> bool std::operator>=(const std::multimap<_Key, _Tp, _Compare, _Allocator>&, const std::multimap<_Key, _Tp, _Compare, _Allocator>&)[m[Kâ€™
[2.699s]  1194 |     [01;36m[Koperator[m[K>=(const multimap<_Key, _Tp, _Compare, _Alloc>& __x,
[2.699s]       |     [01;36m[K^~~~~~~~[m[K
[2.699s] [01m[K/usr/include/c++/11/bits/stl_multimap.h:1194:5:[m[K [01;36m[Knote: [m[K  template argument deduction/substitution failed:
[2.699s] In file included from [01m[K/home/gkasha/Documents/maae/src/auction/src/execution_interface.cpp:1[m[K:
[2.699s] [01m[K/home/gkasha/Documents/maae/src/auction/include/auction/execution_interface.hpp:106:72:[m[K [01;36m[Knote: [m[K  â€˜[01m[Kstd::chrono::duration<double>[m[Kâ€™ is not derived from â€˜[01m[Kconst std::multimap<_Key, _Tp, _Compare, _Allocator>[m[Kâ€™
[2.699s]   106 |                            if (execution_span >= action->get_duration([01;36m[K)[m[K) {
[2.699s]       |                                                                       [01;36m[K^[m[K
[2.699s] 
[2.699s] In file included from [01m[K/home/gkasha/ros2_humble/install/rclcpp/include/rclcpp/rclcpp/client.hpp:23[m[K,
[2.699s]                  from [01m[K/home/gkasha/ros2_humble/install/rclcpp/include/rclcpp/rclcpp/callback_group.hpp:24[m[K,
[2.699s]                  from [01m[K/home/gkasha/ros2_humble/install/rclcpp/include/rclcpp/rclcpp/any_executable.hpp:20[m[K,
[2.700s]                  from [01m[K/home/gkasha/ros2_humble/install/rclcpp/include/rclcpp/rclcpp/memory_strategy.hpp:25[m[K,
[2.700s]                  from [01m[K/home/gkasha/ros2_humble/install/rclcpp/include/rclcpp/rclcpp/memory_strategies.hpp:18[m[K,
[2.700s]                  from [01m[K/home/gkasha/ros2_humble/install/rclcpp/include/rclcpp/rclcpp/executor_options.hpp:20[m[K,
[2.700s]                  from [01m[K/home/gkasha/ros2_humble/install/rclcpp/include/rclcpp/rclcpp/executor.hpp:37[m[K,
[2.700s]                  from [01m[K/home/gkasha/ros2_humble/install/rclcpp/include/rclcpp/rclcpp/executors/multi_threaded_executor.hpp:25[m[K,
[2.700s]                  from [01m[K/home/gkasha/ros2_humble/install/rclcpp/include/rclcpp/rclcpp/executors.hpp:21[m[K,
[2.700s]                  from [01m[K/home/gkasha/ros2_humble/install/rclcpp/include/rclcpp/rclcpp/rclcpp.hpp:155[m[K,
[2.700s]                  from [01m[K/home/gkasha/Documents/maae/src/auction/include/auction/execution_interface.hpp:5[m[K,
[2.700s]                  from [01m[K/home/gkasha/Documents/maae/src/auction/src/execution_interface.cpp:1[m[K:
[2.700s] [01m[K/usr/include/c++/11/optional:1087:5:[m[K [01;36m[Knote: [m[Kcandidate: â€˜[01m[Ktemplate<class _Tp, class _Up> constexpr std::__optional_ge_t<_Tp, _Up> std::operator>=(const std::optional<_Tp>&, const std::optional<_Up>&)[m[Kâ€™
[2.700s]  1087 |     [01;36m[Koperator[m[K>=(const optional<_Tp>& __lhs, const optional<_Up>& __rhs)
[2.700s]       |     [01;36m[K^~~~~~~~[m[K
[2.700s] [01m[K/usr/include/c++/11/optional:1087:5:[m[K [01;36m[Knote: [m[K  template argument deduction/substitution failed:
[2.700s] In file included from [01m[K/home/gkasha/Documents/maae/src/auction/src/execution_interface.cpp:1[m[K:
[2.700s] [01m[K/home/gkasha/Documents/maae/src/auction/include/auction/execution_interface.hpp:106:72:[m[K [01;36m[Knote: [m[K  â€˜[01m[Kstd::chrono::duration<double>[m[Kâ€™ is not derived from â€˜[01m[Kconst std::optional<_Tp>[m[Kâ€™
[2.700s]   106 |                            if (execution_span >= action->get_duration([01;36m[K)[m[K) {
[2.700s]       |                                                                       [01;36m[K^[m[K
[2.700s] 
[2.701s] In file included from [01m[K/home/gkasha/ros2_humble/install/rclcpp/include/rclcpp/rclcpp/client.hpp:23[m[K,
[2.701s]                  from [01m[K/home/gkasha/ros2_humble/install/rclcpp/include/rclcpp/rclcpp/callback_group.hpp:24[m[K,
[2.701s]                  from [01m[K/home/gkasha/ros2_humble/install/rclcpp/include/rclcpp/rclcpp/any_executable.hpp:20[m[K,
[2.701s]                  from [01m[K/home/gkasha/ros2_humble/install/rclcpp/include/rclcpp/rclcpp/memory_strategy.hpp:25[m[K,
[2.701s]                  from [01m[K/home/gkasha/ros2_humble/install/rclcpp/include/rclcpp/rclcpp/memory_strategies.hpp:18[m[K,
[2.701s]                  from [01m[K/home/gkasha/ros2_humble/install/rclcpp/include/rclcpp/rclcpp/executor_options.hpp:20[m[K,
[2.701s]                  from [01m[K/home/gkasha/ros2_humble/install/rclcpp/include/rclcpp/rclcpp/executor.hpp:37[m[K,
[2.701s]                  from [01m[K/home/gkasha/ros2_humble/install/rclcpp/include/rclcpp/rclcpp/executors/multi_threaded_executor.hpp:25[m[K,
[2.701s]                  from [01m[K/home/gkasha/ros2_humble/install/rclcpp/include/rclcpp/rclcpp/executors.hpp:21[m[K,
[2.701s]                  from [01m[K/home/gkasha/ros2_humble/install/rclcpp/include/rclcpp/rclcpp/rclcpp.hpp:155[m[K,
[2.701s]                  from [01m[K/home/gkasha/Documents/maae/src/auction/include/auction/execution_interface.hpp:5[m[K,
[2.701s]                  from [01m[K/home/gkasha/Documents/maae/src/auction/src/execution_interface.cpp:1[m[K:
[2.701s] [01m[K/usr/include/c++/11/optional:1161:5:[m[K [01;36m[Knote: [m[Kcandidate: â€˜[01m[Ktemplate<class _Tp> constexpr bool std::operator>=(const std::optional<_Tp>&, std::nullopt_t)[m[Kâ€™
[2.701s]  1161 |     [01;36m[Koperator[m[K>=(const optional<_Tp>& /* __lhs */, nullopt_t) noexcept
[2.701s]       |     [01;36m[K^~~~~~~~[m[K
[2.701s] [01m[K/usr/include/c++/11/optional:1161:5:[m[K [01;36m[Knote: [m[K  template argument deduction/substitution failed:
[2.701s] In file included from [01m[K/home/gkasha/Documents/maae/src/auction/src/execution_interface.cpp:1[m[K:
[2.701s] [01m[K/home/gkasha/Documents/maae/src/auction/include/auction/execution_interface.hpp:106:72:[m[K [01;36m[Knote: [m[K  â€˜[01m[Kstd::chrono::duration<double>[m[Kâ€™ is not derived from â€˜[01m[Kconst std::optional<_Tp>[m[Kâ€™
[2.701s]   106 |                            if (execution_span >= action->get_duration([01;36m[K)[m[K) {
[2.701s]       |                                                                       [01;36m[K^[m[K
[2.702s] 
[2.702s] In file included from [01m[K/home/gkasha/ros2_humble/install/rclcpp/include/rclcpp/rclcpp/client.hpp:23[m[K,
[2.702s]                  from [01m[K/home/gkasha/ros2_humble/install/rclcpp/include/rclcpp/rclcpp/callback_group.hpp:24[m[K,
[2.702s]                  from [01m[K/home/gkasha/ros2_humble/install/rclcpp/include/rclcpp/rclcpp/any_executable.hpp:20[m[K,
[2.702s]                  from [01m[K/home/gkasha/ros2_humble/install/rclcpp/include/rclcpp/rclcpp/memory_strategy.hpp:25[m[K,
[2.702s]                  from [01m[K/home/gkasha/ros2_humble/install/rclcpp/include/rclcpp/rclcpp/memory_strategies.hpp:18[m[K,
[2.702s]                  from [01m[K/home/gkasha/ros2_humble/install/rclcpp/include/rclcpp/rclcpp/executor_options.hpp:20[m[K,
[2.702s]                  from [01m[K/home/gkasha/ros2_humble/install/rclcpp/include/rclcpp/rclcpp/executor.hpp:37[m[K,
[2.702s]                  from [01m[K/home/gkasha/ros2_humble/install/rclcpp/include/rclcpp/rclcpp/executors/multi_threaded_executor.hpp:25[m[K,
[2.702s]                  from [01m[K/home/gkasha/ros2_humble/install/rclcpp/include/rclcpp/rclcpp/executors.hpp:21[m[K,
[2.702s]                  from [01m[K/home/gkasha/ros2_humble/install/rclcpp/include/rclcpp/rclcpp/rclcpp.hpp:155[m[K,
[2.702s]                  from [01m[K/home/gkasha/Documents/maae/src/auction/include/auction/execution_interface.hpp:5[m[K,
[2.702s]                  from [01m[K/home/gkasha/Documents/maae/src/auction/src/execution_interface.cpp:1[m[K:
[2.702s] [01m[K/usr/include/c++/11/optional:1166:5:[m[K [01;36m[Knote: [m[Kcandidate: â€˜[01m[Ktemplate<class _Tp> constexpr bool std::operator>=(std::nullopt_t, const std::optional<_Tp>&)[m[Kâ€™
[2.702s]  1166 |     [01;36m[Koperator[m[K>=(nullopt_t, const optional<_Tp>& __rhs) noexcept
[2.702s]       |     [01;36m[K^~~~~~~~[m[K
[2.702s] [01m[K/usr/include/c++/11/optional:1166:5:[m[K [01;36m[Knote: [m[K  template argument deduction/substitution failed:
[2.702s] In file included from [01m[K/home/gkasha/Documents/maae/src/auction/src/execution_interface.cpp:1[m[K:
[2.702s] [01m[K/home/gkasha/Documents/maae/src/auction/include/auction/execution_interface.hpp:106:72:[m[K [01;36m[Knote: [m[K  mismatched types â€˜[01m[Kconst std::optional<_Tp>[m[Kâ€™ and â€˜[01m[Kfloat[m[Kâ€™
[2.703s]   106 |                            if (execution_span >= action->get_duration([01;36m[K)[m[K) {
[2.703s]       |                                                                       [01;36m[K^[m[K
[2.703s] 
[2.703s] In file included from [01m[K/home/gkasha/ros2_humble/install/rclcpp/include/rclcpp/rclcpp/client.hpp:23[m[K,
[2.703s]                  from [01m[K/home/gkasha/ros2_humble/install/rclcpp/include/rclcpp/rclcpp/callback_group.hpp:24[m[K,
[2.703s]                  from [01m[K/home/gkasha/ros2_humble/install/rclcpp/include/rclcpp/rclcpp/any_executable.hpp:20[m[K,
[2.703s]                  from [01m[K/home/gkasha/ros2_humble/install/rclcpp/include/rclcpp/rclcpp/memory_strategy.hpp:25[m[K,
[2.703s]                  from [01m[K/home/gkasha/ros2_humble/install/rclcpp/include/rclcpp/rclcpp/memory_strategies.hpp:18[m[K,
[2.703s]                  from [01m[K/home/gkasha/ros2_humble/install/rclcpp/include/rclcpp/rclcpp/executor_options.hpp:20[m[K,
[2.703s]                  from [01m[K/home/gkasha/ros2_humble/install/rclcpp/include/rclcpp/rclcpp/executor.hpp:37[m[K,
[2.703s]                  from [01m[K/home/gkasha/ros2_humble/install/rclcpp/include/rclcpp/rclcpp/executors/multi_threaded_executor.hpp:25[m[K,
[2.703s]                  from [01m[K/home/gkasha/ros2_humble/install/rclcpp/include/rclcpp/rclcpp/executors.hpp:21[m[K,
[2.703s]                  from [01m[K/home/gkasha/ros2_humble/install/rclcpp/include/rclcpp/rclcpp/rclcpp.hpp:155[m[K,
[2.703s]                  from [01m[K/home/gkasha/Documents/maae/src/auction/include/auction/execution_interface.hpp:5[m[K,
[2.703s]                  from [01m[K/home/gkasha/Documents/maae/src/auction/src/execution_interface.cpp:1[m[K:
[2.703s] [01m[K/usr/include/c++/11/optional:1233:5:[m[K [01;36m[Knote: [m[Kcandidate: â€˜[01m[Ktemplate<class _Tp, class _Up> constexpr std::__optional_ge_t<_Tp, _Up> std::operator>=(const std::optional<_Tp>&, const _Up&)[m[Kâ€™
[2.703s]  1233 |     [01;36m[Koperator[m[K>=(const optional<_Tp>& __lhs, const _Up& __rhs)
[2.703s]       |     [01;36m[K^~~~~~~~[m[K
[2.703s] [01m[K/usr/include/c++/11/optional:1233:5:[m[K [01;36m[Knote: [m[K  template argument deduction/substitution failed:
[2.703s] In file included from [01m[K/home/gkasha/Documents/maae/src/auction/src/execution_interface.cpp:1[m[K:
[2.703s] [01m[K/home/gkasha/Documents/maae/src/auction/include/auction/execution_interface.hpp:106:72:[m[K [01;36m[Knote: [m[K  â€˜[01m[Kstd::chrono::duration<double>[m[Kâ€™ is not derived from â€˜[01m[Kconst std::optional<_Tp>[m[Kâ€™
[2.704s]   106 |                            if (execution_span >= action->get_duration([01;36m[K)[m[K) {
[2.704s]       |                                                                       [01;36m[K^[m[K
[2.704s] 
[2.704s] In file included from [01m[K/home/gkasha/ros2_humble/install/rclcpp/include/rclcpp/rclcpp/client.hpp:23[m[K,
[2.704s]                  from [01m[K/home/gkasha/ros2_humble/install/rclcpp/include/rclcpp/rclcpp/callback_group.hpp:24[m[K,
[2.704s]                  from [01m[K/home/gkasha/ros2_humble/install/rclcpp/include/rclcpp/rclcpp/any_executable.hpp:20[m[K,
[2.704s]                  from [01m[K/home/gkasha/ros2_humble/install/rclcpp/include/rclcpp/rclcpp/memory_strategy.hpp:25[m[K,
[2.704s]                  from [01m[K/home/gkasha/ros2_humble/install/rclcpp/include/rclcpp/rclcpp/memory_strategies.hpp:18[m[K,
[2.704s]                  from [01m[K/home/gkasha/ros2_humble/install/rclcpp/include/rclcpp/rclcpp/executor_options.hpp:20[m[K,
[2.704s]                  from [01m[K/home/gkasha/ros2_humble/install/rclcpp/include/rclcpp/rclcpp/executor.hpp:37[m[K,
[2.704s]                  from [01m[K/home/gkasha/ros2_humble/install/rclcpp/include/rclcpp/rclcpp/executors/multi_threaded_executor.hpp:25[m[K,
[2.704s]                  from [01m[K/home/gkasha/ros2_humble/install/rclcpp/include/rclcpp/rclcpp/executors.hpp:21[m[K,
[2.704s]                  from [01m[K/home/gkasha/ros2_humble/install/rclcpp/include/rclcpp/rclcpp/rclcpp.hpp:155[m[K,
[2.704s]                  from [01m[K/home/gkasha/Documents/maae/src/auction/include/auction/execution_interface.hpp:5[m[K,
[2.704s]                  from [01m[K/home/gkasha/Documents/maae/src/auction/src/execution_interface.cpp:1[m[K:
[2.704s] [01m[K/usr/include/c++/11/optional:1239:5:[m[K [01;36m[Knote: [m[Kcandidate: â€˜[01m[Ktemplate<class _Tp, class _Up> constexpr std::__optional_ge_t<_Up, _Tp> std::operator>=(const _Up&, const std::optional<_Tp>&)[m[Kâ€™
[2.704s]  1239 |     [01;36m[Koperator[m[K>=(const _Up& __lhs, const optional<_Tp>& __rhs)
[2.704s]       |     [01;36m[K^~~~~~~~[m[K
[2.704s] [01m[K/usr/include/c++/11/optional:1239:5:[m[K [01;36m[Knote: [m[K  template argument deduction/substitution failed:
[2.705s] In file included from [01m[K/home/gkasha/Documents/maae/src/auction/src/execution_interface.cpp:1[m[K:
[2.705s] [01m[K/home/gkasha/Documents/maae/src/auction/include/auction/execution_interface.hpp:106:72:[m[K [01;36m[Knote: [m[K  mismatched types â€˜[01m[Kconst std::optional<_Tp>[m[Kâ€™ and â€˜[01m[Kfloat[m[Kâ€™
[2.705s]   106 |                            if (execution_span >= action->get_duration([01;36m[K)[m[K) {
[2.705s]       |                                                                       [01;36m[K^[m[K
[2.705s] 
[2.705s] In file included from [01m[K/home/gkasha/ros2_humble/install/rclcpp/include/rclcpp/rclcpp/client.hpp:28[m[K,
[2.705s]                  from [01m[K/home/gkasha/ros2_humble/install/rclcpp/include/rclcpp/rclcpp/callback_group.hpp:24[m[K,
[2.705s]                  from [01m[K/home/gkasha/ros2_humble/install/rclcpp/include/rclcpp/rclcpp/any_executable.hpp:20[m[K,
[2.705s]                  from [01m[K/home/gkasha/ros2_humble/install/rclcpp/include/rclcpp/rclcpp/memory_strategy.hpp:25[m[K,
[2.705s]                  from [01m[K/home/gkasha/ros2_humble/install/rclcpp/include/rclcpp/rclcpp/memory_strategies.hpp:18[m[K,
[2.705s]                  from [01m[K/home/gkasha/ros2_humble/install/rclcpp/include/rclcpp/rclcpp/executor_options.hpp:20[m[K,
[2.705s]                  from [01m[K/home/gkasha/ros2_humble/install/rclcpp/include/rclcpp/rclcpp/executor.hpp:37[m[K,
[2.705s]                  from [01m[K/home/gkasha/ros2_humble/install/rclcpp/include/rclcpp/rclcpp/executors/multi_threaded_executor.hpp:25[m[K,
[2.705s]                  from [01m[K/home/gkasha/ros2_humble/install/rclcpp/include/rclcpp/rclcpp/executors.hpp:21[m[K,
[2.705s]                  from [01m[K/home/gkasha/ros2_humble/install/rclcpp/include/rclcpp/rclcpp/rclcpp.hpp:155[m[K,
[2.705s]                  from [01m[K/home/gkasha/Documents/maae/src/auction/include/auction/execution_interface.hpp:5[m[K,
[2.705s]                  from [01m[K/home/gkasha/Documents/maae/src/auction/src/execution_interface.cpp:1[m[K:
[2.705s] [01m[K/usr/include/c++/11/variant:1251:3:[m[K [01;36m[Knote: [m[Kcandidate: â€˜[01m[Ktemplate<class ... _Types> constexpr bool std::operator>=(const std::variant<_Types ...>&, const std::variant<_Types ...>&)[m[Kâ€™
[2.705s]  1251 |   [01;36m[K_VARIANT_RELATION_FUNCTION_TEMPLATE[m[K(>=, greater_equal)
[2.706s]       |   [01;36m[K^~~~~~~~~~~~~~~~~~~~~~~~~~~~~~~~~~~[m[K
[2.706s] [01m[K/usr/include/c++/11/variant:1251:3:[m[K [01;36m[Knote: [m[K  template argument deduction/substitution failed:
[2.706s] In file included from [01m[K/home/gkasha/Documents/maae/src/auction/src/execution_interface.cpp:1[m[K:
[2.706s] [01m[K/home/gkasha/Documents/maae/src/auction/include/auction/execution_interface.hpp:106:72:[m[K [01;36m[Knote: [m[K  â€˜[01m[Kstd::chrono::duration<double>[m[Kâ€™ is not derived from â€˜[01m[Kconst std::variant<_Types ...>[m[Kâ€™
[2.706s]   106 |                            if (execution_span >= action->get_duration([01;36m[K)[m[K) {
[2.706s]       |                                                                       [01;36m[K^[m[K
[2.706s] 
[2.706s] In file included from [01m[K/usr/include/c++/11/mutex:39[m[K,
[2.706s]                  from [01m[K/usr/include/c++/11/future:38[m[K,
[2.706s]                  from [01m[K/home/gkasha/ros2_humble/install/rclcpp/include/rclcpp/rclcpp/executors.hpp:18[m[K,
[2.706s]                  from [01m[K/home/gkasha/ros2_humble/install/rclcpp/include/rclcpp/rclcpp/rclcpp.hpp:155[m[K,
[2.706s]                  from [01m[K/home/gkasha/Documents/maae/src/auction/include/auction/execution_interface.hpp:5[m[K,
[2.706s]                  from [01m[K/home/gkasha/Documents/maae/src/auction/src/execution_interface.cpp:1[m[K:
[2.706s] [01m[K/usr/include/c++/11/chrono:819:7:[m[K [01;36m[Knote: [m[Kcandidate: â€˜[01m[Ktemplate<class _Rep1, class _Period1, class _Rep2, class _Period2> constexpr bool std::chrono::operator>=(const std::chrono::duration<_Rep1, _Period1>&, const std::chrono::duration<_Rep2, _Period2>&)[m[Kâ€™
[2.706s]   819 |       [01;36m[Koperator[m[K>=(const duration<_Rep1, _Period1>& __lhs,
[2.706s]       |       [01;36m[K^~~~~~~~[m[K
[2.706s] [01m[K/usr/include/c++/11/chrono:819:7:[m[K [01;36m[Knote: [m[K  template argument deduction/substitution failed:
[2.706s] In file included from [01m[K/home/gkasha/Documents/maae/src/auction/src/execution_interface.cpp:1[m[K:
[2.706s] [01m[K/home/gkasha/Documents/maae/src/auction/include/auction/execution_interface.hpp:106:72:[m[K [01;36m[Knote: [m[K  mismatched types â€˜[01m[Kconst std::chrono::duration<_Rep2, _Period2>[m[Kâ€™ and â€˜[01m[Kfloat[m[Kâ€™
[2.706s]   106 |                            if (execution_span >= action->get_duration([01;36m[K)[m[K) {
[2.706s]       |                                                                       [01;36m[K^[m[K
[2.707s] 
[2.707s] In file included from [01m[K/usr/include/c++/11/mutex:39[m[K,
[2.707s]                  from [01m[K/usr/include/c++/11/future:38[m[K,
[2.707s]                  from [01m[K/home/gkasha/ros2_humble/install/rclcpp/include/rclcpp/rclcpp/executors.hpp:18[m[K,
[2.707s]                  from [01m[K/home/gkasha/ros2_humble/install/rclcpp/include/rclcpp/rclcpp/rclcpp.hpp:155[m[K,
[2.707s]                  from [01m[K/home/gkasha/Documents/maae/src/auction/include/auction/execution_interface.hpp:5[m[K,
[2.707s]                  from [01m[K/home/gkasha/Documents/maae/src/auction/src/execution_interface.cpp:1[m[K:
[2.707s] [01m[K/usr/include/c++/11/chrono:1093:7:[m[K [01;36m[Knote: [m[Kcandidate: â€˜[01m[Ktemplate<class _Clock, class _Dur1, class _Dur2> constexpr bool std::chrono::operator>=(const std::chrono::time_point<_Clock, _Duration1>&, const std::chrono::time_point<_Clock, _Duration2>&)[m[Kâ€™
[2.707s]  1093 |       [01;36m[Koperator[m[K>=(const time_point<_Clock, _Dur1>& __lhs,
[2.707s]       |       [01;36m[K^~~~~~~~[m[K
[2.707s] [01m[K/usr/include/c++/11/chrono:1093:7:[m[K [01;36m[Knote: [m[K  template argument deduction/substitution failed:
[2.707s] In file included from [01m[K/home/gkasha/Documents/maae/src/auction/src/execution_interface.cpp:1[m[K:
[2.707s] [01m[K/home/gkasha/Documents/maae/src/auction/include/auction/execution_interface.hpp:106:72:[m[K [01;36m[Knote: [m[K  â€˜[01m[Kstd::chrono::duration<double>[m[Kâ€™ is not derived from â€˜[01m[Kconst std::chrono::time_point<_Clock, _Duration1>[m[Kâ€™
[2.707s]   106 |                            if (execution_span >= action->get_duration([01;36m[K)[m[K) {
[2.707s]       |                                                                       [01;36m[K^[m[K
[2.707s] 
[2.707s] In file included from [01m[K/home/gkasha/ros2_humble/install/rclcpp/include/rclcpp/rclcpp/executors/multi_threaded_executor.hpp:22[m[K,
[2.707s]                  from [01m[K/home/gkasha/ros2_humble/install/rclcpp/include/rclcpp/rclcpp/executors.hpp:21[m[K,
[2.707s]                  from [01m[K/home/gkasha/ros2_humble/install/rclcpp/include/rclcpp/rclcpp/rclcpp.hpp:155[m[K,
[2.707s]                  from [01m[K/home/gkasha/Documents/maae/src/auction/include/auction/execution_interface.hpp:5[m[K,
[2.707s]                  from [01m[K/home/gkasha/Documents/maae/src/auction/src/execution_interface.cpp:1[m[K:
[2.708s] [01m[K/usr/include/c++/11/thread:86:3:[m[K [01;36m[Knote: [m[Kcandidate: â€˜[01m[Kbool std::operator>=(std::thread::id, std::thread::id)[m[Kâ€™
[2.708s]    86 |   [01;36m[Koperator[m[K>=(thread::id __x, thread::id __y) noexcept
[2.708s]       |   [01;36m[K^~~~~~~~[m[K
[2.708s] [01m[K/usr/include/c++/11/thread:86:25:[m[K [01;36m[Knote: [m[K  no known conversion for argument 1 from â€˜[01m[Kstd::chrono::duration<double>[m[Kâ€™ to â€˜[01m[Kstd::thread::id[m[Kâ€™
[2.708s]    86 |   operator>=([01;36m[Kthread::id __x[m[K, thread::id __y) noexcept
[2.708s]       |              [01;36m[K~~~~~~~~~~~^~~[m[K
[2.708s] In file included from [01m[K/home/gkasha/ros2_humble/install/rclcpp/include/rclcpp/rclcpp/client.hpp:28[m[K,
[2.708s]                  from [01m[K/home/gkasha/ros2_humble/install/rclcpp/include/rclcpp/rclcpp/callback_group.hpp:24[m[K,
[2.708s]                  from [01m[K/home/gkasha/ros2_humble/install/rclcpp/include/rclcpp/rclcpp/any_executable.hpp:20[m[K,
[2.708s]                  from [01m[K/home/gkasha/ros2_humble/install/rclcpp/include/rclcpp/rclcpp/memory_strategy.hpp:25[m[K,
[2.708s]                  from [01m[K/home/gkasha/ros2_humble/install/rclcpp/include/rclcpp/rclcpp/memory_strategies.hpp:18[m[K,
[2.708s]                  from [01m[K/home/gkasha/ros2_humble/install/rclcpp/include/rclcpp/rclcpp/executor_options.hpp:20[m[K,
[2.708s]                  from [01m[K/home/gkasha/ros2_humble/install/rclcpp/include/rclcpp/rclcpp/executor.hpp:37[m[K,
[2.708s]                  from [01m[K/home/gkasha/ros2_humble/install/rclcpp/include/rclcpp/rclcpp/executors/multi_threaded_executor.hpp:25[m[K,
[2.708s]                  from [01m[K/home/gkasha/ros2_humble/install/rclcpp/include/rclcpp/rclcpp/executors.hpp:21[m[K,
[2.708s]                  from [01m[K/home/gkasha/ros2_humble/install/rclcpp/include/rclcpp/rclcpp/rclcpp.hpp:155[m[K,
[2.708s]                  from [01m[K/home/gkasha/Documents/maae/src/auction/include/auction/execution_interface.hpp:5[m[K,
[2.708s]                  from [01m[K/home/gkasha/Documents/maae/src/auction/src/execution_interface.cpp:1[m[K:
[2.708s] [01m[K/usr/include/c++/11/variant:1292:18:[m[K [01;36m[Knote: [m[Kcandidate: â€˜[01m[Kconstexpr bool std::operator>=(std::monostate, std::monostate)[m[Kâ€™
[2.709s]  1292 |   constexpr bool [01;36m[Koperator[m[K>=(monostate, monostate) noexcept { return true; }
[2.709s]       |                  [01;36m[K^~~~~~~~[m[K
[2.709s] [01m[K/usr/include/c++/11/variant:1292:29:[m[K [01;36m[Knote: [m[K  no known conversion for argument 1 from â€˜[01m[Kstd::chrono::duration<double>[m[Kâ€™ to â€˜[01m[Kstd::monostate[m[Kâ€™
[2.709s]  1292 |   constexpr bool operator>=([01;36m[Kmonostate[m[K, monostate) noexcept { return true; }
[2.709s]       |                             [01;36m[K^~~~~~~~~[m[K
[2.709s] In file included from [01m[K/home/gkasha/Documents/maae/src/auction/src/execution_interface.cpp:1[m[K:
[2.709s] [01m[K/home/gkasha/Documents/maae/src/auction/include/auction/execution_interface.hpp:108:41:[m[K [01;31m[Kerror: [m[Kâ€˜[01m[Kclass ActionNode[m[Kâ€™ has no member named â€˜[01m[Kstatus[m[Kâ€™; did you mean â€˜[01m[KActionNode::ActionStatus ActionNode::status_[m[Kâ€™? (accessible via â€˜[01m[KActionNode::ActionStatus ActionNode::get_status()[m[Kâ€™)
[2.709s]   108 |                                 action->[01;31m[Kstatus[m[K = ActionStatus::COMPLETE
[2.709s]       |                                         [01;31m[K^~~~~~[m[K
[2.709s]       |                                         [32m[Kget_status()[m[K
[2.709s] [01m[K/home/gkasha/Documents/maae/src/auction/include/auction/execution_interface.hpp:108:50:[m[K [01;31m[Kerror: [m[Kâ€˜[01m[KActionStatus[m[Kâ€™ has not been declared
[2.709s]   108 |                                 action->status = [01;31m[KActionStatus[m[K::COMPLETE
[2.709s]       |                                                  [01;31m[K^~~~~~~~~~~~[m[K
[2.709s] [01m[K/home/gkasha/Documents/maae/src/auction/include/auction/execution_interface.hpp:116:48:[m[K [01;31m[Kerror: [m[Kâ€˜[01m[KActionStatus[m[Kâ€™ has not been declared
[2.709s]   116 |                             action->set_status([01;31m[KActionStatus[m[K::EXECUTING);
[2.709s]       |                                                [01;31m[K^~~~~~~~~~~~[m[K
[2.733s] [01m[K/home/gkasha/Documents/maae/src/auction/include/auction/execution_interface.hpp:[m[K In constructor â€˜[01m[KExecutor::Executor()[m[Kâ€™:
[2.733s] [01m[K/home/gkasha/Documents/maae/src/auction/include/auction/execution_interface.hpp:140:13:[m[K [01;31m[Kerror: [m[Kâ€˜[01m[Kcbgs_action_dispatch_[m[Kâ€™ was not declared in this scope; did you mean â€˜[01m[Kaction_dispatch_cb[m[Kâ€™?
[2.733s]   140 |             [01;31m[Kcbgs_action_dispatch_[m[K = this->create_callback_group(
[2.733s]       |             [01;31m[K^~~~~~~~~~~~~~~~~~~~~[m[K
[2.733s]       |             [32m[Kaction_dispatch_cb[m[K
[2.739s] [01m[K/home/gkasha/Documents/maae/src/auction/include/auction/execution_interface.hpp:146:13:[m[K [01;31m[Kerror: [m[Kâ€˜[01m[Kaction_dispatch_[m[Kâ€™ was not declared in this scope; did you mean â€˜[01m[Kaction_dispatch_cb[m[Kâ€™?
[2.739s]   146 |             [01;31m[Kaction_dispatch_[m[K = this->create_subscription<ma_interfaces::msg::Goal>(
[2.739s]       |             [01;31m[K^~~~~~~~~~~~~~~~[m[K
[2.739s]       |             [32m[Kaction_dispatch_cb[m[K
[2.740s] [01m[K/home/gkasha/Documents/maae/src/auction/include/auction/execution_interface.hpp:146:78:[m[K [01;31m[Kerror: [m[Kâ€˜[01m[KGoal[m[Kâ€™ is not a member of â€˜[01m[Kma_interfaces::msg[m[Kâ€™
[2.740s]   146 |    action_dispatch_ = this->create_subscription<ma_interfaces::msg::[01;31m[KGoal[m[K>(
[2.740s]       |                                                                     [01;31m[K^~~~[m[K
[2.740s] 
[2.745s] [01m[K/home/gkasha/Documents/maae/src/auction/include/auction/execution_interface.hpp:146:83:[m[K [01;31m[Kerror: [m[Kno matching function for call to â€˜[01m[KExecutor::create_subscription<<expression error> >(const char [22], rclcpp::QoS, std::_Bind_helper<false, void (Executor::*)(ma_interfaces::msg::ActionDispatch_<std::allocator<void> >), Executor*, const std::_Placeholder<1>&>::type, rclcpp::SubscriptionOptionsWithAllocator<std::allocator<void> >&)[m[Kâ€™
[2.746s]   146 |    action_dispatch_ = [01;31m[Kthis->create_subscription<ma_interfaces::msg::Goal>([m[K
[2.746s]       |                       [01;31m[K~~~~~~~~~~~~~~~~~~~~~~~~~~~~~~~~~~~~~~~~~~~~~~~~~~~^[m[K
[2.746s] 
[2.746s]   147 | [01;31m[K           "action_dispatch_topic",[m[K
[2.747s]       |            [01;31m[K~~~~~~~~~~~~~~~~~~~~~~~~[m[K                                       
[2.747s] 
[2.747s]   148 | [01;31m[K           rclcpp::QoS(10),[m[K
[2.747s]       |            [01;31m[K~~~~~~~~~~~~~~~~[m[K                                               
[2.747s] 
[2.747s]   149 | [01;31m[K           std::bind([m[K
[2.748s]       |            [01;31m[K~~~~~~~~~~[m[K                                                     
[2.748s] 
[2.748s]   150 | [01;31m[K               &Executor::action_dispatch_cb,[m[K
[2.748s]       |                [01;31m[K~~~~~~~~~~~~~~~~~~~~~~~~~~~~~~[m[K                             
[2.748s] 
[2.748s]   151 | [01;31m[K               this,[m[K
[2.748s]       |                [01;31m[K~~~~~[m[K                                                      
[2.748s] 
[2.748s]   152 | [01;31m[K               std::placeholders::_1),[m[K
[2.748s]       |                [01;31m[K~~~~~~~~~~~~~~~~~~~~~~~[m[K                                    
[2.748s] 
[2.748s]   153 | [01;31m[K           action_dispatch_opt)[m[K;
[2.748s]       |            [01;31m[K~~~~~~~~~~~~~~~~~~~~[m[K                                           
[2.748s] 
[2.748s] In file included from [01m[K/home/gkasha/ros2_humble/install/rclcpp/include/rclcpp/rclcpp/executors/single_threaded_executor.hpp:28[m[K,
[2.748s]                  from [01m[K/home/gkasha/ros2_humble/install/rclcpp/include/rclcpp/rclcpp/executors.hpp:22[m[K,
[2.749s]                  from [01m[K/home/gkasha/ros2_humble/install/rclcpp/include/rclcpp/rclcpp/rclcpp.hpp:155[m[K,
[2.749s]                  from [01m[K/home/gkasha/Documents/maae/src/auction/include/auction/execution_interface.hpp:5[m[K,
[2.749s]                  from [01m[K/home/gkasha/Documents/maae/src/auction/src/execution_interface.cpp:1[m[K:
[2.749s] [01m[K/home/gkasha/ros2_humble/install/rclcpp/include/rclcpp/rclcpp/node.hpp:219:3:[m[K [01;36m[Knote: [m[Kcandidate: â€˜[01m[Ktemplate<class MessageT, class CallbackT, class AllocatorT, class SubscriptionT, class MessageMemoryStrategyT> std::shared_ptr<ROSMessageT> rclcpp::Node::create_subscription(const string&, const rclcpp::QoS&, CallbackT&&, const rclcpp::SubscriptionOptionsWithAllocator<AllocatorT>&, typename MessageMemoryStrategyT::SharedPtr)[m[Kâ€™
[2.749s]   219 |   [01;36m[Kcreate_subscription[m[K(
[2.749s]       |   [01;36m[K^~~~~~~~~~~~~~~~~~~[m[K
[2.749s] [01m[K/home/gkasha/ros2_humble/install/rclcpp/include/rclcpp/rclcpp/node.hpp:219:3:[m[K [01;36m[Knote: [m[K  template argument deduction/substitution failed:
[2.749s] In file included from [01m[K/home/gkasha/Documents/maae/src/auction/src/execution_interface.cpp:1[m[K:
[2.749s] [01m[K/home/gkasha/Documents/maae/src/auction/include/auction/execution_interface.hpp:146:83:[m[K [01;31m[Kerror: [m[Ktemplate argument 1 is invalid
[2.749s]   146 |    action_dispatch_ = [01;31m[Kthis->create_subscription<ma_interfaces::msg::Goal>([m[K
[2.749s]       |                       [01;31m[K~~~~~~~~~~~~~~~~~~~~~~~~~~~~~~~~~~~~~~~~~~~~~~~~~~~^[m[K
[2.749s] 
[2.749s]   147 | [01;31m[K           "action_dispatch_topic",[m[K
[2.749s]       |            [01;31m[K~~~~~~~~~~~~~~~~~~~~~~~~[m[K                                       
[2.749s] 
[2.749s]   148 | [01;31m[K           rclcpp::QoS(10),[m[K
[2.749s]       |            [01;31m[K~~~~~~~~~~~~~~~~[m[K                                               
[2.749s] 
[2.749s]   149 | [01;31m[K           std::bind([m[K
[2.750s]       |            [01;31m[K~~~~~~~~~~[m[K                                                     
[2.750s] 
[2.750s]   150 | [01;31m[K               &Executor::action_dispatch_cb,[m[K
[2.750s]       |                [01;31m[K~~~~~~~~~~~~~~~~~~~~~~~~~~~~~~[m[K                             
[2.750s] 
[2.750s]   151 | [01;31m[K               this,[m[K
[2.750s]       |                [01;31m[K~~~~~[m[K                                                      
[2.750s] 
[2.750s]   152 | [01;31m[K               std::placeholders::_1),[m[K
[2.750s]       |                [01;31m[K~~~~~~~~~~~~~~~~~~~~~~~[m[K                                    
[2.750s] 
[2.750s]   153 | [01;31m[K           action_dispatch_opt)[m[K;
[2.750s]       |            [01;31m[K~~~~~~~~~~~~~~~~~~~~[m[K                                           
[2.750s] 
[2.750s] In file included from [01m[K/home/gkasha/ros2_humble/install/rclcpp/include/rclcpp/rclcpp/client.hpp:40[m[K,
[2.750s]                  from [01m[K/home/gkasha/ros2_humble/install/rclcpp/include/rclcpp/rclcpp/callback_group.hpp:24[m[K,
[2.750s]                  from [01m[K/home/gkasha/ros2_humble/install/rclcpp/include/rclcpp/rclcpp/any_executable.hpp:20[m[K,
[2.750s]                  from [01m[K/home/gkasha/ros2_humble/install/rclcpp/include/rclcpp/rclcpp/memory_strategy.hpp:25[m[K,
[2.750s]                  from [01m[K/home/gkasha/ros2_humble/install/rclcpp/include/rclcpp/rclcpp/memory_strategies.hpp:18[m[K,
[2.750s]                  from [01m[K/home/gkasha/ros2_humble/install/rclcpp/include/rclcpp/rclcpp/executor_options.hpp:20[m[K,
[2.751s]                  from [01m[K/home/gkasha/ros2_humble/install/rclcpp/include/rclcpp/rclcpp/executor.hpp:37[m[K,
[2.751s]                  from [01m[K/home/gkasha/ros2_humble/install/rclcpp/include/rclcpp/rclcpp/executors/multi_threaded_executor.hpp:25[m[K,
[2.751s]                  from [01m[K/home/gkasha/ros2_humble/install/rclcpp/include/rclcpp/rclcpp/executors.hpp:21[m[K,
[2.751s]                  from [01m[K/home/gkasha/ros2_humble/install/rclcpp/include/rclcpp/rclcpp/rclcpp.hpp:155[m[K,
[2.751s]                  from [01m[K/home/gkasha/Documents/maae/src/auction/include/auction/execution_interface.hpp:5[m[K,
[2.751s]                  from [01m[K/home/gkasha/Documents/maae/src/auction/src/execution_interface.cpp:1[m[K:
[2.751s] [01m[K/home/gkasha/Documents/maae/src/auction/src/execution_interface.cpp:[m[K In function â€˜[01m[Kvoid action_dispatch_cb(ma_interfaces::msg::ActionDispatch)[m[Kâ€™:
[2.751s] [01m[K/home/gkasha/Documents/maae/src/auction/src/execution_interface.cpp:8:17:[m[K [01;31m[Kerror: [m[Kinvalid use of â€˜[01m[Kthis[m[Kâ€™ in non-member function
[2.751s]     8 |     RCLCPP_INFO([01;31m[Kthis[m[K->get_logger(), "Added action to map: %s", a_node->to_string().c_str());
[2.751s]       |                 [01;31m[K^~~~[m[K
[2.751s] [01m[K/home/gkasha/Documents/maae/src/auction/src/execution_interface.cpp:8:17:[m[K [01;31m[Kerror: [m[Kinvalid use of â€˜[01m[Kthis[m[Kâ€™ in non-member function
[2.751s] [01m[K/home/gkasha/Documents/maae/src/auction/src/execution_interface.cpp:8:5:[m[K [01;31m[Kerror: [m[Ktemplate argument 1 is invalid
[2.751s]     8 |     [01;31m[KRCLCPP_INFO[m[K(this->get_logger(), "Added action to map: %s", a_node->to_string().c_str());
[2.751s]       |     [01;31m[K^~~~~~~~~~~[m[K
[2.751s] [01m[K/home/gkasha/Documents/maae/src/auction/src/execution_interface.cpp:8:5:[m[K [01;31m[Kerror: [m[Kâ€˜[01m[K<declaration error>[m[Kâ€™ is not a template [[01;31m[K]8;;https://gcc.gnu.org/onlinedocs/gcc/Warning-Options.html#index-fpermissive-fpermissive]8;;[m[K]
[2.751s]     8 |     [01;31m[KRCLCPP_INFO[m[K(this->get_logger(), "Added action to map: %s", a_node->to_string().c_str());
[2.751s]       |     [01;31m[K^~~~~~~~~~~[m[K
[2.751s] [01m[K/home/gkasha/Documents/maae/src/auction/src/execution_interface.cpp:8:5:[m[K [01;31m[Kerror: [m[Ktemplate argument 1 is invalid
[2.751s]     8 |     [01;31m[KRCLCPP_INFO[m[K(this->get_logger(), "Added action to map: %s", a_node->to_string().c_str());
[2.751s]       |     [01;31m[K^~~~~~~~~~~[m[K
[2.752s] [01m[K/home/gkasha/Documents/maae/src/auction/src/execution_interface.cpp:8:5:[m[K [01;31m[Kerror: [m[Kâ€˜[01m[K<declaration error>[m[Kâ€™ is not a template [[01;31m[K]8;;https://gcc.gnu.org/onlinedocs/gcc/Warning-Options.html#index-fpermissive-fpermissive]8;;[m[K]
[2.752s]     8 |     [01;31m[KRCLCPP_INFO[m[K(this->get_logger(), "Added action to map: %s", a_node->to_string().c_str());
[2.752s]       |     [01;31m[K^~~~~~~~~~~[m[K
[2.752s] [01m[K/home/gkasha/Documents/maae/src/auction/src/execution_interface.cpp:8:5:[m[K [01;31m[Kerror: [m[Ktemplate argument 1 is invalid
[2.752s]     8 |     [01;31m[KRCLCPP_INFO[m[K(this->get_logger(), "Added action to map: %s", a_node->to_string().c_str());
[2.752s]       |     [01;31m[K^~~~~~~~~~~[m[K
[2.752s] In file included from [01m[K/home/gkasha/ros2_humble/build/rclcpp/include/rclcpp/logging.hpp:24[m[K,
[2.752s]                  from [01m[K/home/gkasha/ros2_humble/install/rclcpp/include/rclcpp/rclcpp/client.hpp:40[m[K,
[2.752s]                  from [01m[K/home/gkasha/ros2_humble/install/rclcpp/include/rclcpp/rclcpp/callback_group.hpp:24[m[K,
[2.752s]                  from [01m[K/home/gkasha/ros2_humble/install/rclcpp/include/rclcpp/rclcpp/any_executable.hpp:20[m[K,
[2.752s]                  from [01m[K/home/gkasha/ros2_humble/install/rclcpp/include/rclcpp/rclcpp/memory_strategy.hpp:25[m[K,
[2.752s]                  from [01m[K/home/gkasha/ros2_humble/install/rclcpp/include/rclcpp/rclcpp/memory_strategies.hpp:18[m[K,
[2.752s]                  from [01m[K/home/gkasha/ros2_humble/install/rclcpp/include/rclcpp/rclcpp/executor_options.hpp:20[m[K,
[2.752s]                  from [01m[K/home/gkasha/ros2_humble/install/rclcpp/include/rclcpp/rclcpp/executor.hpp:37[m[K,
[2.752s]                  from [01m[K/home/gkasha/ros2_humble/install/rclcpp/include/rclcpp/rclcpp/executors/multi_threaded_executor.hpp:25[m[K,
[2.752s]                  from [01m[K/home/gkasha/ros2_humble/install/rclcpp/include/rclcpp/rclcpp/executors.hpp:21[m[K,
[2.752s]                  from [01m[K/home/gkasha/ros2_humble/install/rclcpp/include/rclcpp/rclcpp/rclcpp.hpp:155[m[K,
[2.752s]                  from [01m[K/home/gkasha/Documents/maae/src/auction/include/auction/execution_interface.hpp:5[m[K,
[2.752s]                  from [01m[K/home/gkasha/Documents/maae/src/auction/src/execution_interface.cpp:1[m[K:
[2.753s] [01m[K/home/gkasha/Documents/maae/src/auction/src/execution_interface.cpp:8:17:[m[K [01;31m[Kerror: [m[Kinvalid use of â€˜[01m[Kthis[m[Kâ€™ in non-member function
[2.753s]     8 |     RCLCPP_INFO([01;31m[Kthis[m[K->get_logger(), "Added action to map: %s", a_node->to_string().c_str());
[2.753s]       |                 [01;31m[K^~~~[m[K
[2.753s] [01m[K/home/gkasha/Documents/maae/src/auction/src/execution_interface.cpp:8:17:[m[K [01;31m[Kerror: [m[Kinvalid use of â€˜[01m[Kthis[m[Kâ€™ in non-member function
[2.753s]     8 |     RCLCPP_INFO([01;31m[Kthis[m[K->get_logger(), "Added action to map: %s", a_node->to_string().c_str());
[2.753s]       |                 [01;31m[K^~~~[m[K
[3.638s] gmake[2]: *** [CMakeFiles/execution_interface.dir/build.make:76: CMakeFiles/execution_interface.dir/src/execution_interface.cpp.o] Error 1
[3.638s] gmake[1]: *** [CMakeFiles/Makefile2:143: CMakeFiles/execution_interface.dir/all] Error 2
[3.638s] gmake: *** [Makefile:146: all] Error 2
[3.641s] Invoked command in '/home/gkasha/Documents/maae/build/auction' returned '2': AMENT_PREFIX_PATH=/home/gkasha/Documents/maae/install/ma_interfaces:${AMENT_PREFIX_PATH} CMAKE_PREFIX_PATH=/home/gkasha/Documents/maae/install/ma_interfaces:/home/gkasha/ros2_humble/install/rosbag2_storage_mcap:/home/gkasha/ros2_humble/install/rosbag2:/home/gkasha/ros2_humble/install/rosbag2_compression_zstd:/home/gkasha/ros2_humble/install/mcap_vendor:/home/gkasha/ros2_humble/install/zstd_vendor:/home/gkasha/ros2_humble/install/rviz_visual_testing_framework:/home/gkasha/ros2_humble/install/rviz2:/home/gkasha/ros2_humble/install/rviz_default_plugins:/home/gkasha/ros2_humble/install/rviz_common:/home/gkasha/ros2_humble/install/rosbag2_py:/home/gkasha/ros2_humble/install/rosbag2_transport:/home/gkasha/ros2_humble/install/rosbag2_performance_benchmarking:/home/gkasha/ros2_humble/install/rosbag2_compression:/home/gkasha/ros2_humble/install/rosbag2_cpp:/home/gkasha/ros2_humble/install/rosbag2_storage_default_plugins:/home/gkasha/ros2_humble/install/rosbag2_storage:/home/gkasha/ros2_humble/install/image_common:/home/gkasha/ros2_humble/install/camera_info_manager:/home/gkasha/ros2_humble/install/camera_calibration_parsers:/home/gkasha/ros2_humble/install/yaml_cpp_vendor:/home/gkasha/ros2_humble/install/interactive_markers:/home/gkasha/ros2_humble/install/common_interfaces:/home/gkasha/ros2_humble/install/visualization_msgs:/home/gkasha/ros2_humble/install/dummy_robot_bringup:/home/gkasha/ros2_humble/install/robot_state_publisher:/home/gkasha/ros2_humble/install/kdl_parser:/home/gkasha/ros2_humble/install/urdf:/home/gkasha/ros2_humble/install/urdfdom:/home/gkasha/ros2_humble/install/urdf_parser_plugin:/home/gkasha/ros2_humble/install/urdfdom_headers:/home/gkasha/ros2_humble/install/turtlesim:/home/gkasha/ros2_humble/install/geometry2:/home/gkasha/ros2_humble/install/tf2_sensor_msgs:/home/gkasha/ros2_humble/install/test_tf2:/home/gkasha/ros2_humble/install/tf2_kdl:/home/gkasha/ros2_humble/install/tf2_geometry_msgs:/home/gkasha/ros2_humble/install/tf2_eigen:/home/gkasha/ros2_humble/install/tf2_bullet:/home/gkasha/ros2_humble/install/tf2_ros:/home/gkasha/ros2_humble/install/tf2_py:/home/gkasha/ros2_humble/install/tf2_msgs:/home/gkasha/ros2_humble/install/test_msgs:/home/gkasha/ros2_humble/install/sros2_cmake:/home/gkasha/ros2_humble/install/ros2cli_common_extensions:/home/gkasha/ros2_humble/install/rqt_py_common:/home/gkasha/ros2_humble/install/ros_testing:/home/gkasha/ros2_humble/install/ros2cli_test_interfaces:/home/gkasha/ros2_humble/install/quality_of_service_demo_cpp:/home/gkasha/ros2_humble/install/image_transport:/home/gkasha/ros2_humble/install/message_filters:/home/gkasha/ros2_humble/install/demo_nodes_cpp:/home/gkasha/ros2_humble/install/composition:/home/gkasha/ros2_humble/install/laser_geometry:/home/gkasha/ros2_humble/install/rclpy:/home/gkasha/ros2_humble/install/examples_rclcpp_minimal_action_server:/home/gkasha/ros2_humble/install/examples_rclcpp_minimal_action_client:/home/gkasha/ros2_humble/install/action_tutorials_cpp:/home/gkasha/ros2_humble/install/rclcpp_action:/home/gkasha/ros2_humble/install/rcl_action:/home/gkasha/ros2_humble/install/examples_rclcpp_wait_set:/home/gkasha/ros2_humble/install/examples_rclcpp_minimal_service:/home/gkasha/ros2_humble/install/examples_rclcpp_minimal_client:/home/gkasha/ros2_humble/install/examples_rclcpp_async_client:/home/gkasha/ros2_humble/install/example_interfaces:/home/gkasha/ros2_humble/install/action_tutorials_interfaces:/home/gkasha/ros2_humble/install/action_msgs:/home/gkasha/ros2_humble/install/unique_identifier_msgs:/home/gkasha/ros2_humble/install/ament_lint_common:/home/gkasha/ros2_humble/install/ament_cmake_uncrustify:/home/gkasha/ros2_humble/install/uncrustify_vendor:/home/gkasha/ros2_humble/install/trajectory_msgs:/home/gkasha/ros2_humble/install/topic_statistics_demo:/home/gkasha/ros2_humble/install/pendulum_control:/home/gkasha/ros2_humble/install/tlsf_cpp:/home/gkasha/ros2_humble/install/test_tracetools:/home/gkasha/ros2_humble/install/rqt_gui_cpp:/home/gkasha/ros2_humble/install/rosbag2_test_common:/home/gkasha/ros2_humble/install/ros2lifecycle_test_fixtures:/home/gkasha/ros2_humble/install/lifecycle:/home/gkasha/ros2_humble/install/rclcpp_lifecycle:/home/gkasha/ros2_humble/install/logging_demo:/home/gkasha/ros2_humble/install/image_tools:/home/gkasha/ros2_humble/install/examples_rclcpp_minimal_subscriber:/home/gkasha/ros2_humble/install/examples_rclcpp_minimal_composition:/home/gkasha/ros2_humble/install/demo_nodes_cpp_native:/home/gkasha/ros2_humble/install/rclcpp_components:/home/gkasha/ros2_humble/install/intra_process_demo:/home/gkasha/ros2_humble/install/examples_rclcpp_multithreaded_executor:/home/gkasha/ros2_humble/install/examples_rclcpp_minimal_timer:/home/gkasha/ros2_humble/install/examples_rclcpp_minimal_publisher:/home/gkasha/ros2_humble/install/examples_rclcpp_cbg_executor:/home/gkasha/ros2_humble/install/dummy_sensors:/home/gkasha/ros2_humble/install/dummy_map_server:/home/gkasha/ros2_humble/install/rclcpp:/home/gkasha/ros2_humble/install/rcl_lifecycle:/home/gkasha/ros2_humble/install/libstatistics_collector:/home/gkasha/ros2_humble/install/rcl:/home/gkasha/ros2_humble/install/rmw_implementation:/home/gkasha/ros2_humble/install/rmw_fastrtps_dynamic_cpp:/home/gkasha/ros2_humble/install/rmw_fastrtps_cpp:/home/gkasha/ros2_humble/install/rmw_fastrtps_shared_cpp:/home/gkasha/ros2_humble/install/rmw_cyclonedds_cpp:/home/gkasha/ros2_humble/install/tracetools:/home/gkasha/ros2_humble/install/tlsf:/home/gkasha/ros2_humble/install/tinyxml_vendor:/home/gkasha/ros2_humble/install/qt_gui_core:/home/gkasha/ros2_humble/install/qt_gui_cpp:/home/gkasha/ros2_humble/install/pluginlib:/home/gkasha/ros2_humble/install/tinyxml2_vendor:/home/gkasha/ros2_humble/install/tf2_eigen_kdl:/home/gkasha/ros2_humble/install/tf2:/home/gkasha/ros2_humble/install/test_security:/home/gkasha/ros2_humble/install/test_rmw_implementation:/home/gkasha/ros2_humble/install/test_rclcpp:/home/gkasha/ros2_humble/install/test_quality_of_service:/home/gkasha/ros2_humble/install/test_launch_testing:/home/gkasha/ros2_humble/install/test_interface_files:/home/gkasha/ros2_humble/install/test_communication:/home/gkasha/ros2_humble/install/test_cli_remapping:/home/gkasha/ros2_humble/install/test_cli:/home/gkasha/ros2_humble/install/qt_gui_app:/home/gkasha/ros2_humble/install/qt_gui:/home/gkasha/ros2_humble/install/tango_icons_vendor:/home/gkasha/ros2_humble/install/stereo_msgs:/home/gkasha/ros2_humble/install/std_srvs:/home/gkasha/ros2_humble/install/shape_msgs:/home/gkasha/ros2_humble/install/map_msgs:/home/gkasha/ros2_humble/install/sensor_msgs:/home/gkasha/ros2_humble/install/nav_msgs:/home/gkasha/ros2_humble/install/diagnostic_msgs:/home/gkasha/ros2_humble/install/geometry_msgs:/home/gkasha/ros2_humble/install/actionlib_msgs:/home/gkasha/ros2_humble/install/std_msgs:/home/gkasha/ros2_humble/install/statistics_msgs:/home/gkasha/ros2_humble/install/sqlite3_vendor:/home/gkasha/ros2_humble/install/rcl_logging_spdlog:/home/gkasha/ros2_humble/install/spdlog_vendor:/home/gkasha/ros2_humble/install/shared_queues_vendor:/home/gkasha/ros2_humble/install/rviz_rendering_tests:/home/gkasha/ros2_humble/install/rviz_rendering:/home/gkasha/ros2_humble/install/rviz_ogre_vendor:/home/gkasha/ros2_humble/install/rviz_assimp_vendor:/home/gkasha/ros2_humble/install/rttest:/home/gkasha/ros2_humble/install/rmw_connextddsmicro:/home/gkasha/ros2_humble/install/rmw_connextdds:/home/gkasha/ros2_humble/install/rmw_connextdds_common:/home/gkasha/ros2_humble/install/rti_connext_dds_cmake_module:/home/gkasha/ros2_humble/install/rosgraph_msgs:/home/gkasha/ros2_humble/install/rosbag2_interfaces:/home/gkasha/ros2_humble/install/rmw_dds_common:/home/gkasha/ros2_humble/install/composition_interfaces:/home/gkasha/ros2_humble/install/rcl_interfaces:/home/gkasha/ros2_humble/install/pendulum_msgs:/home/gkasha/ros2_humble/install/lifecycle_msgs:/home/gkasha/ros2_humble/install/builtin_interfaces:/home/gkasha/ros2_humble/install/rosidl_default_runtime:/home/gkasha/ros2_humble/install/rosidl_default_generators:/home/gkasha/ros2_humble/install/rosidl_generator_py:/home/gkasha/ros2_humble/install/rosidl_typesupport_introspection_tests:/home/gkasha/ros2_humble/install/rosidl_typesupport_cpp:/home/gkasha/ros2_humble/install/rosidl_typesupport_introspection_cpp:/home/gkasha/ros2_humble/install/rosidl_typesupport_c:/home/gkasha/ros2_humble/install/rosidl_typesupport_introspection_c:/home/gkasha/ros2_humble/install/rosidl_typesupport_fastrtps_c:/home/gkasha/ros2_humble/install/rosidl_typesupport_fastrtps_cpp:/home/gkasha/ros2_humble/install/rosidl_generator_cpp:/home/gkasha/ros2_humble/install/rosidl_runtime_cpp:/home/gkasha/ros2_humble/install/rcl_yaml_param_parser:/home/gkasha/ros2_humble/install/rmw:/home/gkasha/ros2_humble/install/rosidl_runtime_c:/home/gkasha/ros2_humble/install/rosidl_generator_c:/home/gkasha/ros2_humble/install/rosidl_typesupport_interface:/home/gkasha/ros2_humble/install/rosidl_generator_dds_idl:/home/gkasha/ros2_humble/install/rosidl_cmake:/home/gkasha/ros2_humble/install/rosidl_parser:/home/gkasha/ros2_humble/install/rosidl_adapter:/home/gkasha/ros2_humble/install/rosbag2_tests:/home/gkasha/ros2_humble/install/rosbag2_storage_mcap_testdata:/home/gkasha/ros2_humble/install/ros_environment:/home/gkasha/ros2_humble/install/rmw_implementation_cmake:/home/gkasha/ros2_humble/install/resource_retriever:/home/gkasha/ros2_humble/install/class_loader:/home/gkasha/ros2_humble/install/rcpputils:/home/gkasha/ros2_humble/install/rcl_logging_noop:/home/gkasha/ros2_humble/install/rcl_logging_interface:/home/gkasha/ros2_humble/install/rcutils:/home/gkasha/ros2_humble/install/qt_gui_py_common:/home/gkasha/ros2_humble/install/qt_dotgraph:/home/gkasha/ros2_humble/install/python_qt_binding:/home/gkasha/ros2_humble/install/python_orocos_kdl_vendor:/home/gkasha/ros2_humble/install/launch_testing_ament_cmake:/home/gkasha/ros2_humble/install/python_cmake_module:/home/gkasha/ros2_humble/install/pybind11_vendor:/home/gkasha/ros2_humble/install/performance_test_fixture:/home/gkasha/ros2_humble/install/osrf_testing_tools_cpp:/home/gkasha/ros2_humble/install/orocos_kdl_vendor:/home/gkasha/ros2_humble/install/mimick_vendor:/home/gkasha/ros2_humble/install/libyaml_vendor:/home/gkasha/ros2_humble/install/libcurl_vendor:/home/gkasha/ros2_humble/install/keyboard_handler:/home/gkasha/ros2_humble/install/cyclonedds:/home/gkasha/ros2_humble/install/iceoryx_posh:/home/gkasha/ros2_humble/install/iceoryx_hoofs:/home/gkasha/ros2_humble/install/iceoryx_binding_c:/home/gkasha/ros2_humble/install/ament_cmake_ros:/home/gkasha/ros2_humble/install/ament_cmake_gmock:/home/gkasha/ros2_humble/install/gmock_vendor:/home/gkasha/ros2_humble/install/ament_cmake_auto:/home/gkasha/ros2_humble/install/ament_cmake_gtest:/home/gkasha/ros2_humble/install/gtest_vendor:/home/gkasha/ros2_humble/install/ament_cmake_google_benchmark:/home/gkasha/ros2_humble/install/google_benchmark_vendor:/home/gkasha/ros2_humble/install/fastrtps:/home/gkasha/ros2_humble/install/foonathan_memory_vendor:/home/gkasha/ros2_humble/install/fastrtps_cmake_module:/home/gkasha/ros2_humble/install/fastcdr:/home/gkasha/ros2_humble/install/eigen3_cmake_module:/home/gkasha/ros2_humble/install/console_bridge_vendor:/home/gkasha/ros2_humble/install/ament_cmake_xmllint:/home/gkasha/ros2_humble/install/ament_cmake_pyflakes:/home/gkasha/ros2_humble/install/ament_cmake_pycodestyle:/home/gkasha/ros2_humble/install/ament_cmake_pep257:/home/gkasha/ros2_humble/install/ament_cmake_pclint:/home/gkasha/ros2_humble/install/ament_lint_auto:/home/gkasha/ros2_humble/install/ament_cmake:/home/gkasha/ros2_humble/install/ament_cmake_version:/home/gkasha/ros2_humble/install/ament_cmake_pytest:/home/gkasha/ros2_humble/install/ament_cmake_nose:/home/gkasha/ros2_humble/install/ament_cmake_mypy:/home/gkasha/ros2_humble/install/ament_cmake_lint_cmake:/home/gkasha/ros2_humble/install/ament_cmake_flake8:/home/gkasha/ros2_humble/install/ament_cmake_cpplint:/home/gkasha/ros2_humble/install/ament_cmake_cppcheck:/home/gkasha/ros2_humble/install/ament_cmake_copyright:/home/gkasha/ros2_humble/install/ament_cmake_clang_tidy:/home/gkasha/ros2_humble/install/ament_cmake_clang_format:/home/gkasha/ros2_humble/install/ament_cmake_test:/home/gkasha/ros2_humble/install/ament_cmake_target_dependencies:/home/gkasha/ros2_humble/install/ament_cmake_python:/home/gkasha/ros2_humble/install/ament_cmake_export_dependencies:/home/gkasha/ros2_humble/install/ament_cmake_libraries:/home/gkasha/ros2_humble/install/ament_cmake_include_directories:/home/gkasha/ros2_humble/install/ament_cmake_gen_version_h:/home/gkasha/ros2_humble/install/ament_cmake_export_targets:/home/gkasha/ros2_humble/install/ament_cmake_export_link_flags:/home/gkasha/ros2_humble/install/ament_cmake_export_interfaces:/home/gkasha/ros2_humble/install/ament_cmake_export_libraries:/home/gkasha/ros2_humble/install/ament_cmake_export_include_directories:/home/gkasha/ros2_humble/install/ament_cmake_export_definitions:/home/gkasha/ros2_humble/install/ament_cmake_core:/home/gkasha/ros2_humble/install/ament_index_cpp:/home/gkasha/ros2_humble/install/rqt_bag_plugins:/home/gkasha/ros2_humble/install/rqt_bag:/home/gkasha/ros2_humble/install/ros2bag:/home/gkasha/ros2_humble/install/tracetools_test:/home/gkasha/ros2_humble/install/tracetools_launch:/home/gkasha/ros2_humble/install/topic_monitor:/home/gkasha/ros2_humble/install/tf2_tools:/home/gkasha/ros2_humble/install/examples_tf2_py:/home/gkasha/ros2_humble/install/tf2_ros_py:/home/gkasha/ros2_humble/install/sros2:/home/gkasha/ros2_humble/install/rqt_topic:/home/gkasha/ros2_humble/install/rqt_srv:/home/gkasha/ros2_humble/install/rqt_shell:/home/gkasha/ros2_humble/install/rqt_service_caller:/home/gkasha/ros2_humble/install/rqt_reconfigure:/home/gkasha/ros2_humble/install/rqt_py_console:/home/gkasha/ros2_humble/install/rqt_publisher:/home/gkasha/ros2_humble/install/rqt_plot:/home/gkasha/ros2_humble/install/rqt_action:/home/gkasha/ros2_humble/install/rqt_msg:/home/gkasha/ros2_humble/install/rqt_console:/home/gkasha/ros2_humble/install/rqt:/home/gkasha/ros2_humble/install/rqt_graph:/home/gkasha/ros2_humble/install/rqt_gui_py:/home/gkasha/ros2_humble/install/rqt_gui:/home/gkasha/ros2_humble/install/ros2trace:/home/gkasha/ros2_humble/install/ros2topic:/home/gkasha/ros2_humble/install/ros2test:/home/gkasha/ros2_humble/install/ros2component:/home/gkasha/ros2_humble/install/ros2param:/home/gkasha/ros2_humble/install/ros2lifecycle:/home/gkasha/ros2_humble/install/ros2service:/home/gkasha/ros2_humble/install/ros2run:/home/gkasha/ros2_humble/install/ros2launch:/home/gkasha/ros2_humble/install/ros2pkg:/home/gkasha/ros2_humble/install/ros2node:/home/gkasha/ros2_humble/install/ros2multicast:/home/gkasha/ros2_humble/install/ros2interface:/home/gkasha/ros2_humble/install/ros2doctor:/home/gkasha/ros2_humble/install/ros2action:/home/gkasha/ros2_humble/install/ros2cli:/home/gkasha/ros2_humble/install/quality_of_service_demo_py:/home/gkasha/ros2_humble/install/lifecycle_py:/home/gkasha/ros2_humble/install/launch_testing_ros:/home/gkasha/ros2_humble/install/launch_ros:/home/gkasha/ros2_humble/install/examples_rclpy_pointcloud_publisher:/home/gkasha/ros2_humble/install/examples_rclpy_minimal_subscriber:/home/gkasha/ros2_humble/install/examples_rclpy_minimal_service:/home/gkasha/ros2_humble/install/examples_rclpy_minimal_publisher:/home/gkasha/ros2_humble/install/examples_rclpy_minimal_client:/home/gkasha/ros2_humble/install/examples_rclpy_minimal_action_server:/home/gkasha/ros2_humble/install/examples_rclpy_minimal_action_client:/home/gkasha/ros2_humble/install/examples_rclpy_guard_conditions:/home/gkasha/ros2_humble/install/examples_rclpy_executors:/home/gkasha/ros2_humble/install/demo_nodes_py:/home/gkasha/ros2_humble/install/action_tutorials_py:/home/gkasha/ros2_humble/install/ament_uncrustify:/home/gkasha/ros2_humble/install/tracetools_trace:/home/gkasha/ros2_humble/install/tracetools_read:/home/gkasha/ros2_humble/install/test_tracetools_launch:/home/gkasha/ros2_humble/install/test_launch_ros:/home/gkasha/ros2_humble/install/sensor_msgs_py:/home/gkasha/ros2_humble/install/rpyutils:/home/gkasha/ros2_humble/install/rosidl_runtime_py:/home/gkasha/ros2_humble/install/rosidl_cli:/home/gkasha/ros2_humble/install/launch_pytest:/home/gkasha/ros2_humble/install/launch_testing:/home/gkasha/ros2_humble/install/launch_yaml:/home/gkasha/ros2_humble/install/launch_xml:/home/gkasha/ros2_humble/install/launch:/home/gkasha/ros2_humble/install/osrf_pycommon:/home/gkasha/ros2_humble/install/launch_testing_examples:/home/gkasha/ros2_humble/install/domain_coordinator:/home/gkasha/ros2_humble/install/ament_xmllint:/home/gkasha/ros2_humble/install/ament_pyflakes:/home/gkasha/ros2_humble/install/ament_pycodestyle:/home/gkasha/ros2_humble/install/ament_pep257:/home/gkasha/ros2_humble/install/ament_pclint:/home/gkasha/ros2_humble/install/ament_package:/home/gkasha/ros2_humble/install/ament_mypy:/home/gkasha/ros2_humble/install/ament_lint_cmake:/home/gkasha/ros2_humble/install/ament_flake8:/home/gkasha/ros2_humble/install/ament_copyright:/home/gkasha/ros2_humble/install/ament_lint:/home/gkasha/ros2_humble/install/ament_index_python:/home/gkasha/ros2_humble/install/ament_cpplint:/home/gkasha/ros2_humble/install/ament_cppcheck:/home/gkasha/ros2_humble/install/ament_clang_tidy:/home/gkasha/ros2_humble/install/ament_clang_format LD_LIBRARY_PATH=/home/gkasha/Documents/maae/install/ma_interfaces/lib:${LD_LIBRARY_PATH} PYTHONPATH=/home/gkasha/Documents/maae/install/ma_interfaces/local/lib/python3.10/dist-packages:${PYTHONPATH} /usr/bin/cmake --build /home/gkasha/Documents/maae/build/auction -- -j4 -l4
